{"Protocol":0,"Id":"75e8f5fd825824f3f176e8d54de8334c","Path":"/Passport/Supun/Right (2025) Tamil WEB-DL-[CineSubz.co]-1080p.mp4","EncoderPath":null,"EncoderProtocol":null,"Type":0,"Container":"mov,mp4,m4a,3gp,3g2,mj2","Size":2955912632,"Name":"Right (2025) Tamil WEB-DL-[CineSubz.co]-1080p","IsRemote":false,"ETag":"4c80f33be0937cc0253f99be898265b3","RunTimeTicks":71515520000,"ReadAtNativeFramerate":false,"IgnoreDts":false,"IgnoreIndex":false,"GenPtsInput":false,"SupportsTranscoding":true,"SupportsDirectStream":true,"SupportsDirectPlay":true,"IsInfiniteStream":false,"UseMostCompatibleTranscodingProfile":false,"RequiresOpening":false,"OpenToken":null,"RequiresClosing":false,"LiveStreamId":null,"BufferMs":null,"RequiresLooping":false,"SupportsProbing":true,"VideoType":0,"IsoType":null,"Video3DFormat":null,"MediaStreams":[{"Codec":"h264","CodecTag":"avc1","Language":"eng","ColorRange":null,"ColorSpace":null,"ColorTransfer":null,"ColorPrimaries":null,"DvVersionMajor":null,"DvVersionMinor":null,"DvProfile":null,"DvLevel":null,"RpuPresentFlag":null,"ElPresentFlag":null,"BlPresentFlag":null,"DvBlSignalCompatibilityId":null,"Rotation":null,"Comment":null,"TimeBase":"1/12288","CodecTimeBase":null,"Title":null,"Hdr10PlusPresentFlag":null,"VideoRange":1,"VideoRangeType":1,"VideoDoViTitle":null,"AudioSpatialFormat":0,"LocalizedUndefined":null,"LocalizedDefault":null,"LocalizedForced":null,"LocalizedExternal":null,"LocalizedHearingImpaired":null,"DisplayTitle":"1080p H264 SDR","NalLengthSize":"4","IsInterlaced":false,"IsAVC":true,"ChannelLayout":null,"BitRate":2982506,"BitDepth":8,"RefFrames":1,"PacketLength":null,"Channels":null,"SampleRate":null,"IsDefault":true,"IsForced":false,"IsHearingImpaired":false,"Height":1080,"Width":1920,"AverageFrameRate":24,"RealFrameRate":24,"ReferenceFrameRate":24,"Profile":"High","Type":1,"AspectRatio":"2.40:1","Index":0,"Score":null,"IsExternal":false,"DeliveryMethod":null,"DeliveryUrl":null,"IsExternalUrl":null,"IsTextSubtitleStream":false,"SupportsExternalStream":false,"Path":null,"PixelFormat":"yuv420p","Level":40,"IsAnamorphic":true},{"Codec":"aac","CodecTag":"mp4a","Language":"eng","ColorRange":null,"ColorSpace":null,"ColorTransfer":null,"ColorPrimaries":null,"DvVersionMajor":null,"DvVersionMinor":null,"DvProfile":null,"DvLevel":null,"RpuPresentFlag":null,"ElPresentFlag":null,"BlPresentFlag":null,"DvBlSignalCompatibilityId":null,"Rotation":null,"Comment":null,"TimeBase":"1/48000","CodecTimeBase":null,"Title":null,"Hdr10PlusPresentFlag":null,"VideoRange":0,"VideoRangeType":0,"VideoDoViTitle":null,"AudioSpatialFormat":0,"LocalizedUndefined":null,"LocalizedDefault":"Default","LocalizedForced":null,"LocalizedExternal":"External","LocalizedHearingImpaired":null,"DisplayTitle":"English - AAC - 5.1 - Default","NalLengthSize":null,"IsInterlaced":false,"IsAVC":false,"ChannelLayout":"5.1","BitRate":319999,"BitDepth":null,"RefFrames":null,"PacketLength":null,"Channels":6,"SampleRate":48000,"IsDefault":true,"IsForced":false,"IsHearingImpaired":false,"Height":null,"Width":null,"AverageFrameRate":null,"RealFrameRate":null,"ReferenceFrameRate":null,"Profile":"LC","Type":0,"AspectRatio":null,"Index":1,"Score":null,"IsExternal":false,"DeliveryMethod":null,"DeliveryUrl":null,"IsExternalUrl":null,"IsTextSubtitleStream":false,"SupportsExternalStream":false,"Path":null,"PixelFormat":null,"Level":0,"IsAnamorphic":null}],"MediaAttachments":[],"Formats":[],"Bitrate":3306597,"FallbackMaxStreamingBitrate":null,"Timestamp":null,"RequiredHttpHeaders":{},"TranscodingUrl":null,"TranscodingSubProtocol":0,"TranscodingContainer":null,"AnalyzeDurationMs":null,"DefaultAudioStreamIndex":null,"DefaultSubtitleStreamIndex":null,"HasSegments":false}

/usr/lib/jellyfin-ffmpeg/ffmpeg -analyzeduration 200M -probesize 1G -ss 01:22:48.500 -noaccurate_seek -fflags +genpts -f mov,mp4,m4a,3gp,3g2,mj2  -i file:"/Passport/Supun/Right (2025) Tamil WEB-DL-[CineSubz.co]-1080p.mp4" -map_metadata -1 -map_chapters -1 -threads 0 -map 0:0 -map 0:1 -map -0:s -codec:v:0 copy -bsf:v h264_mp4toannexb -start_at_zero -codec:a:0 copy -copyts -avoid_negative_ts disabled -max_muxing_queue_size 2048 -f hls -max_delay 5000000 -hls_time 6 -hls_segment_type fmp4 -hls_fmp4_init_filename "a876ea27005e671322d3490db6d26869-1.mp4" -start_number 828 -hls_segment_filename "/cache/transcodes/a876ea27005e671322d3490db6d26869%d.mp4" -hls_playlist_type vod -hls_list_size 0 -hls_segment_options movflags=+frag_discont -y "/cache/transcodes/a876ea27005e671322d3490db6d26869.m3u8"


ffmpeg version 7.1.3-Jellyfin Copyright (c) 2000-2025 the FFmpeg developers
  built with gcc 14 (Debian 14.2.0-19)
  configuration: --prefix=/usr/lib/jellyfin-ffmpeg --target-os=linux --extra-version=Jellyfin --disable-doc --disable-ffplay --disable-static --disable-libxcb --disable-sdl2 --disable-xlib --enable-lto=auto --enable-gpl --enable-version3 --enable-shared --enable-gmp --enable-gnutls --enable-chromaprint --enable-opencl --enable-libdrm --enable-libxml2 --enable-libass --enable-libfreetype --enable-libfribidi --enable-libfontconfig --enable-libharfbuzz --enable-libbluray --enable-libmp3lame --enable-libopus --enable-libtheora --enable-libvorbis --enable-libopenmpt --enable-libdav1d --enable-libsvtav1 --enable-libwebp --enable-libvpx --enable-libx264 --enable-libx265 --enable-libzvbi --enable-libzimg --enable-libfdk-aac --arch=arm64 --cross-prefix=/usr/bin/aarch64-linux-gnu- --toolchain=hardened --enable-cross-compile --enable-rkmpp --enable-rkrga --enable-ffnvcodec --enable-cuda --enable-cuda-llvm --enable-cuvid --enable-nvdec --enable-nvenc
  libavutil      59. 39.100 / 59. 39.100
  libavcodec     61. 19.101 / 61. 19.101
  libavformat    61.  7.100 / 61.  7.100
  libavdevice    61.  3.100 / 61.  3.100
  libavfilter    10.  4.100 / 10.  4.100
  libswscale      8.  3.100 /  8.  3.100
  libswresample   5.  3.100 /  5.  3.100
  libpostproc    58.  3.100 / 58.  3.100
Input #0, mov,mp4,m4a,3gp,3g2,mj2, from 'file:/Passport/Supun/Right (2025) Tamil WEB-DL-[CineSubz.co]-1080p.mp4':
  Metadata:
    major_brand     : isom
    minor_version   : 512
    compatible_brands: isomiso2avc1mp41
    encoder         : Lavf56.25.101
  Duration: 01:59:11.55, start: 0.000000, bitrate: 3306 kb/s
  Stream #0:0[0x1](eng): Video: h264 (High) (avc1 / 0x31637661), yuv420p(progressive), 1920x1080 [SAR 107:80 DAR 107:45], 2982 kb/s, 24 fps, 24 tbr, 12288 tbn (default)
      Metadata:
        handler_name    : VideoHandler
        vendor_id       : [0][0][0][0]
  Stream #0:1[0x2](eng): Audio: aac (LC) (mp4a / 0x6134706D), 48000 Hz, 5.1, fltp, 319 kb/s (default)
      Metadata:
        handler_name    : SoundHandler
        vendor_id       : [0][0][0][0]
Stream mapping:
  Stream #0:0 -> #0:0 (copy)
  Stream #0:1 -> #0:1 (copy)
[hls @ 0x7ffefc6c5a00] Opening '/cache/transcodes/a876ea27005e671322d3490db6d26869-1.mp4' for writing
Output #0, hls, to '/cache/transcodes/a876ea27005e671322d3490db6d26869.m3u8':
  Metadata:
    encoder         : Lavf61.7.100
  Stream #0:0: Video: h264 (High) (avc1 / 0x31637661), yuv420p(progressive), 1920x1080 [SAR 107:80 DAR 107:45], q=2-31, 2982 kb/s, 24 fps, 24 tbr, 12288 tbn (default)
  Stream #0:1: Audio: aac (LC) (mp4a / 0x6134706D), 48000 Hz, 5.1, fltp, 319 kb/s (default)
Press [q] to stop, [?] for help
[hls @ 0x7ffefc6c5a00] Opening '/cache/transcodes/a876ea27005e671322d3490db6d26869828.mp4' for writing
[hls @ 0x7ffefc6c5a00] Opening '/cache/transcodes/a876ea27005e671322d3490db6d26869829.mp4' for writing
[hls @ 0x7ffefc6c5a00] Opening '/cache/transcodes/a876ea27005e671322d3490db6d26869830.mp4' for writing
[hls @ 0x7ffefc6c5a00] Opening '/cache/transcodes/a876ea27005e671322d3490db6d26869831.mp4' for writing
[hls @ 0x7ffefc6c5a00] Opening '/cache/transcodes/a876ea27005e671322d3490db6d26869832.mp4' for writing
[hls @ 0x7ffefc6c5a00] Opening '/cache/transcodes/a876ea27005e671322d3490db6d26869833.mp4' for writing
[hls @ 0x7ffefc6c5a00] Opening '/cache/transcodes/a876ea27005e671322d3490db6d26869834.mp4' for writing
[hls @ 0x7ffefc6c5a00] Opening '/cache/transcodes/a876ea27005e671322d3490db6d26869835.mp4' for writing
[hls @ 0x7ffefc6c5a00] Opening '/cache/transcodes/a876ea27005e671322d3490db6d26869836.mp4' for writing
[hls @ 0x7ffefc6c5a00] Opening '/cache/transcodes/a876ea27005e671322d3490db6d26869837.mp4' for writing
[hls @ 0x7ffefc6c5a00] Opening '/cache/transcodes/a876ea27005e671322d3490db6d26869838.mp4' for writing
[hls @ 0x7ffefc6c5a00] Opening '/cache/transcodes/a876ea27005e671322d3490db6d26869839.mp4' for writing
[hls @ 0x7ffefc6c5a00] Opening '/cache/transcodes/a876ea27005e671322d3490db6d26869840.mp4' for writing
[hls @ 0x7ffefc6c5a00] Opening '/cache/transcodes/a876ea27005e671322d3490db6d26869841.mp4' for writing
[hls @ 0x7ffefc6c5a00] Opening '/cache/transcodes/a876ea27005e671322d3490db6d26869842.mp4' for writing
[hls @ 0x7ffefc6c5a00] Opening '/cache/transcodes/a876ea27005e671322d3490db6d26869843.mp4' for writing
[hls @ 0x7ffefc6c5a00] Opening '/cache/transcodes/a876ea27005e671322d3490db6d26869844.mp4' for writing
[hls @ 0x7ffefc6c5a00] Opening '/cache/transcodes/a876ea27005e671322d3490db6d26869845.mp4' for writing
[hls @ 0x7ffefc6c5a00] Opening '/cache/transcodes/a876ea27005e671322d3490db6d26869846.mp4' for writing
[hls @ 0x7ffefc6c5a00] Opening '/cache/transcodes/a876ea27005e671322d3490db6d26869847.mp4' for writing
[hls @ 0x7ffefc6c5a00] Opening '/cache/transcodes/a876ea27005e671322d3490db6d26869848.mp4' for writing
[hls @ 0x7ffefc6c5a00] Opening '/cache/transcodes/a876ea27005e671322d3490db6d26869849.mp4' for writing
[hls @ 0x7ffefc6c5a00] Opening '/cache/transcodes/a876ea27005e671322d3490db6d26869850.mp4' for writing
[hls @ 0x7ffefc6c5a00] Opening '/cache/transcodes/a876ea27005e671322d3490db6d26869851.mp4' for writing
[hls @ 0x7ffefc6c5a00] Opening '/cache/transcodes/a876ea27005e671322d3490db6d26869852.mp4' for writing
[hls @ 0x7ffefc6c5a00] Opening '/cache/transcodes/a876ea27005e671322d3490db6d26869853.mp4' for writing
[hls @ 0x7ffefc6c5a00] Opening '/cache/transcodes/a876ea27005e671322d3490db6d26869854.mp4' for writing
[hls @ 0x7ffefc6c5a00] Opening '/cache/transcodes/a876ea27005e671322d3490db6d26869855.mp4' for writing
[hls @ 0x7ffefc6c5a00] Opening '/cache/transcodes/a876ea27005e671322d3490db6d26869856.mp4' for writing
[hls @ 0x7ffefc6c5a00] Opening '/cache/transcodes/a876ea27005e671322d3490db6d26869857.mp4' for writing
[hls @ 0x7ffefc6c5a00] Opening '/cache/transcodes/a876ea27005e671322d3490db6d26869858.mp4' for writing
frame= 4472 fps=0.0 q=-1.0 size=N/A time=00:00:00.00 bitrate=N/A speed=   0x    
[hls @ 0x7ffefc6c5a00] Opening '/cache/transcodes/a876ea27005e671322d3490db6d26869859.mp4' for writing
[hls @ 0x7ffefc6c5a00] Opening '/cache/transcodes/a876ea27005e671322d3490db6d26869860.mp4' for writing
[hls @ 0x7ffefc6c5a00] Opening '/cache/transcodes/a876ea27005e671322d3490db6d26869861.mp4' for writing
[hls @ 0x7ffefc6c5a00] Opening '/cache/transcodes/a876ea27005e671322d3490db6d26869862.mp4' for writing
[hls @ 0x7ffefc6c5a00] Opening '/cache/transcodes/a876ea27005e671322d3490db6d26869863.mp4' for writing
[hls @ 0x7ffefc6c5a00] Opening '/cache/transcodes/a876ea27005e671322d3490db6d26869864.mp4' for writing
[hls @ 0x7ffefc6c5a00] Opening '/cache/transcodes/a876ea27005e671322d3490db6d26869865.mp4' for writing
[hls @ 0x7ffefc6c5a00] Opening '/cache/transcodes/a876ea27005e671322d3490db6d26869866.mp4' for writing
[hls @ 0x7ffefc6c5a00] Opening '/cache/transcodes/a876ea27005e671322d3490db6d26869867.mp4' for writing
[hls @ 0x7ffefc6c5a00] Opening '/cache/transcodes/a876ea27005e671322d3490db6d26869868.mp4' for writing
[hls @ 0x7ffefc6c5a00] Opening '/cache/transcodes/a876ea27005e671322d3490db6d26869869.mp4' for writing
[hls @ 0x7ffefc6c5a00] Opening '/cache/transcodes/a876ea27005e671322d3490db6d26869870.mp4' for writing
[hls @ 0x7ffefc6c5a00] Opening '/cache/transcodes/a876ea27005e671322d3490db6d26869871.mp4' for writing
[hls @ 0x7ffefc6c5a00] Opening '/cache/transcodes/a876ea27005e671322d3490db6d26869872.mp4' for writing
[hls @ 0x7ffefc6c5a00] Opening '/cache/transcodes/a876ea27005e671322d3490db6d26869873.mp4' for writing
[hls @ 0x7ffefc6c5a00] Opening '/cache/transcodes/a876ea27005e671322d3490db6d26869874.mp4' for writing
[hls @ 0x7ffefc6c5a00] Opening '/cache/transcodes/a876ea27005e671322d3490db6d26869875.mp4' for writing
[hls @ 0x7ffefc6c5a00] Opening '/cache/transcodes/a876ea27005e671322d3490db6d26869876.mp4' for writing
[hls @ 0x7ffefc6c5a00] Opening '/cache/transcodes/a876ea27005e671322d3490db6d26869877.mp4' for writing
[hls @ 0x7ffefc6c5a00] Opening '/cache/transcodes/a876ea27005e671322d3490db6d26869878.mp4' for writing
[hls @ 0x7ffefc6c5a00] Opening '/cache/transcodes/a876ea27005e671322d3490db6d26869879.mp4' for writing
[hls @ 0x7ffefc6c5a00] Opening '/cache/transcodes/a876ea27005e671322d3490db6d26869880.mp4' for writing
[hls @ 0x7ffefc6c5a00] Opening '/cache/transcodes/a876ea27005e671322d3490db6d26869881.mp4' for writing
[hls @ 0x7ffefc6c5a00] Opening '/cache/transcodes/a876ea27005e671322d3490db6d26869882.mp4' for writing
[hls @ 0x7ffefc6c5a00] Opening '/cache/transcodes/a876ea27005e671322d3490db6d26869883.mp4' for writing
[hls @ 0x7ffefc6c5a00] Opening '/cache/transcodes/a876ea27005e671322d3490db6d26869884.mp4' for writing
[hls @ 0x7ffefc6c5a00] Opening '/cache/transcodes/a876ea27005e671322d3490db6d26869885.mp4' for writing
[hls @ 0x7ffefc6c5a00] Opening '/cache/transcodes/a876ea27005e671322d3490db6d26869886.mp4' for writing
[hls @ 0x7ffefc6c5a00] Opening '/cache/transcodes/a876ea27005e671322d3490db6d26869887.mp4' for writing
[hls @ 0x7ffefc6c5a00] Opening '/cache/transcodes/a876ea27005e671322d3490db6d26869888.mp4' for writing
[hls @ 0x7ffefc6c5a00] Opening '/cache/transcodes/a876ea27005e671322d3490db6d26869889.mp4' for writing
[hls @ 0x7ffefc6c5a00] Opening '/cache/transcodes/a876ea27005e671322d3490db6d26869890.mp4' for writing
[hls @ 0x7ffefc6c5a00] Opening '/cache/transcodes/a876ea27005e671322d3490db6d26869891.mp4' for writing
[hls @ 0x7ffefc6c5a00] Opening '/cache/transcodes/a876ea27005e671322d3490db6d26869892.mp4' for writing
[hls @ 0x7ffefc6c5a00] Opening '/cache/transcodes/a876ea27005e671322d3490db6d26869893.mp4' for writing
frame= 9505 fps=9503 q=-1.0 size=N/A time=00:03:29.72 bitrate=N/A speed= 210x    
[hls @ 0x7ffefc6c5a00] Opening '/cache/transcodes/a876ea27005e671322d3490db6d26869894.mp4' for writing
[hls @ 0x7ffefc6c5a00] Opening '/cache/transcodes/a876ea27005e671322d3490db6d26869895.mp4' for writing
[hls @ 0x7ffefc6c5a00] Opening '/cache/transcodes/a876ea27005e671322d3490db6d26869896.mp4' for writing
[hls @ 0x7ffefc6c5a00] Opening '/cache/transcodes/a876ea27005e671322d3490db6d26869897.mp4' for writing
[hls @ 0x7ffefc6c5a00] Opening '/cache/transcodes/a876ea27005e671322d3490db6d26869898.mp4' for writing
[hls @ 0x7ffefc6c5a00] Opening '/cache/transcodes/a876ea27005e671322d3490db6d26869899.mp4' for writing
[hls @ 0x7ffefc6c5a00] Opening '/cache/transcodes/a876ea27005e671322d3490db6d26869900.mp4' for writing
[hls @ 0x7ffefc6c5a00] Opening '/cache/transcodes/a876ea27005e671322d3490db6d26869901.mp4' for writing
[hls @ 0x7ffefc6c5a00] Opening '/cache/transcodes/a876ea27005e671322d3490db6d26869902.mp4' for writing
[hls @ 0x7ffefc6c5a00] Opening '/cache/transcodes/a876ea27005e671322d3490db6d26869903.mp4' for writing
[hls @ 0x7ffefc6c5a00] Opening '/cache/transcodes/a876ea27005e671322d3490db6d26869904.mp4' for writing
[hls @ 0x7ffefc6c5a00] Opening '/cache/transcodes/a876ea27005e671322d3490db6d26869905.mp4' for writing
[hls @ 0x7ffefc6c5a00] Opening '/cache/transcodes/a876ea27005e671322d3490db6d26869906.mp4' for writing
[hls @ 0x7ffefc6c5a00] Opening '/cache/transcodes/a876ea27005e671322d3490db6d26869907.mp4' for writing
[hls @ 0x7ffefc6c5a00] Opening '/cache/transcodes/a876ea27005e671322d3490db6d26869908.mp4' for writing
[hls @ 0x7ffefc6c5a00] Opening '/cache/transcodes/a876ea27005e671322d3490db6d26869909.mp4' for writing
[hls @ 0x7ffefc6c5a00] Opening '/cache/transcodes/a876ea27005e671322d3490db6d26869910.mp4' for writing
[hls @ 0x7ffefc6c5a00] Opening '/cache/transcodes/a876ea27005e671322d3490db6d26869911.mp4' for writing
[hls @ 0x7ffefc6c5a00] Opening '/cache/transcodes/a876ea27005e671322d3490db6d26869912.mp4' for writing
[hls @ 0x7ffefc6c5a00] Opening '/cache/transcodes/a876ea27005e671322d3490db6d26869913.mp4' for writing
[hls @ 0x7ffefc6c5a00] Opening '/cache/transcodes/a876ea27005e671322d3490db6d26869914.mp4' for writing
[hls @ 0x7ffefc6c5a00] Opening '/cache/transcodes/a876ea27005e671322d3490db6d26869915.mp4' for writing
[hls @ 0x7ffefc6c5a00] Opening '/cache/transcodes/a876ea27005e671322d3490db6d26869916.mp4' for writing
[hls @ 0x7ffefc6c5a00] Opening '/cache/transcodes/a876ea27005e671322d3490db6d26869917.mp4' for writing
frame=12971 fps=8640 q=-1.0 size=N/A time=00:05:54.13 bitrate=N/A speed= 236x    
[hls @ 0x7ffefc6c5a00] Opening '/cache/transcodes/a876ea27005e671322d3490db6d26869918.mp4' for writing
[hls @ 0x7ffefc6c5a00] Opening '/cache/transcodes/a876ea27005e671322d3490db6d26869919.mp4' for writing
frame=13258 fps=6625 q=-1.0 size=N/A time=00:06:06.10 bitrate=N/A speed= 183x    
frame=13258 fps=5300 q=-1.0 size=N/A time=00:06:06.10 bitrate=N/A speed= 146x    
frame=13258 fps=4417 q=-1.0 size=N/A time=00:06:06.10 bitrate=N/A speed= 122x    

[q] command received. Exiting.

[hls @ 0x7ffefc6c5a00] Opening '/cache/transcodes/a876ea27005e671322d3490db6d26869920.mp4' for writing
[out#0/hls @ 0x7ffefcb9d4c0] video:179958KiB audio:21584KiB subtitle:0KiB other streams:0KiB global headers:0KiB muxing overhead: unknown
frame=13261 fps=3717 q=-1.0 Lsize=N/A time=00:06:06.12 bitrate=N/A speed= 103x    