{"Protocol":0,"Id":"75e8f5fd825824f3f176e8d54de8334c","Path":"/Passport/Supun/Right (2025) Tamil WEB-DL-[CineSubz.co]-1080p.mp4","EncoderPath":null,"EncoderProtocol":null,"Type":0,"Container":"mov,mp4,m4a,3gp,3g2,mj2","Size":2955912632,"Name":"Right (2025) Tamil WEB-DL-[CineSubz.co]-1080p","IsRemote":false,"ETag":"4c80f33be0937cc0253f99be898265b3","RunTimeTicks":71515520000,"ReadAtNativeFramerate":false,"IgnoreDts":false,"IgnoreIndex":false,"GenPtsInput":false,"SupportsTranscoding":true,"SupportsDirectStream":true,"SupportsDirectPlay":true,"IsInfiniteStream":false,"UseMostCompatibleTranscodingProfile":false,"RequiresOpening":false,"OpenToken":null,"RequiresClosing":false,"LiveStreamId":null,"BufferMs":null,"RequiresLooping":false,"SupportsProbing":true,"VideoType":0,"IsoType":null,"Video3DFormat":null,"MediaStreams":[{"Codec":"h264","CodecTag":"avc1","Language":"eng","ColorRange":null,"ColorSpace":null,"ColorTransfer":null,"ColorPrimaries":null,"DvVersionMajor":null,"DvVersionMinor":null,"DvProfile":null,"DvLevel":null,"RpuPresentFlag":null,"ElPresentFlag":null,"BlPresentFlag":null,"DvBlSignalCompatibilityId":null,"Rotation":null,"Comment":null,"TimeBase":"1/12288","CodecTimeBase":null,"Title":null,"Hdr10PlusPresentFlag":null,"VideoRange":1,"VideoRangeType":1,"VideoDoViTitle":null,"AudioSpatialFormat":0,"LocalizedUndefined":null,"LocalizedDefault":null,"LocalizedForced":null,"LocalizedExternal":null,"LocalizedHearingImpaired":null,"DisplayTitle":"1080p H264 SDR","NalLengthSize":"4","IsInterlaced":false,"IsAVC":true,"ChannelLayout":null,"BitRate":2982506,"BitDepth":8,"RefFrames":1,"PacketLength":null,"Channels":null,"SampleRate":null,"IsDefault":true,"IsForced":false,"IsHearingImpaired":false,"Height":1080,"Width":1920,"AverageFrameRate":24,"RealFrameRate":24,"ReferenceFrameRate":24,"Profile":"High","Type":1,"AspectRatio":"2.40:1","Index":0,"Score":null,"IsExternal":false,"DeliveryMethod":null,"DeliveryUrl":null,"IsExternalUrl":null,"IsTextSubtitleStream":false,"SupportsExternalStream":false,"Path":null,"PixelFormat":"yuv420p","Level":40,"IsAnamorphic":true},{"Codec":"aac","CodecTag":"mp4a","Language":"eng","ColorRange":null,"ColorSpace":null,"ColorTransfer":null,"ColorPrimaries":null,"DvVersionMajor":null,"DvVersionMinor":null,"DvProfile":null,"DvLevel":null,"RpuPresentFlag":null,"ElPresentFlag":null,"BlPresentFlag":null,"DvBlSignalCompatibilityId":null,"Rotation":null,"Comment":null,"TimeBase":"1/48000","CodecTimeBase":null,"Title":null,"Hdr10PlusPresentFlag":null,"VideoRange":0,"VideoRangeType":0,"VideoDoViTitle":null,"AudioSpatialFormat":0,"LocalizedUndefined":null,"LocalizedDefault":"Default","LocalizedForced":null,"LocalizedExternal":"External","LocalizedHearingImpaired":null,"DisplayTitle":"English - AAC - 5.1 - Default","NalLengthSize":null,"IsInterlaced":false,"IsAVC":false,"ChannelLayout":"5.1","BitRate":319999,"BitDepth":null,"RefFrames":null,"PacketLength":null,"Channels":6,"SampleRate":48000,"IsDefault":true,"IsForced":false,"IsHearingImpaired":false,"Height":null,"Width":null,"AverageFrameRate":null,"RealFrameRate":null,"ReferenceFrameRate":null,"Profile":"LC","Type":0,"AspectRatio":null,"Index":1,"Score":null,"IsExternal":false,"DeliveryMethod":null,"DeliveryUrl":null,"IsExternalUrl":null,"IsTextSubtitleStream":false,"SupportsExternalStream":false,"Path":null,"PixelFormat":null,"Level":0,"IsAnamorphic":null}],"MediaAttachments":[],"Formats":[],"Bitrate":3306597,"FallbackMaxStreamingBitrate":null,"Timestamp":null,"RequiredHttpHeaders":{},"TranscodingUrl":null,"TranscodingSubProtocol":0,"TranscodingContainer":null,"AnalyzeDurationMs":null,"DefaultAudioStreamIndex":null,"DefaultSubtitleStreamIndex":null,"HasSegments":false}

/usr/lib/jellyfin-ffmpeg/ffmpeg -analyzeduration 200M -probesize 1G -fflags +genpts -f mov,mp4,m4a,3gp,3g2,mj2  -i file:"/Passport/Supun/Right (2025) Tamil WEB-DL-[CineSubz.co]-1080p.mp4" -map_metadata -1 -map_chapters -1 -threads 0 -map 0:0 -map 0:1 -map -0:s -codec:v:0 copy -bsf:v h264_mp4toannexb -start_at_zero -codec:a:0 copy -copyts -avoid_negative_ts disabled -max_muxing_queue_size 2048 -f hls -max_delay 5000000 -hls_time 6 -hls_segment_type fmp4 -hls_fmp4_init_filename "a876ea27005e671322d3490db6d26869-1.mp4" -start_number 0 -hls_segment_filename "/cache/transcodes/a876ea27005e671322d3490db6d26869%d.mp4" -hls_playlist_type vod -hls_list_size 0 -hls_segment_options movflags=+frag_discont -y "/cache/transcodes/a876ea27005e671322d3490db6d26869.m3u8"


ffmpeg version 7.1.3-Jellyfin Copyright (c) 2000-2025 the FFmpeg developers
  built with gcc 14 (Debian 14.2.0-19)
  configuration: --prefix=/usr/lib/jellyfin-ffmpeg --target-os=linux --extra-version=Jellyfin --disable-doc --disable-ffplay --disable-static --disable-libxcb --disable-sdl2 --disable-xlib --enable-lto=auto --enable-gpl --enable-version3 --enable-shared --enable-gmp --enable-gnutls --enable-chromaprint --enable-opencl --enable-libdrm --enable-libxml2 --enable-libass --enable-libfreetype --enable-libfribidi --enable-libfontconfig --enable-libharfbuzz --enable-libbluray --enable-libmp3lame --enable-libopus --enable-libtheora --enable-libvorbis --enable-libopenmpt --enable-libdav1d --enable-libsvtav1 --enable-libwebp --enable-libvpx --enable-libx264 --enable-libx265 --enable-libzvbi --enable-libzimg --enable-libfdk-aac --arch=arm64 --cross-prefix=/usr/bin/aarch64-linux-gnu- --toolchain=hardened --enable-cross-compile --enable-rkmpp --enable-rkrga --enable-ffnvcodec --enable-cuda --enable-cuda-llvm --enable-cuvid --enable-nvdec --enable-nvenc
  libavutil      59. 39.100 / 59. 39.100
  libavcodec     61. 19.101 / 61. 19.101
  libavformat    61.  7.100 / 61.  7.100
  libavdevice    61.  3.100 / 61.  3.100
  libavfilter    10.  4.100 / 10.  4.100
  libswscale      8.  3.100 /  8.  3.100
  libswresample   5.  3.100 /  5.  3.100
  libpostproc    58.  3.100 / 58.  3.100
Input #0, mov,mp4,m4a,3gp,3g2,mj2, from 'file:/Passport/Supun/Right (2025) Tamil WEB-DL-[CineSubz.co]-1080p.mp4':
  Metadata:
    major_brand     : isom
    minor_version   : 512
    compatible_brands: isomiso2avc1mp41
    encoder         : Lavf56.25.101
  Duration: 01:59:11.55, start: 0.000000, bitrate: 3306 kb/s
  Stream #0:0[0x1](eng): Video: h264 (High) (avc1 / 0x31637661), yuv420p(progressive), 1920x1080 [SAR 107:80 DAR 107:45], 2982 kb/s, 24 fps, 24 tbr, 12288 tbn (default)
      Metadata:
        handler_name    : VideoHandler
        vendor_id       : [0][0][0][0]
  Stream #0:1[0x2](eng): Audio: aac (LC) (mp4a / 0x6134706D), 48000 Hz, 5.1, fltp, 319 kb/s (default)
      Metadata:
        handler_name    : SoundHandler
        vendor_id       : [0][0][0][0]
Stream mapping:
  Stream #0:0 -> #0:0 (copy)
  Stream #0:1 -> #0:1 (copy)
[hls @ 0x7fff622c5500] Opening '/cache/transcodes/a876ea27005e671322d3490db6d26869-1.mp4' for writing
Output #0, hls, to '/cache/transcodes/a876ea27005e671322d3490db6d26869.m3u8':
  Metadata:
    encoder         : Lavf61.7.100
  Stream #0:0: Video: h264 (High) (avc1 / 0x31637661), yuv420p(progressive), 1920x1080 [SAR 107:80 DAR 107:45], q=2-31, 2982 kb/s, 24 fps, 24 tbr, 12288 tbn (default)
  Stream #0:1: Audio: aac (LC) (mp4a / 0x6134706D), 48000 Hz, 5.1, fltp, 319 kb/s (default)
Press [q] to stop, [?] for help
[hls @ 0x7fff622c5500] Opening '/cache/transcodes/a876ea27005e671322d3490db6d268690.mp4' for writing
[hls @ 0x7fff622c5500] Opening '/cache/transcodes/a876ea27005e671322d3490db6d268691.mp4' for writing
[hls @ 0x7fff622c5500] Opening '/cache/transcodes/a876ea27005e671322d3490db6d268692.mp4' for writing
[hls @ 0x7fff622c5500] Opening '/cache/transcodes/a876ea27005e671322d3490db6d268693.mp4' for writing
[hls @ 0x7fff622c5500] Opening '/cache/transcodes/a876ea27005e671322d3490db6d268694.mp4' for writing
[hls @ 0x7fff622c5500] Opening '/cache/transcodes/a876ea27005e671322d3490db6d268695.mp4' for writing
[hls @ 0x7fff622c5500] Opening '/cache/transcodes/a876ea27005e671322d3490db6d268696.mp4' for writing
[hls @ 0x7fff622c5500] Opening '/cache/transcodes/a876ea27005e671322d3490db6d268697.mp4' for writing
[hls @ 0x7fff622c5500] Opening '/cache/transcodes/a876ea27005e671322d3490db6d268698.mp4' for writing
[hls @ 0x7fff622c5500] Opening '/cache/transcodes/a876ea27005e671322d3490db6d268699.mp4' for writing
[hls @ 0x7fff622c5500] Opening '/cache/transcodes/a876ea27005e671322d3490db6d2686910.mp4' for writing
[hls @ 0x7fff622c5500] Opening '/cache/transcodes/a876ea27005e671322d3490db6d2686911.mp4' for writing
[hls @ 0x7fff622c5500] Opening '/cache/transcodes/a876ea27005e671322d3490db6d2686912.mp4' for writing
[hls @ 0x7fff622c5500] Opening '/cache/transcodes/a876ea27005e671322d3490db6d2686913.mp4' for writing
[hls @ 0x7fff622c5500] Opening '/cache/transcodes/a876ea27005e671322d3490db6d2686914.mp4' for writing
[hls @ 0x7fff622c5500] Opening '/cache/transcodes/a876ea27005e671322d3490db6d2686915.mp4' for writing
[hls @ 0x7fff622c5500] Opening '/cache/transcodes/a876ea27005e671322d3490db6d2686916.mp4' for writing
[hls @ 0x7fff622c5500] Opening '/cache/transcodes/a876ea27005e671322d3490db6d2686917.mp4' for writing
[hls @ 0x7fff622c5500] Opening '/cache/transcodes/a876ea27005e671322d3490db6d2686918.mp4' for writing
[hls @ 0x7fff622c5500] Opening '/cache/transcodes/a876ea27005e671322d3490db6d2686919.mp4' for writing
[hls @ 0x7fff622c5500] Opening '/cache/transcodes/a876ea27005e671322d3490db6d2686920.mp4' for writing
[hls @ 0x7fff622c5500] Opening '/cache/transcodes/a876ea27005e671322d3490db6d2686921.mp4' for writing
[hls @ 0x7fff622c5500] Opening '/cache/transcodes/a876ea27005e671322d3490db6d2686922.mp4' for writing
[hls @ 0x7fff622c5500] Opening '/cache/transcodes/a876ea27005e671322d3490db6d2686923.mp4' for writing
[hls @ 0x7fff622c5500] Opening '/cache/transcodes/a876ea27005e671322d3490db6d2686924.mp4' for writing
[hls @ 0x7fff622c5500] Opening '/cache/transcodes/a876ea27005e671322d3490db6d2686925.mp4' for writing
[hls @ 0x7fff622c5500] Opening '/cache/transcodes/a876ea27005e671322d3490db6d2686926.mp4' for writing
[hls @ 0x7fff622c5500] Opening '/cache/transcodes/a876ea27005e671322d3490db6d2686927.mp4' for writing
frame= 4112 fps=0.0 q=-1.0 size=N/A time=00:00:00.00 bitrate=N/A speed=   0x    
[hls @ 0x7fff622c5500] Opening '/cache/transcodes/a876ea27005e671322d3490db6d2686928.mp4' for writing
[hls @ 0x7fff622c5500] Opening '/cache/transcodes/a876ea27005e671322d3490db6d2686929.mp4' for writing
[hls @ 0x7fff622c5500] Opening '/cache/transcodes/a876ea27005e671322d3490db6d2686930.mp4' for writing
[hls @ 0x7fff622c5500] Opening '/cache/transcodes/a876ea27005e671322d3490db6d2686931.mp4' for writing
[hls @ 0x7fff622c5500] Opening '/cache/transcodes/a876ea27005e671322d3490db6d2686932.mp4' for writing
[hls @ 0x7fff622c5500] Opening '/cache/transcodes/a876ea27005e671322d3490db6d2686933.mp4' for writing
[hls @ 0x7fff622c5500] Opening '/cache/transcodes/a876ea27005e671322d3490db6d2686934.mp4' for writing
[hls @ 0x7fff622c5500] Opening '/cache/transcodes/a876ea27005e671322d3490db6d2686935.mp4' for writing
[hls @ 0x7fff622c5500] Opening '/cache/transcodes/a876ea27005e671322d3490db6d2686936.mp4' for writing
[hls @ 0x7fff622c5500] Opening '/cache/transcodes/a876ea27005e671322d3490db6d2686937.mp4' for writing
[hls @ 0x7fff622c5500] Opening '/cache/transcodes/a876ea27005e671322d3490db6d2686938.mp4' for writing
[hls @ 0x7fff622c5500] Opening '/cache/transcodes/a876ea27005e671322d3490db6d2686939.mp4' for writing
[hls @ 0x7fff622c5500] Opening '/cache/transcodes/a876ea27005e671322d3490db6d2686940.mp4' for writing
[hls @ 0x7fff622c5500] Opening '/cache/transcodes/a876ea27005e671322d3490db6d2686941.mp4' for writing
[hls @ 0x7fff622c5500] Opening '/cache/transcodes/a876ea27005e671322d3490db6d2686942.mp4' for writing
[hls @ 0x7fff622c5500] Opening '/cache/transcodes/a876ea27005e671322d3490db6d2686943.mp4' for writing
[hls @ 0x7fff622c5500] Opening '/cache/transcodes/a876ea27005e671322d3490db6d2686944.mp4' for writing
[hls @ 0x7fff622c5500] Opening '/cache/transcodes/a876ea27005e671322d3490db6d2686945.mp4' for writing
[hls @ 0x7fff622c5500] Opening '/cache/transcodes/a876ea27005e671322d3490db6d2686946.mp4' for writing
[hls @ 0x7fff622c5500] Opening '/cache/transcodes/a876ea27005e671322d3490db6d2686947.mp4' for writing
[hls @ 0x7fff622c5500] Opening '/cache/transcodes/a876ea27005e671322d3490db6d2686948.mp4' for writing
[hls @ 0x7fff622c5500] Opening '/cache/transcodes/a876ea27005e671322d3490db6d2686949.mp4' for writing
[hls @ 0x7fff622c5500] Opening '/cache/transcodes/a876ea27005e671322d3490db6d2686950.mp4' for writing
[hls @ 0x7fff622c5500] Opening '/cache/transcodes/a876ea27005e671322d3490db6d2686951.mp4' for writing
[hls @ 0x7fff622c5500] Opening '/cache/transcodes/a876ea27005e671322d3490db6d2686952.mp4' for writing
[hls @ 0x7fff622c5500] Opening '/cache/transcodes/a876ea27005e671322d3490db6d2686953.mp4' for writing
[hls @ 0x7fff622c5500] Opening '/cache/transcodes/a876ea27005e671322d3490db6d2686954.mp4' for writing
[hls @ 0x7fff622c5500] Opening '/cache/transcodes/a876ea27005e671322d3490db6d2686955.mp4' for writing
[hls @ 0x7fff622c5500] Opening '/cache/transcodes/a876ea27005e671322d3490db6d2686956.mp4' for writing
[hls @ 0x7fff622c5500] Opening '/cache/transcodes/a876ea27005e671322d3490db6d2686957.mp4' for writing
[hls @ 0x7fff622c5500] Opening '/cache/transcodes/a876ea27005e671322d3490db6d2686958.mp4' for writing
frame= 8515 fps=8508 q=-1.0 size=N/A time=00:03:03.33 bitrate=N/A speed= 183x    
[hls @ 0x7fff622c5500] Opening '/cache/transcodes/a876ea27005e671322d3490db6d2686959.mp4' for writing
[hls @ 0x7fff622c5500] Opening '/cache/transcodes/a876ea27005e671322d3490db6d2686960.mp4' for writing
[hls @ 0x7fff622c5500] Opening '/cache/transcodes/a876ea27005e671322d3490db6d2686961.mp4' for writing
[hls @ 0x7fff622c5500] Opening '/cache/transcodes/a876ea27005e671322d3490db6d2686962.mp4' for writing
[hls @ 0x7fff622c5500] Opening '/cache/transcodes/a876ea27005e671322d3490db6d2686963.mp4' for writing
[hls @ 0x7fff622c5500] Opening '/cache/transcodes/a876ea27005e671322d3490db6d2686964.mp4' for writing
[hls @ 0x7fff622c5500] Opening '/cache/transcodes/a876ea27005e671322d3490db6d2686965.mp4' for writing
[hls @ 0x7fff622c5500] Opening '/cache/transcodes/a876ea27005e671322d3490db6d2686966.mp4' for writing
[hls @ 0x7fff622c5500] Opening '/cache/transcodes/a876ea27005e671322d3490db6d2686967.mp4' for writing
[hls @ 0x7fff622c5500] Opening '/cache/transcodes/a876ea27005e671322d3490db6d2686968.mp4' for writing
[hls @ 0x7fff622c5500] Opening '/cache/transcodes/a876ea27005e671322d3490db6d2686969.mp4' for writing
[hls @ 0x7fff622c5500] Opening '/cache/transcodes/a876ea27005e671322d3490db6d2686970.mp4' for writing
[hls @ 0x7fff622c5500] Opening '/cache/transcodes/a876ea27005e671322d3490db6d2686971.mp4' for writing
[hls @ 0x7fff622c5500] Opening '/cache/transcodes/a876ea27005e671322d3490db6d2686972.mp4' for writing
[hls @ 0x7fff622c5500] Opening '/cache/transcodes/a876ea27005e671322d3490db6d2686973.mp4' for writing
[hls @ 0x7fff622c5500] Opening '/cache/transcodes/a876ea27005e671322d3490db6d2686974.mp4' for writing
[hls @ 0x7fff622c5500] Opening '/cache/transcodes/a876ea27005e671322d3490db6d2686975.mp4' for writing
[hls @ 0x7fff622c5500] Opening '/cache/transcodes/a876ea27005e671322d3490db6d2686976.mp4' for writing
[hls @ 0x7fff622c5500] Opening '/cache/transcodes/a876ea27005e671322d3490db6d2686977.mp4' for writing
[hls @ 0x7fff622c5500] Opening '/cache/transcodes/a876ea27005e671322d3490db6d2686978.mp4' for writing
[hls @ 0x7fff622c5500] Opening '/cache/transcodes/a876ea27005e671322d3490db6d2686979.mp4' for writing
[hls @ 0x7fff622c5500] Opening '/cache/transcodes/a876ea27005e671322d3490db6d2686980.mp4' for writing
[hls @ 0x7fff622c5500] Opening '/cache/transcodes/a876ea27005e671322d3490db6d2686981.mp4' for writing
[hls @ 0x7fff622c5500] Opening '/cache/transcodes/a876ea27005e671322d3490db6d2686982.mp4' for writing
[hls @ 0x7fff622c5500] Opening '/cache/transcodes/a876ea27005e671322d3490db6d2686983.mp4' for writing
[hls @ 0x7fff622c5500] Opening '/cache/transcodes/a876ea27005e671322d3490db6d2686984.mp4' for writing
[hls @ 0x7fff622c5500] Opening '/cache/transcodes/a876ea27005e671322d3490db6d2686985.mp4' for writing
[hls @ 0x7fff622c5500] Opening '/cache/transcodes/a876ea27005e671322d3490db6d2686986.mp4' for writing
[hls @ 0x7fff622c5500] Opening '/cache/transcodes/a876ea27005e671322d3490db6d2686987.mp4' for writing
[hls @ 0x7fff622c5500] Opening '/cache/transcodes/a876ea27005e671322d3490db6d2686988.mp4' for writing
[hls @ 0x7fff622c5500] Opening '/cache/transcodes/a876ea27005e671322d3490db6d2686989.mp4' for writing
[hls @ 0x7fff622c5500] Opening '/cache/transcodes/a876ea27005e671322d3490db6d2686990.mp4' for writing
[hls @ 0x7fff622c5500] Opening '/cache/transcodes/a876ea27005e671322d3490db6d2686991.mp4' for writing
[hls @ 0x7fff622c5500] Opening '/cache/transcodes/a876ea27005e671322d3490db6d2686992.mp4' for writing
[hls @ 0x7fff622c5500] Opening '/cache/transcodes/a876ea27005e671322d3490db6d2686993.mp4' for writing
[hls @ 0x7fff622c5500] Opening '/cache/transcodes/a876ea27005e671322d3490db6d2686994.mp4' for writing
frame=13707 fps=9132 q=-1.0 size=N/A time=00:06:39.69 bitrate=N/A speed= 266x    
[hls @ 0x7fff622c5500] Opening '/cache/transcodes/a876ea27005e671322d3490db6d2686995.mp4' for writing
[hls @ 0x7fff622c5500] Opening '/cache/transcodes/a876ea27005e671322d3490db6d2686996.mp4' for writing
[hls @ 0x7fff622c5500] Opening '/cache/transcodes/a876ea27005e671322d3490db6d2686997.mp4' for writing
[hls @ 0x7fff622c5500] Opening '/cache/transcodes/a876ea27005e671322d3490db6d2686998.mp4' for writing
[hls @ 0x7fff622c5500] Opening '/cache/transcodes/a876ea27005e671322d3490db6d2686999.mp4' for writing
[hls @ 0x7fff622c5500] Opening '/cache/transcodes/a876ea27005e671322d3490db6d26869100.mp4' for writing
[hls @ 0x7fff622c5500] Opening '/cache/transcodes/a876ea27005e671322d3490db6d26869101.mp4' for writing
[hls @ 0x7fff622c5500] Opening '/cache/transcodes/a876ea27005e671322d3490db6d26869102.mp4' for writing
[hls @ 0x7fff622c5500] Opening '/cache/transcodes/a876ea27005e671322d3490db6d26869103.mp4' for writing
[hls @ 0x7fff622c5500] Opening '/cache/transcodes/a876ea27005e671322d3490db6d26869104.mp4' for writing
[hls @ 0x7fff622c5500] Opening '/cache/transcodes/a876ea27005e671322d3490db6d26869105.mp4' for writing
[hls @ 0x7fff622c5500] Opening '/cache/transcodes/a876ea27005e671322d3490db6d26869106.mp4' for writing
[hls @ 0x7fff622c5500] Opening '/cache/transcodes/a876ea27005e671322d3490db6d26869107.mp4' for writing
[hls @ 0x7fff622c5500] Opening '/cache/transcodes/a876ea27005e671322d3490db6d26869108.mp4' for writing
[hls @ 0x7fff622c5500] Opening '/cache/transcodes/a876ea27005e671322d3490db6d26869109.mp4' for writing
[hls @ 0x7fff622c5500] Opening '/cache/transcodes/a876ea27005e671322d3490db6d26869110.mp4' for writing
[hls @ 0x7fff622c5500] Opening '/cache/transcodes/a876ea27005e671322d3490db6d26869111.mp4' for writing
[hls @ 0x7fff622c5500] Opening '/cache/transcodes/a876ea27005e671322d3490db6d26869112.mp4' for writing
[hls @ 0x7fff622c5500] Opening '/cache/transcodes/a876ea27005e671322d3490db6d26869113.mp4' for writing
[hls @ 0x7fff622c5500] Opening '/cache/transcodes/a876ea27005e671322d3490db6d26869114.mp4' for writing
[hls @ 0x7fff622c5500] Opening '/cache/transcodes/a876ea27005e671322d3490db6d26869115.mp4' for writing
[hls @ 0x7fff622c5500] Opening '/cache/transcodes/a876ea27005e671322d3490db6d26869116.mp4' for writing
[hls @ 0x7fff622c5500] Opening '/cache/transcodes/a876ea27005e671322d3490db6d26869117.mp4' for writing
[hls @ 0x7fff622c5500] Opening '/cache/transcodes/a876ea27005e671322d3490db6d26869118.mp4' for writing
[hls @ 0x7fff622c5500] Opening '/cache/transcodes/a876ea27005e671322d3490db6d26869119.mp4' for writing
[hls @ 0x7fff622c5500] Opening '/cache/transcodes/a876ea27005e671322d3490db6d26869120.mp4' for writing
[hls @ 0x7fff622c5500] Opening '/cache/transcodes/a876ea27005e671322d3490db6d26869121.mp4' for writing
[hls @ 0x7fff622c5500] Opening '/cache/transcodes/a876ea27005e671322d3490db6d26869122.mp4' for writing
[hls @ 0x7fff622c5500] Opening '/cache/transcodes/a876ea27005e671322d3490db6d26869123.mp4' for writing
[hls @ 0x7fff622c5500] Opening '/cache/transcodes/a876ea27005e671322d3490db6d26869124.mp4' for writing
[hls @ 0x7fff622c5500] Opening '/cache/transcodes/a876ea27005e671322d3490db6d26869125.mp4' for writing
frame=18250 fps=9120 q=-1.0 size=N/A time=00:09:48.94 bitrate=N/A speed= 294x    
[hls @ 0x7fff622c5500] Opening '/cache/transcodes/a876ea27005e671322d3490db6d26869126.mp4' for writing
[hls @ 0x7fff622c5500] Opening '/cache/transcodes/a876ea27005e671322d3490db6d26869127.mp4' for writing
[hls @ 0x7fff622c5500] Opening '/cache/transcodes/a876ea27005e671322d3490db6d26869128.mp4' for writing
[hls @ 0x7fff622c5500] Opening '/cache/transcodes/a876ea27005e671322d3490db6d26869129.mp4' for writing
[hls @ 0x7fff622c5500] Opening '/cache/transcodes/a876ea27005e671322d3490db6d26869130.mp4' for writing
[hls @ 0x7fff622c5500] Opening '/cache/transcodes/a876ea27005e671322d3490db6d26869131.mp4' for writing
[hls @ 0x7fff622c5500] Opening '/cache/transcodes/a876ea27005e671322d3490db6d26869132.mp4' for writing
[hls @ 0x7fff622c5500] Opening '/cache/transcodes/a876ea27005e671322d3490db6d26869133.mp4' for writing
[hls @ 0x7fff622c5500] Opening '/cache/transcodes/a876ea27005e671322d3490db6d26869134.mp4' for writing
[hls @ 0x7fff622c5500] Opening '/cache/transcodes/a876ea27005e671322d3490db6d26869135.mp4' for writing
[hls @ 0x7fff622c5500] Opening '/cache/transcodes/a876ea27005e671322d3490db6d26869136.mp4' for writing
[hls @ 0x7fff622c5500] Opening '/cache/transcodes/a876ea27005e671322d3490db6d26869137.mp4' for writing
[hls @ 0x7fff622c5500] Opening '/cache/transcodes/a876ea27005e671322d3490db6d26869138.mp4' for writing
[hls @ 0x7fff622c5500] Opening '/cache/transcodes/a876ea27005e671322d3490db6d26869139.mp4' for writing
[hls @ 0x7fff622c5500] Opening '/cache/transcodes/a876ea27005e671322d3490db6d26869140.mp4' for writing
[hls @ 0x7fff622c5500] Opening '/cache/transcodes/a876ea27005e671322d3490db6d26869141.mp4' for writing
[hls @ 0x7fff622c5500] Opening '/cache/transcodes/a876ea27005e671322d3490db6d26869142.mp4' for writing
[hls @ 0x7fff622c5500] Opening '/cache/transcodes/a876ea27005e671322d3490db6d26869143.mp4' for writing
[hls @ 0x7fff622c5500] Opening '/cache/transcodes/a876ea27005e671322d3490db6d26869144.mp4' for writing
[hls @ 0x7fff622c5500] Opening '/cache/transcodes/a876ea27005e671322d3490db6d26869145.mp4' for writing
[hls @ 0x7fff622c5500] Opening '/cache/transcodes/a876ea27005e671322d3490db6d26869146.mp4' for writing
[hls @ 0x7fff622c5500] Opening '/cache/transcodes/a876ea27005e671322d3490db6d26869147.mp4' for writing
[hls @ 0x7fff622c5500] Opening '/cache/transcodes/a876ea27005e671322d3490db6d26869148.mp4' for writing
[hls @ 0x7fff622c5500] Opening '/cache/transcodes/a876ea27005e671322d3490db6d26869149.mp4' for writing
[hls @ 0x7fff622c5500] Opening '/cache/transcodes/a876ea27005e671322d3490db6d26869150.mp4' for writing
[hls @ 0x7fff622c5500] Opening '/cache/transcodes/a876ea27005e671322d3490db6d26869151.mp4' for writing
[hls @ 0x7fff622c5500] Opening '/cache/transcodes/a876ea27005e671322d3490db6d26869152.mp4' for writing
[hls @ 0x7fff622c5500] Opening '/cache/transcodes/a876ea27005e671322d3490db6d26869153.mp4' for writing
[hls @ 0x7fff622c5500] Opening '/cache/transcodes/a876ea27005e671322d3490db6d26869154.mp4' for writing
[hls @ 0x7fff622c5500] Opening '/cache/transcodes/a876ea27005e671322d3490db6d26869155.mp4' for writing
[hls @ 0x7fff622c5500] Opening '/cache/transcodes/a876ea27005e671322d3490db6d26869156.mp4' for writing
[hls @ 0x7fff622c5500] Opening '/cache/transcodes/a876ea27005e671322d3490db6d26869157.mp4' for writing
[hls @ 0x7fff622c5500] Opening '/cache/transcodes/a876ea27005e671322d3490db6d26869158.mp4' for writing
[hls @ 0x7fff622c5500] Opening '/cache/transcodes/a876ea27005e671322d3490db6d26869159.mp4' for writing
[hls @ 0x7fff622c5500] Opening '/cache/transcodes/a876ea27005e671322d3490db6d26869160.mp4' for writing
[hls @ 0x7fff622c5500] Opening '/cache/transcodes/a876ea27005e671322d3490db6d26869161.mp4' for writing
[hls @ 0x7fff622c5500] Opening '/cache/transcodes/a876ea27005e671322d3490db6d26869162.mp4' for writing
[hls @ 0x7fff622c5500] Opening '/cache/transcodes/a876ea27005e671322d3490db6d26869163.mp4' for writing
[hls @ 0x7fff622c5500] Opening '/cache/transcodes/a876ea27005e671322d3490db6d26869164.mp4' for writing
[hls @ 0x7fff622c5500] Opening '/cache/transcodes/a876ea27005e671322d3490db6d26869165.mp4' for writing
[hls @ 0x7fff622c5500] Opening '/cache/transcodes/a876ea27005e671322d3490db6d26869166.mp4' for writing
[hls @ 0x7fff622c5500] Opening '/cache/transcodes/a876ea27005e671322d3490db6d26869167.mp4' for writing
[hls @ 0x7fff622c5500] Opening '/cache/transcodes/a876ea27005e671322d3490db6d26869168.mp4' for writing
frame=24344 fps=9732 q=-1.0 size=N/A time=00:14:02.98 bitrate=N/A speed= 337x    
[hls @ 0x7fff622c5500] Opening '/cache/transcodes/a876ea27005e671322d3490db6d26869169.mp4' for writing
[hls @ 0x7fff622c5500] Opening '/cache/transcodes/a876ea27005e671322d3490db6d26869170.mp4' for writing
[hls @ 0x7fff622c5500] Opening '/cache/transcodes/a876ea27005e671322d3490db6d26869171.mp4' for writing
[hls @ 0x7fff622c5500] Opening '/cache/transcodes/a876ea27005e671322d3490db6d26869172.mp4' for writing
[hls @ 0x7fff622c5500] Opening '/cache/transcodes/a876ea27005e671322d3490db6d26869173.mp4' for writing
[hls @ 0x7fff622c5500] Opening '/cache/transcodes/a876ea27005e671322d3490db6d26869174.mp4' for writing
[hls @ 0x7fff622c5500] Opening '/cache/transcodes/a876ea27005e671322d3490db6d26869175.mp4' for writing
[hls @ 0x7fff622c5500] Opening '/cache/transcodes/a876ea27005e671322d3490db6d26869176.mp4' for writing
[hls @ 0x7fff622c5500] Opening '/cache/transcodes/a876ea27005e671322d3490db6d26869177.mp4' for writing
[hls @ 0x7fff622c5500] Opening '/cache/transcodes/a876ea27005e671322d3490db6d26869178.mp4' for writing
[hls @ 0x7fff622c5500] Opening '/cache/transcodes/a876ea27005e671322d3490db6d26869179.mp4' for writing
[hls @ 0x7fff622c5500] Opening '/cache/transcodes/a876ea27005e671322d3490db6d26869180.mp4' for writing
[hls @ 0x7fff622c5500] Opening '/cache/transcodes/a876ea27005e671322d3490db6d26869181.mp4' for writing
[hls @ 0x7fff622c5500] Opening '/cache/transcodes/a876ea27005e671322d3490db6d26869182.mp4' for writing
[hls @ 0x7fff622c5500] Opening '/cache/transcodes/a876ea27005e671322d3490db6d26869183.mp4' for writing
[hls @ 0x7fff622c5500] Opening '/cache/transcodes/a876ea27005e671322d3490db6d26869184.mp4' for writing
[hls @ 0x7fff622c5500] Opening '/cache/transcodes/a876ea27005e671322d3490db6d26869185.mp4' for writing
[hls @ 0x7fff622c5500] Opening '/cache/transcodes/a876ea27005e671322d3490db6d26869186.mp4' for writing
[hls @ 0x7fff622c5500] Opening '/cache/transcodes/a876ea27005e671322d3490db6d26869187.mp4' for writing
[hls @ 0x7fff622c5500] Opening '/cache/transcodes/a876ea27005e671322d3490db6d26869188.mp4' for writing
[hls @ 0x7fff622c5500] Opening '/cache/transcodes/a876ea27005e671322d3490db6d26869189.mp4' for writing
[hls @ 0x7fff622c5500] Opening '/cache/transcodes/a876ea27005e671322d3490db6d26869190.mp4' for writing
[hls @ 0x7fff622c5500] Opening '/cache/transcodes/a876ea27005e671322d3490db6d26869191.mp4' for writing
[hls @ 0x7fff622c5500] Opening '/cache/transcodes/a876ea27005e671322d3490db6d26869192.mp4' for writing
[hls @ 0x7fff622c5500] Opening '/cache/transcodes/a876ea27005e671322d3490db6d26869193.mp4' for writing
[hls @ 0x7fff622c5500] Opening '/cache/transcodes/a876ea27005e671322d3490db6d26869194.mp4' for writing
[hls @ 0x7fff622c5500] Opening '/cache/transcodes/a876ea27005e671322d3490db6d26869195.mp4' for writing
[hls @ 0x7fff622c5500] Opening '/cache/transcodes/a876ea27005e671322d3490db6d26869196.mp4' for writing
[hls @ 0x7fff622c5500] Opening '/cache/transcodes/a876ea27005e671322d3490db6d26869197.mp4' for writing
[hls @ 0x7fff622c5500] Opening '/cache/transcodes/a876ea27005e671322d3490db6d26869198.mp4' for writing
[hls @ 0x7fff622c5500] Opening '/cache/transcodes/a876ea27005e671322d3490db6d26869199.mp4' for writing
[hls @ 0x7fff622c5500] Opening '/cache/transcodes/a876ea27005e671322d3490db6d26869200.mp4' for writing
[hls @ 0x7fff622c5500] Opening '/cache/transcodes/a876ea27005e671322d3490db6d26869201.mp4' for writing
[hls @ 0x7fff622c5500] Opening '/cache/transcodes/a876ea27005e671322d3490db6d26869202.mp4' for writing
[hls @ 0x7fff622c5500] Opening '/cache/transcodes/a876ea27005e671322d3490db6d26869203.mp4' for writing


[q] command received. Exiting.

[hls @ 0x7fff622c5500] Opening '/cache/transcodes/a876ea27005e671322d3490db6d26869204.mp4' for writing
[out#0/hls @ 0x7fff6279d4c0] video:455056KiB audio:48032KiB subtitle:0KiB other streams:0KiB global headers:0KiB muxing overhead: unknown
frame=29510 fps=9668 q=-1.0 Lsize=N/A time=00:17:38.14 bitrate=N/A speed= 347x    