{"Protocol":0,"Id":"6b89fc927f36dbdcd331e35809ca39be","Path":"/Passport/Supun/Tron Ares (2025) English WEBRip-[CineSubz.co]-1080p.mp4","EncoderPath":null,"EncoderProtocol":null,"Type":0,"Container":"mov,mp4,m4a,3gp,3g2,mj2","Size":2947606014,"Name":"Tron Ares (2025) English WEBRip-[CineSubz.co]-1080p","IsRemote":false,"ETag":"be4b9d3f7d9af33caad3b4ec99a816ee","RunTimeTicks":71984640000,"ReadAtNativeFramerate":false,"IgnoreDts":false,"IgnoreIndex":false,"GenPtsInput":false,"SupportsTranscoding":true,"SupportsDirectStream":true,"SupportsDirectPlay":true,"IsInfiniteStream":false,"UseMostCompatibleTranscodingProfile":false,"RequiresOpening":false,"OpenToken":null,"RequiresClosing":false,"LiveStreamId":null,"BufferMs":null,"RequiresLooping":false,"SupportsProbing":true,"VideoType":0,"IsoType":null,"Video3DFormat":null,"MediaStreams":[{"Codec":"h264","CodecTag":"avc1","Language":"eng","ColorRange":null,"ColorSpace":null,"ColorTransfer":null,"ColorPrimaries":null,"DvVersionMajor":null,"DvVersionMinor":null,"DvProfile":null,"DvLevel":null,"RpuPresentFlag":null,"ElPresentFlag":null,"BlPresentFlag":null,"DvBlSignalCompatibilityId":null,"Rotation":null,"Comment":null,"TimeBase":"1/12288","CodecTimeBase":null,"Title":null,"Hdr10PlusPresentFlag":null,"VideoRange":1,"VideoRangeType":1,"VideoDoViTitle":null,"AudioSpatialFormat":0,"LocalizedUndefined":null,"LocalizedDefault":null,"LocalizedForced":null,"LocalizedExternal":null,"LocalizedHearingImpaired":null,"DisplayTitle":"1080p H264 SDR","NalLengthSize":"4","IsInterlaced":false,"IsAVC":true,"ChannelLayout":null,"BitRate":2951682,"BitDepth":8,"RefFrames":1,"PacketLength":null,"Channels":null,"SampleRate":null,"IsDefault":true,"IsForced":false,"IsHearingImpaired":false,"Height":1080,"Width":1920,"AverageFrameRate":24,"RealFrameRate":24,"ReferenceFrameRate":24,"Profile":"High","Type":1,"AspectRatio":"2.40:1","Index":0,"Score":null,"IsExternal":false,"DeliveryMethod":null,"DeliveryUrl":null,"IsExternalUrl":null,"IsTextSubtitleStream":false,"SupportsExternalStream":false,"Path":null,"PixelFormat":"yuv420p","Level":40,"IsAnamorphic":true},{"Codec":"aac","CodecTag":"mp4a","Language":"eng","ColorRange":null,"ColorSpace":null,"ColorTransfer":null,"ColorPrimaries":null,"DvVersionMajor":null,"DvVersionMinor":null,"DvProfile":null,"DvLevel":null,"RpuPresentFlag":null,"ElPresentFlag":null,"BlPresentFlag":null,"DvBlSignalCompatibilityId":null,"Rotation":null,"Comment":null,"TimeBase":"1/48000","CodecTimeBase":null,"Title":null,"Hdr10PlusPresentFlag":null,"VideoRange":0,"VideoRangeType":0,"VideoDoViTitle":null,"AudioSpatialFormat":0,"LocalizedUndefined":null,"LocalizedDefault":"Default","LocalizedForced":null,"LocalizedExternal":"External","LocalizedHearingImpaired":null,"DisplayTitle":"English - AAC - 5.1 - Default","NalLengthSize":null,"IsInterlaced":false,"IsAVC":false,"ChannelLayout":"5.1","BitRate":319999,"BitDepth":null,"RefFrames":null,"PacketLength":null,"Channels":6,"SampleRate":48000,"IsDefault":true,"IsForced":false,"IsHearingImpaired":false,"Height":null,"Width":null,"AverageFrameRate":null,"RealFrameRate":null,"ReferenceFrameRate":null,"Profile":"LC","Type":0,"AspectRatio":null,"Index":1,"Score":null,"IsExternal":false,"DeliveryMethod":null,"DeliveryUrl":null,"IsExternalUrl":null,"IsTextSubtitleStream":false,"SupportsExternalStream":false,"Path":null,"PixelFormat":null,"Level":0,"IsAnamorphic":null}],"MediaAttachments":[],"Formats":[],"Bitrate":3275816,"FallbackMaxStreamingBitrate":null,"Timestamp":null,"RequiredHttpHeaders":{},"TranscodingUrl":null,"TranscodingSubProtocol":0,"TranscodingContainer":null,"AnalyzeDurationMs":null,"DefaultAudioStreamIndex":null,"DefaultSubtitleStreamIndex":null,"HasSegments":false}

/usr/lib/jellyfin-ffmpeg/ffmpeg -analyzeduration 200M -probesize 1G -ss 00:58:12.500 -noaccurate_seek -fflags +genpts  -i file:"/Passport/Supun/Tron Ares (2025) English WEBRip-[CineSubz.co]-1080p.mp4" -map_metadata -1 -map_chapters -1 -threads 0 -map 0:0 -map 0:1 -map -0:s -codec:v:0 copy -bsf:v h264_mp4toannexb -start_at_zero -codec:a:0 copy -copyts -avoid_negative_ts disabled -max_muxing_queue_size 2048 -f hls -max_delay 5000000 -hls_time 6 -hls_segment_type fmp4 -hls_fmp4_init_filename "1bcb9f2dbac177c6412c1e4e405f44bb-1.mp4" -start_number 582 -hls_segment_filename "/cache/transcodes/1bcb9f2dbac177c6412c1e4e405f44bb%d.mp4" -hls_playlist_type vod -hls_list_size 0 -hls_segment_options movflags=+frag_discont -y "/cache/transcodes/1bcb9f2dbac177c6412c1e4e405f44bb.m3u8"


ffmpeg version 7.1.3-Jellyfin Copyright (c) 2000-2025 the FFmpeg developers
  built with gcc 14 (Debian 14.2.0-19)
  configuration: --prefix=/usr/lib/jellyfin-ffmpeg --target-os=linux --extra-version=Jellyfin --disable-doc --disable-ffplay --disable-static --disable-libxcb --disable-sdl2 --disable-xlib --enable-lto=auto --enable-gpl --enable-version3 --enable-shared --enable-gmp --enable-gnutls --enable-chromaprint --enable-opencl --enable-libdrm --enable-libxml2 --enable-libass --enable-libfreetype --enable-libfribidi --enable-libfontconfig --enable-libharfbuzz --enable-libbluray --enable-libmp3lame --enable-libopus --enable-libtheora --enable-libvorbis --enable-libopenmpt --enable-libdav1d --enable-libsvtav1 --enable-libwebp --enable-libvpx --enable-libx264 --enable-libx265 --enable-libzvbi --enable-libzimg --enable-libfdk-aac --arch=arm64 --cross-prefix=/usr/bin/aarch64-linux-gnu- --toolchain=hardened --enable-cross-compile --enable-rkmpp --enable-rkrga --enable-ffnvcodec --enable-cuda --enable-cuda-llvm --enable-cuvid --enable-nvdec --enable-nvenc
  libavutil      59. 39.100 / 59. 39.100
  libavcodec     61. 19.101 / 61. 19.101
  libavformat    61.  7.100 / 61.  7.100
  libavdevice    61.  3.100 / 61.  3.100
  libavfilter    10.  4.100 / 10.  4.100
  libswscale      8.  3.100 /  8.  3.100
  libswresample   5.  3.100 /  5.  3.100
  libpostproc    58.  3.100 / 58.  3.100
Input #0, mov,mp4,m4a,3gp,3g2,mj2, from 'file:/Passport/Supun/Tron Ares (2025) English WEBRip-[CineSubz.co]-1080p.mp4':
  Metadata:
    major_brand     : isom
    minor_version   : 512
    compatible_brands: isomiso2avc1mp41
    encoder         : Lavf56.25.101
  Duration: 01:59:58.46, start: 0.000000, bitrate: 3275 kb/s
  Stream #0:0[0x1](eng): Video: h264 (High) (avc1 / 0x31637661), yuv420p(progressive), 1920x1080 [SAR 27:20 DAR 12:5], 2951 kb/s, 24 fps, 24 tbr, 12288 tbn (default)
      Metadata:
        handler_name    : VideoHandler
        vendor_id       : [0][0][0][0]
  Stream #0:1[0x2](eng): Audio: aac (LC) (mp4a / 0x6134706D), 48000 Hz, 5.1, fltp, 319 kb/s (default)
      Metadata:
        handler_name    : SoundHandler
        vendor_id       : [0][0][0][0]
Stream mapping:
  Stream #0:0 -> #0:0 (copy)
  Stream #0:1 -> #0:1 (copy)
[hls @ 0x7fff1bcc5a00] Opening '/cache/transcodes/1bcb9f2dbac177c6412c1e4e405f44bb-1.mp4' for writing
Output #0, hls, to '/cache/transcodes/1bcb9f2dbac177c6412c1e4e405f44bb.m3u8':
  Metadata:
    encoder         : Lavf61.7.100
  Stream #0:0: Video: h264 (High) (avc1 / 0x31637661), yuv420p(progressive), 1920x1080 [SAR 27:20 DAR 12:5], q=2-31, 2951 kb/s, 24 fps, 24 tbr, 12288 tbn (default)
  Stream #0:1: Audio: aac (LC) (mp4a / 0x6134706D), 48000 Hz, 5.1, fltp, 319 kb/s (default)
Press [q] to stop, [?] for help
[hls @ 0x7fff1bcc5a00] Opening '/cache/transcodes/1bcb9f2dbac177c6412c1e4e405f44bb582.mp4' for writing
[hls @ 0x7fff1bcc5a00] Opening '/cache/transcodes/1bcb9f2dbac177c6412c1e4e405f44bb583.mp4' for writing
[hls @ 0x7fff1bcc5a00] Opening '/cache/transcodes/1bcb9f2dbac177c6412c1e4e405f44bb584.mp4' for writing
[hls @ 0x7fff1bcc5a00] Opening '/cache/transcodes/1bcb9f2dbac177c6412c1e4e405f44bb585.mp4' for writing
[hls @ 0x7fff1bcc5a00] Opening '/cache/transcodes/1bcb9f2dbac177c6412c1e4e405f44bb586.mp4' for writing
[hls @ 0x7fff1bcc5a00] Opening '/cache/transcodes/1bcb9f2dbac177c6412c1e4e405f44bb587.mp4' for writing
[hls @ 0x7fff1bcc5a00] Opening '/cache/transcodes/1bcb9f2dbac177c6412c1e4e405f44bb588.mp4' for writing
[hls @ 0x7fff1bcc5a00] Opening '/cache/transcodes/1bcb9f2dbac177c6412c1e4e405f44bb589.mp4' for writing
[hls @ 0x7fff1bcc5a00] Opening '/cache/transcodes/1bcb9f2dbac177c6412c1e4e405f44bb590.mp4' for writing
[hls @ 0x7fff1bcc5a00] Opening '/cache/transcodes/1bcb9f2dbac177c6412c1e4e405f44bb591.mp4' for writing
[hls @ 0x7fff1bcc5a00] Opening '/cache/transcodes/1bcb9f2dbac177c6412c1e4e405f44bb592.mp4' for writing
[hls @ 0x7fff1bcc5a00] Opening '/cache/transcodes/1bcb9f2dbac177c6412c1e4e405f44bb593.mp4' for writing
[hls @ 0x7fff1bcc5a00] Opening '/cache/transcodes/1bcb9f2dbac177c6412c1e4e405f44bb594.mp4' for writing
[hls @ 0x7fff1bcc5a00] Opening '/cache/transcodes/1bcb9f2dbac177c6412c1e4e405f44bb595.mp4' for writing
[hls @ 0x7fff1bcc5a00] Opening '/cache/transcodes/1bcb9f2dbac177c6412c1e4e405f44bb596.mp4' for writing
[hls @ 0x7fff1bcc5a00] Opening '/cache/transcodes/1bcb9f2dbac177c6412c1e4e405f44bb597.mp4' for writing
[hls @ 0x7fff1bcc5a00] Opening '/cache/transcodes/1bcb9f2dbac177c6412c1e4e405f44bb598.mp4' for writing
[hls @ 0x7fff1bcc5a00] Opening '/cache/transcodes/1bcb9f2dbac177c6412c1e4e405f44bb599.mp4' for writing
[hls @ 0x7fff1bcc5a00] Opening '/cache/transcodes/1bcb9f2dbac177c6412c1e4e405f44bb600.mp4' for writing
[hls @ 0x7fff1bcc5a00] Opening '/cache/transcodes/1bcb9f2dbac177c6412c1e4e405f44bb601.mp4' for writing
[hls @ 0x7fff1bcc5a00] Opening '/cache/transcodes/1bcb9f2dbac177c6412c1e4e405f44bb602.mp4' for writing
[hls @ 0x7fff1bcc5a00] Opening '/cache/transcodes/1bcb9f2dbac177c6412c1e4e405f44bb603.mp4' for writing
[hls @ 0x7fff1bcc5a00] Opening '/cache/transcodes/1bcb9f2dbac177c6412c1e4e405f44bb604.mp4' for writing
[hls @ 0x7fff1bcc5a00] Opening '/cache/transcodes/1bcb9f2dbac177c6412c1e4e405f44bb605.mp4' for writing
frame= 3461 fps=0.0 q=-1.0 size=N/A time=00:00:00.00 bitrate=N/A speed=   0x    
[hls @ 0x7fff1bcc5a00] Opening '/cache/transcodes/1bcb9f2dbac177c6412c1e4e405f44bb606.mp4' for writing
[hls @ 0x7fff1bcc5a00] Opening '/cache/transcodes/1bcb9f2dbac177c6412c1e4e405f44bb607.mp4' for writing
[hls @ 0x7fff1bcc5a00] Opening '/cache/transcodes/1bcb9f2dbac177c6412c1e4e405f44bb608.mp4' for writing
[hls @ 0x7fff1bcc5a00] Opening '/cache/transcodes/1bcb9f2dbac177c6412c1e4e405f44bb609.mp4' for writing
[hls @ 0x7fff1bcc5a00] Opening '/cache/transcodes/1bcb9f2dbac177c6412c1e4e405f44bb610.mp4' for writing
[hls @ 0x7fff1bcc5a00] Opening '/cache/transcodes/1bcb9f2dbac177c6412c1e4e405f44bb611.mp4' for writing
[hls @ 0x7fff1bcc5a00] Opening '/cache/transcodes/1bcb9f2dbac177c6412c1e4e405f44bb612.mp4' for writing
[hls @ 0x7fff1bcc5a00] Opening '/cache/transcodes/1bcb9f2dbac177c6412c1e4e405f44bb613.mp4' for writing
[hls @ 0x7fff1bcc5a00] Opening '/cache/transcodes/1bcb9f2dbac177c6412c1e4e405f44bb614.mp4' for writing
[hls @ 0x7fff1bcc5a00] Opening '/cache/transcodes/1bcb9f2dbac177c6412c1e4e405f44bb615.mp4' for writing
[hls @ 0x7fff1bcc5a00] Opening '/cache/transcodes/1bcb9f2dbac177c6412c1e4e405f44bb616.mp4' for writing
[hls @ 0x7fff1bcc5a00] Opening '/cache/transcodes/1bcb9f2dbac177c6412c1e4e405f44bb617.mp4' for writing
[hls @ 0x7fff1bcc5a00] Opening '/cache/transcodes/1bcb9f2dbac177c6412c1e4e405f44bb618.mp4' for writing
[hls @ 0x7fff1bcc5a00] Opening '/cache/transcodes/1bcb9f2dbac177c6412c1e4e405f44bb619.mp4' for writing
[hls @ 0x7fff1bcc5a00] Opening '/cache/transcodes/1bcb9f2dbac177c6412c1e4e405f44bb620.mp4' for writing
[hls @ 0x7fff1bcc5a00] Opening '/cache/transcodes/1bcb9f2dbac177c6412c1e4e405f44bb621.mp4' for writing
[hls @ 0x7fff1bcc5a00] Opening '/cache/transcodes/1bcb9f2dbac177c6412c1e4e405f44bb622.mp4' for writing
[hls @ 0x7fff1bcc5a00] Opening '/cache/transcodes/1bcb9f2dbac177c6412c1e4e405f44bb623.mp4' for writing
[hls @ 0x7fff1bcc5a00] Opening '/cache/transcodes/1bcb9f2dbac177c6412c1e4e405f44bb624.mp4' for writing
[hls @ 0x7fff1bcc5a00] Opening '/cache/transcodes/1bcb9f2dbac177c6412c1e4e405f44bb625.mp4' for writing
[hls @ 0x7fff1bcc5a00] Opening '/cache/transcodes/1bcb9f2dbac177c6412c1e4e405f44bb626.mp4' for writing
[hls @ 0x7fff1bcc5a00] Opening '/cache/transcodes/1bcb9f2dbac177c6412c1e4e405f44bb627.mp4' for writing
[hls @ 0x7fff1bcc5a00] Opening '/cache/transcodes/1bcb9f2dbac177c6412c1e4e405f44bb628.mp4' for writing
[hls @ 0x7fff1bcc5a00] Opening '/cache/transcodes/1bcb9f2dbac177c6412c1e4e405f44bb629.mp4' for writing
[hls @ 0x7fff1bcc5a00] Opening '/cache/transcodes/1bcb9f2dbac177c6412c1e4e405f44bb630.mp4' for writing
[hls @ 0x7fff1bcc5a00] Opening '/cache/transcodes/1bcb9f2dbac177c6412c1e4e405f44bb631.mp4' for writing
[hls @ 0x7fff1bcc5a00] Opening '/cache/transcodes/1bcb9f2dbac177c6412c1e4e405f44bb632.mp4' for writing
[hls @ 0x7fff1bcc5a00] Opening '/cache/transcodes/1bcb9f2dbac177c6412c1e4e405f44bb633.mp4' for writing
[hls @ 0x7fff1bcc5a00] Opening '/cache/transcodes/1bcb9f2dbac177c6412c1e4e405f44bb634.mp4' for writing
[hls @ 0x7fff1bcc5a00] Opening '/cache/transcodes/1bcb9f2dbac177c6412c1e4e405f44bb635.mp4' for writing
[hls @ 0x7fff1bcc5a00] Opening '/cache/transcodes/1bcb9f2dbac177c6412c1e4e405f44bb636.mp4' for writing
[hls @ 0x7fff1bcc5a00] Opening '/cache/transcodes/1bcb9f2dbac177c6412c1e4e405f44bb637.mp4' for writing
[hls @ 0x7fff1bcc5a00] Opening '/cache/transcodes/1bcb9f2dbac177c6412c1e4e405f44bb638.mp4' for writing
[hls @ 0x7fff1bcc5a00] Opening '/cache/transcodes/1bcb9f2dbac177c6412c1e4e405f44bb639.mp4' for writing
[hls @ 0x7fff1bcc5a00] Opening '/cache/transcodes/1bcb9f2dbac177c6412c1e4e405f44bb640.mp4' for writing
[hls @ 0x7fff1bcc5a00] Opening '/cache/transcodes/1bcb9f2dbac177c6412c1e4e405f44bb641.mp4' for writing
[hls @ 0x7fff1bcc5a00] Opening '/cache/transcodes/1bcb9f2dbac177c6412c1e4e405f44bb642.mp4' for writing
[hls @ 0x7fff1bcc5a00] Opening '/cache/transcodes/1bcb9f2dbac177c6412c1e4e405f44bb643.mp4' for writing


[q] command received. Exiting.

[hls @ 0x7fff1bcc5a00] Opening '/cache/transcodes/1bcb9f2dbac177c6412c1e4e405f44bb644.mp4' for writing
[out#0/hls @ 0x7fff1c19d4c0] video:120445KiB audio:14552KiB subtitle:0KiB other streams:0KiB global headers:0KiB muxing overhead: unknown
frame= 8941 fps=8702 q=-1.0 Lsize=N/A time=00:03:48.35 bitrate=N/A speed= 222x    