{"Protocol":0,"Id":"6b89fc927f36dbdcd331e35809ca39be","Path":"/Passport/Supun/Tron Ares (2025) English WEBRip-[CineSubz.co]-1080p.mp4","EncoderPath":null,"EncoderProtocol":null,"Type":0,"Container":"mov,mp4,m4a,3gp,3g2,mj2","Size":2947606014,"Name":"Tron Ares (2025) English WEBRip-[CineSubz.co]-1080p","IsRemote":false,"ETag":"be4b9d3f7d9af33caad3b4ec99a816ee","RunTimeTicks":71984640000,"ReadAtNativeFramerate":false,"IgnoreDts":false,"IgnoreIndex":false,"GenPtsInput":false,"SupportsTranscoding":true,"SupportsDirectStream":true,"SupportsDirectPlay":true,"IsInfiniteStream":false,"UseMostCompatibleTranscodingProfile":false,"RequiresOpening":false,"OpenToken":null,"RequiresClosing":false,"LiveStreamId":null,"BufferMs":null,"RequiresLooping":false,"SupportsProbing":true,"VideoType":0,"IsoType":null,"Video3DFormat":null,"MediaStreams":[{"Codec":"h264","CodecTag":"avc1","Language":"eng","ColorRange":null,"ColorSpace":null,"ColorTransfer":null,"ColorPrimaries":null,"DvVersionMajor":null,"DvVersionMinor":null,"DvProfile":null,"DvLevel":null,"RpuPresentFlag":null,"ElPresentFlag":null,"BlPresentFlag":null,"DvBlSignalCompatibilityId":null,"Rotation":null,"Comment":null,"TimeBase":"1/12288","CodecTimeBase":null,"Title":null,"Hdr10PlusPresentFlag":null,"VideoRange":1,"VideoRangeType":1,"VideoDoViTitle":null,"AudioSpatialFormat":0,"LocalizedUndefined":null,"LocalizedDefault":null,"LocalizedForced":null,"LocalizedExternal":null,"LocalizedHearingImpaired":null,"DisplayTitle":"1080p H264 SDR","NalLengthSize":"4","IsInterlaced":false,"IsAVC":true,"ChannelLayout":null,"BitRate":2951682,"BitDepth":8,"RefFrames":1,"PacketLength":null,"Channels":null,"SampleRate":null,"IsDefault":true,"IsForced":false,"IsHearingImpaired":false,"Height":1080,"Width":1920,"AverageFrameRate":24,"RealFrameRate":24,"ReferenceFrameRate":24,"Profile":"High","Type":1,"AspectRatio":"2.40:1","Index":0,"Score":null,"IsExternal":false,"DeliveryMethod":null,"DeliveryUrl":null,"IsExternalUrl":null,"IsTextSubtitleStream":false,"SupportsExternalStream":false,"Path":null,"PixelFormat":"yuv420p","Level":40,"IsAnamorphic":true},{"Codec":"aac","CodecTag":"mp4a","Language":"eng","ColorRange":null,"ColorSpace":null,"ColorTransfer":null,"ColorPrimaries":null,"DvVersionMajor":null,"DvVersionMinor":null,"DvProfile":null,"DvLevel":null,"RpuPresentFlag":null,"ElPresentFlag":null,"BlPresentFlag":null,"DvBlSignalCompatibilityId":null,"Rotation":null,"Comment":null,"TimeBase":"1/48000","CodecTimeBase":null,"Title":null,"Hdr10PlusPresentFlag":null,"VideoRange":0,"VideoRangeType":0,"VideoDoViTitle":null,"AudioSpatialFormat":0,"LocalizedUndefined":null,"LocalizedDefault":"Default","LocalizedForced":null,"LocalizedExternal":"External","LocalizedHearingImpaired":null,"DisplayTitle":"English - AAC - 5.1 - Default","NalLengthSize":null,"IsInterlaced":false,"IsAVC":false,"ChannelLayout":"5.1","BitRate":319999,"BitDepth":null,"RefFrames":null,"PacketLength":null,"Channels":6,"SampleRate":48000,"IsDefault":true,"IsForced":false,"IsHearingImpaired":false,"Height":null,"Width":null,"AverageFrameRate":null,"RealFrameRate":null,"ReferenceFrameRate":null,"Profile":"LC","Type":0,"AspectRatio":null,"Index":1,"Score":null,"IsExternal":false,"DeliveryMethod":null,"DeliveryUrl":null,"IsExternalUrl":null,"IsTextSubtitleStream":false,"SupportsExternalStream":false,"Path":null,"PixelFormat":null,"Level":0,"IsAnamorphic":null}],"MediaAttachments":[],"Formats":[],"Bitrate":3275816,"FallbackMaxStreamingBitrate":null,"Timestamp":null,"RequiredHttpHeaders":{},"TranscodingUrl":null,"TranscodingSubProtocol":0,"TranscodingContainer":null,"AnalyzeDurationMs":null,"DefaultAudioStreamIndex":null,"DefaultSubtitleStreamIndex":null,"HasSegments":false}

/usr/lib/jellyfin-ffmpeg/ffmpeg -analyzeduration 200M -probesize 1G -fflags +genpts -f mov,mp4,m4a,3gp,3g2,mj2  -i file:"/Passport/Supun/Tron Ares (2025) English WEBRip-[CineSubz.co]-1080p.mp4" -map_metadata -1 -map_chapters -1 -threads 0 -map 0:0 -map 0:1 -map -0:s -codec:v:0 copy -bsf:v h264_mp4toannexb -start_at_zero -codec:a:0 copy -copyts -avoid_negative_ts disabled -max_muxing_queue_size 2048 -f hls -max_delay 5000000 -hls_time 6 -hls_segment_type fmp4 -hls_fmp4_init_filename "3d02a134ae405fc96401befb183fbd13-1.mp4" -start_number 0 -hls_segment_filename "/cache/transcodes/3d02a134ae405fc96401befb183fbd13%d.mp4" -hls_playlist_type vod -hls_list_size 0 -hls_segment_options movflags=+frag_discont -y "/cache/transcodes/3d02a134ae405fc96401befb183fbd13.m3u8"


ffmpeg version 7.1.3-Jellyfin Copyright (c) 2000-2025 the FFmpeg developers
  built with gcc 14 (Debian 14.2.0-19)
  configuration: --prefix=/usr/lib/jellyfin-ffmpeg --target-os=linux --extra-version=Jellyfin --disable-doc --disable-ffplay --disable-static --disable-libxcb --disable-sdl2 --disable-xlib --enable-lto=auto --enable-gpl --enable-version3 --enable-shared --enable-gmp --enable-gnutls --enable-chromaprint --enable-opencl --enable-libdrm --enable-libxml2 --enable-libass --enable-libfreetype --enable-libfribidi --enable-libfontconfig --enable-libharfbuzz --enable-libbluray --enable-libmp3lame --enable-libopus --enable-libtheora --enable-libvorbis --enable-libopenmpt --enable-libdav1d --enable-libsvtav1 --enable-libwebp --enable-libvpx --enable-libx264 --enable-libx265 --enable-libzvbi --enable-libzimg --enable-libfdk-aac --arch=arm64 --cross-prefix=/usr/bin/aarch64-linux-gnu- --toolchain=hardened --enable-cross-compile --enable-rkmpp --enable-rkrga --enable-ffnvcodec --enable-cuda --enable-cuda-llvm --enable-cuvid --enable-nvdec --enable-nvenc
  libavutil      59. 39.100 / 59. 39.100
  libavcodec     61. 19.101 / 61. 19.101
  libavformat    61.  7.100 / 61.  7.100
  libavdevice    61.  3.100 / 61.  3.100
  libavfilter    10.  4.100 / 10.  4.100
  libswscale      8.  3.100 /  8.  3.100
  libswresample   5.  3.100 /  5.  3.100
  libpostproc    58.  3.100 / 58.  3.100
Input #0, mov,mp4,m4a,3gp,3g2,mj2, from 'file:/Passport/Supun/Tron Ares (2025) English WEBRip-[CineSubz.co]-1080p.mp4':
  Metadata:
    major_brand     : isom
    minor_version   : 512
    compatible_brands: isomiso2avc1mp41
    encoder         : Lavf56.25.101
  Duration: 01:59:58.46, start: 0.000000, bitrate: 3275 kb/s
  Stream #0:0[0x1](eng): Video: h264 (High) (avc1 / 0x31637661), yuv420p(progressive), 1920x1080 [SAR 27:20 DAR 12:5], 2951 kb/s, 24 fps, 24 tbr, 12288 tbn (default)
      Metadata:
        handler_name    : VideoHandler
        vendor_id       : [0][0][0][0]
  Stream #0:1[0x2](eng): Audio: aac (LC) (mp4a / 0x6134706D), 48000 Hz, 5.1, fltp, 319 kb/s (default)
      Metadata:
        handler_name    : SoundHandler
        vendor_id       : [0][0][0][0]
Stream mapping:
  Stream #0:0 -> #0:0 (copy)
  Stream #0:1 -> #0:1 (copy)
[hls @ 0x7ffebd6c5500] Opening '/cache/transcodes/3d02a134ae405fc96401befb183fbd13-1.mp4' for writing
Output #0, hls, to '/cache/transcodes/3d02a134ae405fc96401befb183fbd13.m3u8':
  Metadata:
    encoder         : Lavf61.7.100
  Stream #0:0: Video: h264 (High) (avc1 / 0x31637661), yuv420p(progressive), 1920x1080 [SAR 27:20 DAR 12:5], q=2-31, 2951 kb/s, 24 fps, 24 tbr, 12288 tbn (default)
  Stream #0:1: Audio: aac (LC) (mp4a / 0x6134706D), 48000 Hz, 5.1, fltp, 319 kb/s (default)
Press [q] to stop, [?] for help
[hls @ 0x7ffebd6c5500] Opening '/cache/transcodes/3d02a134ae405fc96401befb183fbd130.mp4' for writing
[hls @ 0x7ffebd6c5500] Opening '/cache/transcodes/3d02a134ae405fc96401befb183fbd131.mp4' for writing
[hls @ 0x7ffebd6c5500] Opening '/cache/transcodes/3d02a134ae405fc96401befb183fbd132.mp4' for writing
[hls @ 0x7ffebd6c5500] Opening '/cache/transcodes/3d02a134ae405fc96401befb183fbd133.mp4' for writing
[hls @ 0x7ffebd6c5500] Opening '/cache/transcodes/3d02a134ae405fc96401befb183fbd134.mp4' for writing
[hls @ 0x7ffebd6c5500] Opening '/cache/transcodes/3d02a134ae405fc96401befb183fbd135.mp4' for writing
[hls @ 0x7ffebd6c5500] Opening '/cache/transcodes/3d02a134ae405fc96401befb183fbd136.mp4' for writing
[hls @ 0x7ffebd6c5500] Opening '/cache/transcodes/3d02a134ae405fc96401befb183fbd137.mp4' for writing
[hls @ 0x7ffebd6c5500] Opening '/cache/transcodes/3d02a134ae405fc96401befb183fbd138.mp4' for writing
[hls @ 0x7ffebd6c5500] Opening '/cache/transcodes/3d02a134ae405fc96401befb183fbd139.mp4' for writing
[hls @ 0x7ffebd6c5500] Opening '/cache/transcodes/3d02a134ae405fc96401befb183fbd1310.mp4' for writing
[hls @ 0x7ffebd6c5500] Opening '/cache/transcodes/3d02a134ae405fc96401befb183fbd1311.mp4' for writing
[hls @ 0x7ffebd6c5500] Opening '/cache/transcodes/3d02a134ae405fc96401befb183fbd1312.mp4' for writing
[hls @ 0x7ffebd6c5500] Opening '/cache/transcodes/3d02a134ae405fc96401befb183fbd1313.mp4' for writing
[hls @ 0x7ffebd6c5500] Opening '/cache/transcodes/3d02a134ae405fc96401befb183fbd1314.mp4' for writing
[hls @ 0x7ffebd6c5500] Opening '/cache/transcodes/3d02a134ae405fc96401befb183fbd1315.mp4' for writing
[hls @ 0x7ffebd6c5500] Opening '/cache/transcodes/3d02a134ae405fc96401befb183fbd1316.mp4' for writing
frame= 2453 fps=0.0 q=-1.0 size=N/A time=00:00:00.00 bitrate=N/A speed=   0x    
[hls @ 0x7ffebd6c5500] Opening '/cache/transcodes/3d02a134ae405fc96401befb183fbd1317.mp4' for writing
[hls @ 0x7ffebd6c5500] Opening '/cache/transcodes/3d02a134ae405fc96401befb183fbd1318.mp4' for writing
[hls @ 0x7ffebd6c5500] Opening '/cache/transcodes/3d02a134ae405fc96401befb183fbd1319.mp4' for writing
[hls @ 0x7ffebd6c5500] Opening '/cache/transcodes/3d02a134ae405fc96401befb183fbd1320.mp4' for writing
[hls @ 0x7ffebd6c5500] Opening '/cache/transcodes/3d02a134ae405fc96401befb183fbd1321.mp4' for writing
[hls @ 0x7ffebd6c5500] Opening '/cache/transcodes/3d02a134ae405fc96401befb183fbd1322.mp4' for writing
[hls @ 0x7ffebd6c5500] Opening '/cache/transcodes/3d02a134ae405fc96401befb183fbd1323.mp4' for writing
[hls @ 0x7ffebd6c5500] Opening '/cache/transcodes/3d02a134ae405fc96401befb183fbd1324.mp4' for writing
[hls @ 0x7ffebd6c5500] Opening '/cache/transcodes/3d02a134ae405fc96401befb183fbd1325.mp4' for writing
[hls @ 0x7ffebd6c5500] Opening '/cache/transcodes/3d02a134ae405fc96401befb183fbd1326.mp4' for writing
[hls @ 0x7ffebd6c5500] Opening '/cache/transcodes/3d02a134ae405fc96401befb183fbd1327.mp4' for writing
[hls @ 0x7ffebd6c5500] Opening '/cache/transcodes/3d02a134ae405fc96401befb183fbd1328.mp4' for writing
[hls @ 0x7ffebd6c5500] Opening '/cache/transcodes/3d02a134ae405fc96401befb183fbd1329.mp4' for writing
[hls @ 0x7ffebd6c5500] Opening '/cache/transcodes/3d02a134ae405fc96401befb183fbd1330.mp4' for writing
[hls @ 0x7ffebd6c5500] Opening '/cache/transcodes/3d02a134ae405fc96401befb183fbd1331.mp4' for writing
[hls @ 0x7ffebd6c5500] Opening '/cache/transcodes/3d02a134ae405fc96401befb183fbd1332.mp4' for writing
[hls @ 0x7ffebd6c5500] Opening '/cache/transcodes/3d02a134ae405fc96401befb183fbd1333.mp4' for writing
[hls @ 0x7ffebd6c5500] Opening '/cache/transcodes/3d02a134ae405fc96401befb183fbd1334.mp4' for writing
[hls @ 0x7ffebd6c5500] Opening '/cache/transcodes/3d02a134ae405fc96401befb183fbd1335.mp4' for writing
[hls @ 0x7ffebd6c5500] Opening '/cache/transcodes/3d02a134ae405fc96401befb183fbd1336.mp4' for writing
[hls @ 0x7ffebd6c5500] Opening '/cache/transcodes/3d02a134ae405fc96401befb183fbd1337.mp4' for writing
[hls @ 0x7ffebd6c5500] Opening '/cache/transcodes/3d02a134ae405fc96401befb183fbd1338.mp4' for writing
[hls @ 0x7ffebd6c5500] Opening '/cache/transcodes/3d02a134ae405fc96401befb183fbd1339.mp4' for writing
[hls @ 0x7ffebd6c5500] Opening '/cache/transcodes/3d02a134ae405fc96401befb183fbd1340.mp4' for writing
[hls @ 0x7ffebd6c5500] Opening '/cache/transcodes/3d02a134ae405fc96401befb183fbd1341.mp4' for writing
[hls @ 0x7ffebd6c5500] Opening '/cache/transcodes/3d02a134ae405fc96401befb183fbd1342.mp4' for writing
[hls @ 0x7ffebd6c5500] Opening '/cache/transcodes/3d02a134ae405fc96401befb183fbd1343.mp4' for writing
frame= 6334 fps=6326 q=-1.0 size=N/A time=00:02:41.68 bitrate=N/A speed= 161x    
[hls @ 0x7ffebd6c5500] Opening '/cache/transcodes/3d02a134ae405fc96401befb183fbd1344.mp4' for writing
[hls @ 0x7ffebd6c5500] Opening '/cache/transcodes/3d02a134ae405fc96401befb183fbd1345.mp4' for writing
[hls @ 0x7ffebd6c5500] Opening '/cache/transcodes/3d02a134ae405fc96401befb183fbd1346.mp4' for writing
[hls @ 0x7ffebd6c5500] Opening '/cache/transcodes/3d02a134ae405fc96401befb183fbd1347.mp4' for writing
[hls @ 0x7ffebd6c5500] Opening '/cache/transcodes/3d02a134ae405fc96401befb183fbd1348.mp4' for writing
[hls @ 0x7ffebd6c5500] Opening '/cache/transcodes/3d02a134ae405fc96401befb183fbd1349.mp4' for writing
[hls @ 0x7ffebd6c5500] Opening '/cache/transcodes/3d02a134ae405fc96401befb183fbd1350.mp4' for writing
[hls @ 0x7ffebd6c5500] Opening '/cache/transcodes/3d02a134ae405fc96401befb183fbd1351.mp4' for writing
[hls @ 0x7ffebd6c5500] Opening '/cache/transcodes/3d02a134ae405fc96401befb183fbd1352.mp4' for writing
[hls @ 0x7ffebd6c5500] Opening '/cache/transcodes/3d02a134ae405fc96401befb183fbd1353.mp4' for writing
[hls @ 0x7ffebd6c5500] Opening '/cache/transcodes/3d02a134ae405fc96401befb183fbd1354.mp4' for writing
[hls @ 0x7ffebd6c5500] Opening '/cache/transcodes/3d02a134ae405fc96401befb183fbd1355.mp4' for writing
[hls @ 0x7ffebd6c5500] Opening '/cache/transcodes/3d02a134ae405fc96401befb183fbd1356.mp4' for writing
[hls @ 0x7ffebd6c5500] Opening '/cache/transcodes/3d02a134ae405fc96401befb183fbd1357.mp4' for writing
[hls @ 0x7ffebd6c5500] Opening '/cache/transcodes/3d02a134ae405fc96401befb183fbd1358.mp4' for writing
[hls @ 0x7ffebd6c5500] Opening '/cache/transcodes/3d02a134ae405fc96401befb183fbd1359.mp4' for writing
[hls @ 0x7ffebd6c5500] Opening '/cache/transcodes/3d02a134ae405fc96401befb183fbd1360.mp4' for writing
[hls @ 0x7ffebd6c5500] Opening '/cache/transcodes/3d02a134ae405fc96401befb183fbd1361.mp4' for writing
[hls @ 0x7ffebd6c5500] Opening '/cache/transcodes/3d02a134ae405fc96401befb183fbd1362.mp4' for writing
[hls @ 0x7ffebd6c5500] Opening '/cache/transcodes/3d02a134ae405fc96401befb183fbd1363.mp4' for writing
[hls @ 0x7ffebd6c5500] Opening '/cache/transcodes/3d02a134ae405fc96401befb183fbd1364.mp4' for writing
[hls @ 0x7ffebd6c5500] Opening '/cache/transcodes/3d02a134ae405fc96401befb183fbd1365.mp4' for writing
[hls @ 0x7ffebd6c5500] Opening '/cache/transcodes/3d02a134ae405fc96401befb183fbd1366.mp4' for writing
[hls @ 0x7ffebd6c5500] Opening '/cache/transcodes/3d02a134ae405fc96401befb183fbd1367.mp4' for writing
[hls @ 0x7ffebd6c5500] Opening '/cache/transcodes/3d02a134ae405fc96401befb183fbd1368.mp4' for writing
[hls @ 0x7ffebd6c5500] Opening '/cache/transcodes/3d02a134ae405fc96401befb183fbd1369.mp4' for writing
[hls @ 0x7ffebd6c5500] Opening '/cache/transcodes/3d02a134ae405fc96401befb183fbd1370.mp4' for writing
[hls @ 0x7ffebd6c5500] Opening '/cache/transcodes/3d02a134ae405fc96401befb183fbd1371.mp4' for writing
[hls @ 0x7ffebd6c5500] Opening '/cache/transcodes/3d02a134ae405fc96401befb183fbd1372.mp4' for writing
[hls @ 0x7ffebd6c5500] Opening '/cache/transcodes/3d02a134ae405fc96401befb183fbd1373.mp4' for writing
[hls @ 0x7ffebd6c5500] Opening '/cache/transcodes/3d02a134ae405fc96401befb183fbd1374.mp4' for writing
[hls @ 0x7ffebd6c5500] Opening '/cache/transcodes/3d02a134ae405fc96401befb183fbd1375.mp4' for writing
[hls @ 0x7ffebd6c5500] Opening '/cache/transcodes/3d02a134ae405fc96401befb183fbd1376.mp4' for writing
[hls @ 0x7ffebd6c5500] Opening '/cache/transcodes/3d02a134ae405fc96401befb183fbd1377.mp4' for writing
[hls @ 0x7ffebd6c5500] Opening '/cache/transcodes/3d02a134ae405fc96401befb183fbd1378.mp4' for writing
[hls @ 0x7ffebd6c5500] Opening '/cache/transcodes/3d02a134ae405fc96401befb183fbd1379.mp4' for writing
[hls @ 0x7ffebd6c5500] Opening '/cache/transcodes/3d02a134ae405fc96401befb183fbd1380.mp4' for writing
[hls @ 0x7ffebd6c5500] Opening '/cache/transcodes/3d02a134ae405fc96401befb183fbd1381.mp4' for writing
frame=11953 fps=7961 q=-1.0 size=N/A time=00:06:35.70 bitrate=N/A speed= 264x    
[hls @ 0x7ffebd6c5500] Opening '/cache/transcodes/3d02a134ae405fc96401befb183fbd1382.mp4' for writing
[hls @ 0x7ffebd6c5500] Opening '/cache/transcodes/3d02a134ae405fc96401befb183fbd1383.mp4' for writing
[hls @ 0x7ffebd6c5500] Opening '/cache/transcodes/3d02a134ae405fc96401befb183fbd1384.mp4' for writing
[hls @ 0x7ffebd6c5500] Opening '/cache/transcodes/3d02a134ae405fc96401befb183fbd1385.mp4' for writing
[hls @ 0x7ffebd6c5500] Opening '/cache/transcodes/3d02a134ae405fc96401befb183fbd1386.mp4' for writing
[hls @ 0x7ffebd6c5500] Opening '/cache/transcodes/3d02a134ae405fc96401befb183fbd1387.mp4' for writing
[hls @ 0x7ffebd6c5500] Opening '/cache/transcodes/3d02a134ae405fc96401befb183fbd1388.mp4' for writing
[hls @ 0x7ffebd6c5500] Opening '/cache/transcodes/3d02a134ae405fc96401befb183fbd1389.mp4' for writing
[hls @ 0x7ffebd6c5500] Opening '/cache/transcodes/3d02a134ae405fc96401befb183fbd1390.mp4' for writing
[hls @ 0x7ffebd6c5500] Opening '/cache/transcodes/3d02a134ae405fc96401befb183fbd1391.mp4' for writing
[hls @ 0x7ffebd6c5500] Opening '/cache/transcodes/3d02a134ae405fc96401befb183fbd1392.mp4' for writing
[hls @ 0x7ffebd6c5500] Opening '/cache/transcodes/3d02a134ae405fc96401befb183fbd1393.mp4' for writing
[hls @ 0x7ffebd6c5500] Opening '/cache/transcodes/3d02a134ae405fc96401befb183fbd1394.mp4' for writing
[hls @ 0x7ffebd6c5500] Opening '/cache/transcodes/3d02a134ae405fc96401befb183fbd1395.mp4' for writing
[hls @ 0x7ffebd6c5500] Opening '/cache/transcodes/3d02a134ae405fc96401befb183fbd1396.mp4' for writing
[hls @ 0x7ffebd6c5500] Opening '/cache/transcodes/3d02a134ae405fc96401befb183fbd1397.mp4' for writing
[hls @ 0x7ffebd6c5500] Opening '/cache/transcodes/3d02a134ae405fc96401befb183fbd1398.mp4' for writing
[hls @ 0x7ffebd6c5500] Opening '/cache/transcodes/3d02a134ae405fc96401befb183fbd1399.mp4' for writing
[hls @ 0x7ffebd6c5500] Opening '/cache/transcodes/3d02a134ae405fc96401befb183fbd13100.mp4' for writing
[hls @ 0x7ffebd6c5500] Opening '/cache/transcodes/3d02a134ae405fc96401befb183fbd13101.mp4' for writing
[hls @ 0x7ffebd6c5500] Opening '/cache/transcodes/3d02a134ae405fc96401befb183fbd13102.mp4' for writing
[hls @ 0x7ffebd6c5500] Opening '/cache/transcodes/3d02a134ae405fc96401befb183fbd13103.mp4' for writing
[hls @ 0x7ffebd6c5500] Opening '/cache/transcodes/3d02a134ae405fc96401befb183fbd13104.mp4' for writing
[hls @ 0x7ffebd6c5500] Opening '/cache/transcodes/3d02a134ae405fc96401befb183fbd13105.mp4' for writing
[hls @ 0x7ffebd6c5500] Opening '/cache/transcodes/3d02a134ae405fc96401befb183fbd13106.mp4' for writing
frame=15544 fps=7766 q=-1.0 size=N/A time=00:09:05.33 bitrate=N/A speed= 272x    
[hls @ 0x7ffebd6c5500] Opening '/cache/transcodes/3d02a134ae405fc96401befb183fbd13107.mp4' for writing
[hls @ 0x7ffebd6c5500] Opening '/cache/transcodes/3d02a134ae405fc96401befb183fbd13108.mp4' for writing
[hls @ 0x7ffebd6c5500] Opening '/cache/transcodes/3d02a134ae405fc96401befb183fbd13109.mp4' for writing
[hls @ 0x7ffebd6c5500] Opening '/cache/transcodes/3d02a134ae405fc96401befb183fbd13110.mp4' for writing
[hls @ 0x7ffebd6c5500] Opening '/cache/transcodes/3d02a134ae405fc96401befb183fbd13111.mp4' for writing
[hls @ 0x7ffebd6c5500] Opening '/cache/transcodes/3d02a134ae405fc96401befb183fbd13112.mp4' for writing
[hls @ 0x7ffebd6c5500] Opening '/cache/transcodes/3d02a134ae405fc96401befb183fbd13113.mp4' for writing
[hls @ 0x7ffebd6c5500] Opening '/cache/transcodes/3d02a134ae405fc96401befb183fbd13114.mp4' for writing
[hls @ 0x7ffebd6c5500] Opening '/cache/transcodes/3d02a134ae405fc96401befb183fbd13115.mp4' for writing
[hls @ 0x7ffebd6c5500] Opening '/cache/transcodes/3d02a134ae405fc96401befb183fbd13116.mp4' for writing
[hls @ 0x7ffebd6c5500] Opening '/cache/transcodes/3d02a134ae405fc96401befb183fbd13117.mp4' for writing
[hls @ 0x7ffebd6c5500] Opening '/cache/transcodes/3d02a134ae405fc96401befb183fbd13118.mp4' for writing
[hls @ 0x7ffebd6c5500] Opening '/cache/transcodes/3d02a134ae405fc96401befb183fbd13119.mp4' for writing
[hls @ 0x7ffebd6c5500] Opening '/cache/transcodes/3d02a134ae405fc96401befb183fbd13120.mp4' for writing
[hls @ 0x7ffebd6c5500] Opening '/cache/transcodes/3d02a134ae405fc96401befb183fbd13121.mp4' for writing
[hls @ 0x7ffebd6c5500] Opening '/cache/transcodes/3d02a134ae405fc96401befb183fbd13122.mp4' for writing
[hls @ 0x7ffebd6c5500] Opening '/cache/transcodes/3d02a134ae405fc96401befb183fbd13123.mp4' for writing
[hls @ 0x7ffebd6c5500] Opening '/cache/transcodes/3d02a134ae405fc96401befb183fbd13124.mp4' for writing
[hls @ 0x7ffebd6c5500] Opening '/cache/transcodes/3d02a134ae405fc96401befb183fbd13125.mp4' for writing
frame=18286 fps=7295 q=-1.0 size=N/A time=00:10:59.67 bitrate=N/A speed= 263x    
[hls @ 0x7ffebd6c5500] Opening '/cache/transcodes/3d02a134ae405fc96401befb183fbd13126.mp4' for writing
[hls @ 0x7ffebd6c5500] Opening '/cache/transcodes/3d02a134ae405fc96401befb183fbd13127.mp4' for writing
[hls @ 0x7ffebd6c5500] Opening '/cache/transcodes/3d02a134ae405fc96401befb183fbd13128.mp4' for writing
[hls @ 0x7ffebd6c5500] Opening '/cache/transcodes/3d02a134ae405fc96401befb183fbd13129.mp4' for writing
[hls @ 0x7ffebd6c5500] Opening '/cache/transcodes/3d02a134ae405fc96401befb183fbd13130.mp4' for writing
[hls @ 0x7ffebd6c5500] Opening '/cache/transcodes/3d02a134ae405fc96401befb183fbd13131.mp4' for writing
[hls @ 0x7ffebd6c5500] Opening '/cache/transcodes/3d02a134ae405fc96401befb183fbd13132.mp4' for writing
[hls @ 0x7ffebd6c5500] Opening '/cache/transcodes/3d02a134ae405fc96401befb183fbd13133.mp4' for writing
[hls @ 0x7ffebd6c5500] Opening '/cache/transcodes/3d02a134ae405fc96401befb183fbd13134.mp4' for writing
[hls @ 0x7ffebd6c5500] Opening '/cache/transcodes/3d02a134ae405fc96401befb183fbd13135.mp4' for writing
[hls @ 0x7ffebd6c5500] Opening '/cache/transcodes/3d02a134ae405fc96401befb183fbd13136.mp4' for writing
[hls @ 0x7ffebd6c5500] Opening '/cache/transcodes/3d02a134ae405fc96401befb183fbd13137.mp4' for writing
[hls @ 0x7ffebd6c5500] Opening '/cache/transcodes/3d02a134ae405fc96401befb183fbd13138.mp4' for writing
[hls @ 0x7ffebd6c5500] Opening '/cache/transcodes/3d02a134ae405fc96401befb183fbd13139.mp4' for writing
[hls @ 0x7ffebd6c5500] Opening '/cache/transcodes/3d02a134ae405fc96401befb183fbd13140.mp4' for writing
[hls @ 0x7ffebd6c5500] Opening '/cache/transcodes/3d02a134ae405fc96401befb183fbd13141.mp4' for writing
[hls @ 0x7ffebd6c5500] Opening '/cache/transcodes/3d02a134ae405fc96401befb183fbd13142.mp4' for writing
[hls @ 0x7ffebd6c5500] Opening '/cache/transcodes/3d02a134ae405fc96401befb183fbd13143.mp4' for writing
[hls @ 0x7ffebd6c5500] Opening '/cache/transcodes/3d02a134ae405fc96401befb183fbd13144.mp4' for writing
[hls @ 0x7ffebd6c5500] Opening '/cache/transcodes/3d02a134ae405fc96401befb183fbd13145.mp4' for writing
[hls @ 0x7ffebd6c5500] Opening '/cache/transcodes/3d02a134ae405fc96401befb183fbd13146.mp4' for writing
[hls @ 0x7ffebd6c5500] Opening '/cache/transcodes/3d02a134ae405fc96401befb183fbd13147.mp4' for writing
[hls @ 0x7ffebd6c5500] Opening '/cache/transcodes/3d02a134ae405fc96401befb183fbd13148.mp4' for writing
[hls @ 0x7ffebd6c5500] Opening '/cache/transcodes/3d02a134ae405fc96401befb183fbd13149.mp4' for writing
[hls @ 0x7ffebd6c5500] Opening '/cache/transcodes/3d02a134ae405fc96401befb183fbd13150.mp4' for writing
[hls @ 0x7ffebd6c5500] Opening '/cache/transcodes/3d02a134ae405fc96401befb183fbd13151.mp4' for writing
[hls @ 0x7ffebd6c5500] Opening '/cache/transcodes/3d02a134ae405fc96401befb183fbd13152.mp4' for writing
[hls @ 0x7ffebd6c5500] Opening '/cache/transcodes/3d02a134ae405fc96401befb183fbd13153.mp4' for writing
[hls @ 0x7ffebd6c5500] Opening '/cache/transcodes/3d02a134ae405fc96401befb183fbd13154.mp4' for writing
[hls @ 0x7ffebd6c5500] Opening '/cache/transcodes/3d02a134ae405fc96401befb183fbd13155.mp4' for writing
[hls @ 0x7ffebd6c5500] Opening '/cache/transcodes/3d02a134ae405fc96401befb183fbd13156.mp4' for writing
[hls @ 0x7ffebd6c5500] Opening '/cache/transcodes/3d02a134ae405fc96401befb183fbd13157.mp4' for writing
[hls @ 0x7ffebd6c5500] Opening '/cache/transcodes/3d02a134ae405fc96401befb183fbd13158.mp4' for writing
[hls @ 0x7ffebd6c5500] Opening '/cache/transcodes/3d02a134ae405fc96401befb183fbd13159.mp4' for writing
[hls @ 0x7ffebd6c5500] Opening '/cache/transcodes/3d02a134ae405fc96401befb183fbd13160.mp4' for writing
[hls @ 0x7ffebd6c5500] Opening '/cache/transcodes/3d02a134ae405fc96401befb183fbd13161.mp4' for writing
[hls @ 0x7ffebd6c5500] Opening '/cache/transcodes/3d02a134ae405fc96401befb183fbd13162.mp4' for writing
frame=23585 fps=7844 q=-1.0 size=N/A time=00:14:40.37 bitrate=N/A speed= 293x    
[hls @ 0x7ffebd6c5500] Opening '/cache/transcodes/3d02a134ae405fc96401befb183fbd13163.mp4' for writing
[hls @ 0x7ffebd6c5500] Opening '/cache/transcodes/3d02a134ae405fc96401befb183fbd13164.mp4' for writing
[hls @ 0x7ffebd6c5500] Opening '/cache/transcodes/3d02a134ae405fc96401befb183fbd13165.mp4' for writing
[hls @ 0x7ffebd6c5500] Opening '/cache/transcodes/3d02a134ae405fc96401befb183fbd13166.mp4' for writing
[hls @ 0x7ffebd6c5500] Opening '/cache/transcodes/3d02a134ae405fc96401befb183fbd13167.mp4' for writing
[hls @ 0x7ffebd6c5500] Opening '/cache/transcodes/3d02a134ae405fc96401befb183fbd13168.mp4' for writing
[hls @ 0x7ffebd6c5500] Opening '/cache/transcodes/3d02a134ae405fc96401befb183fbd13169.mp4' for writing
[hls @ 0x7ffebd6c5500] Opening '/cache/transcodes/3d02a134ae405fc96401befb183fbd13170.mp4' for writing
[hls @ 0x7ffebd6c5500] Opening '/cache/transcodes/3d02a134ae405fc96401befb183fbd13171.mp4' for writing
[hls @ 0x7ffebd6c5500] Opening '/cache/transcodes/3d02a134ae405fc96401befb183fbd13172.mp4' for writing
[hls @ 0x7ffebd6c5500] Opening '/cache/transcodes/3d02a134ae405fc96401befb183fbd13173.mp4' for writing
[hls @ 0x7ffebd6c5500] Opening '/cache/transcodes/3d02a134ae405fc96401befb183fbd13174.mp4' for writing
[hls @ 0x7ffebd6c5500] Opening '/cache/transcodes/3d02a134ae405fc96401befb183fbd13175.mp4' for writing
[hls @ 0x7ffebd6c5500] Opening '/cache/transcodes/3d02a134ae405fc96401befb183fbd13176.mp4' for writing
[hls @ 0x7ffebd6c5500] Opening '/cache/transcodes/3d02a134ae405fc96401befb183fbd13177.mp4' for writing
[hls @ 0x7ffebd6c5500] Opening '/cache/transcodes/3d02a134ae405fc96401befb183fbd13178.mp4' for writing
[hls @ 0x7ffebd6c5500] Opening '/cache/transcodes/3d02a134ae405fc96401befb183fbd13179.mp4' for writing
[hls @ 0x7ffebd6c5500] Opening '/cache/transcodes/3d02a134ae405fc96401befb183fbd13180.mp4' for writing
[hls @ 0x7ffebd6c5500] Opening '/cache/transcodes/3d02a134ae405fc96401befb183fbd13181.mp4' for writing
[hls @ 0x7ffebd6c5500] Opening '/cache/transcodes/3d02a134ae405fc96401befb183fbd13182.mp4' for writing
[hls @ 0x7ffebd6c5500] Opening '/cache/transcodes/3d02a134ae405fc96401befb183fbd13183.mp4' for writing
[hls @ 0x7ffebd6c5500] Opening '/cache/transcodes/3d02a134ae405fc96401befb183fbd13184.mp4' for writing
[hls @ 0x7ffebd6c5500] Opening '/cache/transcodes/3d02a134ae405fc96401befb183fbd13185.mp4' for writing
[hls @ 0x7ffebd6c5500] Opening '/cache/transcodes/3d02a134ae405fc96401befb183fbd13186.mp4' for writing
[hls @ 0x7ffebd6c5500] Opening '/cache/transcodes/3d02a134ae405fc96401befb183fbd13187.mp4' for writing
[hls @ 0x7ffebd6c5500] Opening '/cache/transcodes/3d02a134ae405fc96401befb183fbd13188.mp4' for writing
[hls @ 0x7ffebd6c5500] Opening '/cache/transcodes/3d02a134ae405fc96401befb183fbd13189.mp4' for writing
[hls @ 0x7ffebd6c5500] Opening '/cache/transcodes/3d02a134ae405fc96401befb183fbd13190.mp4' for writing
[hls @ 0x7ffebd6c5500] Opening '/cache/transcodes/3d02a134ae405fc96401befb183fbd13191.mp4' for writing
[hls @ 0x7ffebd6c5500] Opening '/cache/transcodes/3d02a134ae405fc96401befb183fbd13192.mp4' for writing
[hls @ 0x7ffebd6c5500] Opening '/cache/transcodes/3d02a134ae405fc96401befb183fbd13193.mp4' for writing
[hls @ 0x7ffebd6c5500] Opening '/cache/transcodes/3d02a134ae405fc96401befb183fbd13194.mp4' for writing
[hls @ 0x7ffebd6c5500] Opening '/cache/transcodes/3d02a134ae405fc96401befb183fbd13195.mp4' for writing
[hls @ 0x7ffebd6c5500] Opening '/cache/transcodes/3d02a134ae405fc96401befb183fbd13196.mp4' for writing
[hls @ 0x7ffebd6c5500] Opening '/cache/transcodes/3d02a134ae405fc96401befb183fbd13197.mp4' for writing


[q] command received. Exiting.

[hls @ 0x7ffebd6c5500] Opening '/cache/transcodes/3d02a134ae405fc96401befb183fbd13198.mp4' for writing
[out#0/hls @ 0x7ffebdb9d4c0] video:432010KiB audio:46532KiB subtitle:0KiB other streams:0KiB global headers:0KiB muxing overhead: unknown
frame=28588 fps=8140 q=-1.0 Lsize=N/A time=00:18:08.83 bitrate=N/A speed= 310x    