{"Protocol":0,"Id":"6b89fc927f36dbdcd331e35809ca39be","Path":"/Passport/Supun/Tron Ares (2025) English WEBRip-[CineSubz.co]-1080p.mp4","EncoderPath":null,"EncoderProtocol":null,"Type":0,"Container":"mov,mp4,m4a,3gp,3g2,mj2","Size":2947606014,"Name":"Tron Ares (2025) English WEBRip-[CineSubz.co]-1080p","IsRemote":false,"ETag":"be4b9d3f7d9af33caad3b4ec99a816ee","RunTimeTicks":71984640000,"ReadAtNativeFramerate":false,"IgnoreDts":false,"IgnoreIndex":false,"GenPtsInput":false,"SupportsTranscoding":true,"SupportsDirectStream":true,"SupportsDirectPlay":true,"IsInfiniteStream":false,"UseMostCompatibleTranscodingProfile":false,"RequiresOpening":false,"OpenToken":null,"RequiresClosing":false,"LiveStreamId":null,"BufferMs":null,"RequiresLooping":false,"SupportsProbing":true,"VideoType":0,"IsoType":null,"Video3DFormat":null,"MediaStreams":[{"Codec":"h264","CodecTag":"avc1","Language":"eng","ColorRange":null,"ColorSpace":null,"ColorTransfer":null,"ColorPrimaries":null,"DvVersionMajor":null,"DvVersionMinor":null,"DvProfile":null,"DvLevel":null,"RpuPresentFlag":null,"ElPresentFlag":null,"BlPresentFlag":null,"DvBlSignalCompatibilityId":null,"Rotation":null,"Comment":null,"TimeBase":"1/12288","CodecTimeBase":null,"Title":null,"Hdr10PlusPresentFlag":null,"VideoRange":1,"VideoRangeType":1,"VideoDoViTitle":null,"AudioSpatialFormat":0,"LocalizedUndefined":null,"LocalizedDefault":null,"LocalizedForced":null,"LocalizedExternal":null,"LocalizedHearingImpaired":null,"DisplayTitle":"1080p H264 SDR","NalLengthSize":"4","IsInterlaced":false,"IsAVC":true,"ChannelLayout":null,"BitRate":2951682,"BitDepth":8,"RefFrames":1,"PacketLength":null,"Channels":null,"SampleRate":null,"IsDefault":true,"IsForced":false,"IsHearingImpaired":false,"Height":1080,"Width":1920,"AverageFrameRate":24,"RealFrameRate":24,"ReferenceFrameRate":24,"Profile":"High","Type":1,"AspectRatio":"2.40:1","Index":0,"Score":null,"IsExternal":false,"DeliveryMethod":null,"DeliveryUrl":null,"IsExternalUrl":null,"IsTextSubtitleStream":false,"SupportsExternalStream":false,"Path":null,"PixelFormat":"yuv420p","Level":40,"IsAnamorphic":true},{"Codec":"aac","CodecTag":"mp4a","Language":"eng","ColorRange":null,"ColorSpace":null,"ColorTransfer":null,"ColorPrimaries":null,"DvVersionMajor":null,"DvVersionMinor":null,"DvProfile":null,"DvLevel":null,"RpuPresentFlag":null,"ElPresentFlag":null,"BlPresentFlag":null,"DvBlSignalCompatibilityId":null,"Rotation":null,"Comment":null,"TimeBase":"1/48000","CodecTimeBase":null,"Title":null,"Hdr10PlusPresentFlag":null,"VideoRange":0,"VideoRangeType":0,"VideoDoViTitle":null,"AudioSpatialFormat":0,"LocalizedUndefined":null,"LocalizedDefault":"Default","LocalizedForced":null,"LocalizedExternal":"External","LocalizedHearingImpaired":null,"DisplayTitle":"English - AAC - 5.1 - Default","NalLengthSize":null,"IsInterlaced":false,"IsAVC":false,"ChannelLayout":"5.1","BitRate":319999,"BitDepth":null,"RefFrames":null,"PacketLength":null,"Channels":6,"SampleRate":48000,"IsDefault":true,"IsForced":false,"IsHearingImpaired":false,"Height":null,"Width":null,"AverageFrameRate":null,"RealFrameRate":null,"ReferenceFrameRate":null,"Profile":"LC","Type":0,"AspectRatio":null,"Index":1,"Score":null,"IsExternal":false,"DeliveryMethod":null,"DeliveryUrl":null,"IsExternalUrl":null,"IsTextSubtitleStream":false,"SupportsExternalStream":false,"Path":null,"PixelFormat":null,"Level":0,"IsAnamorphic":null}],"MediaAttachments":[],"Formats":[],"Bitrate":3275816,"FallbackMaxStreamingBitrate":null,"Timestamp":null,"RequiredHttpHeaders":{},"TranscodingUrl":null,"TranscodingSubProtocol":0,"TranscodingContainer":null,"AnalyzeDurationMs":null,"DefaultAudioStreamIndex":null,"DefaultSubtitleStreamIndex":null,"HasSegments":false}

/usr/lib/jellyfin-ffmpeg/ffmpeg -analyzeduration 200M -probesize 1G -ss 00:30:18.500 -noaccurate_seek -fflags +genpts -f mov,mp4,m4a,3gp,3g2,mj2  -i file:"/Passport/Supun/Tron Ares (2025) English WEBRip-[CineSubz.co]-1080p.mp4" -map_metadata -1 -map_chapters -1 -threads 0 -map 0:0 -map 0:1 -map -0:s -codec:v:0 copy -bsf:v h264_mp4toannexb -start_at_zero -codec:a:0 copy -copyts -avoid_negative_ts disabled -max_muxing_queue_size 2048 -f hls -max_delay 5000000 -hls_time 6 -hls_segment_type fmp4 -hls_fmp4_init_filename "4fd35d5109413f63b38e9ef259f5c3eb-1.mp4" -start_number 303 -hls_segment_filename "/cache/transcodes/4fd35d5109413f63b38e9ef259f5c3eb%d.mp4" -hls_playlist_type vod -hls_list_size 0 -hls_segment_options movflags=+frag_discont -y "/cache/transcodes/4fd35d5109413f63b38e9ef259f5c3eb.m3u8"


ffmpeg version 7.1.3-Jellyfin Copyright (c) 2000-2025 the FFmpeg developers
  built with gcc 14 (Debian 14.2.0-19)
  configuration: --prefix=/usr/lib/jellyfin-ffmpeg --target-os=linux --extra-version=Jellyfin --disable-doc --disable-ffplay --disable-static --disable-libxcb --disable-sdl2 --disable-xlib --enable-lto=auto --enable-gpl --enable-version3 --enable-shared --enable-gmp --enable-gnutls --enable-chromaprint --enable-opencl --enable-libdrm --enable-libxml2 --enable-libass --enable-libfreetype --enable-libfribidi --enable-libfontconfig --enable-libharfbuzz --enable-libbluray --enable-libmp3lame --enable-libopus --enable-libtheora --enable-libvorbis --enable-libopenmpt --enable-libdav1d --enable-libsvtav1 --enable-libwebp --enable-libvpx --enable-libx264 --enable-libx265 --enable-libzvbi --enable-libzimg --enable-libfdk-aac --arch=arm64 --cross-prefix=/usr/bin/aarch64-linux-gnu- --toolchain=hardened --enable-cross-compile --enable-rkmpp --enable-rkrga --enable-ffnvcodec --enable-cuda --enable-cuda-llvm --enable-cuvid --enable-nvdec --enable-nvenc
  libavutil      59. 39.100 / 59. 39.100
  libavcodec     61. 19.101 / 61. 19.101
  libavformat    61.  7.100 / 61.  7.100
  libavdevice    61.  3.100 / 61.  3.100
  libavfilter    10.  4.100 / 10.  4.100
  libswscale      8.  3.100 /  8.  3.100
  libswresample   5.  3.100 /  5.  3.100
  libpostproc    58.  3.100 / 58.  3.100
Input #0, mov,mp4,m4a,3gp,3g2,mj2, from 'file:/Passport/Supun/Tron Ares (2025) English WEBRip-[CineSubz.co]-1080p.mp4':
  Metadata:
    major_brand     : isom
    minor_version   : 512
    compatible_brands: isomiso2avc1mp41
    encoder         : Lavf56.25.101
  Duration: 01:59:58.46, start: 0.000000, bitrate: 3275 kb/s
  Stream #0:0[0x1](eng): Video: h264 (High) (avc1 / 0x31637661), yuv420p(progressive), 1920x1080 [SAR 27:20 DAR 12:5], 2951 kb/s, 24 fps, 24 tbr, 12288 tbn (default)
      Metadata:
        handler_name    : VideoHandler
        vendor_id       : [0][0][0][0]
  Stream #0:1[0x2](eng): Audio: aac (LC) (mp4a / 0x6134706D), 48000 Hz, 5.1, fltp, 319 kb/s (default)
      Metadata:
        handler_name    : SoundHandler
        vendor_id       : [0][0][0][0]
Stream mapping:
  Stream #0:0 -> #0:0 (copy)
  Stream #0:1 -> #0:1 (copy)
[hls @ 0x7ffee94c5a00] Opening '/cache/transcodes/4fd35d5109413f63b38e9ef259f5c3eb-1.mp4' for writing
Output #0, hls, to '/cache/transcodes/4fd35d5109413f63b38e9ef259f5c3eb.m3u8':
  Metadata:
    encoder         : Lavf61.7.100
  Stream #0:0: Video: h264 (High) (avc1 / 0x31637661), yuv420p(progressive), 1920x1080 [SAR 27:20 DAR 12:5], q=2-31, 2951 kb/s, 24 fps, 24 tbr, 12288 tbn (default)
  Stream #0:1: Audio: aac (LC) (mp4a / 0x6134706D), 48000 Hz, 5.1, fltp, 319 kb/s (default)
Press [q] to stop, [?] for help
[hls @ 0x7ffee94c5a00] Opening '/cache/transcodes/4fd35d5109413f63b38e9ef259f5c3eb303.mp4' for writing
[hls @ 0x7ffee94c5a00] Opening '/cache/transcodes/4fd35d5109413f63b38e9ef259f5c3eb304.mp4' for writing
[hls @ 0x7ffee94c5a00] Opening '/cache/transcodes/4fd35d5109413f63b38e9ef259f5c3eb305.mp4' for writing
[hls @ 0x7ffee94c5a00] Opening '/cache/transcodes/4fd35d5109413f63b38e9ef259f5c3eb306.mp4' for writing
[hls @ 0x7ffee94c5a00] Opening '/cache/transcodes/4fd35d5109413f63b38e9ef259f5c3eb307.mp4' for writing
[hls @ 0x7ffee94c5a00] Opening '/cache/transcodes/4fd35d5109413f63b38e9ef259f5c3eb308.mp4' for writing
[hls @ 0x7ffee94c5a00] Opening '/cache/transcodes/4fd35d5109413f63b38e9ef259f5c3eb309.mp4' for writing
[hls @ 0x7ffee94c5a00] Opening '/cache/transcodes/4fd35d5109413f63b38e9ef259f5c3eb310.mp4' for writing
[hls @ 0x7ffee94c5a00] Opening '/cache/transcodes/4fd35d5109413f63b38e9ef259f5c3eb311.mp4' for writing
[hls @ 0x7ffee94c5a00] Opening '/cache/transcodes/4fd35d5109413f63b38e9ef259f5c3eb312.mp4' for writing
[hls @ 0x7ffee94c5a00] Opening '/cache/transcodes/4fd35d5109413f63b38e9ef259f5c3eb313.mp4' for writing
[hls @ 0x7ffee94c5a00] Opening '/cache/transcodes/4fd35d5109413f63b38e9ef259f5c3eb314.mp4' for writing
[hls @ 0x7ffee94c5a00] Opening '/cache/transcodes/4fd35d5109413f63b38e9ef259f5c3eb315.mp4' for writing
[hls @ 0x7ffee94c5a00] Opening '/cache/transcodes/4fd35d5109413f63b38e9ef259f5c3eb316.mp4' for writing
[hls @ 0x7ffee94c5a00] Opening '/cache/transcodes/4fd35d5109413f63b38e9ef259f5c3eb317.mp4' for writing
[hls @ 0x7ffee94c5a00] Opening '/cache/transcodes/4fd35d5109413f63b38e9ef259f5c3eb318.mp4' for writing
[hls @ 0x7ffee94c5a00] Opening '/cache/transcodes/4fd35d5109413f63b38e9ef259f5c3eb319.mp4' for writing
[hls @ 0x7ffee94c5a00] Opening '/cache/transcodes/4fd35d5109413f63b38e9ef259f5c3eb320.mp4' for writing
[hls @ 0x7ffee94c5a00] Opening '/cache/transcodes/4fd35d5109413f63b38e9ef259f5c3eb321.mp4' for writing
[hls @ 0x7ffee94c5a00] Opening '/cache/transcodes/4fd35d5109413f63b38e9ef259f5c3eb322.mp4' for writing
[hls @ 0x7ffee94c5a00] Opening '/cache/transcodes/4fd35d5109413f63b38e9ef259f5c3eb323.mp4' for writing
[hls @ 0x7ffee94c5a00] Opening '/cache/transcodes/4fd35d5109413f63b38e9ef259f5c3eb324.mp4' for writing
[hls @ 0x7ffee94c5a00] Opening '/cache/transcodes/4fd35d5109413f63b38e9ef259f5c3eb325.mp4' for writing
[hls @ 0x7ffee94c5a00] Opening '/cache/transcodes/4fd35d5109413f63b38e9ef259f5c3eb326.mp4' for writing
[hls @ 0x7ffee94c5a00] Opening '/cache/transcodes/4fd35d5109413f63b38e9ef259f5c3eb327.mp4' for writing
[hls @ 0x7ffee94c5a00] Opening '/cache/transcodes/4fd35d5109413f63b38e9ef259f5c3eb328.mp4' for writing
[hls @ 0x7ffee94c5a00] Opening '/cache/transcodes/4fd35d5109413f63b38e9ef259f5c3eb329.mp4' for writing
[hls @ 0x7ffee94c5a00] Opening '/cache/transcodes/4fd35d5109413f63b38e9ef259f5c3eb330.mp4' for writing
[hls @ 0x7ffee94c5a00] Opening '/cache/transcodes/4fd35d5109413f63b38e9ef259f5c3eb331.mp4' for writing
[hls @ 0x7ffee94c5a00] Opening '/cache/transcodes/4fd35d5109413f63b38e9ef259f5c3eb332.mp4' for writing
[hls @ 0x7ffee94c5a00] Opening '/cache/transcodes/4fd35d5109413f63b38e9ef259f5c3eb333.mp4' for writing
[hls @ 0x7ffee94c5a00] Opening '/cache/transcodes/4fd35d5109413f63b38e9ef259f5c3eb334.mp4' for writing
[hls @ 0x7ffee94c5a00] Opening '/cache/transcodes/4fd35d5109413f63b38e9ef259f5c3eb335.mp4' for writing
[hls @ 0x7ffee94c5a00] Opening '/cache/transcodes/4fd35d5109413f63b38e9ef259f5c3eb336.mp4' for writing
[hls @ 0x7ffee94c5a00] Opening '/cache/transcodes/4fd35d5109413f63b38e9ef259f5c3eb337.mp4' for writing
[hls @ 0x7ffee94c5a00] Opening '/cache/transcodes/4fd35d5109413f63b38e9ef259f5c3eb338.mp4' for writing
frame= 5262 fps=0.0 q=-1.0 size=N/A time=00:00:00.00 bitrate=N/A speed=   0x    
[hls @ 0x7ffee94c5a00] Opening '/cache/transcodes/4fd35d5109413f63b38e9ef259f5c3eb339.mp4' for writing
[hls @ 0x7ffee94c5a00] Opening '/cache/transcodes/4fd35d5109413f63b38e9ef259f5c3eb340.mp4' for writing
[hls @ 0x7ffee94c5a00] Opening '/cache/transcodes/4fd35d5109413f63b38e9ef259f5c3eb341.mp4' for writing
[hls @ 0x7ffee94c5a00] Opening '/cache/transcodes/4fd35d5109413f63b38e9ef259f5c3eb342.mp4' for writing
[hls @ 0x7ffee94c5a00] Opening '/cache/transcodes/4fd35d5109413f63b38e9ef259f5c3eb343.mp4' for writing
[hls @ 0x7ffee94c5a00] Opening '/cache/transcodes/4fd35d5109413f63b38e9ef259f5c3eb344.mp4' for writing
[hls @ 0x7ffee94c5a00] Opening '/cache/transcodes/4fd35d5109413f63b38e9ef259f5c3eb345.mp4' for writing
[hls @ 0x7ffee94c5a00] Opening '/cache/transcodes/4fd35d5109413f63b38e9ef259f5c3eb346.mp4' for writing
[hls @ 0x7ffee94c5a00] Opening '/cache/transcodes/4fd35d5109413f63b38e9ef259f5c3eb347.mp4' for writing
[hls @ 0x7ffee94c5a00] Opening '/cache/transcodes/4fd35d5109413f63b38e9ef259f5c3eb348.mp4' for writing
[hls @ 0x7ffee94c5a00] Opening '/cache/transcodes/4fd35d5109413f63b38e9ef259f5c3eb349.mp4' for writing
[hls @ 0x7ffee94c5a00] Opening '/cache/transcodes/4fd35d5109413f63b38e9ef259f5c3eb350.mp4' for writing
[hls @ 0x7ffee94c5a00] Opening '/cache/transcodes/4fd35d5109413f63b38e9ef259f5c3eb351.mp4' for writing
[hls @ 0x7ffee94c5a00] Opening '/cache/transcodes/4fd35d5109413f63b38e9ef259f5c3eb352.mp4' for writing
[hls @ 0x7ffee94c5a00] Opening '/cache/transcodes/4fd35d5109413f63b38e9ef259f5c3eb353.mp4' for writing
[hls @ 0x7ffee94c5a00] Opening '/cache/transcodes/4fd35d5109413f63b38e9ef259f5c3eb354.mp4' for writing
[hls @ 0x7ffee94c5a00] Opening '/cache/transcodes/4fd35d5109413f63b38e9ef259f5c3eb355.mp4' for writing
[hls @ 0x7ffee94c5a00] Opening '/cache/transcodes/4fd35d5109413f63b38e9ef259f5c3eb356.mp4' for writing
[hls @ 0x7ffee94c5a00] Opening '/cache/transcodes/4fd35d5109413f63b38e9ef259f5c3eb357.mp4' for writing
[hls @ 0x7ffee94c5a00] Opening '/cache/transcodes/4fd35d5109413f63b38e9ef259f5c3eb358.mp4' for writing
[hls @ 0x7ffee94c5a00] Opening '/cache/transcodes/4fd35d5109413f63b38e9ef259f5c3eb359.mp4' for writing
[hls @ 0x7ffee94c5a00] Opening '/cache/transcodes/4fd35d5109413f63b38e9ef259f5c3eb360.mp4' for writing
[hls @ 0x7ffee94c5a00] Opening '/cache/transcodes/4fd35d5109413f63b38e9ef259f5c3eb361.mp4' for writing
[hls @ 0x7ffee94c5a00] Opening '/cache/transcodes/4fd35d5109413f63b38e9ef259f5c3eb362.mp4' for writing
[hls @ 0x7ffee94c5a00] Opening '/cache/transcodes/4fd35d5109413f63b38e9ef259f5c3eb363.mp4' for writing
[hls @ 0x7ffee94c5a00] Opening '/cache/transcodes/4fd35d5109413f63b38e9ef259f5c3eb364.mp4' for writing
[hls @ 0x7ffee94c5a00] Opening '/cache/transcodes/4fd35d5109413f63b38e9ef259f5c3eb365.mp4' for writing
[hls @ 0x7ffee94c5a00] Opening '/cache/transcodes/4fd35d5109413f63b38e9ef259f5c3eb366.mp4' for writing
[hls @ 0x7ffee94c5a00] Opening '/cache/transcodes/4fd35d5109413f63b38e9ef259f5c3eb367.mp4' for writing
[hls @ 0x7ffee94c5a00] Opening '/cache/transcodes/4fd35d5109413f63b38e9ef259f5c3eb368.mp4' for writing
[hls @ 0x7ffee94c5a00] Opening '/cache/transcodes/4fd35d5109413f63b38e9ef259f5c3eb369.mp4' for writing
[hls @ 0x7ffee94c5a00] Opening '/cache/transcodes/4fd35d5109413f63b38e9ef259f5c3eb370.mp4' for writing
[hls @ 0x7ffee94c5a00] Opening '/cache/transcodes/4fd35d5109413f63b38e9ef259f5c3eb371.mp4' for writing
[hls @ 0x7ffee94c5a00] Opening '/cache/transcodes/4fd35d5109413f63b38e9ef259f5c3eb372.mp4' for writing
[hls @ 0x7ffee94c5a00] Opening '/cache/transcodes/4fd35d5109413f63b38e9ef259f5c3eb373.mp4' for writing
[hls @ 0x7ffee94c5a00] Opening '/cache/transcodes/4fd35d5109413f63b38e9ef259f5c3eb374.mp4' for writing
[hls @ 0x7ffee94c5a00] Opening '/cache/transcodes/4fd35d5109413f63b38e9ef259f5c3eb375.mp4' for writing
[hls @ 0x7ffee94c5a00] Opening '/cache/transcodes/4fd35d5109413f63b38e9ef259f5c3eb376.mp4' for writing
[hls @ 0x7ffee94c5a00] Opening '/cache/transcodes/4fd35d5109413f63b38e9ef259f5c3eb377.mp4' for writing
[hls @ 0x7ffee94c5a00] Opening '/cache/transcodes/4fd35d5109413f63b38e9ef259f5c3eb378.mp4' for writing
[hls @ 0x7ffee94c5a00] Opening '/cache/transcodes/4fd35d5109413f63b38e9ef259f5c3eb379.mp4' for writing
[hls @ 0x7ffee94c5a00] Opening '/cache/transcodes/4fd35d5109413f63b38e9ef259f5c3eb380.mp4' for writing
[hls @ 0x7ffee94c5a00] Opening '/cache/transcodes/4fd35d5109413f63b38e9ef259f5c3eb381.mp4' for writing
[hls @ 0x7ffee94c5a00] Opening '/cache/transcodes/4fd35d5109413f63b38e9ef259f5c3eb382.mp4' for writing
[hls @ 0x7ffee94c5a00] Opening '/cache/transcodes/4fd35d5109413f63b38e9ef259f5c3eb383.mp4' for writing
[hls @ 0x7ffee94c5a00] Opening '/cache/transcodes/4fd35d5109413f63b38e9ef259f5c3eb384.mp4' for writing
[hls @ 0x7ffee94c5a00] Opening '/cache/transcodes/4fd35d5109413f63b38e9ef259f5c3eb385.mp4' for writing
[hls @ 0x7ffee94c5a00] Opening '/cache/transcodes/4fd35d5109413f63b38e9ef259f5c3eb386.mp4' for writing
[hls @ 0x7ffee94c5a00] Opening '/cache/transcodes/4fd35d5109413f63b38e9ef259f5c3eb387.mp4' for writing
frame=12245 fps=12234 q=-1.0 size=N/A time=00:04:51.09 bitrate=N/A speed= 291x    
[hls @ 0x7ffee94c5a00] Opening '/cache/transcodes/4fd35d5109413f63b38e9ef259f5c3eb388.mp4' for writing
[hls @ 0x7ffee94c5a00] Opening '/cache/transcodes/4fd35d5109413f63b38e9ef259f5c3eb389.mp4' for writing
[hls @ 0x7ffee94c5a00] Opening '/cache/transcodes/4fd35d5109413f63b38e9ef259f5c3eb390.mp4' for writing
[hls @ 0x7ffee94c5a00] Opening '/cache/transcodes/4fd35d5109413f63b38e9ef259f5c3eb391.mp4' for writing
[hls @ 0x7ffee94c5a00] Opening '/cache/transcodes/4fd35d5109413f63b38e9ef259f5c3eb392.mp4' for writing
[hls @ 0x7ffee94c5a00] Opening '/cache/transcodes/4fd35d5109413f63b38e9ef259f5c3eb393.mp4' for writing
[hls @ 0x7ffee94c5a00] Opening '/cache/transcodes/4fd35d5109413f63b38e9ef259f5c3eb394.mp4' for writing
[hls @ 0x7ffee94c5a00] Opening '/cache/transcodes/4fd35d5109413f63b38e9ef259f5c3eb395.mp4' for writing
[hls @ 0x7ffee94c5a00] Opening '/cache/transcodes/4fd35d5109413f63b38e9ef259f5c3eb396.mp4' for writing
[hls @ 0x7ffee94c5a00] Opening '/cache/transcodes/4fd35d5109413f63b38e9ef259f5c3eb397.mp4' for writing
[hls @ 0x7ffee94c5a00] Opening '/cache/transcodes/4fd35d5109413f63b38e9ef259f5c3eb398.mp4' for writing
[hls @ 0x7ffee94c5a00] Opening '/cache/transcodes/4fd35d5109413f63b38e9ef259f5c3eb399.mp4' for writing
[hls @ 0x7ffee94c5a00] Opening '/cache/transcodes/4fd35d5109413f63b38e9ef259f5c3eb400.mp4' for writing
[hls @ 0x7ffee94c5a00] Opening '/cache/transcodes/4fd35d5109413f63b38e9ef259f5c3eb401.mp4' for writing
[hls @ 0x7ffee94c5a00] Opening '/cache/transcodes/4fd35d5109413f63b38e9ef259f5c3eb402.mp4' for writing
[hls @ 0x7ffee94c5a00] Opening '/cache/transcodes/4fd35d5109413f63b38e9ef259f5c3eb403.mp4' for writing
[hls @ 0x7ffee94c5a00] Opening '/cache/transcodes/4fd35d5109413f63b38e9ef259f5c3eb404.mp4' for writing
[hls @ 0x7ffee94c5a00] Opening '/cache/transcodes/4fd35d5109413f63b38e9ef259f5c3eb405.mp4' for writing
[hls @ 0x7ffee94c5a00] Opening '/cache/transcodes/4fd35d5109413f63b38e9ef259f5c3eb406.mp4' for writing
[hls @ 0x7ffee94c5a00] Opening '/cache/transcodes/4fd35d5109413f63b38e9ef259f5c3eb407.mp4' for writing
[hls @ 0x7ffee94c5a00] Opening '/cache/transcodes/4fd35d5109413f63b38e9ef259f5c3eb408.mp4' for writing
[hls @ 0x7ffee94c5a00] Opening '/cache/transcodes/4fd35d5109413f63b38e9ef259f5c3eb409.mp4' for writing
[hls @ 0x7ffee94c5a00] Opening '/cache/transcodes/4fd35d5109413f63b38e9ef259f5c3eb410.mp4' for writing
[hls @ 0x7ffee94c5a00] Opening '/cache/transcodes/4fd35d5109413f63b38e9ef259f5c3eb411.mp4' for writing
[hls @ 0x7ffee94c5a00] Opening '/cache/transcodes/4fd35d5109413f63b38e9ef259f5c3eb412.mp4' for writing
[hls @ 0x7ffee94c5a00] Opening '/cache/transcodes/4fd35d5109413f63b38e9ef259f5c3eb413.mp4' for writing
[hls @ 0x7ffee94c5a00] Opening '/cache/transcodes/4fd35d5109413f63b38e9ef259f5c3eb414.mp4' for writing
[hls @ 0x7ffee94c5a00] Opening '/cache/transcodes/4fd35d5109413f63b38e9ef259f5c3eb415.mp4' for writing
[hls @ 0x7ffee94c5a00] Opening '/cache/transcodes/4fd35d5109413f63b38e9ef259f5c3eb416.mp4' for writing
[hls @ 0x7ffee94c5a00] Opening '/cache/transcodes/4fd35d5109413f63b38e9ef259f5c3eb417.mp4' for writing
[hls @ 0x7ffee94c5a00] Opening '/cache/transcodes/4fd35d5109413f63b38e9ef259f5c3eb418.mp4' for writing
[hls @ 0x7ffee94c5a00] Opening '/cache/transcodes/4fd35d5109413f63b38e9ef259f5c3eb419.mp4' for writing
[hls @ 0x7ffee94c5a00] Opening '/cache/transcodes/4fd35d5109413f63b38e9ef259f5c3eb420.mp4' for writing
[hls @ 0x7ffee94c5a00] Opening '/cache/transcodes/4fd35d5109413f63b38e9ef259f5c3eb421.mp4' for writing
[hls @ 0x7ffee94c5a00] Opening '/cache/transcodes/4fd35d5109413f63b38e9ef259f5c3eb422.mp4' for writing
[hls @ 0x7ffee94c5a00] Opening '/cache/transcodes/4fd35d5109413f63b38e9ef259f5c3eb423.mp4' for writing
[hls @ 0x7ffee94c5a00] Opening '/cache/transcodes/4fd35d5109413f63b38e9ef259f5c3eb424.mp4' for writing
[hls @ 0x7ffee94c5a00] Opening '/cache/transcodes/4fd35d5109413f63b38e9ef259f5c3eb425.mp4' for writing
[hls @ 0x7ffee94c5a00] Opening '/cache/transcodes/4fd35d5109413f63b38e9ef259f5c3eb426.mp4' for writing
[hls @ 0x7ffee94c5a00] Opening '/cache/transcodes/4fd35d5109413f63b38e9ef259f5c3eb427.mp4' for writing
[hls @ 0x7ffee94c5a00] Opening '/cache/transcodes/4fd35d5109413f63b38e9ef259f5c3eb428.mp4' for writing
[hls @ 0x7ffee94c5a00] Opening '/cache/transcodes/4fd35d5109413f63b38e9ef259f5c3eb429.mp4' for writing
[hls @ 0x7ffee94c5a00] Opening '/cache/transcodes/4fd35d5109413f63b38e9ef259f5c3eb430.mp4' for writing
[hls @ 0x7ffee94c5a00] Opening '/cache/transcodes/4fd35d5109413f63b38e9ef259f5c3eb431.mp4' for writing
[hls @ 0x7ffee94c5a00] Opening '/cache/transcodes/4fd35d5109413f63b38e9ef259f5c3eb432.mp4' for writing
[hls @ 0x7ffee94c5a00] Opening '/cache/transcodes/4fd35d5109413f63b38e9ef259f5c3eb433.mp4' for writing
[hls @ 0x7ffee94c5a00] Opening '/cache/transcodes/4fd35d5109413f63b38e9ef259f5c3eb434.mp4' for writing
[hls @ 0x7ffee94c5a00] Opening '/cache/transcodes/4fd35d5109413f63b38e9ef259f5c3eb435.mp4' for writing
frame=19297 fps=12854 q=-1.0 size=N/A time=00:09:44.91 bitrate=N/A speed= 390x    
[hls @ 0x7ffee94c5a00] Opening '/cache/transcodes/4fd35d5109413f63b38e9ef259f5c3eb436.mp4' for writing
[hls @ 0x7ffee94c5a00] Opening '/cache/transcodes/4fd35d5109413f63b38e9ef259f5c3eb437.mp4' for writing
[hls @ 0x7ffee94c5a00] Opening '/cache/transcodes/4fd35d5109413f63b38e9ef259f5c3eb438.mp4' for writing
[hls @ 0x7ffee94c5a00] Opening '/cache/transcodes/4fd35d5109413f63b38e9ef259f5c3eb439.mp4' for writing
[hls @ 0x7ffee94c5a00] Opening '/cache/transcodes/4fd35d5109413f63b38e9ef259f5c3eb440.mp4' for writing
[hls @ 0x7ffee94c5a00] Opening '/cache/transcodes/4fd35d5109413f63b38e9ef259f5c3eb441.mp4' for writing
[hls @ 0x7ffee94c5a00] Opening '/cache/transcodes/4fd35d5109413f63b38e9ef259f5c3eb442.mp4' for writing
[hls @ 0x7ffee94c5a00] Opening '/cache/transcodes/4fd35d5109413f63b38e9ef259f5c3eb443.mp4' for writing
[hls @ 0x7ffee94c5a00] Opening '/cache/transcodes/4fd35d5109413f63b38e9ef259f5c3eb444.mp4' for writing
[hls @ 0x7ffee94c5a00] Opening '/cache/transcodes/4fd35d5109413f63b38e9ef259f5c3eb445.mp4' for writing
[hls @ 0x7ffee94c5a00] Opening '/cache/transcodes/4fd35d5109413f63b38e9ef259f5c3eb446.mp4' for writing
[hls @ 0x7ffee94c5a00] Opening '/cache/transcodes/4fd35d5109413f63b38e9ef259f5c3eb447.mp4' for writing
[hls @ 0x7ffee94c5a00] Opening '/cache/transcodes/4fd35d5109413f63b38e9ef259f5c3eb448.mp4' for writing
[hls @ 0x7ffee94c5a00] Opening '/cache/transcodes/4fd35d5109413f63b38e9ef259f5c3eb449.mp4' for writing
[hls @ 0x7ffee94c5a00] Opening '/cache/transcodes/4fd35d5109413f63b38e9ef259f5c3eb450.mp4' for writing
[hls @ 0x7ffee94c5a00] Opening '/cache/transcodes/4fd35d5109413f63b38e9ef259f5c3eb451.mp4' for writing
[hls @ 0x7ffee94c5a00] Opening '/cache/transcodes/4fd35d5109413f63b38e9ef259f5c3eb452.mp4' for writing
[hls @ 0x7ffee94c5a00] Opening '/cache/transcodes/4fd35d5109413f63b38e9ef259f5c3eb453.mp4' for writing
[hls @ 0x7ffee94c5a00] Opening '/cache/transcodes/4fd35d5109413f63b38e9ef259f5c3eb454.mp4' for writing
[hls @ 0x7ffee94c5a00] Opening '/cache/transcodes/4fd35d5109413f63b38e9ef259f5c3eb455.mp4' for writing
[hls @ 0x7ffee94c5a00] Opening '/cache/transcodes/4fd35d5109413f63b38e9ef259f5c3eb456.mp4' for writing
[hls @ 0x7ffee94c5a00] Opening '/cache/transcodes/4fd35d5109413f63b38e9ef259f5c3eb457.mp4' for writing
[hls @ 0x7ffee94c5a00] Opening '/cache/transcodes/4fd35d5109413f63b38e9ef259f5c3eb458.mp4' for writing
[hls @ 0x7ffee94c5a00] Opening '/cache/transcodes/4fd35d5109413f63b38e9ef259f5c3eb459.mp4' for writing
[hls @ 0x7ffee94c5a00] Opening '/cache/transcodes/4fd35d5109413f63b38e9ef259f5c3eb460.mp4' for writing
[hls @ 0x7ffee94c5a00] Opening '/cache/transcodes/4fd35d5109413f63b38e9ef259f5c3eb461.mp4' for writing
[hls @ 0x7ffee94c5a00] Opening '/cache/transcodes/4fd35d5109413f63b38e9ef259f5c3eb462.mp4' for writing
[hls @ 0x7ffee94c5a00] Opening '/cache/transcodes/4fd35d5109413f63b38e9ef259f5c3eb463.mp4' for writing
[hls @ 0x7ffee94c5a00] Opening '/cache/transcodes/4fd35d5109413f63b38e9ef259f5c3eb464.mp4' for writing
[hls @ 0x7ffee94c5a00] Opening '/cache/transcodes/4fd35d5109413f63b38e9ef259f5c3eb465.mp4' for writing
[hls @ 0x7ffee94c5a00] Opening '/cache/transcodes/4fd35d5109413f63b38e9ef259f5c3eb466.mp4' for writing
[hls @ 0x7ffee94c5a00] Opening '/cache/transcodes/4fd35d5109413f63b38e9ef259f5c3eb467.mp4' for writing
[hls @ 0x7ffee94c5a00] Opening '/cache/transcodes/4fd35d5109413f63b38e9ef259f5c3eb468.mp4' for writing
[hls @ 0x7ffee94c5a00] Opening '/cache/transcodes/4fd35d5109413f63b38e9ef259f5c3eb469.mp4' for writing
[hls @ 0x7ffee94c5a00] Opening '/cache/transcodes/4fd35d5109413f63b38e9ef259f5c3eb470.mp4' for writing
[hls @ 0x7ffee94c5a00] Opening '/cache/transcodes/4fd35d5109413f63b38e9ef259f5c3eb471.mp4' for writing
[hls @ 0x7ffee94c5a00] Opening '/cache/transcodes/4fd35d5109413f63b38e9ef259f5c3eb472.mp4' for writing
[hls @ 0x7ffee94c5a00] Opening '/cache/transcodes/4fd35d5109413f63b38e9ef259f5c3eb473.mp4' for writing
[hls @ 0x7ffee94c5a00] Opening '/cache/transcodes/4fd35d5109413f63b38e9ef259f5c3eb474.mp4' for writing
[hls @ 0x7ffee94c5a00] Opening '/cache/transcodes/4fd35d5109413f63b38e9ef259f5c3eb475.mp4' for writing
[hls @ 0x7ffee94c5a00] Opening '/cache/transcodes/4fd35d5109413f63b38e9ef259f5c3eb476.mp4' for writing
[hls @ 0x7ffee94c5a00] Opening '/cache/transcodes/4fd35d5109413f63b38e9ef259f5c3eb477.mp4' for writing
[hls @ 0x7ffee94c5a00] Opening '/cache/transcodes/4fd35d5109413f63b38e9ef259f5c3eb478.mp4' for writing
[hls @ 0x7ffee94c5a00] Opening '/cache/transcodes/4fd35d5109413f63b38e9ef259f5c3eb479.mp4' for writing
[hls @ 0x7ffee94c5a00] Opening '/cache/transcodes/4fd35d5109413f63b38e9ef259f5c3eb480.mp4' for writing
[hls @ 0x7ffee94c5a00] Opening '/cache/transcodes/4fd35d5109413f63b38e9ef259f5c3eb481.mp4' for writing
[hls @ 0x7ffee94c5a00] Opening '/cache/transcodes/4fd35d5109413f63b38e9ef259f5c3eb482.mp4' for writing
[hls @ 0x7ffee94c5a00] Opening '/cache/transcodes/4fd35d5109413f63b38e9ef259f5c3eb483.mp4' for writing
[hls @ 0x7ffee94c5a00] Opening '/cache/transcodes/4fd35d5109413f63b38e9ef259f5c3eb484.mp4' for writing
frame=26353 fps=13167 q=-1.0 size=N/A time=00:14:38.93 bitrate=N/A speed= 439x    
[hls @ 0x7ffee94c5a00] Opening '/cache/transcodes/4fd35d5109413f63b38e9ef259f5c3eb485.mp4' for writing
[hls @ 0x7ffee94c5a00] Opening '/cache/transcodes/4fd35d5109413f63b38e9ef259f5c3eb486.mp4' for writing
[hls @ 0x7ffee94c5a00] Opening '/cache/transcodes/4fd35d5109413f63b38e9ef259f5c3eb487.mp4' for writing
[hls @ 0x7ffee94c5a00] Opening '/cache/transcodes/4fd35d5109413f63b38e9ef259f5c3eb488.mp4' for writing
[hls @ 0x7ffee94c5a00] Opening '/cache/transcodes/4fd35d5109413f63b38e9ef259f5c3eb489.mp4' for writing
[hls @ 0x7ffee94c5a00] Opening '/cache/transcodes/4fd35d5109413f63b38e9ef259f5c3eb490.mp4' for writing
[hls @ 0x7ffee94c5a00] Opening '/cache/transcodes/4fd35d5109413f63b38e9ef259f5c3eb491.mp4' for writing
[hls @ 0x7ffee94c5a00] Opening '/cache/transcodes/4fd35d5109413f63b38e9ef259f5c3eb492.mp4' for writing
[hls @ 0x7ffee94c5a00] Opening '/cache/transcodes/4fd35d5109413f63b38e9ef259f5c3eb493.mp4' for writing
[hls @ 0x7ffee94c5a00] Opening '/cache/transcodes/4fd35d5109413f63b38e9ef259f5c3eb494.mp4' for writing
[hls @ 0x7ffee94c5a00] Opening '/cache/transcodes/4fd35d5109413f63b38e9ef259f5c3eb495.mp4' for writing
[hls @ 0x7ffee94c5a00] Opening '/cache/transcodes/4fd35d5109413f63b38e9ef259f5c3eb496.mp4' for writing
[hls @ 0x7ffee94c5a00] Opening '/cache/transcodes/4fd35d5109413f63b38e9ef259f5c3eb497.mp4' for writing
[hls @ 0x7ffee94c5a00] Opening '/cache/transcodes/4fd35d5109413f63b38e9ef259f5c3eb498.mp4' for writing
[hls @ 0x7ffee94c5a00] Opening '/cache/transcodes/4fd35d5109413f63b38e9ef259f5c3eb499.mp4' for writing
[hls @ 0x7ffee94c5a00] Opening '/cache/transcodes/4fd35d5109413f63b38e9ef259f5c3eb500.mp4' for writing
[hls @ 0x7ffee94c5a00] Opening '/cache/transcodes/4fd35d5109413f63b38e9ef259f5c3eb501.mp4' for writing
[hls @ 0x7ffee94c5a00] Opening '/cache/transcodes/4fd35d5109413f63b38e9ef259f5c3eb502.mp4' for writing
[hls @ 0x7ffee94c5a00] Opening '/cache/transcodes/4fd35d5109413f63b38e9ef259f5c3eb503.mp4' for writing
[hls @ 0x7ffee94c5a00] Opening '/cache/transcodes/4fd35d5109413f63b38e9ef259f5c3eb504.mp4' for writing
[hls @ 0x7ffee94c5a00] Opening '/cache/transcodes/4fd35d5109413f63b38e9ef259f5c3eb505.mp4' for writing
[hls @ 0x7ffee94c5a00] Opening '/cache/transcodes/4fd35d5109413f63b38e9ef259f5c3eb506.mp4' for writing
[hls @ 0x7ffee94c5a00] Opening '/cache/transcodes/4fd35d5109413f63b38e9ef259f5c3eb507.mp4' for writing
[hls @ 0x7ffee94c5a00] Opening '/cache/transcodes/4fd35d5109413f63b38e9ef259f5c3eb508.mp4' for writing
[hls @ 0x7ffee94c5a00] Opening '/cache/transcodes/4fd35d5109413f63b38e9ef259f5c3eb509.mp4' for writing
[hls @ 0x7ffee94c5a00] Opening '/cache/transcodes/4fd35d5109413f63b38e9ef259f5c3eb510.mp4' for writing
[hls @ 0x7ffee94c5a00] Opening '/cache/transcodes/4fd35d5109413f63b38e9ef259f5c3eb511.mp4' for writing
[hls @ 0x7ffee94c5a00] Opening '/cache/transcodes/4fd35d5109413f63b38e9ef259f5c3eb512.mp4' for writing
[hls @ 0x7ffee94c5a00] Opening '/cache/transcodes/4fd35d5109413f63b38e9ef259f5c3eb513.mp4' for writing
[hls @ 0x7ffee94c5a00] Opening '/cache/transcodes/4fd35d5109413f63b38e9ef259f5c3eb514.mp4' for writing
[hls @ 0x7ffee94c5a00] Opening '/cache/transcodes/4fd35d5109413f63b38e9ef259f5c3eb515.mp4' for writing
[hls @ 0x7ffee94c5a00] Opening '/cache/transcodes/4fd35d5109413f63b38e9ef259f5c3eb516.mp4' for writing
[hls @ 0x7ffee94c5a00] Opening '/cache/transcodes/4fd35d5109413f63b38e9ef259f5c3eb517.mp4' for writing
[hls @ 0x7ffee94c5a00] Opening '/cache/transcodes/4fd35d5109413f63b38e9ef259f5c3eb518.mp4' for writing
[hls @ 0x7ffee94c5a00] Opening '/cache/transcodes/4fd35d5109413f63b38e9ef259f5c3eb519.mp4' for writing
[hls @ 0x7ffee94c5a00] Opening '/cache/transcodes/4fd35d5109413f63b38e9ef259f5c3eb520.mp4' for writing
[hls @ 0x7ffee94c5a00] Opening '/cache/transcodes/4fd35d5109413f63b38e9ef259f5c3eb521.mp4' for writing
[hls @ 0x7ffee94c5a00] Opening '/cache/transcodes/4fd35d5109413f63b38e9ef259f5c3eb522.mp4' for writing
[hls @ 0x7ffee94c5a00] Opening '/cache/transcodes/4fd35d5109413f63b38e9ef259f5c3eb523.mp4' for writing
[hls @ 0x7ffee94c5a00] Opening '/cache/transcodes/4fd35d5109413f63b38e9ef259f5c3eb524.mp4' for writing
[hls @ 0x7ffee94c5a00] Opening '/cache/transcodes/4fd35d5109413f63b38e9ef259f5c3eb525.mp4' for writing
[hls @ 0x7ffee94c5a00] Opening '/cache/transcodes/4fd35d5109413f63b38e9ef259f5c3eb526.mp4' for writing
[hls @ 0x7ffee94c5a00] Opening '/cache/transcodes/4fd35d5109413f63b38e9ef259f5c3eb527.mp4' for writing
[hls @ 0x7ffee94c5a00] Opening '/cache/transcodes/4fd35d5109413f63b38e9ef259f5c3eb528.mp4' for writing
[hls @ 0x7ffee94c5a00] Opening '/cache/transcodes/4fd35d5109413f63b38e9ef259f5c3eb529.mp4' for writing
[hls @ 0x7ffee94c5a00] Opening '/cache/transcodes/4fd35d5109413f63b38e9ef259f5c3eb530.mp4' for writing
[hls @ 0x7ffee94c5a00] Opening '/cache/transcodes/4fd35d5109413f63b38e9ef259f5c3eb531.mp4' for writing
[hls @ 0x7ffee94c5a00] Opening '/cache/transcodes/4fd35d5109413f63b38e9ef259f5c3eb532.mp4' for writing
[hls @ 0x7ffee94c5a00] Opening '/cache/transcodes/4fd35d5109413f63b38e9ef259f5c3eb533.mp4' for writing
[hls @ 0x7ffee94c5a00] Opening '/cache/transcodes/4fd35d5109413f63b38e9ef259f5c3eb534.mp4' for writing
[hls @ 0x7ffee94c5a00] Opening '/cache/transcodes/4fd35d5109413f63b38e9ef259f5c3eb535.mp4' for writing


[q] command received. Exiting.

[hls @ 0x7ffee94c5a00] Opening '/cache/transcodes/4fd35d5109413f63b38e9ef259f5c3eb536.mp4' for writing
[hls @ 0x7ffee94c5a00] Opening '/cache/transcodes/4fd35d5109413f63b38e9ef259f5c3eb537.mp4' for writing
[out#0/hls @ 0x7ffee999d4c0] video:488715KiB audio:54858KiB subtitle:0KiB other streams:0KiB global headers:0KiB muxing overhead: unknown
frame=33705 fps=13446 q=-1.0 Lsize=N/A time=00:19:45.15 bitrate=N/A speed= 473x    