{"Protocol":0,"Id":"6b89fc927f36dbdcd331e35809ca39be","Path":"/Passport/Supun/Tron Ares (2025) English WEBRip-[CineSubz.co]-1080p.mp4","EncoderPath":null,"EncoderProtocol":null,"Type":0,"Container":"mov,mp4,m4a,3gp,3g2,mj2","Size":2947606014,"Name":"Tron Ares (2025) English WEBRip-[CineSubz.co]-1080p","IsRemote":false,"ETag":"be4b9d3f7d9af33caad3b4ec99a816ee","RunTimeTicks":71984640000,"ReadAtNativeFramerate":false,"IgnoreDts":false,"IgnoreIndex":false,"GenPtsInput":false,"SupportsTranscoding":true,"SupportsDirectStream":true,"SupportsDirectPlay":true,"IsInfiniteStream":false,"UseMostCompatibleTranscodingProfile":false,"RequiresOpening":false,"OpenToken":null,"RequiresClosing":false,"LiveStreamId":null,"BufferMs":null,"RequiresLooping":false,"SupportsProbing":true,"VideoType":0,"IsoType":null,"Video3DFormat":null,"MediaStreams":[{"Codec":"h264","CodecTag":"avc1","Language":"eng","ColorRange":null,"ColorSpace":null,"ColorTransfer":null,"ColorPrimaries":null,"DvVersionMajor":null,"DvVersionMinor":null,"DvProfile":null,"DvLevel":null,"RpuPresentFlag":null,"ElPresentFlag":null,"BlPresentFlag":null,"DvBlSignalCompatibilityId":null,"Rotation":null,"Comment":null,"TimeBase":"1/12288","CodecTimeBase":null,"Title":null,"Hdr10PlusPresentFlag":null,"VideoRange":1,"VideoRangeType":1,"VideoDoViTitle":null,"AudioSpatialFormat":0,"LocalizedUndefined":null,"LocalizedDefault":null,"LocalizedForced":null,"LocalizedExternal":null,"LocalizedHearingImpaired":null,"DisplayTitle":"1080p H264 SDR","NalLengthSize":"4","IsInterlaced":false,"IsAVC":true,"ChannelLayout":null,"BitRate":2951682,"BitDepth":8,"RefFrames":1,"PacketLength":null,"Channels":null,"SampleRate":null,"IsDefault":true,"IsForced":false,"IsHearingImpaired":false,"Height":1080,"Width":1920,"AverageFrameRate":24,"RealFrameRate":24,"ReferenceFrameRate":24,"Profile":"High","Type":1,"AspectRatio":"2.40:1","Index":0,"Score":null,"IsExternal":false,"DeliveryMethod":null,"DeliveryUrl":null,"IsExternalUrl":null,"IsTextSubtitleStream":false,"SupportsExternalStream":false,"Path":null,"PixelFormat":"yuv420p","Level":40,"IsAnamorphic":true},{"Codec":"aac","CodecTag":"mp4a","Language":"eng","ColorRange":null,"ColorSpace":null,"ColorTransfer":null,"ColorPrimaries":null,"DvVersionMajor":null,"DvVersionMinor":null,"DvProfile":null,"DvLevel":null,"RpuPresentFlag":null,"ElPresentFlag":null,"BlPresentFlag":null,"DvBlSignalCompatibilityId":null,"Rotation":null,"Comment":null,"TimeBase":"1/48000","CodecTimeBase":null,"Title":null,"Hdr10PlusPresentFlag":null,"VideoRange":0,"VideoRangeType":0,"VideoDoViTitle":null,"AudioSpatialFormat":0,"LocalizedUndefined":null,"LocalizedDefault":"Default","LocalizedForced":null,"LocalizedExternal":"External","LocalizedHearingImpaired":null,"DisplayTitle":"English - AAC - 5.1 - Default","NalLengthSize":null,"IsInterlaced":false,"IsAVC":false,"ChannelLayout":"5.1","BitRate":319999,"BitDepth":null,"RefFrames":null,"PacketLength":null,"Channels":6,"SampleRate":48000,"IsDefault":true,"IsForced":false,"IsHearingImpaired":false,"Height":null,"Width":null,"AverageFrameRate":null,"RealFrameRate":null,"ReferenceFrameRate":null,"Profile":"LC","Type":0,"AspectRatio":null,"Index":1,"Score":null,"IsExternal":false,"DeliveryMethod":null,"DeliveryUrl":null,"IsExternalUrl":null,"IsTextSubtitleStream":false,"SupportsExternalStream":false,"Path":null,"PixelFormat":null,"Level":0,"IsAnamorphic":null}],"MediaAttachments":[],"Formats":[],"Bitrate":3275816,"FallbackMaxStreamingBitrate":null,"Timestamp":null,"RequiredHttpHeaders":{},"TranscodingUrl":null,"TranscodingSubProtocol":0,"TranscodingContainer":null,"AnalyzeDurationMs":null,"DefaultAudioStreamIndex":null,"DefaultSubtitleStreamIndex":null,"HasSegments":false}

/usr/lib/jellyfin-ffmpeg/ffmpeg -analyzeduration 200M -probesize 1G -ss 01:25:48.500 -noaccurate_seek -fflags +genpts -f mov,mp4,m4a,3gp,3g2,mj2  -i file:"/Passport/Supun/Tron Ares (2025) English WEBRip-[CineSubz.co]-1080p.mp4" -map_metadata -1 -map_chapters -1 -threads 0 -map 0:0 -map 0:1 -map -0:s -codec:v:0 copy -bsf:v h264_mp4toannexb -start_at_zero -codec:a:0 libfdk_aac -ac 2 -ab 256000 -af "volume=2" -copyts -avoid_negative_ts disabled -max_muxing_queue_size 2048 -f hls -max_delay 5000000 -hls_time 6 -hls_segment_type fmp4 -hls_fmp4_init_filename "083ec017d11598b8b1eed54240f470ac-1.mp4" -start_number 858 -hls_segment_filename "/cache/transcodes/083ec017d11598b8b1eed54240f470ac%d.mp4" -hls_playlist_type vod -hls_list_size 0 -hls_segment_options movflags=+frag_discont -y "/cache/transcodes/083ec017d11598b8b1eed54240f470ac.m3u8"


ffmpeg version 7.1.3-Jellyfin Copyright (c) 2000-2025 the FFmpeg developers
  built with gcc 14 (Debian 14.2.0-19)
  configuration: --prefix=/usr/lib/jellyfin-ffmpeg --target-os=linux --extra-version=Jellyfin --disable-doc --disable-ffplay --disable-static --disable-libxcb --disable-sdl2 --disable-xlib --enable-lto=auto --enable-gpl --enable-version3 --enable-shared --enable-gmp --enable-gnutls --enable-chromaprint --enable-opencl --enable-libdrm --enable-libxml2 --enable-libass --enable-libfreetype --enable-libfribidi --enable-libfontconfig --enable-libharfbuzz --enable-libbluray --enable-libmp3lame --enable-libopus --enable-libtheora --enable-libvorbis --enable-libopenmpt --enable-libdav1d --enable-libsvtav1 --enable-libwebp --enable-libvpx --enable-libx264 --enable-libx265 --enable-libzvbi --enable-libzimg --enable-libfdk-aac --arch=arm64 --cross-prefix=/usr/bin/aarch64-linux-gnu- --toolchain=hardened --enable-cross-compile --enable-rkmpp --enable-rkrga --enable-ffnvcodec --enable-cuda --enable-cuda-llvm --enable-cuvid --enable-nvdec --enable-nvenc
  libavutil      59. 39.100 / 59. 39.100
  libavcodec     61. 19.101 / 61. 19.101
  libavformat    61.  7.100 / 61.  7.100
  libavdevice    61.  3.100 / 61.  3.100
  libavfilter    10.  4.100 / 10.  4.100
  libswscale      8.  3.100 /  8.  3.100
  libswresample   5.  3.100 /  5.  3.100
  libpostproc    58.  3.100 / 58.  3.100
Input #0, mov,mp4,m4a,3gp,3g2,mj2, from 'file:/Passport/Supun/Tron Ares (2025) English WEBRip-[CineSubz.co]-1080p.mp4':
  Metadata:
    major_brand     : isom
    minor_version   : 512
    compatible_brands: isomiso2avc1mp41
    encoder         : Lavf56.25.101
  Duration: 01:59:58.46, start: 0.000000, bitrate: 3275 kb/s
  Stream #0:0[0x1](eng): Video: h264 (High) (avc1 / 0x31637661), yuv420p(progressive), 1920x1080 [SAR 27:20 DAR 12:5], 2951 kb/s, 24 fps, 24 tbr, 12288 tbn (default)
      Metadata:
        handler_name    : VideoHandler
        vendor_id       : [0][0][0][0]
  Stream #0:1[0x2](eng): Audio: aac (LC) (mp4a / 0x6134706D), 48000 Hz, 5.1, fltp, 319 kb/s (default)
      Metadata:
        handler_name    : SoundHandler
        vendor_id       : [0][0][0][0]
Stream mapping:
  Stream #0:0 -> #0:0 (copy)
  Stream #0:1 -> #0:1 (aac (native) -> aac (libfdk_aac))
Press [q] to stop, [?] for help
[hls @ 0x7fff554c5a00] Opening '/cache/transcodes/083ec017d11598b8b1eed54240f470ac-1.mp4' for writing
Output #0, hls, to '/cache/transcodes/083ec017d11598b8b1eed54240f470ac.m3u8':
  Metadata:
    encoder         : Lavf61.7.100
  Stream #0:0: Video: h264 (High) (avc1 / 0x31637661), yuv420p(progressive), 1920x1080 [SAR 27:20 DAR 12:5], q=2-31, 2951 kb/s, 24 fps, 24 tbr, 12288 tbn (default)
  Stream #0:1: Audio: aac, 48000 Hz, stereo, s16, 256 kb/s (default)
      Metadata:
        encoder         : Lavc61.19.101 libfdk_aac
      Side data:
        cpb: bitrate max/min/avg: 256000/256000/256000 buffer size: 0 vbv_delay: N/A
[hls @ 0x7fff554c5a00] Opening '/cache/transcodes/083ec017d11598b8b1eed54240f470ac858.mp4' for writing
[hls @ 0x7fff554c5a00] Opening '/cache/transcodes/083ec017d11598b8b1eed54240f470ac859.mp4' for writing
[hls @ 0x7fff554c5a00] Opening '/cache/transcodes/083ec017d11598b8b1eed54240f470ac860.mp4' for writing
[hls @ 0x7fff554c5a00] Opening '/cache/transcodes/083ec017d11598b8b1eed54240f470ac861.mp4' for writing
[hls @ 0x7fff554c5a00] Opening '/cache/transcodes/083ec017d11598b8b1eed54240f470ac862.mp4' for writing
frame=  738 fps=0.0 q=-1.0 size=N/A time=00:00:00.00 bitrate=N/A speed=   0x    
[hls @ 0x7fff554c5a00] Opening '/cache/transcodes/083ec017d11598b8b1eed54240f470ac863.mp4' for writing
[hls @ 0x7fff554c5a00] Opening '/cache/transcodes/083ec017d11598b8b1eed54240f470ac864.mp4' for writing
[hls @ 0x7fff554c5a00] Opening '/cache/transcodes/083ec017d11598b8b1eed54240f470ac865.mp4' for writing
[hls @ 0x7fff554c5a00] Opening '/cache/transcodes/083ec017d11598b8b1eed54240f470ac866.mp4' for writing
frame= 1452 fps=1452 q=-1.0 size=N/A time=00:00:29.73 bitrate=N/A speed=29.7x    
[hls @ 0x7fff554c5a00] Opening '/cache/transcodes/083ec017d11598b8b1eed54240f470ac867.mp4' for writing
[hls @ 0x7fff554c5a00] Opening '/cache/transcodes/083ec017d11598b8b1eed54240f470ac868.mp4' for writing
[hls @ 0x7fff554c5a00] Opening '/cache/transcodes/083ec017d11598b8b1eed54240f470ac869.mp4' for writing
[hls @ 0x7fff554c5a00] Opening '/cache/transcodes/083ec017d11598b8b1eed54240f470ac870.mp4' for writing
[hls @ 0x7fff554c5a00] Opening '/cache/transcodes/083ec017d11598b8b1eed54240f470ac871.mp4' for writing
[hls @ 0x7fff554c5a00] Opening '/cache/transcodes/083ec017d11598b8b1eed54240f470ac872.mp4' for writing
frame= 2207 fps=1471 q=-1.0 size=N/A time=00:01:01.16 bitrate=N/A speed=40.8x    
[hls @ 0x7fff554c5a00] Opening '/cache/transcodes/083ec017d11598b8b1eed54240f470ac873.mp4' for writing
[hls @ 0x7fff554c5a00] Opening '/cache/transcodes/083ec017d11598b8b1eed54240f470ac874.mp4' for writing
[hls @ 0x7fff554c5a00] Opening '/cache/transcodes/083ec017d11598b8b1eed54240f470ac875.mp4' for writing
[hls @ 0x7fff554c5a00] Opening '/cache/transcodes/083ec017d11598b8b1eed54240f470ac876.mp4' for writing
[hls @ 0x7fff554c5a00] Opening '/cache/transcodes/083ec017d11598b8b1eed54240f470ac877.mp4' for writing
frame= 2975 fps=1485 q=-1.0 size=N/A time=00:01:33.16 bitrate=N/A speed=46.5x    
[hls @ 0x7fff554c5a00] Opening '/cache/transcodes/083ec017d11598b8b1eed54240f470ac878.mp4' for writing
[hls @ 0x7fff554c5a00] Opening '/cache/transcodes/083ec017d11598b8b1eed54240f470ac879.mp4' for writing
[hls @ 0x7fff554c5a00] Opening '/cache/transcodes/083ec017d11598b8b1eed54240f470ac880.mp4' for writing
[hls @ 0x7fff554c5a00] Opening '/cache/transcodes/083ec017d11598b8b1eed54240f470ac881.mp4' for writing
[hls @ 0x7fff554c5a00] Opening '/cache/transcodes/083ec017d11598b8b1eed54240f470ac882.mp4' for writing
frame= 3688 fps=1473 q=-1.0 size=N/A time=00:02:02.88 bitrate=N/A speed=49.1x    
[hls @ 0x7fff554c5a00] Opening '/cache/transcodes/083ec017d11598b8b1eed54240f470ac883.mp4' for writing
[hls @ 0x7fff554c5a00] Opening '/cache/transcodes/083ec017d11598b8b1eed54240f470ac884.mp4' for writing
[hls @ 0x7fff554c5a00] Opening '/cache/transcodes/083ec017d11598b8b1eed54240f470ac885.mp4' for writing
[hls @ 0x7fff554c5a00] Opening '/cache/transcodes/083ec017d11598b8b1eed54240f470ac886.mp4' for writing
[hls @ 0x7fff554c5a00] Opening '/cache/transcodes/083ec017d11598b8b1eed54240f470ac887.mp4' for writing
frame= 4449 fps=1481 q=-1.0 size=N/A time=00:02:34.56 bitrate=N/A speed=51.5x    
[hls @ 0x7fff554c5a00] Opening '/cache/transcodes/083ec017d11598b8b1eed54240f470ac888.mp4' for writing
[hls @ 0x7fff554c5a00] Opening '/cache/transcodes/083ec017d11598b8b1eed54240f470ac889.mp4' for writing
[hls @ 0x7fff554c5a00] Opening '/cache/transcodes/083ec017d11598b8b1eed54240f470ac890.mp4' for writing
[hls @ 0x7fff554c5a00] Opening '/cache/transcodes/083ec017d11598b8b1eed54240f470ac891.mp4' for writing
[hls @ 0x7fff554c5a00] Opening '/cache/transcodes/083ec017d11598b8b1eed54240f470ac892.mp4' for writing
[hls @ 0x7fff554c5a00] Opening '/cache/transcodes/083ec017d11598b8b1eed54240f470ac893.mp4' for writing
frame= 5251 fps=1499 q=-1.0 size=N/A time=00:03:07.96 bitrate=N/A speed=53.6x    
[hls @ 0x7fff554c5a00] Opening '/cache/transcodes/083ec017d11598b8b1eed54240f470ac894.mp4' for writing
[hls @ 0x7fff554c5a00] Opening '/cache/transcodes/083ec017d11598b8b1eed54240f470ac895.mp4' for writing
[hls @ 0x7fff554c5a00] Opening '/cache/transcodes/083ec017d11598b8b1eed54240f470ac896.mp4' for writing
[hls @ 0x7fff554c5a00] Opening '/cache/transcodes/083ec017d11598b8b1eed54240f470ac897.mp4' for writing
[hls @ 0x7fff554c5a00] Opening '/cache/transcodes/083ec017d11598b8b1eed54240f470ac898.mp4' for writing
frame= 6042 fps=1509 q=-1.0 size=N/A time=00:03:40.97 bitrate=N/A speed=55.2x    
[hls @ 0x7fff554c5a00] Opening '/cache/transcodes/083ec017d11598b8b1eed54240f470ac899.mp4' for writing
[hls @ 0x7fff554c5a00] Opening '/cache/transcodes/083ec017d11598b8b1eed54240f470ac900.mp4' for writing
[hls @ 0x7fff554c5a00] Opening '/cache/transcodes/083ec017d11598b8b1eed54240f470ac901.mp4' for writing
[hls @ 0x7fff554c5a00] Opening '/cache/transcodes/083ec017d11598b8b1eed54240f470ac902.mp4' for writing
frame= 6636 fps=1473 q=-1.0 size=N/A time=00:04:05.69 bitrate=N/A speed=54.5x    
[hls @ 0x7fff554c5a00] Opening '/cache/transcodes/083ec017d11598b8b1eed54240f470ac903.mp4' for writing
[hls @ 0x7fff554c5a00] Opening '/cache/transcodes/083ec017d11598b8b1eed54240f470ac904.mp4' for writing
[hls @ 0x7fff554c5a00] Opening '/cache/transcodes/083ec017d11598b8b1eed54240f470ac905.mp4' for writing
[hls @ 0x7fff554c5a00] Opening '/cache/transcodes/083ec017d11598b8b1eed54240f470ac906.mp4' for writing
[hls @ 0x7fff554c5a00] Opening '/cache/transcodes/083ec017d11598b8b1eed54240f470ac907.mp4' for writing
[hls @ 0x7fff554c5a00] Opening '/cache/transcodes/083ec017d11598b8b1eed54240f470ac908.mp4' for writing
frame= 7406 fps=1479 q=-1.0 size=N/A time=00:04:37.76 bitrate=N/A speed=55.5x    
[hls @ 0x7fff554c5a00] Opening '/cache/transcodes/083ec017d11598b8b1eed54240f470ac909.mp4' for writing
[hls @ 0x7fff554c5a00] Opening '/cache/transcodes/083ec017d11598b8b1eed54240f470ac910.mp4' for writing
[hls @ 0x7fff554c5a00] Opening '/cache/transcodes/083ec017d11598b8b1eed54240f470ac911.mp4' for writing
[hls @ 0x7fff554c5a00] Opening '/cache/transcodes/083ec017d11598b8b1eed54240f470ac912.mp4' for writing
[hls @ 0x7fff554c5a00] Opening '/cache/transcodes/083ec017d11598b8b1eed54240f470ac913.mp4' for writing
frame= 8204 fps=1489 q=-1.0 size=N/A time=00:05:11.01 bitrate=N/A speed=56.5x    
[hls @ 0x7fff554c5a00] Opening '/cache/transcodes/083ec017d11598b8b1eed54240f470ac914.mp4' for writing
[hls @ 0x7fff554c5a00] Opening '/cache/transcodes/083ec017d11598b8b1eed54240f470ac915.mp4' for writing
[hls @ 0x7fff554c5a00] Opening '/cache/transcodes/083ec017d11598b8b1eed54240f470ac916.mp4' for writing
[hls @ 0x7fff554c5a00] Opening '/cache/transcodes/083ec017d11598b8b1eed54240f470ac917.mp4' for writing
[hls @ 0x7fff554c5a00] Opening '/cache/transcodes/083ec017d11598b8b1eed54240f470ac918.mp4' for writing
[hls @ 0x7fff554c5a00] Opening '/cache/transcodes/083ec017d11598b8b1eed54240f470ac919.mp4' for writing
frame= 8948 fps=1489 q=-1.0 size=N/A time=00:05:42.03 bitrate=N/A speed=56.9x    
[hls @ 0x7fff554c5a00] Opening '/cache/transcodes/083ec017d11598b8b1eed54240f470ac920.mp4' for writing
[hls @ 0x7fff554c5a00] Opening '/cache/transcodes/083ec017d11598b8b1eed54240f470ac921.mp4' for writing
[hls @ 0x7fff554c5a00] Opening '/cache/transcodes/083ec017d11598b8b1eed54240f470ac922.mp4' for writing
[hls @ 0x7fff554c5a00] Opening '/cache/transcodes/083ec017d11598b8b1eed54240f470ac923.mp4' for writing
[hls @ 0x7fff554c5a00] Opening '/cache/transcodes/083ec017d11598b8b1eed54240f470ac924.mp4' for writing
frame= 9679 fps=1487 q=-1.0 size=N/A time=00:06:12.48 bitrate=N/A speed=57.2x    
[hls @ 0x7fff554c5a00] Opening '/cache/transcodes/083ec017d11598b8b1eed54240f470ac925.mp4' for writing
[hls @ 0x7fff554c5a00] Opening '/cache/transcodes/083ec017d11598b8b1eed54240f470ac926.mp4' for writing
[hls @ 0x7fff554c5a00] Opening '/cache/transcodes/083ec017d11598b8b1eed54240f470ac927.mp4' for writing
[hls @ 0x7fff554c5a00] Opening '/cache/transcodes/083ec017d11598b8b1eed54240f470ac928.mp4' for writing
frame=10304 fps=1470 q=-1.0 size=N/A time=00:06:38.84 bitrate=N/A speed=56.9x    
[hls @ 0x7fff554c5a00] Opening '/cache/transcodes/083ec017d11598b8b1eed54240f470ac929.mp4' for writing
[hls @ 0x7fff554c5a00] Opening '/cache/transcodes/083ec017d11598b8b1eed54240f470ac930.mp4' for writing
[hls @ 0x7fff554c5a00] Opening '/cache/transcodes/083ec017d11598b8b1eed54240f470ac931.mp4' for writing
[hls @ 0x7fff554c5a00] Opening '/cache/transcodes/083ec017d11598b8b1eed54240f470ac932.mp4' for writing
[hls @ 0x7fff554c5a00] Opening '/cache/transcodes/083ec017d11598b8b1eed54240f470ac933.mp4' for writing


[q] command received. Exiting.

[hls @ 0x7fff554c5a00] Opening '/cache/transcodes/083ec017d11598b8b1eed54240f470ac934.mp4' for writing
[out#0/hls @ 0x7fff5599d4c0] video:185492KiB audio:14278KiB subtitle:0KiB other streams:0KiB global headers:0KiB muxing overhead: unknown
frame=10964 fps=1459 q=-1.0 Lsize=N/A time=00:07:06.37 bitrate=N/A speed=56.7x    