{"Protocol":0,"Id":"75e8f5fd825824f3f176e8d54de8334c","Path":"/Passport/Supun/Right (2025) Tamil WEB-DL-[CineSubz.co]-1080p.mp4","EncoderPath":null,"EncoderProtocol":null,"Type":0,"Container":"mov,mp4,m4a,3gp,3g2,mj2","Size":2955912632,"Name":"Right (2025) Tamil WEB-DL-[CineSubz.co]-1080p","IsRemote":false,"ETag":"4c80f33be0937cc0253f99be898265b3","RunTimeTicks":71515520000,"ReadAtNativeFramerate":false,"IgnoreDts":false,"IgnoreIndex":false,"GenPtsInput":false,"SupportsTranscoding":true,"SupportsDirectStream":true,"SupportsDirectPlay":true,"IsInfiniteStream":false,"UseMostCompatibleTranscodingProfile":false,"RequiresOpening":false,"OpenToken":null,"RequiresClosing":false,"LiveStreamId":null,"BufferMs":null,"RequiresLooping":false,"SupportsProbing":true,"VideoType":0,"IsoType":null,"Video3DFormat":null,"MediaStreams":[{"Codec":"h264","CodecTag":"avc1","Language":"eng","ColorRange":null,"ColorSpace":null,"ColorTransfer":null,"ColorPrimaries":null,"DvVersionMajor":null,"DvVersionMinor":null,"DvProfile":null,"DvLevel":null,"RpuPresentFlag":null,"ElPresentFlag":null,"BlPresentFlag":null,"DvBlSignalCompatibilityId":null,"Rotation":null,"Comment":null,"TimeBase":"1/12288","CodecTimeBase":null,"Title":null,"Hdr10PlusPresentFlag":null,"VideoRange":1,"VideoRangeType":1,"VideoDoViTitle":null,"AudioSpatialFormat":0,"LocalizedUndefined":null,"LocalizedDefault":null,"LocalizedForced":null,"LocalizedExternal":null,"LocalizedHearingImpaired":null,"DisplayTitle":"1080p H264 SDR","NalLengthSize":"4","IsInterlaced":false,"IsAVC":true,"ChannelLayout":null,"BitRate":2982506,"BitDepth":8,"RefFrames":1,"PacketLength":null,"Channels":null,"SampleRate":null,"IsDefault":true,"IsForced":false,"IsHearingImpaired":false,"Height":1080,"Width":1920,"AverageFrameRate":24,"RealFrameRate":24,"ReferenceFrameRate":24,"Profile":"High","Type":1,"AspectRatio":"2.40:1","Index":0,"Score":null,"IsExternal":false,"DeliveryMethod":null,"DeliveryUrl":null,"IsExternalUrl":null,"IsTextSubtitleStream":false,"SupportsExternalStream":false,"Path":null,"PixelFormat":"yuv420p","Level":40,"IsAnamorphic":true},{"Codec":"aac","CodecTag":"mp4a","Language":"eng","ColorRange":null,"ColorSpace":null,"ColorTransfer":null,"ColorPrimaries":null,"DvVersionMajor":null,"DvVersionMinor":null,"DvProfile":null,"DvLevel":null,"RpuPresentFlag":null,"ElPresentFlag":null,"BlPresentFlag":null,"DvBlSignalCompatibilityId":null,"Rotation":null,"Comment":null,"TimeBase":"1/48000","CodecTimeBase":null,"Title":null,"Hdr10PlusPresentFlag":null,"VideoRange":0,"VideoRangeType":0,"VideoDoViTitle":null,"AudioSpatialFormat":0,"LocalizedUndefined":null,"LocalizedDefault":"Default","LocalizedForced":null,"LocalizedExternal":"External","LocalizedHearingImpaired":null,"DisplayTitle":"English - AAC - 5.1 - Default","NalLengthSize":null,"IsInterlaced":false,"IsAVC":false,"ChannelLayout":"5.1","BitRate":319999,"BitDepth":null,"RefFrames":null,"PacketLength":null,"Channels":6,"SampleRate":48000,"IsDefault":true,"IsForced":false,"IsHearingImpaired":false,"Height":null,"Width":null,"AverageFrameRate":null,"RealFrameRate":null,"ReferenceFrameRate":null,"Profile":"LC","Type":0,"AspectRatio":null,"Index":1,"Score":null,"IsExternal":false,"DeliveryMethod":null,"DeliveryUrl":null,"IsExternalUrl":null,"IsTextSubtitleStream":false,"SupportsExternalStream":false,"Path":null,"PixelFormat":null,"Level":0,"IsAnamorphic":null}],"MediaAttachments":[],"Formats":[],"Bitrate":3306597,"FallbackMaxStreamingBitrate":null,"Timestamp":null,"RequiredHttpHeaders":{},"TranscodingUrl":null,"TranscodingSubProtocol":0,"TranscodingContainer":null,"AnalyzeDurationMs":null,"DefaultAudioStreamIndex":null,"DefaultSubtitleStreamIndex":null,"HasSegments":false}

/usr/lib/jellyfin-ffmpeg/ffmpeg -analyzeduration 200M -probesize 1G -ss 00:40:12.500 -noaccurate_seek -fflags +genpts -f mov,mp4,m4a,3gp,3g2,mj2  -i file:"/Passport/Supun/Right (2025) Tamil WEB-DL-[CineSubz.co]-1080p.mp4" -map_metadata -1 -map_chapters -1 -threads 0 -map 0:0 -map 0:1 -map -0:s -codec:v:0 copy -bsf:v h264_mp4toannexb -start_at_zero -codec:a:0 copy -copyts -avoid_negative_ts disabled -max_muxing_queue_size 2048 -f hls -max_delay 5000000 -hls_time 6 -hls_segment_type fmp4 -hls_fmp4_init_filename "a876ea27005e671322d3490db6d26869-1.mp4" -start_number 402 -hls_segment_filename "/cache/transcodes/a876ea27005e671322d3490db6d26869%d.mp4" -hls_playlist_type vod -hls_list_size 0 -hls_segment_options movflags=+frag_discont -y "/cache/transcodes/a876ea27005e671322d3490db6d26869.m3u8"


ffmpeg version 7.1.3-Jellyfin Copyright (c) 2000-2025 the FFmpeg developers
  built with gcc 14 (Debian 14.2.0-19)
  configuration: --prefix=/usr/lib/jellyfin-ffmpeg --target-os=linux --extra-version=Jellyfin --disable-doc --disable-ffplay --disable-static --disable-libxcb --disable-sdl2 --disable-xlib --enable-lto=auto --enable-gpl --enable-version3 --enable-shared --enable-gmp --enable-gnutls --enable-chromaprint --enable-opencl --enable-libdrm --enable-libxml2 --enable-libass --enable-libfreetype --enable-libfribidi --enable-libfontconfig --enable-libharfbuzz --enable-libbluray --enable-libmp3lame --enable-libopus --enable-libtheora --enable-libvorbis --enable-libopenmpt --enable-libdav1d --enable-libsvtav1 --enable-libwebp --enable-libvpx --enable-libx264 --enable-libx265 --enable-libzvbi --enable-libzimg --enable-libfdk-aac --arch=arm64 --cross-prefix=/usr/bin/aarch64-linux-gnu- --toolchain=hardened --enable-cross-compile --enable-rkmpp --enable-rkrga --enable-ffnvcodec --enable-cuda --enable-cuda-llvm --enable-cuvid --enable-nvdec --enable-nvenc
  libavutil      59. 39.100 / 59. 39.100
  libavcodec     61. 19.101 / 61. 19.101
  libavformat    61.  7.100 / 61.  7.100
  libavdevice    61.  3.100 / 61.  3.100
  libavfilter    10.  4.100 / 10.  4.100
  libswscale      8.  3.100 /  8.  3.100
  libswresample   5.  3.100 /  5.  3.100
  libpostproc    58.  3.100 / 58.  3.100
Input #0, mov,mp4,m4a,3gp,3g2,mj2, from 'file:/Passport/Supun/Right (2025) Tamil WEB-DL-[CineSubz.co]-1080p.mp4':
  Metadata:
    major_brand     : isom
    minor_version   : 512
    compatible_brands: isomiso2avc1mp41
    encoder         : Lavf56.25.101
  Duration: 01:59:11.55, start: 0.000000, bitrate: 3306 kb/s
  Stream #0:0[0x1](eng): Video: h264 (High) (avc1 / 0x31637661), yuv420p(progressive), 1920x1080 [SAR 107:80 DAR 107:45], 2982 kb/s, 24 fps, 24 tbr, 12288 tbn (default)
      Metadata:
        handler_name    : VideoHandler
        vendor_id       : [0][0][0][0]
  Stream #0:1[0x2](eng): Audio: aac (LC) (mp4a / 0x6134706D), 48000 Hz, 5.1, fltp, 319 kb/s (default)
      Metadata:
        handler_name    : SoundHandler
        vendor_id       : [0][0][0][0]
Stream mapping:
  Stream #0:0 -> #0:0 (copy)
  Stream #0:1 -> #0:1 (copy)
[hls @ 0x7ffef76c5a00] Opening '/cache/transcodes/a876ea27005e671322d3490db6d26869-1.mp4' for writing
Output #0, hls, to '/cache/transcodes/a876ea27005e671322d3490db6d26869.m3u8':
  Metadata:
    encoder         : Lavf61.7.100
  Stream #0:0: Video: h264 (High) (avc1 / 0x31637661), yuv420p(progressive), 1920x1080 [SAR 107:80 DAR 107:45], q=2-31, 2982 kb/s, 24 fps, 24 tbr, 12288 tbn (default)
  Stream #0:1: Audio: aac (LC) (mp4a / 0x6134706D), 48000 Hz, 5.1, fltp, 319 kb/s (default)
Press [q] to stop, [?] for help
[hls @ 0x7ffef76c5a00] Opening '/cache/transcodes/a876ea27005e671322d3490db6d26869402.mp4' for writing
[hls @ 0x7ffef76c5a00] Opening '/cache/transcodes/a876ea27005e671322d3490db6d26869403.mp4' for writing
[hls @ 0x7ffef76c5a00] Opening '/cache/transcodes/a876ea27005e671322d3490db6d26869404.mp4' for writing
[hls @ 0x7ffef76c5a00] Opening '/cache/transcodes/a876ea27005e671322d3490db6d26869405.mp4' for writing
[hls @ 0x7ffef76c5a00] Opening '/cache/transcodes/a876ea27005e671322d3490db6d26869406.mp4' for writing
[hls @ 0x7ffef76c5a00] Opening '/cache/transcodes/a876ea27005e671322d3490db6d26869407.mp4' for writing
[hls @ 0x7ffef76c5a00] Opening '/cache/transcodes/a876ea27005e671322d3490db6d26869408.mp4' for writing
[hls @ 0x7ffef76c5a00] Opening '/cache/transcodes/a876ea27005e671322d3490db6d26869409.mp4' for writing
[hls @ 0x7ffef76c5a00] Opening '/cache/transcodes/a876ea27005e671322d3490db6d26869410.mp4' for writing
[hls @ 0x7ffef76c5a00] Opening '/cache/transcodes/a876ea27005e671322d3490db6d26869411.mp4' for writing
[hls @ 0x7ffef76c5a00] Opening '/cache/transcodes/a876ea27005e671322d3490db6d26869412.mp4' for writing
[hls @ 0x7ffef76c5a00] Opening '/cache/transcodes/a876ea27005e671322d3490db6d26869413.mp4' for writing
[hls @ 0x7ffef76c5a00] Opening '/cache/transcodes/a876ea27005e671322d3490db6d26869414.mp4' for writing
[hls @ 0x7ffef76c5a00] Opening '/cache/transcodes/a876ea27005e671322d3490db6d26869415.mp4' for writing
[hls @ 0x7ffef76c5a00] Opening '/cache/transcodes/a876ea27005e671322d3490db6d26869416.mp4' for writing
[hls @ 0x7ffef76c5a00] Opening '/cache/transcodes/a876ea27005e671322d3490db6d26869417.mp4' for writing
[hls @ 0x7ffef76c5a00] Opening '/cache/transcodes/a876ea27005e671322d3490db6d26869418.mp4' for writing
[hls @ 0x7ffef76c5a00] Opening '/cache/transcodes/a876ea27005e671322d3490db6d26869419.mp4' for writing
[hls @ 0x7ffef76c5a00] Opening '/cache/transcodes/a876ea27005e671322d3490db6d26869420.mp4' for writing
[hls @ 0x7ffef76c5a00] Opening '/cache/transcodes/a876ea27005e671322d3490db6d26869421.mp4' for writing
[hls @ 0x7ffef76c5a00] Opening '/cache/transcodes/a876ea27005e671322d3490db6d26869422.mp4' for writing
[hls @ 0x7ffef76c5a00] Opening '/cache/transcodes/a876ea27005e671322d3490db6d26869423.mp4' for writing
[hls @ 0x7ffef76c5a00] Opening '/cache/transcodes/a876ea27005e671322d3490db6d26869424.mp4' for writing
[hls @ 0x7ffef76c5a00] Opening '/cache/transcodes/a876ea27005e671322d3490db6d26869425.mp4' for writing
[hls @ 0x7ffef76c5a00] Opening '/cache/transcodes/a876ea27005e671322d3490db6d26869426.mp4' for writing
frame= 3612 fps=0.0 q=-1.0 size=N/A time=00:00:00.00 bitrate=N/A speed=   0x    
[hls @ 0x7ffef76c5a00] Opening '/cache/transcodes/a876ea27005e671322d3490db6d26869427.mp4' for writing
[hls @ 0x7ffef76c5a00] Opening '/cache/transcodes/a876ea27005e671322d3490db6d26869428.mp4' for writing
[hls @ 0x7ffef76c5a00] Opening '/cache/transcodes/a876ea27005e671322d3490db6d26869429.mp4' for writing
[hls @ 0x7ffef76c5a00] Opening '/cache/transcodes/a876ea27005e671322d3490db6d26869430.mp4' for writing
[hls @ 0x7ffef76c5a00] Opening '/cache/transcodes/a876ea27005e671322d3490db6d26869431.mp4' for writing
[hls @ 0x7ffef76c5a00] Opening '/cache/transcodes/a876ea27005e671322d3490db6d26869432.mp4' for writing
[hls @ 0x7ffef76c5a00] Opening '/cache/transcodes/a876ea27005e671322d3490db6d26869433.mp4' for writing
[hls @ 0x7ffef76c5a00] Opening '/cache/transcodes/a876ea27005e671322d3490db6d26869434.mp4' for writing
[hls @ 0x7ffef76c5a00] Opening '/cache/transcodes/a876ea27005e671322d3490db6d26869435.mp4' for writing
[hls @ 0x7ffef76c5a00] Opening '/cache/transcodes/a876ea27005e671322d3490db6d26869436.mp4' for writing
[hls @ 0x7ffef76c5a00] Opening '/cache/transcodes/a876ea27005e671322d3490db6d26869437.mp4' for writing
[hls @ 0x7ffef76c5a00] Opening '/cache/transcodes/a876ea27005e671322d3490db6d26869438.mp4' for writing
[hls @ 0x7ffef76c5a00] Opening '/cache/transcodes/a876ea27005e671322d3490db6d26869439.mp4' for writing
[hls @ 0x7ffef76c5a00] Opening '/cache/transcodes/a876ea27005e671322d3490db6d26869440.mp4' for writing
[hls @ 0x7ffef76c5a00] Opening '/cache/transcodes/a876ea27005e671322d3490db6d26869441.mp4' for writing
[hls @ 0x7ffef76c5a00] Opening '/cache/transcodes/a876ea27005e671322d3490db6d26869442.mp4' for writing
[hls @ 0x7ffef76c5a00] Opening '/cache/transcodes/a876ea27005e671322d3490db6d26869443.mp4' for writing
[hls @ 0x7ffef76c5a00] Opening '/cache/transcodes/a876ea27005e671322d3490db6d26869444.mp4' for writing
[hls @ 0x7ffef76c5a00] Opening '/cache/transcodes/a876ea27005e671322d3490db6d26869445.mp4' for writing
[hls @ 0x7ffef76c5a00] Opening '/cache/transcodes/a876ea27005e671322d3490db6d26869446.mp4' for writing
[hls @ 0x7ffef76c5a00] Opening '/cache/transcodes/a876ea27005e671322d3490db6d26869447.mp4' for writing
[hls @ 0x7ffef76c5a00] Opening '/cache/transcodes/a876ea27005e671322d3490db6d26869448.mp4' for writing
[hls @ 0x7ffef76c5a00] Opening '/cache/transcodes/a876ea27005e671322d3490db6d26869449.mp4' for writing
[hls @ 0x7ffef76c5a00] Opening '/cache/transcodes/a876ea27005e671322d3490db6d26869450.mp4' for writing
[hls @ 0x7ffef76c5a00] Opening '/cache/transcodes/a876ea27005e671322d3490db6d26869451.mp4' for writing
[hls @ 0x7ffef76c5a00] Opening '/cache/transcodes/a876ea27005e671322d3490db6d26869452.mp4' for writing
[hls @ 0x7ffef76c5a00] Opening '/cache/transcodes/a876ea27005e671322d3490db6d26869453.mp4' for writing
[hls @ 0x7ffef76c5a00] Opening '/cache/transcodes/a876ea27005e671322d3490db6d26869454.mp4' for writing
[hls @ 0x7ffef76c5a00] Opening '/cache/transcodes/a876ea27005e671322d3490db6d26869455.mp4' for writing
[hls @ 0x7ffef76c5a00] Opening '/cache/transcodes/a876ea27005e671322d3490db6d26869456.mp4' for writing
[hls @ 0x7ffef76c5a00] Opening '/cache/transcodes/a876ea27005e671322d3490db6d26869457.mp4' for writing
[hls @ 0x7ffef76c5a00] Opening '/cache/transcodes/a876ea27005e671322d3490db6d26869458.mp4' for writing
[hls @ 0x7ffef76c5a00] Opening '/cache/transcodes/a876ea27005e671322d3490db6d26869459.mp4' for writing
[hls @ 0x7ffef76c5a00] Opening '/cache/transcodes/a876ea27005e671322d3490db6d26869460.mp4' for writing
[hls @ 0x7ffef76c5a00] Opening '/cache/transcodes/a876ea27005e671322d3490db6d26869461.mp4' for writing
frame= 8651 fps=8648 q=-1.0 size=N/A time=00:03:30.04 bitrate=N/A speed= 210x    
[hls @ 0x7ffef76c5a00] Opening '/cache/transcodes/a876ea27005e671322d3490db6d26869462.mp4' for writing
[hls @ 0x7ffef76c5a00] Opening '/cache/transcodes/a876ea27005e671322d3490db6d26869463.mp4' for writing
[hls @ 0x7ffef76c5a00] Opening '/cache/transcodes/a876ea27005e671322d3490db6d26869464.mp4' for writing
[hls @ 0x7ffef76c5a00] Opening '/cache/transcodes/a876ea27005e671322d3490db6d26869465.mp4' for writing
[hls @ 0x7ffef76c5a00] Opening '/cache/transcodes/a876ea27005e671322d3490db6d26869466.mp4' for writing
[hls @ 0x7ffef76c5a00] Opening '/cache/transcodes/a876ea27005e671322d3490db6d26869467.mp4' for writing
[hls @ 0x7ffef76c5a00] Opening '/cache/transcodes/a876ea27005e671322d3490db6d26869468.mp4' for writing
[hls @ 0x7ffef76c5a00] Opening '/cache/transcodes/a876ea27005e671322d3490db6d26869469.mp4' for writing
[hls @ 0x7ffef76c5a00] Opening '/cache/transcodes/a876ea27005e671322d3490db6d26869470.mp4' for writing
[hls @ 0x7ffef76c5a00] Opening '/cache/transcodes/a876ea27005e671322d3490db6d26869471.mp4' for writing
[hls @ 0x7ffef76c5a00] Opening '/cache/transcodes/a876ea27005e671322d3490db6d26869472.mp4' for writing
[hls @ 0x7ffef76c5a00] Opening '/cache/transcodes/a876ea27005e671322d3490db6d26869473.mp4' for writing
[hls @ 0x7ffef76c5a00] Opening '/cache/transcodes/a876ea27005e671322d3490db6d26869474.mp4' for writing
[hls @ 0x7ffef76c5a00] Opening '/cache/transcodes/a876ea27005e671322d3490db6d26869475.mp4' for writing
[hls @ 0x7ffef76c5a00] Opening '/cache/transcodes/a876ea27005e671322d3490db6d26869476.mp4' for writing
[hls @ 0x7ffef76c5a00] Opening '/cache/transcodes/a876ea27005e671322d3490db6d26869477.mp4' for writing
[hls @ 0x7ffef76c5a00] Opening '/cache/transcodes/a876ea27005e671322d3490db6d26869478.mp4' for writing
[hls @ 0x7ffef76c5a00] Opening '/cache/transcodes/a876ea27005e671322d3490db6d26869479.mp4' for writing
[hls @ 0x7ffef76c5a00] Opening '/cache/transcodes/a876ea27005e671322d3490db6d26869480.mp4' for writing
[hls @ 0x7ffef76c5a00] Opening '/cache/transcodes/a876ea27005e671322d3490db6d26869481.mp4' for writing
[hls @ 0x7ffef76c5a00] Opening '/cache/transcodes/a876ea27005e671322d3490db6d26869482.mp4' for writing
[hls @ 0x7ffef76c5a00] Opening '/cache/transcodes/a876ea27005e671322d3490db6d26869483.mp4' for writing
[hls @ 0x7ffef76c5a00] Opening '/cache/transcodes/a876ea27005e671322d3490db6d26869484.mp4' for writing
[hls @ 0x7ffef76c5a00] Opening '/cache/transcodes/a876ea27005e671322d3490db6d26869485.mp4' for writing
[hls @ 0x7ffef76c5a00] Opening '/cache/transcodes/a876ea27005e671322d3490db6d26869486.mp4' for writing
[hls @ 0x7ffef76c5a00] Opening '/cache/transcodes/a876ea27005e671322d3490db6d26869487.mp4' for writing
[hls @ 0x7ffef76c5a00] Opening '/cache/transcodes/a876ea27005e671322d3490db6d26869488.mp4' for writing
[hls @ 0x7ffef76c5a00] Opening '/cache/transcodes/a876ea27005e671322d3490db6d26869489.mp4' for writing
[hls @ 0x7ffef76c5a00] Opening '/cache/transcodes/a876ea27005e671322d3490db6d26869490.mp4' for writing
[hls @ 0x7ffef76c5a00] Opening '/cache/transcodes/a876ea27005e671322d3490db6d26869491.mp4' for writing
[hls @ 0x7ffef76c5a00] Opening '/cache/transcodes/a876ea27005e671322d3490db6d26869492.mp4' for writing
[hls @ 0x7ffef76c5a00] Opening '/cache/transcodes/a876ea27005e671322d3490db6d26869493.mp4' for writing
[hls @ 0x7ffef76c5a00] Opening '/cache/transcodes/a876ea27005e671322d3490db6d26869494.mp4' for writing
[hls @ 0x7ffef76c5a00] Opening '/cache/transcodes/a876ea27005e671322d3490db6d26869495.mp4' for writing
[hls @ 0x7ffef76c5a00] Opening '/cache/transcodes/a876ea27005e671322d3490db6d26869496.mp4' for writing
[hls @ 0x7ffef76c5a00] Opening '/cache/transcodes/a876ea27005e671322d3490db6d26869497.mp4' for writing
[hls @ 0x7ffef76c5a00] Opening '/cache/transcodes/a876ea27005e671322d3490db6d26869498.mp4' for writing
frame=14081 fps=9384 q=-1.0 size=N/A time=00:07:16.20 bitrate=N/A speed= 291x    
[hls @ 0x7ffef76c5a00] Opening '/cache/transcodes/a876ea27005e671322d3490db6d26869499.mp4' for writing
[hls @ 0x7ffef76c5a00] Opening '/cache/transcodes/a876ea27005e671322d3490db6d26869500.mp4' for writing
[hls @ 0x7ffef76c5a00] Opening '/cache/transcodes/a876ea27005e671322d3490db6d26869501.mp4' for writing
[hls @ 0x7ffef76c5a00] Opening '/cache/transcodes/a876ea27005e671322d3490db6d26869502.mp4' for writing
[hls @ 0x7ffef76c5a00] Opening '/cache/transcodes/a876ea27005e671322d3490db6d26869503.mp4' for writing
[hls @ 0x7ffef76c5a00] Opening '/cache/transcodes/a876ea27005e671322d3490db6d26869504.mp4' for writing
[hls @ 0x7ffef76c5a00] Opening '/cache/transcodes/a876ea27005e671322d3490db6d26869505.mp4' for writing
[hls @ 0x7ffef76c5a00] Opening '/cache/transcodes/a876ea27005e671322d3490db6d26869506.mp4' for writing
[hls @ 0x7ffef76c5a00] Opening '/cache/transcodes/a876ea27005e671322d3490db6d26869507.mp4' for writing
[hls @ 0x7ffef76c5a00] Opening '/cache/transcodes/a876ea27005e671322d3490db6d26869508.mp4' for writing
[hls @ 0x7ffef76c5a00] Opening '/cache/transcodes/a876ea27005e671322d3490db6d26869509.mp4' for writing
[hls @ 0x7ffef76c5a00] Opening '/cache/transcodes/a876ea27005e671322d3490db6d26869510.mp4' for writing
[hls @ 0x7ffef76c5a00] Opening '/cache/transcodes/a876ea27005e671322d3490db6d26869511.mp4' for writing
[hls @ 0x7ffef76c5a00] Opening '/cache/transcodes/a876ea27005e671322d3490db6d26869512.mp4' for writing
[hls @ 0x7ffef76c5a00] Opening '/cache/transcodes/a876ea27005e671322d3490db6d26869513.mp4' for writing
[hls @ 0x7ffef76c5a00] Opening '/cache/transcodes/a876ea27005e671322d3490db6d26869514.mp4' for writing
[hls @ 0x7ffef76c5a00] Opening '/cache/transcodes/a876ea27005e671322d3490db6d26869515.mp4' for writing
[hls @ 0x7ffef76c5a00] Opening '/cache/transcodes/a876ea27005e671322d3490db6d26869516.mp4' for writing
[hls @ 0x7ffef76c5a00] Opening '/cache/transcodes/a876ea27005e671322d3490db6d26869517.mp4' for writing
[hls @ 0x7ffef76c5a00] Opening '/cache/transcodes/a876ea27005e671322d3490db6d26869518.mp4' for writing
[hls @ 0x7ffef76c5a00] Opening '/cache/transcodes/a876ea27005e671322d3490db6d26869519.mp4' for writing
[hls @ 0x7ffef76c5a00] Opening '/cache/transcodes/a876ea27005e671322d3490db6d26869520.mp4' for writing
[hls @ 0x7ffef76c5a00] Opening '/cache/transcodes/a876ea27005e671322d3490db6d26869521.mp4' for writing
[hls @ 0x7ffef76c5a00] Opening '/cache/transcodes/a876ea27005e671322d3490db6d26869522.mp4' for writing
[hls @ 0x7ffef76c5a00] Opening '/cache/transcodes/a876ea27005e671322d3490db6d26869523.mp4' for writing
[hls @ 0x7ffef76c5a00] Opening '/cache/transcodes/a876ea27005e671322d3490db6d26869524.mp4' for writing
[hls @ 0x7ffef76c5a00] Opening '/cache/transcodes/a876ea27005e671322d3490db6d26869525.mp4' for writing
[hls @ 0x7ffef76c5a00] Opening '/cache/transcodes/a876ea27005e671322d3490db6d26869526.mp4' for writing
[hls @ 0x7ffef76c5a00] Opening '/cache/transcodes/a876ea27005e671322d3490db6d26869527.mp4' for writing
[hls @ 0x7ffef76c5a00] Opening '/cache/transcodes/a876ea27005e671322d3490db6d26869528.mp4' for writing
[hls @ 0x7ffef76c5a00] Opening '/cache/transcodes/a876ea27005e671322d3490db6d26869529.mp4' for writing
[hls @ 0x7ffef76c5a00] Opening '/cache/transcodes/a876ea27005e671322d3490db6d26869530.mp4' for writing
[hls @ 0x7ffef76c5a00] Opening '/cache/transcodes/a876ea27005e671322d3490db6d26869531.mp4' for writing
[hls @ 0x7ffef76c5a00] Opening '/cache/transcodes/a876ea27005e671322d3490db6d26869532.mp4' for writing
[hls @ 0x7ffef76c5a00] Opening '/cache/transcodes/a876ea27005e671322d3490db6d26869533.mp4' for writing
frame=19154 fps=9573 q=-1.0 size=N/A time=00:10:47.67 bitrate=N/A speed= 324x    
[hls @ 0x7ffef76c5a00] Opening '/cache/transcodes/a876ea27005e671322d3490db6d26869534.mp4' for writing
[hls @ 0x7ffef76c5a00] Opening '/cache/transcodes/a876ea27005e671322d3490db6d26869535.mp4' for writing
[hls @ 0x7ffef76c5a00] Opening '/cache/transcodes/a876ea27005e671322d3490db6d26869536.mp4' for writing
[hls @ 0x7ffef76c5a00] Opening '/cache/transcodes/a876ea27005e671322d3490db6d26869537.mp4' for writing
[hls @ 0x7ffef76c5a00] Opening '/cache/transcodes/a876ea27005e671322d3490db6d26869538.mp4' for writing
[hls @ 0x7ffef76c5a00] Opening '/cache/transcodes/a876ea27005e671322d3490db6d26869539.mp4' for writing
[hls @ 0x7ffef76c5a00] Opening '/cache/transcodes/a876ea27005e671322d3490db6d26869540.mp4' for writing
[hls @ 0x7ffef76c5a00] Opening '/cache/transcodes/a876ea27005e671322d3490db6d26869541.mp4' for writing
[hls @ 0x7ffef76c5a00] Opening '/cache/transcodes/a876ea27005e671322d3490db6d26869542.mp4' for writing
[hls @ 0x7ffef76c5a00] Opening '/cache/transcodes/a876ea27005e671322d3490db6d26869543.mp4' for writing
[hls @ 0x7ffef76c5a00] Opening '/cache/transcodes/a876ea27005e671322d3490db6d26869544.mp4' for writing
[hls @ 0x7ffef76c5a00] Opening '/cache/transcodes/a876ea27005e671322d3490db6d26869545.mp4' for writing
[hls @ 0x7ffef76c5a00] Opening '/cache/transcodes/a876ea27005e671322d3490db6d26869546.mp4' for writing
[hls @ 0x7ffef76c5a00] Opening '/cache/transcodes/a876ea27005e671322d3490db6d26869547.mp4' for writing
[hls @ 0x7ffef76c5a00] Opening '/cache/transcodes/a876ea27005e671322d3490db6d26869548.mp4' for writing
[hls @ 0x7ffef76c5a00] Opening '/cache/transcodes/a876ea27005e671322d3490db6d26869549.mp4' for writing
[hls @ 0x7ffef76c5a00] Opening '/cache/transcodes/a876ea27005e671322d3490db6d26869550.mp4' for writing
[hls @ 0x7ffef76c5a00] Opening '/cache/transcodes/a876ea27005e671322d3490db6d26869551.mp4' for writing
[hls @ 0x7ffef76c5a00] Opening '/cache/transcodes/a876ea27005e671322d3490db6d26869552.mp4' for writing
[hls @ 0x7ffef76c5a00] Opening '/cache/transcodes/a876ea27005e671322d3490db6d26869553.mp4' for writing
[hls @ 0x7ffef76c5a00] Opening '/cache/transcodes/a876ea27005e671322d3490db6d26869554.mp4' for writing
[hls @ 0x7ffef76c5a00] Opening '/cache/transcodes/a876ea27005e671322d3490db6d26869555.mp4' for writing
[hls @ 0x7ffef76c5a00] Opening '/cache/transcodes/a876ea27005e671322d3490db6d26869556.mp4' for writing
[hls @ 0x7ffef76c5a00] Opening '/cache/transcodes/a876ea27005e671322d3490db6d26869557.mp4' for writing
[hls @ 0x7ffef76c5a00] Opening '/cache/transcodes/a876ea27005e671322d3490db6d26869558.mp4' for writing
[hls @ 0x7ffef76c5a00] Opening '/cache/transcodes/a876ea27005e671322d3490db6d26869559.mp4' for writing
[hls @ 0x7ffef76c5a00] Opening '/cache/transcodes/a876ea27005e671322d3490db6d26869560.mp4' for writing
[hls @ 0x7ffef76c5a00] Opening '/cache/transcodes/a876ea27005e671322d3490db6d26869561.mp4' for writing
[hls @ 0x7ffef76c5a00] Opening '/cache/transcodes/a876ea27005e671322d3490db6d26869562.mp4' for writing
[hls @ 0x7ffef76c5a00] Opening '/cache/transcodes/a876ea27005e671322d3490db6d26869563.mp4' for writing
[hls @ 0x7ffef76c5a00] Opening '/cache/transcodes/a876ea27005e671322d3490db6d26869564.mp4' for writing
[hls @ 0x7ffef76c5a00] Opening '/cache/transcodes/a876ea27005e671322d3490db6d26869565.mp4' for writing
[hls @ 0x7ffef76c5a00] Opening '/cache/transcodes/a876ea27005e671322d3490db6d26869566.mp4' for writing
frame=23794 fps=9514 q=-1.0 size=N/A time=00:14:00.91 bitrate=N/A speed= 336x    
[hls @ 0x7ffef76c5a00] Opening '/cache/transcodes/a876ea27005e671322d3490db6d26869567.mp4' for writing
[hls @ 0x7ffef76c5a00] Opening '/cache/transcodes/a876ea27005e671322d3490db6d26869568.mp4' for writing
[hls @ 0x7ffef76c5a00] Opening '/cache/transcodes/a876ea27005e671322d3490db6d26869569.mp4' for writing
[hls @ 0x7ffef76c5a00] Opening '/cache/transcodes/a876ea27005e671322d3490db6d26869570.mp4' for writing
[hls @ 0x7ffef76c5a00] Opening '/cache/transcodes/a876ea27005e671322d3490db6d26869571.mp4' for writing
[hls @ 0x7ffef76c5a00] Opening '/cache/transcodes/a876ea27005e671322d3490db6d26869572.mp4' for writing
[hls @ 0x7ffef76c5a00] Opening '/cache/transcodes/a876ea27005e671322d3490db6d26869573.mp4' for writing
[hls @ 0x7ffef76c5a00] Opening '/cache/transcodes/a876ea27005e671322d3490db6d26869574.mp4' for writing
[hls @ 0x7ffef76c5a00] Opening '/cache/transcodes/a876ea27005e671322d3490db6d26869575.mp4' for writing
[hls @ 0x7ffef76c5a00] Opening '/cache/transcodes/a876ea27005e671322d3490db6d26869576.mp4' for writing
[hls @ 0x7ffef76c5a00] Opening '/cache/transcodes/a876ea27005e671322d3490db6d26869577.mp4' for writing
[hls @ 0x7ffef76c5a00] Opening '/cache/transcodes/a876ea27005e671322d3490db6d26869578.mp4' for writing
[hls @ 0x7ffef76c5a00] Opening '/cache/transcodes/a876ea27005e671322d3490db6d26869579.mp4' for writing
[hls @ 0x7ffef76c5a00] Opening '/cache/transcodes/a876ea27005e671322d3490db6d26869580.mp4' for writing
[hls @ 0x7ffef76c5a00] Opening '/cache/transcodes/a876ea27005e671322d3490db6d26869581.mp4' for writing
[hls @ 0x7ffef76c5a00] Opening '/cache/transcodes/a876ea27005e671322d3490db6d26869582.mp4' for writing
[hls @ 0x7ffef76c5a00] Opening '/cache/transcodes/a876ea27005e671322d3490db6d26869583.mp4' for writing
[hls @ 0x7ffef76c5a00] Opening '/cache/transcodes/a876ea27005e671322d3490db6d26869584.mp4' for writing
[hls @ 0x7ffef76c5a00] Opening '/cache/transcodes/a876ea27005e671322d3490db6d26869585.mp4' for writing
[hls @ 0x7ffef76c5a00] Opening '/cache/transcodes/a876ea27005e671322d3490db6d26869586.mp4' for writing
[hls @ 0x7ffef76c5a00] Opening '/cache/transcodes/a876ea27005e671322d3490db6d26869587.mp4' for writing
[hls @ 0x7ffef76c5a00] Opening '/cache/transcodes/a876ea27005e671322d3490db6d26869588.mp4' for writing
[hls @ 0x7ffef76c5a00] Opening '/cache/transcodes/a876ea27005e671322d3490db6d26869589.mp4' for writing
[hls @ 0x7ffef76c5a00] Opening '/cache/transcodes/a876ea27005e671322d3490db6d26869590.mp4' for writing
[hls @ 0x7ffef76c5a00] Opening '/cache/transcodes/a876ea27005e671322d3490db6d26869591.mp4' for writing
[hls @ 0x7ffef76c5a00] Opening '/cache/transcodes/a876ea27005e671322d3490db6d26869592.mp4' for writing
[hls @ 0x7ffef76c5a00] Opening '/cache/transcodes/a876ea27005e671322d3490db6d26869593.mp4' for writing
[hls @ 0x7ffef76c5a00] Opening '/cache/transcodes/a876ea27005e671322d3490db6d26869594.mp4' for writing
[hls @ 0x7ffef76c5a00] Opening '/cache/transcodes/a876ea27005e671322d3490db6d26869595.mp4' for writing
[hls @ 0x7ffef76c5a00] Opening '/cache/transcodes/a876ea27005e671322d3490db6d26869596.mp4' for writing
[hls @ 0x7ffef76c5a00] Opening '/cache/transcodes/a876ea27005e671322d3490db6d26869597.mp4' for writing
[hls @ 0x7ffef76c5a00] Opening '/cache/transcodes/a876ea27005e671322d3490db6d26869598.mp4' for writing
[hls @ 0x7ffef76c5a00] Opening '/cache/transcodes/a876ea27005e671322d3490db6d26869599.mp4' for writing
[hls @ 0x7ffef76c5a00] Opening '/cache/transcodes/a876ea27005e671322d3490db6d26869600.mp4' for writing
[hls @ 0x7ffef76c5a00] Opening '/cache/transcodes/a876ea27005e671322d3490db6d26869601.mp4' for writing
[hls @ 0x7ffef76c5a00] Opening '/cache/transcodes/a876ea27005e671322d3490db6d26869602.mp4' for writing
[hls @ 0x7ffef76c5a00] Opening '/cache/transcodes/a876ea27005e671322d3490db6d26869603.mp4' for writing
[hls @ 0x7ffef76c5a00] Opening '/cache/transcodes/a876ea27005e671322d3490db6d26869604.mp4' for writing
[hls @ 0x7ffef76c5a00] Opening '/cache/transcodes/a876ea27005e671322d3490db6d26869605.mp4' for writing
[hls @ 0x7ffef76c5a00] Opening '/cache/transcodes/a876ea27005e671322d3490db6d26869606.mp4' for writing
[hls @ 0x7ffef76c5a00] Opening '/cache/transcodes/a876ea27005e671322d3490db6d26869607.mp4' for writing
[hls @ 0x7ffef76c5a00] Opening '/cache/transcodes/a876ea27005e671322d3490db6d26869608.mp4' for writing
[hls @ 0x7ffef76c5a00] Opening '/cache/transcodes/a876ea27005e671322d3490db6d26869609.mp4' for writing


[q] command received. Exiting.

[hls @ 0x7ffef76c5a00] Opening '/cache/transcodes/a876ea27005e671322d3490db6d26869610.mp4' for writing
[out#0/hls @ 0x7ffef7b9d4c0] video:445904KiB audio:48767KiB subtitle:0KiB other streams:0KiB global headers:0KiB muxing overhead: unknown
frame=29962 fps=9974 q=-1.0 Lsize=N/A time=00:18:17.91 bitrate=N/A speed= 365x    