{"Protocol":0,"Id":"6b89fc927f36dbdcd331e35809ca39be","Path":"/Passport/Supun/Tron Ares (2025) English WEBRip-[CineSubz.co]-1080p.mp4","EncoderPath":null,"EncoderProtocol":null,"Type":0,"Container":"mov,mp4,m4a,3gp,3g2,mj2","Size":2947606014,"Name":"Tron Ares (2025) English WEBRip-[CineSubz.co]-1080p","IsRemote":false,"ETag":"be4b9d3f7d9af33caad3b4ec99a816ee","RunTimeTicks":71984640000,"ReadAtNativeFramerate":false,"IgnoreDts":false,"IgnoreIndex":false,"GenPtsInput":false,"SupportsTranscoding":true,"SupportsDirectStream":true,"SupportsDirectPlay":true,"IsInfiniteStream":false,"UseMostCompatibleTranscodingProfile":false,"RequiresOpening":false,"OpenToken":null,"RequiresClosing":false,"LiveStreamId":null,"BufferMs":null,"RequiresLooping":false,"SupportsProbing":true,"VideoType":0,"IsoType":null,"Video3DFormat":null,"MediaStreams":[{"Codec":"h264","CodecTag":"avc1","Language":"eng","ColorRange":null,"ColorSpace":null,"ColorTransfer":null,"ColorPrimaries":null,"DvVersionMajor":null,"DvVersionMinor":null,"DvProfile":null,"DvLevel":null,"RpuPresentFlag":null,"ElPresentFlag":null,"BlPresentFlag":null,"DvBlSignalCompatibilityId":null,"Rotation":null,"Comment":null,"TimeBase":"1/12288","CodecTimeBase":null,"Title":null,"Hdr10PlusPresentFlag":null,"VideoRange":1,"VideoRangeType":1,"VideoDoViTitle":null,"AudioSpatialFormat":0,"LocalizedUndefined":null,"LocalizedDefault":null,"LocalizedForced":null,"LocalizedExternal":null,"LocalizedHearingImpaired":null,"DisplayTitle":"1080p H264 SDR","NalLengthSize":"4","IsInterlaced":false,"IsAVC":true,"ChannelLayout":null,"BitRate":2951682,"BitDepth":8,"RefFrames":1,"PacketLength":null,"Channels":null,"SampleRate":null,"IsDefault":true,"IsForced":false,"IsHearingImpaired":false,"Height":1080,"Width":1920,"AverageFrameRate":24,"RealFrameRate":24,"ReferenceFrameRate":24,"Profile":"High","Type":1,"AspectRatio":"2.40:1","Index":0,"Score":null,"IsExternal":false,"DeliveryMethod":null,"DeliveryUrl":null,"IsExternalUrl":null,"IsTextSubtitleStream":false,"SupportsExternalStream":false,"Path":null,"PixelFormat":"yuv420p","Level":40,"IsAnamorphic":true},{"Codec":"aac","CodecTag":"mp4a","Language":"eng","ColorRange":null,"ColorSpace":null,"ColorTransfer":null,"ColorPrimaries":null,"DvVersionMajor":null,"DvVersionMinor":null,"DvProfile":null,"DvLevel":null,"RpuPresentFlag":null,"ElPresentFlag":null,"BlPresentFlag":null,"DvBlSignalCompatibilityId":null,"Rotation":null,"Comment":null,"TimeBase":"1/48000","CodecTimeBase":null,"Title":null,"Hdr10PlusPresentFlag":null,"VideoRange":0,"VideoRangeType":0,"VideoDoViTitle":null,"AudioSpatialFormat":0,"LocalizedUndefined":null,"LocalizedDefault":"Default","LocalizedForced":null,"LocalizedExternal":"External","LocalizedHearingImpaired":null,"DisplayTitle":"English - AAC - 5.1 - Default","NalLengthSize":null,"IsInterlaced":false,"IsAVC":false,"ChannelLayout":"5.1","BitRate":319999,"BitDepth":null,"RefFrames":null,"PacketLength":null,"Channels":6,"SampleRate":48000,"IsDefault":true,"IsForced":false,"IsHearingImpaired":false,"Height":null,"Width":null,"AverageFrameRate":null,"RealFrameRate":null,"ReferenceFrameRate":null,"Profile":"LC","Type":0,"AspectRatio":null,"Index":1,"Score":null,"IsExternal":false,"DeliveryMethod":null,"DeliveryUrl":null,"IsExternalUrl":null,"IsTextSubtitleStream":false,"SupportsExternalStream":false,"Path":null,"PixelFormat":null,"Level":0,"IsAnamorphic":null}],"MediaAttachments":[],"Formats":[],"Bitrate":3275816,"FallbackMaxStreamingBitrate":null,"Timestamp":null,"RequiredHttpHeaders":{},"TranscodingUrl":null,"TranscodingSubProtocol":0,"TranscodingContainer":null,"AnalyzeDurationMs":null,"DefaultAudioStreamIndex":null,"DefaultSubtitleStreamIndex":null,"HasSegments":false}

/usr/lib/jellyfin-ffmpeg/ffmpeg -analyzeduration 200M -probesize 1G -ss 01:25:18.500 -noaccurate_seek -fflags +genpts  -i file:"/Passport/Supun/Tron Ares (2025) English WEBRip-[CineSubz.co]-1080p.mp4" -map_metadata -1 -map_chapters -1 -threads 0 -map 0:0 -map 0:1 -map -0:s -codec:v:0 copy -bsf:v h264_mp4toannexb -start_at_zero -codec:a:0 copy -copyts -avoid_negative_ts disabled -max_muxing_queue_size 2048 -f hls -max_delay 5000000 -hls_time 6 -hls_segment_type fmp4 -hls_fmp4_init_filename "1bcb9f2dbac177c6412c1e4e405f44bb-1.mp4" -start_number 853 -hls_segment_filename "/cache/transcodes/1bcb9f2dbac177c6412c1e4e405f44bb%d.mp4" -hls_playlist_type vod -hls_list_size 0 -hls_segment_options movflags=+frag_discont -y "/cache/transcodes/1bcb9f2dbac177c6412c1e4e405f44bb.m3u8"


ffmpeg version 7.1.3-Jellyfin Copyright (c) 2000-2025 the FFmpeg developers
  built with gcc 14 (Debian 14.2.0-19)
  configuration: --prefix=/usr/lib/jellyfin-ffmpeg --target-os=linux --extra-version=Jellyfin --disable-doc --disable-ffplay --disable-static --disable-libxcb --disable-sdl2 --disable-xlib --enable-lto=auto --enable-gpl --enable-version3 --enable-shared --enable-gmp --enable-gnutls --enable-chromaprint --enable-opencl --enable-libdrm --enable-libxml2 --enable-libass --enable-libfreetype --enable-libfribidi --enable-libfontconfig --enable-libharfbuzz --enable-libbluray --enable-libmp3lame --enable-libopus --enable-libtheora --enable-libvorbis --enable-libopenmpt --enable-libdav1d --enable-libsvtav1 --enable-libwebp --enable-libvpx --enable-libx264 --enable-libx265 --enable-libzvbi --enable-libzimg --enable-libfdk-aac --arch=arm64 --cross-prefix=/usr/bin/aarch64-linux-gnu- --toolchain=hardened --enable-cross-compile --enable-rkmpp --enable-rkrga --enable-ffnvcodec --enable-cuda --enable-cuda-llvm --enable-cuvid --enable-nvdec --enable-nvenc
  libavutil      59. 39.100 / 59. 39.100
  libavcodec     61. 19.101 / 61. 19.101
  libavformat    61.  7.100 / 61.  7.100
  libavdevice    61.  3.100 / 61.  3.100
  libavfilter    10.  4.100 / 10.  4.100
  libswscale      8.  3.100 /  8.  3.100
  libswresample   5.  3.100 /  5.  3.100
  libpostproc    58.  3.100 / 58.  3.100
Input #0, mov,mp4,m4a,3gp,3g2,mj2, from 'file:/Passport/Supun/Tron Ares (2025) English WEBRip-[CineSubz.co]-1080p.mp4':
  Metadata:
    major_brand     : isom
    minor_version   : 512
    compatible_brands: isomiso2avc1mp41
    encoder         : Lavf56.25.101
  Duration: 01:59:58.46, start: 0.000000, bitrate: 3275 kb/s
  Stream #0:0[0x1](eng): Video: h264 (High) (avc1 / 0x31637661), yuv420p(progressive), 1920x1080 [SAR 27:20 DAR 12:5], 2951 kb/s, 24 fps, 24 tbr, 12288 tbn (default)
      Metadata:
        handler_name    : VideoHandler
        vendor_id       : [0][0][0][0]
  Stream #0:1[0x2](eng): Audio: aac (LC) (mp4a / 0x6134706D), 48000 Hz, 5.1, fltp, 319 kb/s (default)
      Metadata:
        handler_name    : SoundHandler
        vendor_id       : [0][0][0][0]
Stream mapping:
  Stream #0:0 -> #0:0 (copy)
  Stream #0:1 -> #0:1 (copy)
[hls @ 0x7fffa7ec5a00] Opening '/cache/transcodes/1bcb9f2dbac177c6412c1e4e405f44bb-1.mp4' for writing
Output #0, hls, to '/cache/transcodes/1bcb9f2dbac177c6412c1e4e405f44bb.m3u8':
  Metadata:
    encoder         : Lavf61.7.100
  Stream #0:0: Video: h264 (High) (avc1 / 0x31637661), yuv420p(progressive), 1920x1080 [SAR 27:20 DAR 12:5], q=2-31, 2951 kb/s, 24 fps, 24 tbr, 12288 tbn (default)
  Stream #0:1: Audio: aac (LC) (mp4a / 0x6134706D), 48000 Hz, 5.1, fltp, 319 kb/s (default)
Press [q] to stop, [?] for help
[hls @ 0x7fffa7ec5a00] Opening '/cache/transcodes/1bcb9f2dbac177c6412c1e4e405f44bb853.mp4' for writing
[hls @ 0x7fffa7ec5a00] Opening '/cache/transcodes/1bcb9f2dbac177c6412c1e4e405f44bb854.mp4' for writing
[hls @ 0x7fffa7ec5a00] Opening '/cache/transcodes/1bcb9f2dbac177c6412c1e4e405f44bb855.mp4' for writing
[hls @ 0x7fffa7ec5a00] Opening '/cache/transcodes/1bcb9f2dbac177c6412c1e4e405f44bb856.mp4' for writing
[hls @ 0x7fffa7ec5a00] Opening '/cache/transcodes/1bcb9f2dbac177c6412c1e4e405f44bb857.mp4' for writing
[hls @ 0x7fffa7ec5a00] Opening '/cache/transcodes/1bcb9f2dbac177c6412c1e4e405f44bb858.mp4' for writing
[hls @ 0x7fffa7ec5a00] Opening '/cache/transcodes/1bcb9f2dbac177c6412c1e4e405f44bb859.mp4' for writing
[hls @ 0x7fffa7ec5a00] Opening '/cache/transcodes/1bcb9f2dbac177c6412c1e4e405f44bb860.mp4' for writing
[hls @ 0x7fffa7ec5a00] Opening '/cache/transcodes/1bcb9f2dbac177c6412c1e4e405f44bb861.mp4' for writing
[hls @ 0x7fffa7ec5a00] Opening '/cache/transcodes/1bcb9f2dbac177c6412c1e4e405f44bb862.mp4' for writing
[hls @ 0x7fffa7ec5a00] Opening '/cache/transcodes/1bcb9f2dbac177c6412c1e4e405f44bb863.mp4' for writing
[hls @ 0x7fffa7ec5a00] Opening '/cache/transcodes/1bcb9f2dbac177c6412c1e4e405f44bb864.mp4' for writing
[hls @ 0x7fffa7ec5a00] Opening '/cache/transcodes/1bcb9f2dbac177c6412c1e4e405f44bb865.mp4' for writing
[hls @ 0x7fffa7ec5a00] Opening '/cache/transcodes/1bcb9f2dbac177c6412c1e4e405f44bb866.mp4' for writing
[hls @ 0x7fffa7ec5a00] Opening '/cache/transcodes/1bcb9f2dbac177c6412c1e4e405f44bb867.mp4' for writing
[hls @ 0x7fffa7ec5a00] Opening '/cache/transcodes/1bcb9f2dbac177c6412c1e4e405f44bb868.mp4' for writing
[hls @ 0x7fffa7ec5a00] Opening '/cache/transcodes/1bcb9f2dbac177c6412c1e4e405f44bb869.mp4' for writing
[hls @ 0x7fffa7ec5a00] Opening '/cache/transcodes/1bcb9f2dbac177c6412c1e4e405f44bb870.mp4' for writing
[hls @ 0x7fffa7ec5a00] Opening '/cache/transcodes/1bcb9f2dbac177c6412c1e4e405f44bb871.mp4' for writing
[hls @ 0x7fffa7ec5a00] Opening '/cache/transcodes/1bcb9f2dbac177c6412c1e4e405f44bb872.mp4' for writing
[hls @ 0x7fffa7ec5a00] Opening '/cache/transcodes/1bcb9f2dbac177c6412c1e4e405f44bb873.mp4' for writing
[hls @ 0x7fffa7ec5a00] Opening '/cache/transcodes/1bcb9f2dbac177c6412c1e4e405f44bb874.mp4' for writing
[hls @ 0x7fffa7ec5a00] Opening '/cache/transcodes/1bcb9f2dbac177c6412c1e4e405f44bb875.mp4' for writing
frame= 3370 fps=0.0 q=-1.0 size=N/A time=00:00:00.00 bitrate=N/A speed=   0x    
[hls @ 0x7fffa7ec5a00] Opening '/cache/transcodes/1bcb9f2dbac177c6412c1e4e405f44bb876.mp4' for writing
[hls @ 0x7fffa7ec5a00] Opening '/cache/transcodes/1bcb9f2dbac177c6412c1e4e405f44bb877.mp4' for writing
[hls @ 0x7fffa7ec5a00] Opening '/cache/transcodes/1bcb9f2dbac177c6412c1e4e405f44bb878.mp4' for writing
[hls @ 0x7fffa7ec5a00] Opening '/cache/transcodes/1bcb9f2dbac177c6412c1e4e405f44bb879.mp4' for writing
[hls @ 0x7fffa7ec5a00] Opening '/cache/transcodes/1bcb9f2dbac177c6412c1e4e405f44bb880.mp4' for writing
[hls @ 0x7fffa7ec5a00] Opening '/cache/transcodes/1bcb9f2dbac177c6412c1e4e405f44bb881.mp4' for writing
[hls @ 0x7fffa7ec5a00] Opening '/cache/transcodes/1bcb9f2dbac177c6412c1e4e405f44bb882.mp4' for writing
frame= 4329 fps=4325 q=-1.0 size=N/A time=00:00:40.04 bitrate=N/A speed=  40x    
frame= 4329 fps=2884 q=-1.0 size=N/A time=00:00:40.04 bitrate=N/A speed=26.7x    
frame= 4329 fps=2163 q=-1.0 size=N/A time=00:00:40.04 bitrate=N/A speed=  20x    
frame= 4329 fps=1731 q=-1.0 size=N/A time=00:00:40.04 bitrate=N/A speed=  16x    
[hls @ 0x7fffa7ec5a00] Opening '/cache/transcodes/1bcb9f2dbac177c6412c1e4e405f44bb883.mp4' for writing
[hls @ 0x7fffa7ec5a00] Opening '/cache/transcodes/1bcb9f2dbac177c6412c1e4e405f44bb884.mp4' for writing
[hls @ 0x7fffa7ec5a00] Opening '/cache/transcodes/1bcb9f2dbac177c6412c1e4e405f44bb885.mp4' for writing
[hls @ 0x7fffa7ec5a00] Opening '/cache/transcodes/1bcb9f2dbac177c6412c1e4e405f44bb886.mp4' for writing
[hls @ 0x7fffa7ec5a00] Opening '/cache/transcodes/1bcb9f2dbac177c6412c1e4e405f44bb887.mp4' for writing
[hls @ 0x7fffa7ec5a00] Opening '/cache/transcodes/1bcb9f2dbac177c6412c1e4e405f44bb888.mp4' for writing
[hls @ 0x7fffa7ec5a00] Opening '/cache/transcodes/1bcb9f2dbac177c6412c1e4e405f44bb889.mp4' for writing
[hls @ 0x7fffa7ec5a00] Opening '/cache/transcodes/1bcb9f2dbac177c6412c1e4e405f44bb890.mp4' for writing
[hls @ 0x7fffa7ec5a00] Opening '/cache/transcodes/1bcb9f2dbac177c6412c1e4e405f44bb891.mp4' for writing
[hls @ 0x7fffa7ec5a00] Opening '/cache/transcodes/1bcb9f2dbac177c6412c1e4e405f44bb892.mp4' for writing
[hls @ 0x7fffa7ec5a00] Opening '/cache/transcodes/1bcb9f2dbac177c6412c1e4e405f44bb893.mp4' for writing
[hls @ 0x7fffa7ec5a00] Opening '/cache/transcodes/1bcb9f2dbac177c6412c1e4e405f44bb894.mp4' for writing
[hls @ 0x7fffa7ec5a00] Opening '/cache/transcodes/1bcb9f2dbac177c6412c1e4e405f44bb895.mp4' for writing
[hls @ 0x7fffa7ec5a00] Opening '/cache/transcodes/1bcb9f2dbac177c6412c1e4e405f44bb896.mp4' for writing
[hls @ 0x7fffa7ec5a00] Opening '/cache/transcodes/1bcb9f2dbac177c6412c1e4e405f44bb897.mp4' for writing
[hls @ 0x7fffa7ec5a00] Opening '/cache/transcodes/1bcb9f2dbac177c6412c1e4e405f44bb898.mp4' for writing
[hls @ 0x7fffa7ec5a00] Opening '/cache/transcodes/1bcb9f2dbac177c6412c1e4e405f44bb899.mp4' for writing


[q] command received. Exiting.

[hls @ 0x7fffa7ec5a00] Opening '/cache/transcodes/1bcb9f2dbac177c6412c1e4e405f44bb900.mp4' for writing
[out#0/hls @ 0x7fffa839d4c0] video:118249KiB audio:11052KiB subtitle:0KiB other streams:0KiB global headers:0KiB muxing overhead: unknown
frame= 6790 fps=2258 q=-1.0 Lsize=N/A time=00:02:22.49 bitrate=N/A speed=47.4x    