{"Protocol":0,"Id":"9c5e2f69a31134a97ce84e241f66a477","Path":"/Passport/Supun/Jatadhara (2025) Telugu WEB-DL-[CineSubz.co]-1080p.mp4","EncoderPath":null,"EncoderProtocol":null,"Type":0,"Container":"mov,mp4,m4a,3gp,3g2,mj2","Size":3188955059,"Name":"Jatadhara (2025) Telugu WEB-DL-[CineSubz.co]-1080p","IsRemote":false,"ETag":"835318dc1361146021fe0c3562a5679b","RunTimeTicks":76879040000,"ReadAtNativeFramerate":false,"IgnoreDts":false,"IgnoreIndex":false,"GenPtsInput":false,"SupportsTranscoding":true,"SupportsDirectStream":true,"SupportsDirectPlay":true,"IsInfiniteStream":false,"UseMostCompatibleTranscodingProfile":false,"RequiresOpening":false,"OpenToken":null,"RequiresClosing":false,"LiveStreamId":null,"BufferMs":null,"RequiresLooping":false,"SupportsProbing":true,"VideoType":0,"IsoType":null,"Video3DFormat":null,"MediaStreams":[{"Codec":"h264","CodecTag":"avc1","Language":"eng","ColorRange":null,"ColorSpace":null,"ColorTransfer":null,"ColorPrimaries":null,"DvVersionMajor":null,"DvVersionMinor":null,"DvProfile":null,"DvLevel":null,"RpuPresentFlag":null,"ElPresentFlag":null,"BlPresentFlag":null,"DvBlSignalCompatibilityId":null,"Rotation":null,"Comment":null,"TimeBase":"1/12800","CodecTimeBase":null,"Title":null,"Hdr10PlusPresentFlag":null,"VideoRange":1,"VideoRangeType":1,"VideoDoViTitle":null,"AudioSpatialFormat":0,"LocalizedUndefined":null,"LocalizedDefault":null,"LocalizedForced":null,"LocalizedExternal":null,"LocalizedHearingImpaired":null,"DisplayTitle":"1080p H264 SDR","NalLengthSize":"4","IsInterlaced":false,"IsAVC":true,"ChannelLayout":null,"BitRate":2993841,"BitDepth":8,"RefFrames":1,"PacketLength":null,"Channels":null,"SampleRate":null,"IsDefault":true,"IsForced":false,"IsHearingImpaired":false,"Height":1080,"Width":1920,"AverageFrameRate":25,"RealFrameRate":25,"ReferenceFrameRate":25,"Profile":"High","Type":1,"AspectRatio":"2.40:1","Index":0,"Score":null,"IsExternal":false,"DeliveryMethod":null,"DeliveryUrl":null,"IsExternalUrl":null,"IsTextSubtitleStream":false,"SupportsExternalStream":false,"Path":null,"PixelFormat":"yuv420p","Level":40,"IsAnamorphic":true},{"Codec":"aac","CodecTag":"mp4a","Language":"eng","ColorRange":null,"ColorSpace":null,"ColorTransfer":null,"ColorPrimaries":null,"DvVersionMajor":null,"DvVersionMinor":null,"DvProfile":null,"DvLevel":null,"RpuPresentFlag":null,"ElPresentFlag":null,"BlPresentFlag":null,"DvBlSignalCompatibilityId":null,"Rotation":null,"Comment":null,"TimeBase":"1/48000","CodecTimeBase":null,"Title":null,"Hdr10PlusPresentFlag":null,"VideoRange":0,"VideoRangeType":0,"VideoDoViTitle":null,"AudioSpatialFormat":0,"LocalizedUndefined":null,"LocalizedDefault":"Default","LocalizedForced":null,"LocalizedExternal":"External","LocalizedHearingImpaired":null,"DisplayTitle":"English - AAC - 5.1 - Default","NalLengthSize":null,"IsInterlaced":false,"IsAVC":false,"ChannelLayout":"5.1","BitRate":320000,"BitDepth":null,"RefFrames":null,"PacketLength":null,"Channels":6,"SampleRate":48000,"IsDefault":true,"IsForced":false,"IsHearingImpaired":false,"Height":null,"Width":null,"AverageFrameRate":null,"RealFrameRate":null,"ReferenceFrameRate":null,"Profile":"LC","Type":0,"AspectRatio":null,"Index":1,"Score":null,"IsExternal":false,"DeliveryMethod":null,"DeliveryUrl":null,"IsExternalUrl":null,"IsTextSubtitleStream":false,"SupportsExternalStream":false,"Path":null,"PixelFormat":null,"Level":0,"IsAnamorphic":null}],"MediaAttachments":[],"Formats":[],"Bitrate":3318412,"FallbackMaxStreamingBitrate":null,"Timestamp":null,"RequiredHttpHeaders":{},"TranscodingUrl":null,"TranscodingSubProtocol":0,"TranscodingContainer":null,"AnalyzeDurationMs":null,"DefaultAudioStreamIndex":null,"DefaultSubtitleStreamIndex":null,"HasSegments":false}

/usr/lib/jellyfin-ffmpeg/ffmpeg -analyzeduration 200M -probesize 1G -ss 01:57:42.500 -noaccurate_seek -fflags +genpts -f mov,mp4,m4a,3gp,3g2,mj2  -i file:"/Passport/Supun/Jatadhara (2025) Telugu WEB-DL-[CineSubz.co]-1080p.mp4" -map_metadata -1 -map_chapters -1 -threads 0 -map 0:0 -map 0:1 -map -0:s -codec:v:0 copy -bsf:v h264_mp4toannexb -start_at_zero -codec:a:0 copy -copyts -avoid_negative_ts disabled -max_muxing_queue_size 2048 -f hls -max_delay 5000000 -hls_time 6 -hls_segment_type fmp4 -hls_fmp4_init_filename "de9627e3955cb2cab8b6950dda23497b-1.mp4" -start_number 1177 -hls_segment_filename "/cache/transcodes/de9627e3955cb2cab8b6950dda23497b%d.mp4" -hls_playlist_type vod -hls_list_size 0 -hls_segment_options movflags=+frag_discont -y "/cache/transcodes/de9627e3955cb2cab8b6950dda23497b.m3u8"


ffmpeg version 7.1.3-Jellyfin Copyright (c) 2000-2025 the FFmpeg developers
  built with gcc 14 (Debian 14.2.0-19)
  configuration: --prefix=/usr/lib/jellyfin-ffmpeg --target-os=linux --extra-version=Jellyfin --disable-doc --disable-ffplay --disable-static --disable-libxcb --disable-sdl2 --disable-xlib --enable-lto=auto --enable-gpl --enable-version3 --enable-shared --enable-gmp --enable-gnutls --enable-chromaprint --enable-opencl --enable-libdrm --enable-libxml2 --enable-libass --enable-libfreetype --enable-libfribidi --enable-libfontconfig --enable-libharfbuzz --enable-libbluray --enable-libmp3lame --enable-libopus --enable-libtheora --enable-libvorbis --enable-libopenmpt --enable-libdav1d --enable-libsvtav1 --enable-libwebp --enable-libvpx --enable-libx264 --enable-libx265 --enable-libzvbi --enable-libzimg --enable-libfdk-aac --arch=arm64 --cross-prefix=/usr/bin/aarch64-linux-gnu- --toolchain=hardened --enable-cross-compile --enable-rkmpp --enable-rkrga --enable-ffnvcodec --enable-cuda --enable-cuda-llvm --enable-cuvid --enable-nvdec --enable-nvenc
  libavutil      59. 39.100 / 59. 39.100
  libavcodec     61. 19.101 / 61. 19.101
  libavformat    61.  7.100 / 61.  7.100
  libavdevice    61.  3.100 / 61.  3.100
  libavfilter    10.  4.100 / 10.  4.100
  libswscale      8.  3.100 /  8.  3.100
  libswresample   5.  3.100 /  5.  3.100
  libpostproc    58.  3.100 / 58.  3.100
Input #0, mov,mp4,m4a,3gp,3g2,mj2, from 'file:/Passport/Supun/Jatadhara (2025) Telugu WEB-DL-[CineSubz.co]-1080p.mp4':
  Metadata:
    major_brand     : isom
    minor_version   : 512
    compatible_brands: isomiso2avc1mp41
    encoder         : Lavf56.25.101
  Duration: 02:08:07.90, start: 0.000000, bitrate: 3318 kb/s
  Stream #0:0[0x1](eng): Video: h264 (High) (avc1 / 0x31637661), yuv420p(progressive), 1920x1080 [SAR 27:20 DAR 12:5], 2993 kb/s, 25 fps, 25 tbr, 12800 tbn (default)
      Metadata:
        handler_name    : VideoHandler
        vendor_id       : [0][0][0][0]
  Stream #0:1[0x2](eng): Audio: aac (LC) (mp4a / 0x6134706D), 48000 Hz, 5.1, fltp, 320 kb/s (default)
      Metadata:
        handler_name    : SoundHandler
        vendor_id       : [0][0][0][0]
Stream mapping:
  Stream #0:0 -> #0:0 (copy)
  Stream #0:1 -> #0:1 (copy)
[hls @ 0x7fff730c5a00] Opening '/cache/transcodes/de9627e3955cb2cab8b6950dda23497b-1.mp4' for writing
Output #0, hls, to '/cache/transcodes/de9627e3955cb2cab8b6950dda23497b.m3u8':
  Metadata:
    encoder         : Lavf61.7.100
  Stream #0:0: Video: h264 (High) (avc1 / 0x31637661), yuv420p(progressive), 1920x1080 [SAR 27:20 DAR 12:5], q=2-31, 2993 kb/s, 25 fps, 25 tbr, 12800 tbn (default)
  Stream #0:1: Audio: aac (LC) (mp4a / 0x6134706D), 48000 Hz, 5.1, fltp, 320 kb/s (default)
Press [q] to stop, [?] for help
[hls @ 0x7fff730c5a00] Opening '/cache/transcodes/de9627e3955cb2cab8b6950dda23497b1177.mp4' for writing
[hls @ 0x7fff730c5a00] Opening '/cache/transcodes/de9627e3955cb2cab8b6950dda23497b1178.mp4' for writing
[hls @ 0x7fff730c5a00] Opening '/cache/transcodes/de9627e3955cb2cab8b6950dda23497b1179.mp4' for writing
[hls @ 0x7fff730c5a00] Opening '/cache/transcodes/de9627e3955cb2cab8b6950dda23497b1180.mp4' for writing
[hls @ 0x7fff730c5a00] Opening '/cache/transcodes/de9627e3955cb2cab8b6950dda23497b1181.mp4' for writing
[hls @ 0x7fff730c5a00] Opening '/cache/transcodes/de9627e3955cb2cab8b6950dda23497b1182.mp4' for writing
[hls @ 0x7fff730c5a00] Opening '/cache/transcodes/de9627e3955cb2cab8b6950dda23497b1183.mp4' for writing
[hls @ 0x7fff730c5a00] Opening '/cache/transcodes/de9627e3955cb2cab8b6950dda23497b1184.mp4' for writing
[hls @ 0x7fff730c5a00] Opening '/cache/transcodes/de9627e3955cb2cab8b6950dda23497b1185.mp4' for writing
[hls @ 0x7fff730c5a00] Opening '/cache/transcodes/de9627e3955cb2cab8b6950dda23497b1186.mp4' for writing
[hls @ 0x7fff730c5a00] Opening '/cache/transcodes/de9627e3955cb2cab8b6950dda23497b1187.mp4' for writing
frame= 1651 fps=0.0 q=-1.0 size=N/A time=00:00:00.00 bitrate=N/A speed=   0x    
frame= 1651 fps=1651 q=-1.0 size=N/A time=00:00:00.00 bitrate=N/A speed=   0x    
frame= 1651 fps=1100 q=-1.0 size=N/A time=00:00:00.00 bitrate=N/A speed=   0x    
frame= 1651 fps=825 q=-1.0 size=N/A time=00:00:00.00 bitrate=N/A speed=   0x    
[hls @ 0x7fff730c5a00] Opening '/cache/transcodes/de9627e3955cb2cab8b6950dda23497b1188.mp4' for writing
[hls @ 0x7fff730c5a00] Opening '/cache/transcodes/de9627e3955cb2cab8b6950dda23497b1189.mp4' for writing
[hls @ 0x7fff730c5a00] Opening '/cache/transcodes/de9627e3955cb2cab8b6950dda23497b1190.mp4' for writing
[hls @ 0x7fff730c5a00] Opening '/cache/transcodes/de9627e3955cb2cab8b6950dda23497b1191.mp4' for writing
[hls @ 0x7fff730c5a00] Opening '/cache/transcodes/de9627e3955cb2cab8b6950dda23497b1192.mp4' for writing
[hls @ 0x7fff730c5a00] Opening '/cache/transcodes/de9627e3955cb2cab8b6950dda23497b1193.mp4' for writing
[hls @ 0x7fff730c5a00] Opening '/cache/transcodes/de9627e3955cb2cab8b6950dda23497b1194.mp4' for writing
[hls @ 0x7fff730c5a00] Opening '/cache/transcodes/de9627e3955cb2cab8b6950dda23497b1195.mp4' for writing
[hls @ 0x7fff730c5a00] Opening '/cache/transcodes/de9627e3955cb2cab8b6950dda23497b1196.mp4' for writing
[hls @ 0x7fff730c5a00] Opening '/cache/transcodes/de9627e3955cb2cab8b6950dda23497b1197.mp4' for writing
[hls @ 0x7fff730c5a00] Opening '/cache/transcodes/de9627e3955cb2cab8b6950dda23497b1198.mp4' for writing
[hls @ 0x7fff730c5a00] Opening '/cache/transcodes/de9627e3955cb2cab8b6950dda23497b1199.mp4' for writing
[hls @ 0x7fff730c5a00] Opening '/cache/transcodes/de9627e3955cb2cab8b6950dda23497b1200.mp4' for writing
[hls @ 0x7fff730c5a00] Opening '/cache/transcodes/de9627e3955cb2cab8b6950dda23497b1201.mp4' for writing
[hls @ 0x7fff730c5a00] Opening '/cache/transcodes/de9627e3955cb2cab8b6950dda23497b1202.mp4' for writing
[hls @ 0x7fff730c5a00] Opening '/cache/transcodes/de9627e3955cb2cab8b6950dda23497b1203.mp4' for writing
[hls @ 0x7fff730c5a00] Opening '/cache/transcodes/de9627e3955cb2cab8b6950dda23497b1204.mp4' for writing
[hls @ 0x7fff730c5a00] Opening '/cache/transcodes/de9627e3955cb2cab8b6950dda23497b1205.mp4' for writing
[hls @ 0x7fff730c5a00] Opening '/cache/transcodes/de9627e3955cb2cab8b6950dda23497b1206.mp4' for writing
[hls @ 0x7fff730c5a00] Opening '/cache/transcodes/de9627e3955cb2cab8b6950dda23497b1207.mp4' for writing
[hls @ 0x7fff730c5a00] Opening '/cache/transcodes/de9627e3955cb2cab8b6950dda23497b1208.mp4' for writing
[hls @ 0x7fff730c5a00] Opening '/cache/transcodes/de9627e3955cb2cab8b6950dda23497b1209.mp4' for writing
[hls @ 0x7fff730c5a00] Opening '/cache/transcodes/de9627e3955cb2cab8b6950dda23497b1210.mp4' for writing
[hls @ 0x7fff730c5a00] Opening '/cache/transcodes/de9627e3955cb2cab8b6950dda23497b1211.mp4' for writing
[hls @ 0x7fff730c5a00] Opening '/cache/transcodes/de9627e3955cb2cab8b6950dda23497b1212.mp4' for writing
[hls @ 0x7fff730c5a00] Opening '/cache/transcodes/de9627e3955cb2cab8b6950dda23497b1213.mp4' for writing
[hls @ 0x7fff730c5a00] Opening '/cache/transcodes/de9627e3955cb2cab8b6950dda23497b1214.mp4' for writing
[hls @ 0x7fff730c5a00] Opening '/cache/transcodes/de9627e3955cb2cab8b6950dda23497b1215.mp4' for writing
frame= 5865 fps=2345 q=-1.0 size=N/A time=00:02:48.55 bitrate=N/A speed=67.4x    
[hls @ 0x7fff730c5a00] Opening '/cache/transcodes/de9627e3955cb2cab8b6950dda23497b1216.mp4' for writing
[hls @ 0x7fff730c5a00] Opening '/cache/transcodes/de9627e3955cb2cab8b6950dda23497b1217.mp4' for writing
[hls @ 0x7fff730c5a00] Opening '/cache/transcodes/de9627e3955cb2cab8b6950dda23497b1218.mp4' for writing
[hls @ 0x7fff730c5a00] Opening '/cache/transcodes/de9627e3955cb2cab8b6950dda23497b1219.mp4' for writing
[hls @ 0x7fff730c5a00] Opening '/cache/transcodes/de9627e3955cb2cab8b6950dda23497b1220.mp4' for writing
[hls @ 0x7fff730c5a00] Opening '/cache/transcodes/de9627e3955cb2cab8b6950dda23497b1221.mp4' for writing
[hls @ 0x7fff730c5a00] Opening '/cache/transcodes/de9627e3955cb2cab8b6950dda23497b1222.mp4' for writing
[hls @ 0x7fff730c5a00] Opening '/cache/transcodes/de9627e3955cb2cab8b6950dda23497b1223.mp4' for writing
[hls @ 0x7fff730c5a00] Opening '/cache/transcodes/de9627e3955cb2cab8b6950dda23497b1224.mp4' for writing
[hls @ 0x7fff730c5a00] Opening '/cache/transcodes/de9627e3955cb2cab8b6950dda23497b1225.mp4' for writing
[hls @ 0x7fff730c5a00] Opening '/cache/transcodes/de9627e3955cb2cab8b6950dda23497b1226.mp4' for writing
[hls @ 0x7fff730c5a00] Opening '/cache/transcodes/de9627e3955cb2cab8b6950dda23497b1227.mp4' for writing
[hls @ 0x7fff730c5a00] Opening '/cache/transcodes/de9627e3955cb2cab8b6950dda23497b1228.mp4' for writing
[hls @ 0x7fff730c5a00] Opening '/cache/transcodes/de9627e3955cb2cab8b6950dda23497b1229.mp4' for writing
[hls @ 0x7fff730c5a00] Opening '/cache/transcodes/de9627e3955cb2cab8b6950dda23497b1230.mp4' for writing
[hls @ 0x7fff730c5a00] Opening '/cache/transcodes/de9627e3955cb2cab8b6950dda23497b1231.mp4' for writing
[hls @ 0x7fff730c5a00] Opening '/cache/transcodes/de9627e3955cb2cab8b6950dda23497b1232.mp4' for writing
[hls @ 0x7fff730c5a00] Opening '/cache/transcodes/de9627e3955cb2cab8b6950dda23497b1233.mp4' for writing
[hls @ 0x7fff730c5a00] Opening '/cache/transcodes/de9627e3955cb2cab8b6950dda23497b1234.mp4' for writing
[hls @ 0x7fff730c5a00] Opening '/cache/transcodes/de9627e3955cb2cab8b6950dda23497b1235.mp4' for writing
[hls @ 0x7fff730c5a00] Opening '/cache/transcodes/de9627e3955cb2cab8b6950dda23497b1236.mp4' for writing
[hls @ 0x7fff730c5a00] Opening '/cache/transcodes/de9627e3955cb2cab8b6950dda23497b1237.mp4' for writing
[hls @ 0x7fff730c5a00] Opening '/cache/transcodes/de9627e3955cb2cab8b6950dda23497b1238.mp4' for writing
[hls @ 0x7fff730c5a00] Opening '/cache/transcodes/de9627e3955cb2cab8b6950dda23497b1239.mp4' for writing
[hls @ 0x7fff730c5a00] Opening '/cache/transcodes/de9627e3955cb2cab8b6950dda23497b1240.mp4' for writing
[hls @ 0x7fff730c5a00] Opening '/cache/transcodes/de9627e3955cb2cab8b6950dda23497b1241.mp4' for writing
[hls @ 0x7fff730c5a00] Opening '/cache/transcodes/de9627e3955cb2cab8b6950dda23497b1242.mp4' for writing
[hls @ 0x7fff730c5a00] Opening '/cache/transcodes/de9627e3955cb2cab8b6950dda23497b1243.mp4' for writing
[hls @ 0x7fff730c5a00] Opening '/cache/transcodes/de9627e3955cb2cab8b6950dda23497b1244.mp4' for writing
[hls @ 0x7fff730c5a00] Opening '/cache/transcodes/de9627e3955cb2cab8b6950dda23497b1245.mp4' for writing
[hls @ 0x7fff730c5a00] Opening '/cache/transcodes/de9627e3955cb2cab8b6950dda23497b1246.mp4' for writing
[hls @ 0x7fff730c5a00] Opening '/cache/transcodes/de9627e3955cb2cab8b6950dda23497b1247.mp4' for writing
[hls @ 0x7fff730c5a00] Opening '/cache/transcodes/de9627e3955cb2cab8b6950dda23497b1248.mp4' for writing
[hls @ 0x7fff730c5a00] Opening '/cache/transcodes/de9627e3955cb2cab8b6950dda23497b1249.mp4' for writing
[hls @ 0x7fff730c5a00] Opening '/cache/transcodes/de9627e3955cb2cab8b6950dda23497b1250.mp4' for writing
[hls @ 0x7fff730c5a00] Opening '/cache/transcodes/de9627e3955cb2cab8b6950dda23497b1251.mp4' for writing
[hls @ 0x7fff730c5a00] Opening '/cache/transcodes/de9627e3955cb2cab8b6950dda23497b1252.mp4' for writing
[hls @ 0x7fff730c5a00] Opening '/cache/transcodes/de9627e3955cb2cab8b6950dda23497b1253.mp4' for writing
[hls @ 0x7fff730c5a00] Opening '/cache/transcodes/de9627e3955cb2cab8b6950dda23497b1254.mp4' for writing
[hls @ 0x7fff730c5a00] Opening '/cache/transcodes/de9627e3955cb2cab8b6950dda23497b1255.mp4' for writing
[hls @ 0x7fff730c5a00] Opening '/cache/transcodes/de9627e3955cb2cab8b6950dda23497b1256.mp4' for writing
[hls @ 0x7fff730c5a00] Opening '/cache/transcodes/de9627e3955cb2cab8b6950dda23497b1257.mp4' for writing
[hls @ 0x7fff730c5a00] Opening '/cache/transcodes/de9627e3955cb2cab8b6950dda23497b1258.mp4' for writing
[hls @ 0x7fff730c5a00] Opening '/cache/transcodes/de9627e3955cb2cab8b6950dda23497b1259.mp4' for writing
[hls @ 0x7fff730c5a00] Opening '/cache/transcodes/de9627e3955cb2cab8b6950dda23497b1260.mp4' for writing
[hls @ 0x7fff730c5a00] Opening '/cache/transcodes/de9627e3955cb2cab8b6950dda23497b1261.mp4' for writing
[hls @ 0x7fff730c5a00] Opening '/cache/transcodes/de9627e3955cb2cab8b6950dda23497b1262.mp4' for writing
frame=13018 fps=4335 q=-1.0 size=N/A time=00:07:34.65 bitrate=N/A speed= 151x    
[hls @ 0x7fff730c5a00] Opening '/cache/transcodes/de9627e3955cb2cab8b6950dda23497b1263.mp4' for writing
[hls @ 0x7fff730c5a00] Opening '/cache/transcodes/de9627e3955cb2cab8b6950dda23497b1264.mp4' for writing
[hls @ 0x7fff730c5a00] Opening '/cache/transcodes/de9627e3955cb2cab8b6950dda23497b1265.mp4' for writing
[hls @ 0x7fff730c5a00] Opening '/cache/transcodes/de9627e3955cb2cab8b6950dda23497b1266.mp4' for writing
[hls @ 0x7fff730c5a00] Opening '/cache/transcodes/de9627e3955cb2cab8b6950dda23497b1267.mp4' for writing
[hls @ 0x7fff730c5a00] Opening '/cache/transcodes/de9627e3955cb2cab8b6950dda23497b1268.mp4' for writing
[hls @ 0x7fff730c5a00] Opening '/cache/transcodes/de9627e3955cb2cab8b6950dda23497b1269.mp4' for writing
[hls @ 0x7fff730c5a00] Opening '/cache/transcodes/de9627e3955cb2cab8b6950dda23497b1270.mp4' for writing
[hls @ 0x7fff730c5a00] Opening '/cache/transcodes/de9627e3955cb2cab8b6950dda23497b1271.mp4' for writing
[hls @ 0x7fff730c5a00] Opening '/cache/transcodes/de9627e3955cb2cab8b6950dda23497b1272.mp4' for writing
[hls @ 0x7fff730c5a00] Opening '/cache/transcodes/de9627e3955cb2cab8b6950dda23497b1273.mp4' for writing
[hls @ 0x7fff730c5a00] Opening '/cache/transcodes/de9627e3955cb2cab8b6950dda23497b1274.mp4' for writing
[hls @ 0x7fff730c5a00] Opening '/cache/transcodes/de9627e3955cb2cab8b6950dda23497b1275.mp4' for writing
[hls @ 0x7fff730c5a00] Opening '/cache/transcodes/de9627e3955cb2cab8b6950dda23497b1276.mp4' for writing
[hls @ 0x7fff730c5a00] Opening '/cache/transcodes/de9627e3955cb2cab8b6950dda23497b1277.mp4' for writing
[hls @ 0x7fff730c5a00] Opening '/cache/transcodes/de9627e3955cb2cab8b6950dda23497b1278.mp4' for writing
[hls @ 0x7fff730c5a00] Opening '/cache/transcodes/de9627e3955cb2cab8b6950dda23497b1279.mp4' for writing
[hls @ 0x7fff730c5a00] Opening '/cache/transcodes/de9627e3955cb2cab8b6950dda23497b1280.mp4' for writing
[hls @ 0x7fff730c5a00] Opening '/cache/transcodes/de9627e3955cb2cab8b6950dda23497b1281.mp4' for writing
[out#0/hls @ 0x7fff7359d4c0] video:190443KiB audio:24433KiB subtitle:0KiB other streams:0KiB global headers:0KiB muxing overhead: unknown
frame=15636 fps=4899 q=-1.0 Lsize=N/A time=00:09:19.30 bitrate=N/A speed= 175x    