{"Protocol":0,"Id":"6b89fc927f36dbdcd331e35809ca39be","Path":"/Passport/Supun/Tron Ares (2025) English WEBRip-[CineSubz.co]-1080p.mp4","EncoderPath":null,"EncoderProtocol":null,"Type":0,"Container":"mov,mp4,m4a,3gp,3g2,mj2","Size":2947606014,"Name":"Tron Ares (2025) English WEBRip-[CineSubz.co]-1080p","IsRemote":false,"ETag":"be4b9d3f7d9af33caad3b4ec99a816ee","RunTimeTicks":71984640000,"ReadAtNativeFramerate":false,"IgnoreDts":false,"IgnoreIndex":false,"GenPtsInput":false,"SupportsTranscoding":true,"SupportsDirectStream":true,"SupportsDirectPlay":true,"IsInfiniteStream":false,"UseMostCompatibleTranscodingProfile":false,"RequiresOpening":false,"OpenToken":null,"RequiresClosing":false,"LiveStreamId":null,"BufferMs":null,"RequiresLooping":false,"SupportsProbing":true,"VideoType":0,"IsoType":null,"Video3DFormat":null,"MediaStreams":[{"Codec":"h264","CodecTag":"avc1","Language":"eng","ColorRange":null,"ColorSpace":null,"ColorTransfer":null,"ColorPrimaries":null,"DvVersionMajor":null,"DvVersionMinor":null,"DvProfile":null,"DvLevel":null,"RpuPresentFlag":null,"ElPresentFlag":null,"BlPresentFlag":null,"DvBlSignalCompatibilityId":null,"Rotation":null,"Comment":null,"TimeBase":"1/12288","CodecTimeBase":null,"Title":null,"Hdr10PlusPresentFlag":null,"VideoRange":1,"VideoRangeType":1,"VideoDoViTitle":null,"AudioSpatialFormat":0,"LocalizedUndefined":null,"LocalizedDefault":null,"LocalizedForced":null,"LocalizedExternal":null,"LocalizedHearingImpaired":null,"DisplayTitle":"1080p H264 SDR","NalLengthSize":"4","IsInterlaced":false,"IsAVC":true,"ChannelLayout":null,"BitRate":2951682,"BitDepth":8,"RefFrames":1,"PacketLength":null,"Channels":null,"SampleRate":null,"IsDefault":true,"IsForced":false,"IsHearingImpaired":false,"Height":1080,"Width":1920,"AverageFrameRate":24,"RealFrameRate":24,"ReferenceFrameRate":24,"Profile":"High","Type":1,"AspectRatio":"2.40:1","Index":0,"Score":null,"IsExternal":false,"DeliveryMethod":null,"DeliveryUrl":null,"IsExternalUrl":null,"IsTextSubtitleStream":false,"SupportsExternalStream":false,"Path":null,"PixelFormat":"yuv420p","Level":40,"IsAnamorphic":true},{"Codec":"aac","CodecTag":"mp4a","Language":"eng","ColorRange":null,"ColorSpace":null,"ColorTransfer":null,"ColorPrimaries":null,"DvVersionMajor":null,"DvVersionMinor":null,"DvProfile":null,"DvLevel":null,"RpuPresentFlag":null,"ElPresentFlag":null,"BlPresentFlag":null,"DvBlSignalCompatibilityId":null,"Rotation":null,"Comment":null,"TimeBase":"1/48000","CodecTimeBase":null,"Title":null,"Hdr10PlusPresentFlag":null,"VideoRange":0,"VideoRangeType":0,"VideoDoViTitle":null,"AudioSpatialFormat":0,"LocalizedUndefined":null,"LocalizedDefault":"Default","LocalizedForced":null,"LocalizedExternal":"External","LocalizedHearingImpaired":null,"DisplayTitle":"English - AAC - 5.1 - Default","NalLengthSize":null,"IsInterlaced":false,"IsAVC":false,"ChannelLayout":"5.1","BitRate":319999,"BitDepth":null,"RefFrames":null,"PacketLength":null,"Channels":6,"SampleRate":48000,"IsDefault":true,"IsForced":false,"IsHearingImpaired":false,"Height":null,"Width":null,"AverageFrameRate":null,"RealFrameRate":null,"ReferenceFrameRate":null,"Profile":"LC","Type":0,"AspectRatio":null,"Index":1,"Score":null,"IsExternal":false,"DeliveryMethod":null,"DeliveryUrl":null,"IsExternalUrl":null,"IsTextSubtitleStream":false,"SupportsExternalStream":false,"Path":null,"PixelFormat":null,"Level":0,"IsAnamorphic":null}],"MediaAttachments":[],"Formats":[],"Bitrate":3275816,"FallbackMaxStreamingBitrate":null,"Timestamp":null,"RequiredHttpHeaders":{},"TranscodingUrl":null,"TranscodingSubProtocol":0,"TranscodingContainer":null,"AnalyzeDurationMs":null,"DefaultAudioStreamIndex":null,"DefaultSubtitleStreamIndex":null,"HasSegments":false}

/usr/lib/jellyfin-ffmpeg/ffmpeg -analyzeduration 200M -probesize 1G -ss 01:04:48.500 -noaccurate_seek -fflags +genpts -f mov,mp4,m4a,3gp,3g2,mj2  -i file:"/Passport/Supun/Tron Ares (2025) English WEBRip-[CineSubz.co]-1080p.mp4" -map_metadata -1 -map_chapters -1 -threads 0 -map 0:0 -map 0:1 -map -0:s -codec:v:0 copy -bsf:v h264_mp4toannexb -start_at_zero -codec:a:0 copy -copyts -avoid_negative_ts disabled -max_muxing_queue_size 2048 -f hls -max_delay 5000000 -hls_time 6 -hls_segment_type fmp4 -hls_fmp4_init_filename "3d02a134ae405fc96401befb183fbd13-1.mp4" -start_number 648 -hls_segment_filename "/cache/transcodes/3d02a134ae405fc96401befb183fbd13%d.mp4" -hls_playlist_type vod -hls_list_size 0 -hls_segment_options movflags=+frag_discont -y "/cache/transcodes/3d02a134ae405fc96401befb183fbd13.m3u8"


ffmpeg version 7.1.3-Jellyfin Copyright (c) 2000-2025 the FFmpeg developers
  built with gcc 14 (Debian 14.2.0-19)
  configuration: --prefix=/usr/lib/jellyfin-ffmpeg --target-os=linux --extra-version=Jellyfin --disable-doc --disable-ffplay --disable-static --disable-libxcb --disable-sdl2 --disable-xlib --enable-lto=auto --enable-gpl --enable-version3 --enable-shared --enable-gmp --enable-gnutls --enable-chromaprint --enable-opencl --enable-libdrm --enable-libxml2 --enable-libass --enable-libfreetype --enable-libfribidi --enable-libfontconfig --enable-libharfbuzz --enable-libbluray --enable-libmp3lame --enable-libopus --enable-libtheora --enable-libvorbis --enable-libopenmpt --enable-libdav1d --enable-libsvtav1 --enable-libwebp --enable-libvpx --enable-libx264 --enable-libx265 --enable-libzvbi --enable-libzimg --enable-libfdk-aac --arch=arm64 --cross-prefix=/usr/bin/aarch64-linux-gnu- --toolchain=hardened --enable-cross-compile --enable-rkmpp --enable-rkrga --enable-ffnvcodec --enable-cuda --enable-cuda-llvm --enable-cuvid --enable-nvdec --enable-nvenc
  libavutil      59. 39.100 / 59. 39.100
  libavcodec     61. 19.101 / 61. 19.101
  libavformat    61.  7.100 / 61.  7.100
  libavdevice    61.  3.100 / 61.  3.100
  libavfilter    10.  4.100 / 10.  4.100
  libswscale      8.  3.100 /  8.  3.100
  libswresample   5.  3.100 /  5.  3.100
  libpostproc    58.  3.100 / 58.  3.100
Input #0, mov,mp4,m4a,3gp,3g2,mj2, from 'file:/Passport/Supun/Tron Ares (2025) English WEBRip-[CineSubz.co]-1080p.mp4':
  Metadata:
    major_brand     : isom
    minor_version   : 512
    compatible_brands: isomiso2avc1mp41
    encoder         : Lavf56.25.101
  Duration: 01:59:58.46, start: 0.000000, bitrate: 3275 kb/s
  Stream #0:0[0x1](eng): Video: h264 (High) (avc1 / 0x31637661), yuv420p(progressive), 1920x1080 [SAR 27:20 DAR 12:5], 2951 kb/s, 24 fps, 24 tbr, 12288 tbn (default)
      Metadata:
        handler_name    : VideoHandler
        vendor_id       : [0][0][0][0]
  Stream #0:1[0x2](eng): Audio: aac (LC) (mp4a / 0x6134706D), 48000 Hz, 5.1, fltp, 319 kb/s (default)
      Metadata:
        handler_name    : SoundHandler
        vendor_id       : [0][0][0][0]
Stream mapping:
  Stream #0:0 -> #0:0 (copy)
  Stream #0:1 -> #0:1 (copy)
[hls @ 0x7ffeb96c5a00] Opening '/cache/transcodes/3d02a134ae405fc96401befb183fbd13-1.mp4' for writing
Output #0, hls, to '/cache/transcodes/3d02a134ae405fc96401befb183fbd13.m3u8':
  Metadata:
    encoder         : Lavf61.7.100
  Stream #0:0: Video: h264 (High) (avc1 / 0x31637661), yuv420p(progressive), 1920x1080 [SAR 27:20 DAR 12:5], q=2-31, 2951 kb/s, 24 fps, 24 tbr, 12288 tbn (default)
  Stream #0:1: Audio: aac (LC) (mp4a / 0x6134706D), 48000 Hz, 5.1, fltp, 319 kb/s (default)
Press [q] to stop, [?] for help
[hls @ 0x7ffeb96c5a00] Opening '/cache/transcodes/3d02a134ae405fc96401befb183fbd13648.mp4' for writing
[hls @ 0x7ffeb96c5a00] Opening '/cache/transcodes/3d02a134ae405fc96401befb183fbd13649.mp4' for writing
[hls @ 0x7ffeb96c5a00] Opening '/cache/transcodes/3d02a134ae405fc96401befb183fbd13650.mp4' for writing
[hls @ 0x7ffeb96c5a00] Opening '/cache/transcodes/3d02a134ae405fc96401befb183fbd13651.mp4' for writing
[hls @ 0x7ffeb96c5a00] Opening '/cache/transcodes/3d02a134ae405fc96401befb183fbd13652.mp4' for writing
[hls @ 0x7ffeb96c5a00] Opening '/cache/transcodes/3d02a134ae405fc96401befb183fbd13653.mp4' for writing
[hls @ 0x7ffeb96c5a00] Opening '/cache/transcodes/3d02a134ae405fc96401befb183fbd13654.mp4' for writing
[hls @ 0x7ffeb96c5a00] Opening '/cache/transcodes/3d02a134ae405fc96401befb183fbd13655.mp4' for writing
[hls @ 0x7ffeb96c5a00] Opening '/cache/transcodes/3d02a134ae405fc96401befb183fbd13656.mp4' for writing
[hls @ 0x7ffeb96c5a00] Opening '/cache/transcodes/3d02a134ae405fc96401befb183fbd13657.mp4' for writing
[hls @ 0x7ffeb96c5a00] Opening '/cache/transcodes/3d02a134ae405fc96401befb183fbd13658.mp4' for writing
[hls @ 0x7ffeb96c5a00] Opening '/cache/transcodes/3d02a134ae405fc96401befb183fbd13659.mp4' for writing
[hls @ 0x7ffeb96c5a00] Opening '/cache/transcodes/3d02a134ae405fc96401befb183fbd13660.mp4' for writing
[hls @ 0x7ffeb96c5a00] Opening '/cache/transcodes/3d02a134ae405fc96401befb183fbd13661.mp4' for writing
[hls @ 0x7ffeb96c5a00] Opening '/cache/transcodes/3d02a134ae405fc96401befb183fbd13662.mp4' for writing
[hls @ 0x7ffeb96c5a00] Opening '/cache/transcodes/3d02a134ae405fc96401befb183fbd13663.mp4' for writing
[hls @ 0x7ffeb96c5a00] Opening '/cache/transcodes/3d02a134ae405fc96401befb183fbd13664.mp4' for writing
[hls @ 0x7ffeb96c5a00] Opening '/cache/transcodes/3d02a134ae405fc96401befb183fbd13665.mp4' for writing
[hls @ 0x7ffeb96c5a00] Opening '/cache/transcodes/3d02a134ae405fc96401befb183fbd13666.mp4' for writing
[hls @ 0x7ffeb96c5a00] Opening '/cache/transcodes/3d02a134ae405fc96401befb183fbd13667.mp4' for writing
[hls @ 0x7ffeb96c5a00] Opening '/cache/transcodes/3d02a134ae405fc96401befb183fbd13668.mp4' for writing
[hls @ 0x7ffeb96c5a00] Opening '/cache/transcodes/3d02a134ae405fc96401befb183fbd13669.mp4' for writing
[hls @ 0x7ffeb96c5a00] Opening '/cache/transcodes/3d02a134ae405fc96401befb183fbd13670.mp4' for writing
[hls @ 0x7ffeb96c5a00] Opening '/cache/transcodes/3d02a134ae405fc96401befb183fbd13671.mp4' for writing
frame= 3559 fps=0.0 q=-1.0 size=N/A time=00:00:00.00 bitrate=N/A speed=   0x    
[hls @ 0x7ffeb96c5a00] Opening '/cache/transcodes/3d02a134ae405fc96401befb183fbd13672.mp4' for writing
[hls @ 0x7ffeb96c5a00] Opening '/cache/transcodes/3d02a134ae405fc96401befb183fbd13673.mp4' for writing
[hls @ 0x7ffeb96c5a00] Opening '/cache/transcodes/3d02a134ae405fc96401befb183fbd13674.mp4' for writing
[hls @ 0x7ffeb96c5a00] Opening '/cache/transcodes/3d02a134ae405fc96401befb183fbd13675.mp4' for writing
[hls @ 0x7ffeb96c5a00] Opening '/cache/transcodes/3d02a134ae405fc96401befb183fbd13676.mp4' for writing
[hls @ 0x7ffeb96c5a00] Opening '/cache/transcodes/3d02a134ae405fc96401befb183fbd13677.mp4' for writing
[hls @ 0x7ffeb96c5a00] Opening '/cache/transcodes/3d02a134ae405fc96401befb183fbd13678.mp4' for writing
[hls @ 0x7ffeb96c5a00] Opening '/cache/transcodes/3d02a134ae405fc96401befb183fbd13679.mp4' for writing
[hls @ 0x7ffeb96c5a00] Opening '/cache/transcodes/3d02a134ae405fc96401befb183fbd13680.mp4' for writing
[hls @ 0x7ffeb96c5a00] Opening '/cache/transcodes/3d02a134ae405fc96401befb183fbd13681.mp4' for writing
[hls @ 0x7ffeb96c5a00] Opening '/cache/transcodes/3d02a134ae405fc96401befb183fbd13682.mp4' for writing
[hls @ 0x7ffeb96c5a00] Opening '/cache/transcodes/3d02a134ae405fc96401befb183fbd13683.mp4' for writing
[hls @ 0x7ffeb96c5a00] Opening '/cache/transcodes/3d02a134ae405fc96401befb183fbd13684.mp4' for writing
[hls @ 0x7ffeb96c5a00] Opening '/cache/transcodes/3d02a134ae405fc96401befb183fbd13685.mp4' for writing
[hls @ 0x7ffeb96c5a00] Opening '/cache/transcodes/3d02a134ae405fc96401befb183fbd13686.mp4' for writing
[hls @ 0x7ffeb96c5a00] Opening '/cache/transcodes/3d02a134ae405fc96401befb183fbd13687.mp4' for writing
[hls @ 0x7ffeb96c5a00] Opening '/cache/transcodes/3d02a134ae405fc96401befb183fbd13688.mp4' for writing
[hls @ 0x7ffeb96c5a00] Opening '/cache/transcodes/3d02a134ae405fc96401befb183fbd13689.mp4' for writing
[hls @ 0x7ffeb96c5a00] Opening '/cache/transcodes/3d02a134ae405fc96401befb183fbd13690.mp4' for writing
[hls @ 0x7ffeb96c5a00] Opening '/cache/transcodes/3d02a134ae405fc96401befb183fbd13691.mp4' for writing
[hls @ 0x7ffeb96c5a00] Opening '/cache/transcodes/3d02a134ae405fc96401befb183fbd13692.mp4' for writing
[hls @ 0x7ffeb96c5a00] Opening '/cache/transcodes/3d02a134ae405fc96401befb183fbd13693.mp4' for writing
[hls @ 0x7ffeb96c5a00] Opening '/cache/transcodes/3d02a134ae405fc96401befb183fbd13694.mp4' for writing
[hls @ 0x7ffeb96c5a00] Opening '/cache/transcodes/3d02a134ae405fc96401befb183fbd13695.mp4' for writing
[hls @ 0x7ffeb96c5a00] Opening '/cache/transcodes/3d02a134ae405fc96401befb183fbd13696.mp4' for writing
[hls @ 0x7ffeb96c5a00] Opening '/cache/transcodes/3d02a134ae405fc96401befb183fbd13697.mp4' for writing
[hls @ 0x7ffeb96c5a00] Opening '/cache/transcodes/3d02a134ae405fc96401befb183fbd13698.mp4' for writing
[hls @ 0x7ffeb96c5a00] Opening '/cache/transcodes/3d02a134ae405fc96401befb183fbd13699.mp4' for writing
[hls @ 0x7ffeb96c5a00] Opening '/cache/transcodes/3d02a134ae405fc96401befb183fbd13700.mp4' for writing
[hls @ 0x7ffeb96c5a00] Opening '/cache/transcodes/3d02a134ae405fc96401befb183fbd13701.mp4' for writing
[hls @ 0x7ffeb96c5a00] Opening '/cache/transcodes/3d02a134ae405fc96401befb183fbd13702.mp4' for writing
[hls @ 0x7ffeb96c5a00] Opening '/cache/transcodes/3d02a134ae405fc96401befb183fbd13703.mp4' for writing
[hls @ 0x7ffeb96c5a00] Opening '/cache/transcodes/3d02a134ae405fc96401befb183fbd13704.mp4' for writing
[hls @ 0x7ffeb96c5a00] Opening '/cache/transcodes/3d02a134ae405fc96401befb183fbd13705.mp4' for writing
[hls @ 0x7ffeb96c5a00] Opening '/cache/transcodes/3d02a134ae405fc96401befb183fbd13706.mp4' for writing
[hls @ 0x7ffeb96c5a00] Opening '/cache/transcodes/3d02a134ae405fc96401befb183fbd13707.mp4' for writing
[hls @ 0x7ffeb96c5a00] Opening '/cache/transcodes/3d02a134ae405fc96401befb183fbd13708.mp4' for writing
[hls @ 0x7ffeb96c5a00] Opening '/cache/transcodes/3d02a134ae405fc96401befb183fbd13709.mp4' for writing
[hls @ 0x7ffeb96c5a00] Opening '/cache/transcodes/3d02a134ae405fc96401befb183fbd13710.mp4' for writing
frame= 9217 fps=9215 q=-1.0 size=N/A time=00:03:55.84 bitrate=N/A speed= 236x    
[hls @ 0x7ffeb96c5a00] Opening '/cache/transcodes/3d02a134ae405fc96401befb183fbd13711.mp4' for writing
[hls @ 0x7ffeb96c5a00] Opening '/cache/transcodes/3d02a134ae405fc96401befb183fbd13712.mp4' for writing
[hls @ 0x7ffeb96c5a00] Opening '/cache/transcodes/3d02a134ae405fc96401befb183fbd13713.mp4' for writing
[hls @ 0x7ffeb96c5a00] Opening '/cache/transcodes/3d02a134ae405fc96401befb183fbd13714.mp4' for writing
[hls @ 0x7ffeb96c5a00] Opening '/cache/transcodes/3d02a134ae405fc96401befb183fbd13715.mp4' for writing
[hls @ 0x7ffeb96c5a00] Opening '/cache/transcodes/3d02a134ae405fc96401befb183fbd13716.mp4' for writing
[hls @ 0x7ffeb96c5a00] Opening '/cache/transcodes/3d02a134ae405fc96401befb183fbd13717.mp4' for writing
[hls @ 0x7ffeb96c5a00] Opening '/cache/transcodes/3d02a134ae405fc96401befb183fbd13718.mp4' for writing
[hls @ 0x7ffeb96c5a00] Opening '/cache/transcodes/3d02a134ae405fc96401befb183fbd13719.mp4' for writing
[hls @ 0x7ffeb96c5a00] Opening '/cache/transcodes/3d02a134ae405fc96401befb183fbd13720.mp4' for writing
[hls @ 0x7ffeb96c5a00] Opening '/cache/transcodes/3d02a134ae405fc96401befb183fbd13721.mp4' for writing
[hls @ 0x7ffeb96c5a00] Opening '/cache/transcodes/3d02a134ae405fc96401befb183fbd13722.mp4' for writing
[hls @ 0x7ffeb96c5a00] Opening '/cache/transcodes/3d02a134ae405fc96401befb183fbd13723.mp4' for writing
[hls @ 0x7ffeb96c5a00] Opening '/cache/transcodes/3d02a134ae405fc96401befb183fbd13724.mp4' for writing
[hls @ 0x7ffeb96c5a00] Opening '/cache/transcodes/3d02a134ae405fc96401befb183fbd13725.mp4' for writing
[hls @ 0x7ffeb96c5a00] Opening '/cache/transcodes/3d02a134ae405fc96401befb183fbd13726.mp4' for writing
[hls @ 0x7ffeb96c5a00] Opening '/cache/transcodes/3d02a134ae405fc96401befb183fbd13727.mp4' for writing
[hls @ 0x7ffeb96c5a00] Opening '/cache/transcodes/3d02a134ae405fc96401befb183fbd13728.mp4' for writing
[hls @ 0x7ffeb96c5a00] Opening '/cache/transcodes/3d02a134ae405fc96401befb183fbd13729.mp4' for writing
[hls @ 0x7ffeb96c5a00] Opening '/cache/transcodes/3d02a134ae405fc96401befb183fbd13730.mp4' for writing
[hls @ 0x7ffeb96c5a00] Opening '/cache/transcodes/3d02a134ae405fc96401befb183fbd13731.mp4' for writing
[hls @ 0x7ffeb96c5a00] Opening '/cache/transcodes/3d02a134ae405fc96401befb183fbd13732.mp4' for writing
[hls @ 0x7ffeb96c5a00] Opening '/cache/transcodes/3d02a134ae405fc96401befb183fbd13733.mp4' for writing
[hls @ 0x7ffeb96c5a00] Opening '/cache/transcodes/3d02a134ae405fc96401befb183fbd13734.mp4' for writing
[hls @ 0x7ffeb96c5a00] Opening '/cache/transcodes/3d02a134ae405fc96401befb183fbd13735.mp4' for writing
[hls @ 0x7ffeb96c5a00] Opening '/cache/transcodes/3d02a134ae405fc96401befb183fbd13736.mp4' for writing
[hls @ 0x7ffeb96c5a00] Opening '/cache/transcodes/3d02a134ae405fc96401befb183fbd13737.mp4' for writing
[hls @ 0x7ffeb96c5a00] Opening '/cache/transcodes/3d02a134ae405fc96401befb183fbd13738.mp4' for writing
[hls @ 0x7ffeb96c5a00] Opening '/cache/transcodes/3d02a134ae405fc96401befb183fbd13739.mp4' for writing
[hls @ 0x7ffeb96c5a00] Opening '/cache/transcodes/3d02a134ae405fc96401befb183fbd13740.mp4' for writing
[hls @ 0x7ffeb96c5a00] Opening '/cache/transcodes/3d02a134ae405fc96401befb183fbd13741.mp4' for writing
[hls @ 0x7ffeb96c5a00] Opening '/cache/transcodes/3d02a134ae405fc96401befb183fbd13742.mp4' for writing
[hls @ 0x7ffeb96c5a00] Opening '/cache/transcodes/3d02a134ae405fc96401befb183fbd13743.mp4' for writing
[hls @ 0x7ffeb96c5a00] Opening '/cache/transcodes/3d02a134ae405fc96401befb183fbd13744.mp4' for writing
[hls @ 0x7ffeb96c5a00] Opening '/cache/transcodes/3d02a134ae405fc96401befb183fbd13745.mp4' for writing
[hls @ 0x7ffeb96c5a00] Opening '/cache/transcodes/3d02a134ae405fc96401befb183fbd13746.mp4' for writing
[hls @ 0x7ffeb96c5a00] Opening '/cache/transcodes/3d02a134ae405fc96401befb183fbd13747.mp4' for writing
[hls @ 0x7ffeb96c5a00] Opening '/cache/transcodes/3d02a134ae405fc96401befb183fbd13748.mp4' for writing
[hls @ 0x7ffeb96c5a00] Opening '/cache/transcodes/3d02a134ae405fc96401befb183fbd13749.mp4' for writing
[hls @ 0x7ffeb96c5a00] Opening '/cache/transcodes/3d02a134ae405fc96401befb183fbd13750.mp4' for writing
[hls @ 0x7ffeb96c5a00] Opening '/cache/transcodes/3d02a134ae405fc96401befb183fbd13751.mp4' for writing
frame=15095 fps=10061 q=-1.0 size=N/A time=00:08:00.77 bitrate=N/A speed= 320x    
[hls @ 0x7ffeb96c5a00] Opening '/cache/transcodes/3d02a134ae405fc96401befb183fbd13752.mp4' for writing
[hls @ 0x7ffeb96c5a00] Opening '/cache/transcodes/3d02a134ae405fc96401befb183fbd13753.mp4' for writing
[hls @ 0x7ffeb96c5a00] Opening '/cache/transcodes/3d02a134ae405fc96401befb183fbd13754.mp4' for writing
[hls @ 0x7ffeb96c5a00] Opening '/cache/transcodes/3d02a134ae405fc96401befb183fbd13755.mp4' for writing
[hls @ 0x7ffeb96c5a00] Opening '/cache/transcodes/3d02a134ae405fc96401befb183fbd13756.mp4' for writing
[hls @ 0x7ffeb96c5a00] Opening '/cache/transcodes/3d02a134ae405fc96401befb183fbd13757.mp4' for writing
[hls @ 0x7ffeb96c5a00] Opening '/cache/transcodes/3d02a134ae405fc96401befb183fbd13758.mp4' for writing
[hls @ 0x7ffeb96c5a00] Opening '/cache/transcodes/3d02a134ae405fc96401befb183fbd13759.mp4' for writing
[hls @ 0x7ffeb96c5a00] Opening '/cache/transcodes/3d02a134ae405fc96401befb183fbd13760.mp4' for writing
[hls @ 0x7ffeb96c5a00] Opening '/cache/transcodes/3d02a134ae405fc96401befb183fbd13761.mp4' for writing
[hls @ 0x7ffeb96c5a00] Opening '/cache/transcodes/3d02a134ae405fc96401befb183fbd13762.mp4' for writing
[hls @ 0x7ffeb96c5a00] Opening '/cache/transcodes/3d02a134ae405fc96401befb183fbd13763.mp4' for writing
[hls @ 0x7ffeb96c5a00] Opening '/cache/transcodes/3d02a134ae405fc96401befb183fbd13764.mp4' for writing
[hls @ 0x7ffeb96c5a00] Opening '/cache/transcodes/3d02a134ae405fc96401befb183fbd13765.mp4' for writing
[hls @ 0x7ffeb96c5a00] Opening '/cache/transcodes/3d02a134ae405fc96401befb183fbd13766.mp4' for writing
[hls @ 0x7ffeb96c5a00] Opening '/cache/transcodes/3d02a134ae405fc96401befb183fbd13767.mp4' for writing
[hls @ 0x7ffeb96c5a00] Opening '/cache/transcodes/3d02a134ae405fc96401befb183fbd13768.mp4' for writing
[hls @ 0x7ffeb96c5a00] Opening '/cache/transcodes/3d02a134ae405fc96401befb183fbd13769.mp4' for writing
[hls @ 0x7ffeb96c5a00] Opening '/cache/transcodes/3d02a134ae405fc96401befb183fbd13770.mp4' for writing
[hls @ 0x7ffeb96c5a00] Opening '/cache/transcodes/3d02a134ae405fc96401befb183fbd13771.mp4' for writing
[hls @ 0x7ffeb96c5a00] Opening '/cache/transcodes/3d02a134ae405fc96401befb183fbd13772.mp4' for writing
[hls @ 0x7ffeb96c5a00] Opening '/cache/transcodes/3d02a134ae405fc96401befb183fbd13773.mp4' for writing
[hls @ 0x7ffeb96c5a00] Opening '/cache/transcodes/3d02a134ae405fc96401befb183fbd13774.mp4' for writing
[hls @ 0x7ffeb96c5a00] Opening '/cache/transcodes/3d02a134ae405fc96401befb183fbd13775.mp4' for writing
[hls @ 0x7ffeb96c5a00] Opening '/cache/transcodes/3d02a134ae405fc96401befb183fbd13776.mp4' for writing
[hls @ 0x7ffeb96c5a00] Opening '/cache/transcodes/3d02a134ae405fc96401befb183fbd13777.mp4' for writing
[hls @ 0x7ffeb96c5a00] Opening '/cache/transcodes/3d02a134ae405fc96401befb183fbd13778.mp4' for writing
[hls @ 0x7ffeb96c5a00] Opening '/cache/transcodes/3d02a134ae405fc96401befb183fbd13779.mp4' for writing
[hls @ 0x7ffeb96c5a00] Opening '/cache/transcodes/3d02a134ae405fc96401befb183fbd13780.mp4' for writing
[hls @ 0x7ffeb96c5a00] Opening '/cache/transcodes/3d02a134ae405fc96401befb183fbd13781.mp4' for writing
[hls @ 0x7ffeb96c5a00] Opening '/cache/transcodes/3d02a134ae405fc96401befb183fbd13782.mp4' for writing
[hls @ 0x7ffeb96c5a00] Opening '/cache/transcodes/3d02a134ae405fc96401befb183fbd13783.mp4' for writing
[hls @ 0x7ffeb96c5a00] Opening '/cache/transcodes/3d02a134ae405fc96401befb183fbd13784.mp4' for writing
[hls @ 0x7ffeb96c5a00] Opening '/cache/transcodes/3d02a134ae405fc96401befb183fbd13785.mp4' for writing
[hls @ 0x7ffeb96c5a00] Opening '/cache/transcodes/3d02a134ae405fc96401befb183fbd13786.mp4' for writing
frame=20020 fps=10007 q=-1.0 size=N/A time=00:11:25.97 bitrate=N/A speed= 343x    
[hls @ 0x7ffeb96c5a00] Opening '/cache/transcodes/3d02a134ae405fc96401befb183fbd13787.mp4' for writing
[hls @ 0x7ffeb96c5a00] Opening '/cache/transcodes/3d02a134ae405fc96401befb183fbd13788.mp4' for writing
[hls @ 0x7ffeb96c5a00] Opening '/cache/transcodes/3d02a134ae405fc96401befb183fbd13789.mp4' for writing
[hls @ 0x7ffeb96c5a00] Opening '/cache/transcodes/3d02a134ae405fc96401befb183fbd13790.mp4' for writing
[hls @ 0x7ffeb96c5a00] Opening '/cache/transcodes/3d02a134ae405fc96401befb183fbd13791.mp4' for writing
[hls @ 0x7ffeb96c5a00] Opening '/cache/transcodes/3d02a134ae405fc96401befb183fbd13792.mp4' for writing
[hls @ 0x7ffeb96c5a00] Opening '/cache/transcodes/3d02a134ae405fc96401befb183fbd13793.mp4' for writing
[hls @ 0x7ffeb96c5a00] Opening '/cache/transcodes/3d02a134ae405fc96401befb183fbd13794.mp4' for writing
[hls @ 0x7ffeb96c5a00] Opening '/cache/transcodes/3d02a134ae405fc96401befb183fbd13795.mp4' for writing
[hls @ 0x7ffeb96c5a00] Opening '/cache/transcodes/3d02a134ae405fc96401befb183fbd13796.mp4' for writing
[hls @ 0x7ffeb96c5a00] Opening '/cache/transcodes/3d02a134ae405fc96401befb183fbd13797.mp4' for writing
[hls @ 0x7ffeb96c5a00] Opening '/cache/transcodes/3d02a134ae405fc96401befb183fbd13798.mp4' for writing
[hls @ 0x7ffeb96c5a00] Opening '/cache/transcodes/3d02a134ae405fc96401befb183fbd13799.mp4' for writing
[hls @ 0x7ffeb96c5a00] Opening '/cache/transcodes/3d02a134ae405fc96401befb183fbd13800.mp4' for writing
[hls @ 0x7ffeb96c5a00] Opening '/cache/transcodes/3d02a134ae405fc96401befb183fbd13801.mp4' for writing
[hls @ 0x7ffeb96c5a00] Opening '/cache/transcodes/3d02a134ae405fc96401befb183fbd13802.mp4' for writing
[hls @ 0x7ffeb96c5a00] Opening '/cache/transcodes/3d02a134ae405fc96401befb183fbd13803.mp4' for writing
[hls @ 0x7ffeb96c5a00] Opening '/cache/transcodes/3d02a134ae405fc96401befb183fbd13804.mp4' for writing
[hls @ 0x7ffeb96c5a00] Opening '/cache/transcodes/3d02a134ae405fc96401befb183fbd13805.mp4' for writing
[hls @ 0x7ffeb96c5a00] Opening '/cache/transcodes/3d02a134ae405fc96401befb183fbd13806.mp4' for writing
[hls @ 0x7ffeb96c5a00] Opening '/cache/transcodes/3d02a134ae405fc96401befb183fbd13807.mp4' for writing
[hls @ 0x7ffeb96c5a00] Opening '/cache/transcodes/3d02a134ae405fc96401befb183fbd13808.mp4' for writing
[hls @ 0x7ffeb96c5a00] Opening '/cache/transcodes/3d02a134ae405fc96401befb183fbd13809.mp4' for writing
[hls @ 0x7ffeb96c5a00] Opening '/cache/transcodes/3d02a134ae405fc96401befb183fbd13810.mp4' for writing
[hls @ 0x7ffeb96c5a00] Opening '/cache/transcodes/3d02a134ae405fc96401befb183fbd13811.mp4' for writing
[hls @ 0x7ffeb96c5a00] Opening '/cache/transcodes/3d02a134ae405fc96401befb183fbd13812.mp4' for writing
[hls @ 0x7ffeb96c5a00] Opening '/cache/transcodes/3d02a134ae405fc96401befb183fbd13813.mp4' for writing
[hls @ 0x7ffeb96c5a00] Opening '/cache/transcodes/3d02a134ae405fc96401befb183fbd13814.mp4' for writing
[hls @ 0x7ffeb96c5a00] Opening '/cache/transcodes/3d02a134ae405fc96401befb183fbd13815.mp4' for writing
[hls @ 0x7ffeb96c5a00] Opening '/cache/transcodes/3d02a134ae405fc96401befb183fbd13816.mp4' for writing
[hls @ 0x7ffeb96c5a00] Opening '/cache/transcodes/3d02a134ae405fc96401befb183fbd13817.mp4' for writing
[hls @ 0x7ffeb96c5a00] Opening '/cache/transcodes/3d02a134ae405fc96401befb183fbd13818.mp4' for writing
[hls @ 0x7ffeb96c5a00] Opening '/cache/transcodes/3d02a134ae405fc96401befb183fbd13819.mp4' for writing
[hls @ 0x7ffeb96c5a00] Opening '/cache/transcodes/3d02a134ae405fc96401befb183fbd13820.mp4' for writing
[hls @ 0x7ffeb96c5a00] Opening '/cache/transcodes/3d02a134ae405fc96401befb183fbd13821.mp4' for writing
[hls @ 0x7ffeb96c5a00] Opening '/cache/transcodes/3d02a134ae405fc96401befb183fbd13822.mp4' for writing
[hls @ 0x7ffeb96c5a00] Opening '/cache/transcodes/3d02a134ae405fc96401befb183fbd13823.mp4' for writing
[hls @ 0x7ffeb96c5a00] Opening '/cache/transcodes/3d02a134ae405fc96401befb183fbd13824.mp4' for writing
[hls @ 0x7ffeb96c5a00] Opening '/cache/transcodes/3d02a134ae405fc96401befb183fbd13825.mp4' for writing
[hls @ 0x7ffeb96c5a00] Opening '/cache/transcodes/3d02a134ae405fc96401befb183fbd13826.mp4' for writing
[hls @ 0x7ffeb96c5a00] Opening '/cache/transcodes/3d02a134ae405fc96401befb183fbd13827.mp4' for writing
[hls @ 0x7ffeb96c5a00] Opening '/cache/transcodes/3d02a134ae405fc96401befb183fbd13828.mp4' for writing
[hls @ 0x7ffeb96c5a00] Opening '/cache/transcodes/3d02a134ae405fc96401befb183fbd13829.mp4' for writing
[hls @ 0x7ffeb96c5a00] Opening '/cache/transcodes/3d02a134ae405fc96401befb183fbd13830.mp4' for writing


[q] command received. Exiting.

[hls @ 0x7ffeb96c5a00] Opening '/cache/transcodes/3d02a134ae405fc96401befb183fbd13831.mp4' for writing
[hls @ 0x7ffeb96c5a00] Opening '/cache/transcodes/3d02a134ae405fc96401befb183fbd13832.mp4' for writing
[out#0/hls @ 0x7ffeb9b9d4c0] video:397721KiB audio:43140KiB subtitle:0KiB other streams:0KiB global headers:0KiB muxing overhead: unknown
frame=26505 fps=5038 q=-1.0 Lsize=N/A time=00:15:56.08 bitrate=N/A speed= 182x    