{"Protocol":0,"Id":"9c5e2f69a31134a97ce84e241f66a477","Path":"/Passport/Supun/Jatadhara (2025) Telugu WEB-DL-[CineSubz.co]-1080p.mp4","EncoderPath":null,"EncoderProtocol":null,"Type":0,"Container":"mov,mp4,m4a,3gp,3g2,mj2","Size":3188955059,"Name":"Jatadhara (2025) Telugu WEB-DL-[CineSubz.co]-1080p","IsRemote":false,"ETag":"835318dc1361146021fe0c3562a5679b","RunTimeTicks":76879040000,"ReadAtNativeFramerate":false,"IgnoreDts":false,"IgnoreIndex":false,"GenPtsInput":false,"SupportsTranscoding":true,"SupportsDirectStream":true,"SupportsDirectPlay":true,"IsInfiniteStream":false,"UseMostCompatibleTranscodingProfile":false,"RequiresOpening":false,"OpenToken":null,"RequiresClosing":false,"LiveStreamId":null,"BufferMs":null,"RequiresLooping":false,"SupportsProbing":true,"VideoType":0,"IsoType":null,"Video3DFormat":null,"MediaStreams":[{"Codec":"h264","CodecTag":"avc1","Language":"eng","ColorRange":null,"ColorSpace":null,"ColorTransfer":null,"ColorPrimaries":null,"DvVersionMajor":null,"DvVersionMinor":null,"DvProfile":null,"DvLevel":null,"RpuPresentFlag":null,"ElPresentFlag":null,"BlPresentFlag":null,"DvBlSignalCompatibilityId":null,"Rotation":null,"Comment":null,"TimeBase":"1/12800","CodecTimeBase":null,"Title":null,"Hdr10PlusPresentFlag":null,"VideoRange":1,"VideoRangeType":1,"VideoDoViTitle":null,"AudioSpatialFormat":0,"LocalizedUndefined":null,"LocalizedDefault":null,"LocalizedForced":null,"LocalizedExternal":null,"LocalizedHearingImpaired":null,"DisplayTitle":"1080p H264 SDR","NalLengthSize":"4","IsInterlaced":false,"IsAVC":true,"ChannelLayout":null,"BitRate":2993841,"BitDepth":8,"RefFrames":1,"PacketLength":null,"Channels":null,"SampleRate":null,"IsDefault":true,"IsForced":false,"IsHearingImpaired":false,"Height":1080,"Width":1920,"AverageFrameRate":25,"RealFrameRate":25,"ReferenceFrameRate":25,"Profile":"High","Type":1,"AspectRatio":"2.40:1","Index":0,"Score":null,"IsExternal":false,"DeliveryMethod":null,"DeliveryUrl":null,"IsExternalUrl":null,"IsTextSubtitleStream":false,"SupportsExternalStream":false,"Path":null,"PixelFormat":"yuv420p","Level":40,"IsAnamorphic":true},{"Codec":"aac","CodecTag":"mp4a","Language":"eng","ColorRange":null,"ColorSpace":null,"ColorTransfer":null,"ColorPrimaries":null,"DvVersionMajor":null,"DvVersionMinor":null,"DvProfile":null,"DvLevel":null,"RpuPresentFlag":null,"ElPresentFlag":null,"BlPresentFlag":null,"DvBlSignalCompatibilityId":null,"Rotation":null,"Comment":null,"TimeBase":"1/48000","CodecTimeBase":null,"Title":null,"Hdr10PlusPresentFlag":null,"VideoRange":0,"VideoRangeType":0,"VideoDoViTitle":null,"AudioSpatialFormat":0,"LocalizedUndefined":null,"LocalizedDefault":"Default","LocalizedForced":null,"LocalizedExternal":"External","LocalizedHearingImpaired":null,"DisplayTitle":"English - AAC - 5.1 - Default","NalLengthSize":null,"IsInterlaced":false,"IsAVC":false,"ChannelLayout":"5.1","BitRate":320000,"BitDepth":null,"RefFrames":null,"PacketLength":null,"Channels":6,"SampleRate":48000,"IsDefault":true,"IsForced":false,"IsHearingImpaired":false,"Height":null,"Width":null,"AverageFrameRate":null,"RealFrameRate":null,"ReferenceFrameRate":null,"Profile":"LC","Type":0,"AspectRatio":null,"Index":1,"Score":null,"IsExternal":false,"DeliveryMethod":null,"DeliveryUrl":null,"IsExternalUrl":null,"IsTextSubtitleStream":false,"SupportsExternalStream":false,"Path":null,"PixelFormat":null,"Level":0,"IsAnamorphic":null}],"MediaAttachments":[],"Formats":[],"Bitrate":3318412,"FallbackMaxStreamingBitrate":null,"Timestamp":null,"RequiredHttpHeaders":{},"TranscodingUrl":null,"TranscodingSubProtocol":0,"TranscodingContainer":null,"AnalyzeDurationMs":null,"DefaultAudioStreamIndex":null,"DefaultSubtitleStreamIndex":null,"HasSegments":false}

/usr/lib/jellyfin-ffmpeg/ffmpeg -analyzeduration 200M -probesize 1G -ss 01:32:24.500 -noaccurate_seek -fflags +genpts -f mov,mp4,m4a,3gp,3g2,mj2  -i file:"/Passport/Supun/Jatadhara (2025) Telugu WEB-DL-[CineSubz.co]-1080p.mp4" -map_metadata -1 -map_chapters -1 -threads 0 -map 0:0 -map 0:1 -map -0:s -codec:v:0 copy -bsf:v h264_mp4toannexb -start_at_zero -codec:a:0 copy -copyts -avoid_negative_ts disabled -max_muxing_queue_size 2048 -f hls -max_delay 5000000 -hls_time 6 -hls_segment_type fmp4 -hls_fmp4_init_filename "de9627e3955cb2cab8b6950dda23497b-1.mp4" -start_number 924 -hls_segment_filename "/cache/transcodes/de9627e3955cb2cab8b6950dda23497b%d.mp4" -hls_playlist_type vod -hls_list_size 0 -hls_segment_options movflags=+frag_discont -y "/cache/transcodes/de9627e3955cb2cab8b6950dda23497b.m3u8"


ffmpeg version 7.1.3-Jellyfin Copyright (c) 2000-2025 the FFmpeg developers
  built with gcc 14 (Debian 14.2.0-19)
  configuration: --prefix=/usr/lib/jellyfin-ffmpeg --target-os=linux --extra-version=Jellyfin --disable-doc --disable-ffplay --disable-static --disable-libxcb --disable-sdl2 --disable-xlib --enable-lto=auto --enable-gpl --enable-version3 --enable-shared --enable-gmp --enable-gnutls --enable-chromaprint --enable-opencl --enable-libdrm --enable-libxml2 --enable-libass --enable-libfreetype --enable-libfribidi --enable-libfontconfig --enable-libharfbuzz --enable-libbluray --enable-libmp3lame --enable-libopus --enable-libtheora --enable-libvorbis --enable-libopenmpt --enable-libdav1d --enable-libsvtav1 --enable-libwebp --enable-libvpx --enable-libx264 --enable-libx265 --enable-libzvbi --enable-libzimg --enable-libfdk-aac --arch=arm64 --cross-prefix=/usr/bin/aarch64-linux-gnu- --toolchain=hardened --enable-cross-compile --enable-rkmpp --enable-rkrga --enable-ffnvcodec --enable-cuda --enable-cuda-llvm --enable-cuvid --enable-nvdec --enable-nvenc
  libavutil      59. 39.100 / 59. 39.100
  libavcodec     61. 19.101 / 61. 19.101
  libavformat    61.  7.100 / 61.  7.100
  libavdevice    61.  3.100 / 61.  3.100
  libavfilter    10.  4.100 / 10.  4.100
  libswscale      8.  3.100 /  8.  3.100
  libswresample   5.  3.100 /  5.  3.100
  libpostproc    58.  3.100 / 58.  3.100
Input #0, mov,mp4,m4a,3gp,3g2,mj2, from 'file:/Passport/Supun/Jatadhara (2025) Telugu WEB-DL-[CineSubz.co]-1080p.mp4':
  Metadata:
    major_brand     : isom
    minor_version   : 512
    compatible_brands: isomiso2avc1mp41
    encoder         : Lavf56.25.101
  Duration: 02:08:07.90, start: 0.000000, bitrate: 3318 kb/s
  Stream #0:0[0x1](eng): Video: h264 (High) (avc1 / 0x31637661), yuv420p(progressive), 1920x1080 [SAR 27:20 DAR 12:5], 2993 kb/s, 25 fps, 25 tbr, 12800 tbn (default)
      Metadata:
        handler_name    : VideoHandler
        vendor_id       : [0][0][0][0]
  Stream #0:1[0x2](eng): Audio: aac (LC) (mp4a / 0x6134706D), 48000 Hz, 5.1, fltp, 320 kb/s (default)
      Metadata:
        handler_name    : SoundHandler
        vendor_id       : [0][0][0][0]
Stream mapping:
  Stream #0:0 -> #0:0 (copy)
  Stream #0:1 -> #0:1 (copy)
[hls @ 0x7fff4f6c5a00] Opening '/cache/transcodes/de9627e3955cb2cab8b6950dda23497b-1.mp4' for writing
Output #0, hls, to '/cache/transcodes/de9627e3955cb2cab8b6950dda23497b.m3u8':
  Metadata:
    encoder         : Lavf61.7.100
  Stream #0:0: Video: h264 (High) (avc1 / 0x31637661), yuv420p(progressive), 1920x1080 [SAR 27:20 DAR 12:5], q=2-31, 2993 kb/s, 25 fps, 25 tbr, 12800 tbn (default)
  Stream #0:1: Audio: aac (LC) (mp4a / 0x6134706D), 48000 Hz, 5.1, fltp, 320 kb/s (default)
Press [q] to stop, [?] for help
[hls @ 0x7fff4f6c5a00] Opening '/cache/transcodes/de9627e3955cb2cab8b6950dda23497b924.mp4' for writing
[hls @ 0x7fff4f6c5a00] Opening '/cache/transcodes/de9627e3955cb2cab8b6950dda23497b925.mp4' for writing
[hls @ 0x7fff4f6c5a00] Opening '/cache/transcodes/de9627e3955cb2cab8b6950dda23497b926.mp4' for writing
[hls @ 0x7fff4f6c5a00] Opening '/cache/transcodes/de9627e3955cb2cab8b6950dda23497b927.mp4' for writing
[hls @ 0x7fff4f6c5a00] Opening '/cache/transcodes/de9627e3955cb2cab8b6950dda23497b928.mp4' for writing
[hls @ 0x7fff4f6c5a00] Opening '/cache/transcodes/de9627e3955cb2cab8b6950dda23497b929.mp4' for writing
[hls @ 0x7fff4f6c5a00] Opening '/cache/transcodes/de9627e3955cb2cab8b6950dda23497b930.mp4' for writing
[hls @ 0x7fff4f6c5a00] Opening '/cache/transcodes/de9627e3955cb2cab8b6950dda23497b931.mp4' for writing
[hls @ 0x7fff4f6c5a00] Opening '/cache/transcodes/de9627e3955cb2cab8b6950dda23497b932.mp4' for writing
[hls @ 0x7fff4f6c5a00] Opening '/cache/transcodes/de9627e3955cb2cab8b6950dda23497b933.mp4' for writing
[hls @ 0x7fff4f6c5a00] Opening '/cache/transcodes/de9627e3955cb2cab8b6950dda23497b934.mp4' for writing
[hls @ 0x7fff4f6c5a00] Opening '/cache/transcodes/de9627e3955cb2cab8b6950dda23497b935.mp4' for writing
[hls @ 0x7fff4f6c5a00] Opening '/cache/transcodes/de9627e3955cb2cab8b6950dda23497b936.mp4' for writing
[hls @ 0x7fff4f6c5a00] Opening '/cache/transcodes/de9627e3955cb2cab8b6950dda23497b937.mp4' for writing
[hls @ 0x7fff4f6c5a00] Opening '/cache/transcodes/de9627e3955cb2cab8b6950dda23497b938.mp4' for writing
[hls @ 0x7fff4f6c5a00] Opening '/cache/transcodes/de9627e3955cb2cab8b6950dda23497b939.mp4' for writing
[hls @ 0x7fff4f6c5a00] Opening '/cache/transcodes/de9627e3955cb2cab8b6950dda23497b940.mp4' for writing
[hls @ 0x7fff4f6c5a00] Opening '/cache/transcodes/de9627e3955cb2cab8b6950dda23497b941.mp4' for writing
[hls @ 0x7fff4f6c5a00] Opening '/cache/transcodes/de9627e3955cb2cab8b6950dda23497b942.mp4' for writing
[hls @ 0x7fff4f6c5a00] Opening '/cache/transcodes/de9627e3955cb2cab8b6950dda23497b943.mp4' for writing
[hls @ 0x7fff4f6c5a00] Opening '/cache/transcodes/de9627e3955cb2cab8b6950dda23497b944.mp4' for writing
[hls @ 0x7fff4f6c5a00] Opening '/cache/transcodes/de9627e3955cb2cab8b6950dda23497b945.mp4' for writing
[hls @ 0x7fff4f6c5a00] Opening '/cache/transcodes/de9627e3955cb2cab8b6950dda23497b946.mp4' for writing
[hls @ 0x7fff4f6c5a00] Opening '/cache/transcodes/de9627e3955cb2cab8b6950dda23497b947.mp4' for writing
[hls @ 0x7fff4f6c5a00] Opening '/cache/transcodes/de9627e3955cb2cab8b6950dda23497b948.mp4' for writing
frame= 3824 fps=0.0 q=-1.0 size=N/A time=00:00:00.00 bitrate=N/A speed=   0x    
[hls @ 0x7fff4f6c5a00] Opening '/cache/transcodes/de9627e3955cb2cab8b6950dda23497b949.mp4' for writing
[hls @ 0x7fff4f6c5a00] Opening '/cache/transcodes/de9627e3955cb2cab8b6950dda23497b950.mp4' for writing
[hls @ 0x7fff4f6c5a00] Opening '/cache/transcodes/de9627e3955cb2cab8b6950dda23497b951.mp4' for writing
[hls @ 0x7fff4f6c5a00] Opening '/cache/transcodes/de9627e3955cb2cab8b6950dda23497b952.mp4' for writing
[hls @ 0x7fff4f6c5a00] Opening '/cache/transcodes/de9627e3955cb2cab8b6950dda23497b953.mp4' for writing
[hls @ 0x7fff4f6c5a00] Opening '/cache/transcodes/de9627e3955cb2cab8b6950dda23497b954.mp4' for writing
[hls @ 0x7fff4f6c5a00] Opening '/cache/transcodes/de9627e3955cb2cab8b6950dda23497b955.mp4' for writing
[hls @ 0x7fff4f6c5a00] Opening '/cache/transcodes/de9627e3955cb2cab8b6950dda23497b956.mp4' for writing
[hls @ 0x7fff4f6c5a00] Opening '/cache/transcodes/de9627e3955cb2cab8b6950dda23497b957.mp4' for writing
[hls @ 0x7fff4f6c5a00] Opening '/cache/transcodes/de9627e3955cb2cab8b6950dda23497b958.mp4' for writing
[hls @ 0x7fff4f6c5a00] Opening '/cache/transcodes/de9627e3955cb2cab8b6950dda23497b959.mp4' for writing
[hls @ 0x7fff4f6c5a00] Opening '/cache/transcodes/de9627e3955cb2cab8b6950dda23497b960.mp4' for writing
[hls @ 0x7fff4f6c5a00] Opening '/cache/transcodes/de9627e3955cb2cab8b6950dda23497b961.mp4' for writing
[hls @ 0x7fff4f6c5a00] Opening '/cache/transcodes/de9627e3955cb2cab8b6950dda23497b962.mp4' for writing
[hls @ 0x7fff4f6c5a00] Opening '/cache/transcodes/de9627e3955cb2cab8b6950dda23497b963.mp4' for writing
[hls @ 0x7fff4f6c5a00] Opening '/cache/transcodes/de9627e3955cb2cab8b6950dda23497b964.mp4' for writing
[hls @ 0x7fff4f6c5a00] Opening '/cache/transcodes/de9627e3955cb2cab8b6950dda23497b965.mp4' for writing
[hls @ 0x7fff4f6c5a00] Opening '/cache/transcodes/de9627e3955cb2cab8b6950dda23497b966.mp4' for writing
[hls @ 0x7fff4f6c5a00] Opening '/cache/transcodes/de9627e3955cb2cab8b6950dda23497b967.mp4' for writing
[hls @ 0x7fff4f6c5a00] Opening '/cache/transcodes/de9627e3955cb2cab8b6950dda23497b968.mp4' for writing
[hls @ 0x7fff4f6c5a00] Opening '/cache/transcodes/de9627e3955cb2cab8b6950dda23497b969.mp4' for writing
[hls @ 0x7fff4f6c5a00] Opening '/cache/transcodes/de9627e3955cb2cab8b6950dda23497b970.mp4' for writing
[hls @ 0x7fff4f6c5a00] Opening '/cache/transcodes/de9627e3955cb2cab8b6950dda23497b971.mp4' for writing
[hls @ 0x7fff4f6c5a00] Opening '/cache/transcodes/de9627e3955cb2cab8b6950dda23497b972.mp4' for writing
[hls @ 0x7fff4f6c5a00] Opening '/cache/transcodes/de9627e3955cb2cab8b6950dda23497b973.mp4' for writing
[hls @ 0x7fff4f6c5a00] Opening '/cache/transcodes/de9627e3955cb2cab8b6950dda23497b974.mp4' for writing
[hls @ 0x7fff4f6c5a00] Opening '/cache/transcodes/de9627e3955cb2cab8b6950dda23497b975.mp4' for writing
[hls @ 0x7fff4f6c5a00] Opening '/cache/transcodes/de9627e3955cb2cab8b6950dda23497b976.mp4' for writing
[hls @ 0x7fff4f6c5a00] Opening '/cache/transcodes/de9627e3955cb2cab8b6950dda23497b977.mp4' for writing
[hls @ 0x7fff4f6c5a00] Opening '/cache/transcodes/de9627e3955cb2cab8b6950dda23497b978.mp4' for writing
[hls @ 0x7fff4f6c5a00] Opening '/cache/transcodes/de9627e3955cb2cab8b6950dda23497b979.mp4' for writing
[hls @ 0x7fff4f6c5a00] Opening '/cache/transcodes/de9627e3955cb2cab8b6950dda23497b980.mp4' for writing
[hls @ 0x7fff4f6c5a00] Opening '/cache/transcodes/de9627e3955cb2cab8b6950dda23497b981.mp4' for writing
frame= 8750 fps=8749 q=-1.0 size=N/A time=00:03:17.05 bitrate=N/A speed= 197x    
[hls @ 0x7fff4f6c5a00] Opening '/cache/transcodes/de9627e3955cb2cab8b6950dda23497b982.mp4' for writing
[hls @ 0x7fff4f6c5a00] Opening '/cache/transcodes/de9627e3955cb2cab8b6950dda23497b983.mp4' for writing
[hls @ 0x7fff4f6c5a00] Opening '/cache/transcodes/de9627e3955cb2cab8b6950dda23497b984.mp4' for writing
[hls @ 0x7fff4f6c5a00] Opening '/cache/transcodes/de9627e3955cb2cab8b6950dda23497b985.mp4' for writing
[hls @ 0x7fff4f6c5a00] Opening '/cache/transcodes/de9627e3955cb2cab8b6950dda23497b986.mp4' for writing
[hls @ 0x7fff4f6c5a00] Opening '/cache/transcodes/de9627e3955cb2cab8b6950dda23497b987.mp4' for writing
[hls @ 0x7fff4f6c5a00] Opening '/cache/transcodes/de9627e3955cb2cab8b6950dda23497b988.mp4' for writing
[hls @ 0x7fff4f6c5a00] Opening '/cache/transcodes/de9627e3955cb2cab8b6950dda23497b989.mp4' for writing
[hls @ 0x7fff4f6c5a00] Opening '/cache/transcodes/de9627e3955cb2cab8b6950dda23497b990.mp4' for writing
[hls @ 0x7fff4f6c5a00] Opening '/cache/transcodes/de9627e3955cb2cab8b6950dda23497b991.mp4' for writing
[hls @ 0x7fff4f6c5a00] Opening '/cache/transcodes/de9627e3955cb2cab8b6950dda23497b992.mp4' for writing
[hls @ 0x7fff4f6c5a00] Opening '/cache/transcodes/de9627e3955cb2cab8b6950dda23497b993.mp4' for writing
[hls @ 0x7fff4f6c5a00] Opening '/cache/transcodes/de9627e3955cb2cab8b6950dda23497b994.mp4' for writing
[hls @ 0x7fff4f6c5a00] Opening '/cache/transcodes/de9627e3955cb2cab8b6950dda23497b995.mp4' for writing
[hls @ 0x7fff4f6c5a00] Opening '/cache/transcodes/de9627e3955cb2cab8b6950dda23497b996.mp4' for writing
[hls @ 0x7fff4f6c5a00] Opening '/cache/transcodes/de9627e3955cb2cab8b6950dda23497b997.mp4' for writing
[hls @ 0x7fff4f6c5a00] Opening '/cache/transcodes/de9627e3955cb2cab8b6950dda23497b998.mp4' for writing
[hls @ 0x7fff4f6c5a00] Opening '/cache/transcodes/de9627e3955cb2cab8b6950dda23497b999.mp4' for writing
[hls @ 0x7fff4f6c5a00] Opening '/cache/transcodes/de9627e3955cb2cab8b6950dda23497b1000.mp4' for writing
[hls @ 0x7fff4f6c5a00] Opening '/cache/transcodes/de9627e3955cb2cab8b6950dda23497b1001.mp4' for writing
[hls @ 0x7fff4f6c5a00] Opening '/cache/transcodes/de9627e3955cb2cab8b6950dda23497b1002.mp4' for writing
[hls @ 0x7fff4f6c5a00] Opening '/cache/transcodes/de9627e3955cb2cab8b6950dda23497b1003.mp4' for writing
[hls @ 0x7fff4f6c5a00] Opening '/cache/transcodes/de9627e3955cb2cab8b6950dda23497b1004.mp4' for writing
[hls @ 0x7fff4f6c5a00] Opening '/cache/transcodes/de9627e3955cb2cab8b6950dda23497b1005.mp4' for writing
[hls @ 0x7fff4f6c5a00] Opening '/cache/transcodes/de9627e3955cb2cab8b6950dda23497b1006.mp4' for writing
[hls @ 0x7fff4f6c5a00] Opening '/cache/transcodes/de9627e3955cb2cab8b6950dda23497b1007.mp4' for writing
[hls @ 0x7fff4f6c5a00] Opening '/cache/transcodes/de9627e3955cb2cab8b6950dda23497b1008.mp4' for writing
[hls @ 0x7fff4f6c5a00] Opening '/cache/transcodes/de9627e3955cb2cab8b6950dda23497b1009.mp4' for writing
[hls @ 0x7fff4f6c5a00] Opening '/cache/transcodes/de9627e3955cb2cab8b6950dda23497b1010.mp4' for writing
[hls @ 0x7fff4f6c5a00] Opening '/cache/transcodes/de9627e3955cb2cab8b6950dda23497b1011.mp4' for writing
[hls @ 0x7fff4f6c5a00] Opening '/cache/transcodes/de9627e3955cb2cab8b6950dda23497b1012.mp4' for writing
[hls @ 0x7fff4f6c5a00] Opening '/cache/transcodes/de9627e3955cb2cab8b6950dda23497b1013.mp4' for writing
[hls @ 0x7fff4f6c5a00] Opening '/cache/transcodes/de9627e3955cb2cab8b6950dda23497b1014.mp4' for writing
[hls @ 0x7fff4f6c5a00] Opening '/cache/transcodes/de9627e3955cb2cab8b6950dda23497b1015.mp4' for writing
[hls @ 0x7fff4f6c5a00] Opening '/cache/transcodes/de9627e3955cb2cab8b6950dda23497b1016.mp4' for writing
[hls @ 0x7fff4f6c5a00] Opening '/cache/transcodes/de9627e3955cb2cab8b6950dda23497b1017.mp4' for writing
[hls @ 0x7fff4f6c5a00] Opening '/cache/transcodes/de9627e3955cb2cab8b6950dda23497b1018.mp4' for writing
[hls @ 0x7fff4f6c5a00] Opening '/cache/transcodes/de9627e3955cb2cab8b6950dda23497b1019.mp4' for writing
[hls @ 0x7fff4f6c5a00] Opening '/cache/transcodes/de9627e3955cb2cab8b6950dda23497b1020.mp4' for writing
[hls @ 0x7fff4f6c5a00] Opening '/cache/transcodes/de9627e3955cb2cab8b6950dda23497b1021.mp4' for writing
[hls @ 0x7fff4f6c5a00] Opening '/cache/transcodes/de9627e3955cb2cab8b6950dda23497b1022.mp4' for writing
[hls @ 0x7fff4f6c5a00] Opening '/cache/transcodes/de9627e3955cb2cab8b6950dda23497b1023.mp4' for writing
[hls @ 0x7fff4f6c5a00] Opening '/cache/transcodes/de9627e3955cb2cab8b6950dda23497b1024.mp4' for writing
[hls @ 0x7fff4f6c5a00] Opening '/cache/transcodes/de9627e3955cb2cab8b6950dda23497b1025.mp4' for writing
[hls @ 0x7fff4f6c5a00] Opening '/cache/transcodes/de9627e3955cb2cab8b6950dda23497b1026.mp4' for writing
frame=15495 fps=10328 q=-1.0 size=N/A time=00:07:46.88 bitrate=N/A speed= 311x    
[hls @ 0x7fff4f6c5a00] Opening '/cache/transcodes/de9627e3955cb2cab8b6950dda23497b1027.mp4' for writing
[hls @ 0x7fff4f6c5a00] Opening '/cache/transcodes/de9627e3955cb2cab8b6950dda23497b1028.mp4' for writing
[hls @ 0x7fff4f6c5a00] Opening '/cache/transcodes/de9627e3955cb2cab8b6950dda23497b1029.mp4' for writing
[hls @ 0x7fff4f6c5a00] Opening '/cache/transcodes/de9627e3955cb2cab8b6950dda23497b1030.mp4' for writing
[hls @ 0x7fff4f6c5a00] Opening '/cache/transcodes/de9627e3955cb2cab8b6950dda23497b1031.mp4' for writing
[hls @ 0x7fff4f6c5a00] Opening '/cache/transcodes/de9627e3955cb2cab8b6950dda23497b1032.mp4' for writing
[hls @ 0x7fff4f6c5a00] Opening '/cache/transcodes/de9627e3955cb2cab8b6950dda23497b1033.mp4' for writing
[hls @ 0x7fff4f6c5a00] Opening '/cache/transcodes/de9627e3955cb2cab8b6950dda23497b1034.mp4' for writing
[hls @ 0x7fff4f6c5a00] Opening '/cache/transcodes/de9627e3955cb2cab8b6950dda23497b1035.mp4' for writing
[hls @ 0x7fff4f6c5a00] Opening '/cache/transcodes/de9627e3955cb2cab8b6950dda23497b1036.mp4' for writing
[hls @ 0x7fff4f6c5a00] Opening '/cache/transcodes/de9627e3955cb2cab8b6950dda23497b1037.mp4' for writing
[hls @ 0x7fff4f6c5a00] Opening '/cache/transcodes/de9627e3955cb2cab8b6950dda23497b1038.mp4' for writing
[hls @ 0x7fff4f6c5a00] Opening '/cache/transcodes/de9627e3955cb2cab8b6950dda23497b1039.mp4' for writing
[hls @ 0x7fff4f6c5a00] Opening '/cache/transcodes/de9627e3955cb2cab8b6950dda23497b1040.mp4' for writing
[hls @ 0x7fff4f6c5a00] Opening '/cache/transcodes/de9627e3955cb2cab8b6950dda23497b1041.mp4' for writing
[hls @ 0x7fff4f6c5a00] Opening '/cache/transcodes/de9627e3955cb2cab8b6950dda23497b1042.mp4' for writing
[hls @ 0x7fff4f6c5a00] Opening '/cache/transcodes/de9627e3955cb2cab8b6950dda23497b1043.mp4' for writing
[hls @ 0x7fff4f6c5a00] Opening '/cache/transcodes/de9627e3955cb2cab8b6950dda23497b1044.mp4' for writing
[hls @ 0x7fff4f6c5a00] Opening '/cache/transcodes/de9627e3955cb2cab8b6950dda23497b1045.mp4' for writing
[hls @ 0x7fff4f6c5a00] Opening '/cache/transcodes/de9627e3955cb2cab8b6950dda23497b1046.mp4' for writing
[hls @ 0x7fff4f6c5a00] Opening '/cache/transcodes/de9627e3955cb2cab8b6950dda23497b1047.mp4' for writing
[hls @ 0x7fff4f6c5a00] Opening '/cache/transcodes/de9627e3955cb2cab8b6950dda23497b1048.mp4' for writing
[hls @ 0x7fff4f6c5a00] Opening '/cache/transcodes/de9627e3955cb2cab8b6950dda23497b1049.mp4' for writing
[hls @ 0x7fff4f6c5a00] Opening '/cache/transcodes/de9627e3955cb2cab8b6950dda23497b1050.mp4' for writing


[q] command received. Exiting.

[hls @ 0x7fff4f6c5a00] Opening '/cache/transcodes/de9627e3955cb2cab8b6950dda23497b1051.mp4' for writing
[hls @ 0x7fff4f6c5a00] Opening '/cache/transcodes/de9627e3955cb2cab8b6950dda23497b1052.mp4' for writing
[out#0/hls @ 0x7fff4fb9d4c0] video:295590KiB audio:30020KiB subtitle:0KiB other streams:0KiB global headers:0KiB muxing overhead: unknown
frame=19213 fps=9483 q=-1.0 Lsize=N/A time=00:10:15.54 bitrate=N/A speed= 304x    