{"Protocol":0,"Id":"75e8f5fd825824f3f176e8d54de8334c","Path":"/Passport/Supun/Right (2025) Tamil WEB-DL-[CineSubz.co]-1080p.mp4","EncoderPath":null,"EncoderProtocol":null,"Type":0,"Container":"mov,mp4,m4a,3gp,3g2,mj2","Size":2955912632,"Name":"Right (2025) Tamil WEB-DL-[CineSubz.co]-1080p","IsRemote":false,"ETag":"4c80f33be0937cc0253f99be898265b3","RunTimeTicks":71515520000,"ReadAtNativeFramerate":false,"IgnoreDts":false,"IgnoreIndex":false,"GenPtsInput":false,"SupportsTranscoding":true,"SupportsDirectStream":true,"SupportsDirectPlay":true,"IsInfiniteStream":false,"UseMostCompatibleTranscodingProfile":false,"RequiresOpening":false,"OpenToken":null,"RequiresClosing":false,"LiveStreamId":null,"BufferMs":null,"RequiresLooping":false,"SupportsProbing":true,"VideoType":0,"IsoType":null,"Video3DFormat":null,"MediaStreams":[{"Codec":"h264","CodecTag":"avc1","Language":"eng","ColorRange":null,"ColorSpace":null,"ColorTransfer":null,"ColorPrimaries":null,"DvVersionMajor":null,"DvVersionMinor":null,"DvProfile":null,"DvLevel":null,"RpuPresentFlag":null,"ElPresentFlag":null,"BlPresentFlag":null,"DvBlSignalCompatibilityId":null,"Rotation":null,"Comment":null,"TimeBase":"1/12288","CodecTimeBase":null,"Title":null,"Hdr10PlusPresentFlag":null,"VideoRange":1,"VideoRangeType":1,"VideoDoViTitle":null,"AudioSpatialFormat":0,"LocalizedUndefined":null,"LocalizedDefault":null,"LocalizedForced":null,"LocalizedExternal":null,"LocalizedHearingImpaired":null,"DisplayTitle":"1080p H264 SDR","NalLengthSize":"4","IsInterlaced":false,"IsAVC":true,"ChannelLayout":null,"BitRate":2982506,"BitDepth":8,"RefFrames":1,"PacketLength":null,"Channels":null,"SampleRate":null,"IsDefault":true,"IsForced":false,"IsHearingImpaired":false,"Height":1080,"Width":1920,"AverageFrameRate":24,"RealFrameRate":24,"ReferenceFrameRate":24,"Profile":"High","Type":1,"AspectRatio":"2.40:1","Index":0,"Score":null,"IsExternal":false,"DeliveryMethod":null,"DeliveryUrl":null,"IsExternalUrl":null,"IsTextSubtitleStream":false,"SupportsExternalStream":false,"Path":null,"PixelFormat":"yuv420p","Level":40,"IsAnamorphic":true},{"Codec":"aac","CodecTag":"mp4a","Language":"eng","ColorRange":null,"ColorSpace":null,"ColorTransfer":null,"ColorPrimaries":null,"DvVersionMajor":null,"DvVersionMinor":null,"DvProfile":null,"DvLevel":null,"RpuPresentFlag":null,"ElPresentFlag":null,"BlPresentFlag":null,"DvBlSignalCompatibilityId":null,"Rotation":null,"Comment":null,"TimeBase":"1/48000","CodecTimeBase":null,"Title":null,"Hdr10PlusPresentFlag":null,"VideoRange":0,"VideoRangeType":0,"VideoDoViTitle":null,"AudioSpatialFormat":0,"LocalizedUndefined":null,"LocalizedDefault":"Default","LocalizedForced":null,"LocalizedExternal":"External","LocalizedHearingImpaired":null,"DisplayTitle":"English - AAC - 5.1 - Default","NalLengthSize":null,"IsInterlaced":false,"IsAVC":false,"ChannelLayout":"5.1","BitRate":319999,"BitDepth":null,"RefFrames":null,"PacketLength":null,"Channels":6,"SampleRate":48000,"IsDefault":true,"IsForced":false,"IsHearingImpaired":false,"Height":null,"Width":null,"AverageFrameRate":null,"RealFrameRate":null,"ReferenceFrameRate":null,"Profile":"LC","Type":0,"AspectRatio":null,"Index":1,"Score":null,"IsExternal":false,"DeliveryMethod":null,"DeliveryUrl":null,"IsExternalUrl":null,"IsTextSubtitleStream":false,"SupportsExternalStream":false,"Path":null,"PixelFormat":null,"Level":0,"IsAnamorphic":null}],"MediaAttachments":[],"Formats":[],"Bitrate":3306597,"FallbackMaxStreamingBitrate":null,"Timestamp":null,"RequiredHttpHeaders":{},"TranscodingUrl":null,"TranscodingSubProtocol":0,"TranscodingContainer":null,"AnalyzeDurationMs":null,"DefaultAudioStreamIndex":null,"DefaultSubtitleStreamIndex":null,"HasSegments":false}

/usr/lib/jellyfin-ffmpeg/ffmpeg -analyzeduration 200M -probesize 1G -ss 01:09:00.500 -noaccurate_seek -fflags +genpts  -i file:"/Passport/Supun/Right (2025) Tamil WEB-DL-[CineSubz.co]-1080p.mp4" -map_metadata -1 -map_chapters -1 -threads 0 -map 0:0 -map 0:1 -map -0:s -codec:v:0 copy -bsf:v h264_mp4toannexb -start_at_zero -codec:a:0 copy -copyts -avoid_negative_ts disabled -max_muxing_queue_size 2048 -f hls -max_delay 5000000 -hls_time 6 -hls_segment_type fmp4 -hls_fmp4_init_filename "789a75f58b967738e11bac62f2dd2615-1.mp4" -start_number 690 -hls_segment_filename "/cache/transcodes/789a75f58b967738e11bac62f2dd2615%d.mp4" -hls_playlist_type vod -hls_list_size 0 -hls_segment_options movflags=+frag_discont -y "/cache/transcodes/789a75f58b967738e11bac62f2dd2615.m3u8"


ffmpeg version 7.1.3-Jellyfin Copyright (c) 2000-2025 the FFmpeg developers
  built with gcc 14 (Debian 14.2.0-19)
  configuration: --prefix=/usr/lib/jellyfin-ffmpeg --target-os=linux --extra-version=Jellyfin --disable-doc --disable-ffplay --disable-static --disable-libxcb --disable-sdl2 --disable-xlib --enable-lto=auto --enable-gpl --enable-version3 --enable-shared --enable-gmp --enable-gnutls --enable-chromaprint --enable-opencl --enable-libdrm --enable-libxml2 --enable-libass --enable-libfreetype --enable-libfribidi --enable-libfontconfig --enable-libharfbuzz --enable-libbluray --enable-libmp3lame --enable-libopus --enable-libtheora --enable-libvorbis --enable-libopenmpt --enable-libdav1d --enable-libsvtav1 --enable-libwebp --enable-libvpx --enable-libx264 --enable-libx265 --enable-libzvbi --enable-libzimg --enable-libfdk-aac --arch=arm64 --cross-prefix=/usr/bin/aarch64-linux-gnu- --toolchain=hardened --enable-cross-compile --enable-rkmpp --enable-rkrga --enable-ffnvcodec --enable-cuda --enable-cuda-llvm --enable-cuvid --enable-nvdec --enable-nvenc
  libavutil      59. 39.100 / 59. 39.100
  libavcodec     61. 19.101 / 61. 19.101
  libavformat    61.  7.100 / 61.  7.100
  libavdevice    61.  3.100 / 61.  3.100
  libavfilter    10.  4.100 / 10.  4.100
  libswscale      8.  3.100 /  8.  3.100
  libswresample   5.  3.100 /  5.  3.100
  libpostproc    58.  3.100 / 58.  3.100
Input #0, mov,mp4,m4a,3gp,3g2,mj2, from 'file:/Passport/Supun/Right (2025) Tamil WEB-DL-[CineSubz.co]-1080p.mp4':
  Metadata:
    major_brand     : isom
    minor_version   : 512
    compatible_brands: isomiso2avc1mp41
    encoder         : Lavf56.25.101
  Duration: 01:59:11.55, start: 0.000000, bitrate: 3306 kb/s
  Stream #0:0[0x1](eng): Video: h264 (High) (avc1 / 0x31637661), yuv420p(progressive), 1920x1080 [SAR 107:80 DAR 107:45], 2982 kb/s, 24 fps, 24 tbr, 12288 tbn (default)
      Metadata:
        handler_name    : VideoHandler
        vendor_id       : [0][0][0][0]
  Stream #0:1[0x2](eng): Audio: aac (LC) (mp4a / 0x6134706D), 48000 Hz, 5.1, fltp, 319 kb/s (default)
      Metadata:
        handler_name    : SoundHandler
        vendor_id       : [0][0][0][0]
Stream mapping:
  Stream #0:0 -> #0:0 (copy)
  Stream #0:1 -> #0:1 (copy)
[hls @ 0x7fff668c5a00] Opening '/cache/transcodes/789a75f58b967738e11bac62f2dd2615-1.mp4' for writing
Output #0, hls, to '/cache/transcodes/789a75f58b967738e11bac62f2dd2615.m3u8':
  Metadata:
    encoder         : Lavf61.7.100
  Stream #0:0: Video: h264 (High) (avc1 / 0x31637661), yuv420p(progressive), 1920x1080 [SAR 107:80 DAR 107:45], q=2-31, 2982 kb/s, 24 fps, 24 tbr, 12288 tbn (default)
  Stream #0:1: Audio: aac (LC) (mp4a / 0x6134706D), 48000 Hz, 5.1, fltp, 319 kb/s (default)
Press [q] to stop, [?] for help
[hls @ 0x7fff668c5a00] Opening '/cache/transcodes/789a75f58b967738e11bac62f2dd2615690.mp4' for writing
[hls @ 0x7fff668c5a00] Opening '/cache/transcodes/789a75f58b967738e11bac62f2dd2615691.mp4' for writing
[hls @ 0x7fff668c5a00] Opening '/cache/transcodes/789a75f58b967738e11bac62f2dd2615692.mp4' for writing
[hls @ 0x7fff668c5a00] Opening '/cache/transcodes/789a75f58b967738e11bac62f2dd2615693.mp4' for writing
[hls @ 0x7fff668c5a00] Opening '/cache/transcodes/789a75f58b967738e11bac62f2dd2615694.mp4' for writing
[hls @ 0x7fff668c5a00] Opening '/cache/transcodes/789a75f58b967738e11bac62f2dd2615695.mp4' for writing
[hls @ 0x7fff668c5a00] Opening '/cache/transcodes/789a75f58b967738e11bac62f2dd2615696.mp4' for writing
[hls @ 0x7fff668c5a00] Opening '/cache/transcodes/789a75f58b967738e11bac62f2dd2615697.mp4' for writing
[hls @ 0x7fff668c5a00] Opening '/cache/transcodes/789a75f58b967738e11bac62f2dd2615698.mp4' for writing
[hls @ 0x7fff668c5a00] Opening '/cache/transcodes/789a75f58b967738e11bac62f2dd2615699.mp4' for writing
[hls @ 0x7fff668c5a00] Opening '/cache/transcodes/789a75f58b967738e11bac62f2dd2615700.mp4' for writing
[hls @ 0x7fff668c5a00] Opening '/cache/transcodes/789a75f58b967738e11bac62f2dd2615701.mp4' for writing
[hls @ 0x7fff668c5a00] Opening '/cache/transcodes/789a75f58b967738e11bac62f2dd2615702.mp4' for writing
[hls @ 0x7fff668c5a00] Opening '/cache/transcodes/789a75f58b967738e11bac62f2dd2615703.mp4' for writing
[hls @ 0x7fff668c5a00] Opening '/cache/transcodes/789a75f58b967738e11bac62f2dd2615704.mp4' for writing
[hls @ 0x7fff668c5a00] Opening '/cache/transcodes/789a75f58b967738e11bac62f2dd2615705.mp4' for writing
[hls @ 0x7fff668c5a00] Opening '/cache/transcodes/789a75f58b967738e11bac62f2dd2615706.mp4' for writing
[hls @ 0x7fff668c5a00] Opening '/cache/transcodes/789a75f58b967738e11bac62f2dd2615707.mp4' for writing
[hls @ 0x7fff668c5a00] Opening '/cache/transcodes/789a75f58b967738e11bac62f2dd2615708.mp4' for writing
[hls @ 0x7fff668c5a00] Opening '/cache/transcodes/789a75f58b967738e11bac62f2dd2615709.mp4' for writing
[hls @ 0x7fff668c5a00] Opening '/cache/transcodes/789a75f58b967738e11bac62f2dd2615710.mp4' for writing
[hls @ 0x7fff668c5a00] Opening '/cache/transcodes/789a75f58b967738e11bac62f2dd2615711.mp4' for writing
[hls @ 0x7fff668c5a00] Opening '/cache/transcodes/789a75f58b967738e11bac62f2dd2615712.mp4' for writing
frame= 3332 fps=0.0 q=-1.0 size=N/A time=00:00:00.00 bitrate=N/A speed=   0x    
[hls @ 0x7fff668c5a00] Opening '/cache/transcodes/789a75f58b967738e11bac62f2dd2615713.mp4' for writing
[hls @ 0x7fff668c5a00] Opening '/cache/transcodes/789a75f58b967738e11bac62f2dd2615714.mp4' for writing
[hls @ 0x7fff668c5a00] Opening '/cache/transcodes/789a75f58b967738e11bac62f2dd2615715.mp4' for writing
[hls @ 0x7fff668c5a00] Opening '/cache/transcodes/789a75f58b967738e11bac62f2dd2615716.mp4' for writing
[hls @ 0x7fff668c5a00] Opening '/cache/transcodes/789a75f58b967738e11bac62f2dd2615717.mp4' for writing
[hls @ 0x7fff668c5a00] Opening '/cache/transcodes/789a75f58b967738e11bac62f2dd2615718.mp4' for writing
[hls @ 0x7fff668c5a00] Opening '/cache/transcodes/789a75f58b967738e11bac62f2dd2615719.mp4' for writing
[hls @ 0x7fff668c5a00] Opening '/cache/transcodes/789a75f58b967738e11bac62f2dd2615720.mp4' for writing
[hls @ 0x7fff668c5a00] Opening '/cache/transcodes/789a75f58b967738e11bac62f2dd2615721.mp4' for writing
[hls @ 0x7fff668c5a00] Opening '/cache/transcodes/789a75f58b967738e11bac62f2dd2615722.mp4' for writing
[hls @ 0x7fff668c5a00] Opening '/cache/transcodes/789a75f58b967738e11bac62f2dd2615723.mp4' for writing
[hls @ 0x7fff668c5a00] Opening '/cache/transcodes/789a75f58b967738e11bac62f2dd2615724.mp4' for writing
[hls @ 0x7fff668c5a00] Opening '/cache/transcodes/789a75f58b967738e11bac62f2dd2615725.mp4' for writing
[hls @ 0x7fff668c5a00] Opening '/cache/transcodes/789a75f58b967738e11bac62f2dd2615726.mp4' for writing
[hls @ 0x7fff668c5a00] Opening '/cache/transcodes/789a75f58b967738e11bac62f2dd2615727.mp4' for writing
[hls @ 0x7fff668c5a00] Opening '/cache/transcodes/789a75f58b967738e11bac62f2dd2615728.mp4' for writing
[hls @ 0x7fff668c5a00] Opening '/cache/transcodes/789a75f58b967738e11bac62f2dd2615729.mp4' for writing
[hls @ 0x7fff668c5a00] Opening '/cache/transcodes/789a75f58b967738e11bac62f2dd2615730.mp4' for writing
[hls @ 0x7fff668c5a00] Opening '/cache/transcodes/789a75f58b967738e11bac62f2dd2615731.mp4' for writing
[hls @ 0x7fff668c5a00] Opening '/cache/transcodes/789a75f58b967738e11bac62f2dd2615732.mp4' for writing
[hls @ 0x7fff668c5a00] Opening '/cache/transcodes/789a75f58b967738e11bac62f2dd2615733.mp4' for writing
[hls @ 0x7fff668c5a00] Opening '/cache/transcodes/789a75f58b967738e11bac62f2dd2615734.mp4' for writing
[hls @ 0x7fff668c5a00] Opening '/cache/transcodes/789a75f58b967738e11bac62f2dd2615735.mp4' for writing
[hls @ 0x7fff668c5a00] Opening '/cache/transcodes/789a75f58b967738e11bac62f2dd2615736.mp4' for writing
[hls @ 0x7fff668c5a00] Opening '/cache/transcodes/789a75f58b967738e11bac62f2dd2615737.mp4' for writing
[hls @ 0x7fff668c5a00] Opening '/cache/transcodes/789a75f58b967738e11bac62f2dd2615738.mp4' for writing
[hls @ 0x7fff668c5a00] Opening '/cache/transcodes/789a75f58b967738e11bac62f2dd2615739.mp4' for writing
[hls @ 0x7fff668c5a00] Opening '/cache/transcodes/789a75f58b967738e11bac62f2dd2615740.mp4' for writing
[hls @ 0x7fff668c5a00] Opening '/cache/transcodes/789a75f58b967738e11bac62f2dd2615741.mp4' for writing
[hls @ 0x7fff668c5a00] Opening '/cache/transcodes/789a75f58b967738e11bac62f2dd2615742.mp4' for writing
[hls @ 0x7fff668c5a00] Opening '/cache/transcodes/789a75f58b967738e11bac62f2dd2615743.mp4' for writing
[hls @ 0x7fff668c5a00] Opening '/cache/transcodes/789a75f58b967738e11bac62f2dd2615744.mp4' for writing
[hls @ 0x7fff668c5a00] Opening '/cache/transcodes/789a75f58b967738e11bac62f2dd2615745.mp4' for writing
[hls @ 0x7fff668c5a00] Opening '/cache/transcodes/789a75f58b967738e11bac62f2dd2615746.mp4' for writing
frame= 8210 fps=8207 q=-1.0 size=N/A time=00:03:23.34 bitrate=N/A speed= 203x    
[hls @ 0x7fff668c5a00] Opening '/cache/transcodes/789a75f58b967738e11bac62f2dd2615747.mp4' for writing
[hls @ 0x7fff668c5a00] Opening '/cache/transcodes/789a75f58b967738e11bac62f2dd2615748.mp4' for writing
[hls @ 0x7fff668c5a00] Opening '/cache/transcodes/789a75f58b967738e11bac62f2dd2615749.mp4' for writing
[hls @ 0x7fff668c5a00] Opening '/cache/transcodes/789a75f58b967738e11bac62f2dd2615750.mp4' for writing
[hls @ 0x7fff668c5a00] Opening '/cache/transcodes/789a75f58b967738e11bac62f2dd2615751.mp4' for writing
[hls @ 0x7fff668c5a00] Opening '/cache/transcodes/789a75f58b967738e11bac62f2dd2615752.mp4' for writing
[hls @ 0x7fff668c5a00] Opening '/cache/transcodes/789a75f58b967738e11bac62f2dd2615753.mp4' for writing
[hls @ 0x7fff668c5a00] Opening '/cache/transcodes/789a75f58b967738e11bac62f2dd2615754.mp4' for writing
[hls @ 0x7fff668c5a00] Opening '/cache/transcodes/789a75f58b967738e11bac62f2dd2615755.mp4' for writing
[hls @ 0x7fff668c5a00] Opening '/cache/transcodes/789a75f58b967738e11bac62f2dd2615756.mp4' for writing
[hls @ 0x7fff668c5a00] Opening '/cache/transcodes/789a75f58b967738e11bac62f2dd2615757.mp4' for writing
[hls @ 0x7fff668c5a00] Opening '/cache/transcodes/789a75f58b967738e11bac62f2dd2615758.mp4' for writing
[hls @ 0x7fff668c5a00] Opening '/cache/transcodes/789a75f58b967738e11bac62f2dd2615759.mp4' for writing
[hls @ 0x7fff668c5a00] Opening '/cache/transcodes/789a75f58b967738e11bac62f2dd2615760.mp4' for writing
[hls @ 0x7fff668c5a00] Opening '/cache/transcodes/789a75f58b967738e11bac62f2dd2615761.mp4' for writing
[hls @ 0x7fff668c5a00] Opening '/cache/transcodes/789a75f58b967738e11bac62f2dd2615762.mp4' for writing
[hls @ 0x7fff668c5a00] Opening '/cache/transcodes/789a75f58b967738e11bac62f2dd2615763.mp4' for writing
[hls @ 0x7fff668c5a00] Opening '/cache/transcodes/789a75f58b967738e11bac62f2dd2615764.mp4' for writing
[hls @ 0x7fff668c5a00] Opening '/cache/transcodes/789a75f58b967738e11bac62f2dd2615765.mp4' for writing
[hls @ 0x7fff668c5a00] Opening '/cache/transcodes/789a75f58b967738e11bac62f2dd2615766.mp4' for writing
[hls @ 0x7fff668c5a00] Opening '/cache/transcodes/789a75f58b967738e11bac62f2dd2615767.mp4' for writing
[hls @ 0x7fff668c5a00] Opening '/cache/transcodes/789a75f58b967738e11bac62f2dd2615768.mp4' for writing
[hls @ 0x7fff668c5a00] Opening '/cache/transcodes/789a75f58b967738e11bac62f2dd2615769.mp4' for writing
[hls @ 0x7fff668c5a00] Opening '/cache/transcodes/789a75f58b967738e11bac62f2dd2615770.mp4' for writing
[hls @ 0x7fff668c5a00] Opening '/cache/transcodes/789a75f58b967738e11bac62f2dd2615771.mp4' for writing
[hls @ 0x7fff668c5a00] Opening '/cache/transcodes/789a75f58b967738e11bac62f2dd2615772.mp4' for writing
[hls @ 0x7fff668c5a00] Opening '/cache/transcodes/789a75f58b967738e11bac62f2dd2615773.mp4' for writing
[hls @ 0x7fff668c5a00] Opening '/cache/transcodes/789a75f58b967738e11bac62f2dd2615774.mp4' for writing
[hls @ 0x7fff668c5a00] Opening '/cache/transcodes/789a75f58b967738e11bac62f2dd2615775.mp4' for writing
[hls @ 0x7fff668c5a00] Opening '/cache/transcodes/789a75f58b967738e11bac62f2dd2615776.mp4' for writing
[hls @ 0x7fff668c5a00] Opening '/cache/transcodes/789a75f58b967738e11bac62f2dd2615777.mp4' for writing
[hls @ 0x7fff668c5a00] Opening '/cache/transcodes/789a75f58b967738e11bac62f2dd2615778.mp4' for writing
frame=12965 fps=8641 q=-1.0 size=N/A time=00:06:41.47 bitrate=N/A speed= 268x    
[hls @ 0x7fff668c5a00] Opening '/cache/transcodes/789a75f58b967738e11bac62f2dd2615779.mp4' for writing
[hls @ 0x7fff668c5a00] Opening '/cache/transcodes/789a75f58b967738e11bac62f2dd2615780.mp4' for writing
[hls @ 0x7fff668c5a00] Opening '/cache/transcodes/789a75f58b967738e11bac62f2dd2615781.mp4' for writing
[hls @ 0x7fff668c5a00] Opening '/cache/transcodes/789a75f58b967738e11bac62f2dd2615782.mp4' for writing
[hls @ 0x7fff668c5a00] Opening '/cache/transcodes/789a75f58b967738e11bac62f2dd2615783.mp4' for writing
[hls @ 0x7fff668c5a00] Opening '/cache/transcodes/789a75f58b967738e11bac62f2dd2615784.mp4' for writing
[hls @ 0x7fff668c5a00] Opening '/cache/transcodes/789a75f58b967738e11bac62f2dd2615785.mp4' for writing
[hls @ 0x7fff668c5a00] Opening '/cache/transcodes/789a75f58b967738e11bac62f2dd2615786.mp4' for writing
[hls @ 0x7fff668c5a00] Opening '/cache/transcodes/789a75f58b967738e11bac62f2dd2615787.mp4' for writing
[hls @ 0x7fff668c5a00] Opening '/cache/transcodes/789a75f58b967738e11bac62f2dd2615788.mp4' for writing
[hls @ 0x7fff668c5a00] Opening '/cache/transcodes/789a75f58b967738e11bac62f2dd2615789.mp4' for writing
[hls @ 0x7fff668c5a00] Opening '/cache/transcodes/789a75f58b967738e11bac62f2dd2615790.mp4' for writing
[hls @ 0x7fff668c5a00] Opening '/cache/transcodes/789a75f58b967738e11bac62f2dd2615791.mp4' for writing
[hls @ 0x7fff668c5a00] Opening '/cache/transcodes/789a75f58b967738e11bac62f2dd2615792.mp4' for writing
[hls @ 0x7fff668c5a00] Opening '/cache/transcodes/789a75f58b967738e11bac62f2dd2615793.mp4' for writing
[hls @ 0x7fff668c5a00] Opening '/cache/transcodes/789a75f58b967738e11bac62f2dd2615794.mp4' for writing
[hls @ 0x7fff668c5a00] Opening '/cache/transcodes/789a75f58b967738e11bac62f2dd2615795.mp4' for writing
[hls @ 0x7fff668c5a00] Opening '/cache/transcodes/789a75f58b967738e11bac62f2dd2615796.mp4' for writing
[hls @ 0x7fff668c5a00] Opening '/cache/transcodes/789a75f58b967738e11bac62f2dd2615797.mp4' for writing
[hls @ 0x7fff668c5a00] Opening '/cache/transcodes/789a75f58b967738e11bac62f2dd2615798.mp4' for writing
[hls @ 0x7fff668c5a00] Opening '/cache/transcodes/789a75f58b967738e11bac62f2dd2615799.mp4' for writing
[hls @ 0x7fff668c5a00] Opening '/cache/transcodes/789a75f58b967738e11bac62f2dd2615800.mp4' for writing
[hls @ 0x7fff668c5a00] Opening '/cache/transcodes/789a75f58b967738e11bac62f2dd2615801.mp4' for writing
[hls @ 0x7fff668c5a00] Opening '/cache/transcodes/789a75f58b967738e11bac62f2dd2615802.mp4' for writing
[hls @ 0x7fff668c5a00] Opening '/cache/transcodes/789a75f58b967738e11bac62f2dd2615803.mp4' for writing
[hls @ 0x7fff668c5a00] Opening '/cache/transcodes/789a75f58b967738e11bac62f2dd2615804.mp4' for writing
[hls @ 0x7fff668c5a00] Opening '/cache/transcodes/789a75f58b967738e11bac62f2dd2615805.mp4' for writing
[hls @ 0x7fff668c5a00] Opening '/cache/transcodes/789a75f58b967738e11bac62f2dd2615806.mp4' for writing
[hls @ 0x7fff668c5a00] Opening '/cache/transcodes/789a75f58b967738e11bac62f2dd2615807.mp4' for writing
[hls @ 0x7fff668c5a00] Opening '/cache/transcodes/789a75f58b967738e11bac62f2dd2615808.mp4' for writing
[hls @ 0x7fff668c5a00] Opening '/cache/transcodes/789a75f58b967738e11bac62f2dd2615809.mp4' for writing
[hls @ 0x7fff668c5a00] Opening '/cache/transcodes/789a75f58b967738e11bac62f2dd2615810.mp4' for writing
[hls @ 0x7fff668c5a00] Opening '/cache/transcodes/789a75f58b967738e11bac62f2dd2615811.mp4' for writing
[hls @ 0x7fff668c5a00] Opening '/cache/transcodes/789a75f58b967738e11bac62f2dd2615812.mp4' for writing
[hls @ 0x7fff668c5a00] Opening '/cache/transcodes/789a75f58b967738e11bac62f2dd2615813.mp4' for writing
frame=17884 fps=8939 q=-1.0 size=N/A time=00:10:06.33 bitrate=N/A speed= 303x    
[hls @ 0x7fff668c5a00] Opening '/cache/transcodes/789a75f58b967738e11bac62f2dd2615814.mp4' for writing
[hls @ 0x7fff668c5a00] Opening '/cache/transcodes/789a75f58b967738e11bac62f2dd2615815.mp4' for writing
[hls @ 0x7fff668c5a00] Opening '/cache/transcodes/789a75f58b967738e11bac62f2dd2615816.mp4' for writing
[hls @ 0x7fff668c5a00] Opening '/cache/transcodes/789a75f58b967738e11bac62f2dd2615817.mp4' for writing
[hls @ 0x7fff668c5a00] Opening '/cache/transcodes/789a75f58b967738e11bac62f2dd2615818.mp4' for writing
[hls @ 0x7fff668c5a00] Opening '/cache/transcodes/789a75f58b967738e11bac62f2dd2615819.mp4' for writing
[hls @ 0x7fff668c5a00] Opening '/cache/transcodes/789a75f58b967738e11bac62f2dd2615820.mp4' for writing
[hls @ 0x7fff668c5a00] Opening '/cache/transcodes/789a75f58b967738e11bac62f2dd2615821.mp4' for writing
[hls @ 0x7fff668c5a00] Opening '/cache/transcodes/789a75f58b967738e11bac62f2dd2615822.mp4' for writing
[hls @ 0x7fff668c5a00] Opening '/cache/transcodes/789a75f58b967738e11bac62f2dd2615823.mp4' for writing
[hls @ 0x7fff668c5a00] Opening '/cache/transcodes/789a75f58b967738e11bac62f2dd2615824.mp4' for writing
[hls @ 0x7fff668c5a00] Opening '/cache/transcodes/789a75f58b967738e11bac62f2dd2615825.mp4' for writing
[hls @ 0x7fff668c5a00] Opening '/cache/transcodes/789a75f58b967738e11bac62f2dd2615826.mp4' for writing
[hls @ 0x7fff668c5a00] Opening '/cache/transcodes/789a75f58b967738e11bac62f2dd2615827.mp4' for writing
[hls @ 0x7fff668c5a00] Opening '/cache/transcodes/789a75f58b967738e11bac62f2dd2615828.mp4' for writing
[hls @ 0x7fff668c5a00] Opening '/cache/transcodes/789a75f58b967738e11bac62f2dd2615829.mp4' for writing
[hls @ 0x7fff668c5a00] Opening '/cache/transcodes/789a75f58b967738e11bac62f2dd2615830.mp4' for writing
[hls @ 0x7fff668c5a00] Opening '/cache/transcodes/789a75f58b967738e11bac62f2dd2615831.mp4' for writing
[hls @ 0x7fff668c5a00] Opening '/cache/transcodes/789a75f58b967738e11bac62f2dd2615832.mp4' for writing
[hls @ 0x7fff668c5a00] Opening '/cache/transcodes/789a75f58b967738e11bac62f2dd2615833.mp4' for writing
[hls @ 0x7fff668c5a00] Opening '/cache/transcodes/789a75f58b967738e11bac62f2dd2615834.mp4' for writing
[hls @ 0x7fff668c5a00] Opening '/cache/transcodes/789a75f58b967738e11bac62f2dd2615835.mp4' for writing
[hls @ 0x7fff668c5a00] Opening '/cache/transcodes/789a75f58b967738e11bac62f2dd2615836.mp4' for writing
[hls @ 0x7fff668c5a00] Opening '/cache/transcodes/789a75f58b967738e11bac62f2dd2615837.mp4' for writing
[hls @ 0x7fff668c5a00] Opening '/cache/transcodes/789a75f58b967738e11bac62f2dd2615838.mp4' for writing
[hls @ 0x7fff668c5a00] Opening '/cache/transcodes/789a75f58b967738e11bac62f2dd2615839.mp4' for writing
[hls @ 0x7fff668c5a00] Opening '/cache/transcodes/789a75f58b967738e11bac62f2dd2615840.mp4' for writing
[hls @ 0x7fff668c5a00] Opening '/cache/transcodes/789a75f58b967738e11bac62f2dd2615841.mp4' for writing
[hls @ 0x7fff668c5a00] Opening '/cache/transcodes/789a75f58b967738e11bac62f2dd2615842.mp4' for writing
[hls @ 0x7fff668c5a00] Opening '/cache/transcodes/789a75f58b967738e11bac62f2dd2615843.mp4' for writing
[hls @ 0x7fff668c5a00] Opening '/cache/transcodes/789a75f58b967738e11bac62f2dd2615844.mp4' for writing
[hls @ 0x7fff668c5a00] Opening '/cache/transcodes/789a75f58b967738e11bac62f2dd2615845.mp4' for writing
[hls @ 0x7fff668c5a00] Opening '/cache/transcodes/789a75f58b967738e11bac62f2dd2615846.mp4' for writing
[hls @ 0x7fff668c5a00] Opening '/cache/transcodes/789a75f58b967738e11bac62f2dd2615847.mp4' for writing
[hls @ 0x7fff668c5a00] Opening '/cache/transcodes/789a75f58b967738e11bac62f2dd2615848.mp4' for writing
[hls @ 0x7fff668c5a00] Opening '/cache/transcodes/789a75f58b967738e11bac62f2dd2615849.mp4' for writing
[hls @ 0x7fff668c5a00] Opening '/cache/transcodes/789a75f58b967738e11bac62f2dd2615850.mp4' for writing
[hls @ 0x7fff668c5a00] Opening '/cache/transcodes/789a75f58b967738e11bac62f2dd2615851.mp4' for writing
[hls @ 0x7fff668c5a00] Opening '/cache/transcodes/789a75f58b967738e11bac62f2dd2615852.mp4' for writing
[hls @ 0x7fff668c5a00] Opening '/cache/transcodes/789a75f58b967738e11bac62f2dd2615853.mp4' for writing
[hls @ 0x7fff668c5a00] Opening '/cache/transcodes/789a75f58b967738e11bac62f2dd2615854.mp4' for writing
[hls @ 0x7fff668c5a00] Opening '/cache/transcodes/789a75f58b967738e11bac62f2dd2615855.mp4' for writing
[hls @ 0x7fff668c5a00] Opening '/cache/transcodes/789a75f58b967738e11bac62f2dd2615856.mp4' for writing
[hls @ 0x7fff668c5a00] Opening '/cache/transcodes/789a75f58b967738e11bac62f2dd2615857.mp4' for writing
[hls @ 0x7fff668c5a00] Opening '/cache/transcodes/789a75f58b967738e11bac62f2dd2615858.mp4' for writing
[hls @ 0x7fff668c5a00] Opening '/cache/transcodes/789a75f58b967738e11bac62f2dd2615859.mp4' for writing
[hls @ 0x7fff668c5a00] Opening '/cache/transcodes/789a75f58b967738e11bac62f2dd2615860.mp4' for writing


[q] command received. Exiting.

[hls @ 0x7fff668c5a00] Opening '/cache/transcodes/789a75f58b967738e11bac62f2dd2615861.mp4' for writing
[hls @ 0x7fff668c5a00] Opening '/cache/transcodes/789a75f58b967738e11bac62f2dd2615862.mp4' for writing
[out#0/hls @ 0x7fff66d9d4c0] video:375778KiB audio:40322KiB subtitle:0KiB other streams:0KiB global headers:0KiB muxing overhead: unknown
frame=24774 fps=8426 q=-1.0 Lsize=N/A time=00:14:53.41 bitrate=N/A speed= 304x    