{"Protocol":0,"Id":"6b89fc927f36dbdcd331e35809ca39be","Path":"/Passport/Supun/Tron Ares (2025) English WEBRip-[CineSubz.co]-1080p.mp4","EncoderPath":null,"EncoderProtocol":null,"Type":0,"Container":"mov,mp4,m4a,3gp,3g2,mj2","Size":2947606014,"Name":"Tron Ares (2025) English WEBRip-[CineSubz.co]-1080p","IsRemote":false,"ETag":"be4b9d3f7d9af33caad3b4ec99a816ee","RunTimeTicks":71984640000,"ReadAtNativeFramerate":false,"IgnoreDts":false,"IgnoreIndex":false,"GenPtsInput":false,"SupportsTranscoding":true,"SupportsDirectStream":true,"SupportsDirectPlay":true,"IsInfiniteStream":false,"UseMostCompatibleTranscodingProfile":false,"RequiresOpening":false,"OpenToken":null,"RequiresClosing":false,"LiveStreamId":null,"BufferMs":null,"RequiresLooping":false,"SupportsProbing":true,"VideoType":0,"IsoType":null,"Video3DFormat":null,"MediaStreams":[{"Codec":"h264","CodecTag":"avc1","Language":"eng","ColorRange":null,"ColorSpace":null,"ColorTransfer":null,"ColorPrimaries":null,"DvVersionMajor":null,"DvVersionMinor":null,"DvProfile":null,"DvLevel":null,"RpuPresentFlag":null,"ElPresentFlag":null,"BlPresentFlag":null,"DvBlSignalCompatibilityId":null,"Rotation":null,"Comment":null,"TimeBase":"1/12288","CodecTimeBase":null,"Title":null,"Hdr10PlusPresentFlag":null,"VideoRange":1,"VideoRangeType":1,"VideoDoViTitle":null,"AudioSpatialFormat":0,"LocalizedUndefined":null,"LocalizedDefault":null,"LocalizedForced":null,"LocalizedExternal":null,"LocalizedHearingImpaired":null,"DisplayTitle":"1080p H264 SDR","NalLengthSize":"4","IsInterlaced":false,"IsAVC":true,"ChannelLayout":null,"BitRate":2951682,"BitDepth":8,"RefFrames":1,"PacketLength":null,"Channels":null,"SampleRate":null,"IsDefault":true,"IsForced":false,"IsHearingImpaired":false,"Height":1080,"Width":1920,"AverageFrameRate":24,"RealFrameRate":24,"ReferenceFrameRate":24,"Profile":"High","Type":1,"AspectRatio":"2.40:1","Index":0,"Score":null,"IsExternal":false,"DeliveryMethod":null,"DeliveryUrl":null,"IsExternalUrl":null,"IsTextSubtitleStream":false,"SupportsExternalStream":false,"Path":null,"PixelFormat":"yuv420p","Level":40,"IsAnamorphic":true},{"Codec":"aac","CodecTag":"mp4a","Language":"eng","ColorRange":null,"ColorSpace":null,"ColorTransfer":null,"ColorPrimaries":null,"DvVersionMajor":null,"DvVersionMinor":null,"DvProfile":null,"DvLevel":null,"RpuPresentFlag":null,"ElPresentFlag":null,"BlPresentFlag":null,"DvBlSignalCompatibilityId":null,"Rotation":null,"Comment":null,"TimeBase":"1/48000","CodecTimeBase":null,"Title":null,"Hdr10PlusPresentFlag":null,"VideoRange":0,"VideoRangeType":0,"VideoDoViTitle":null,"AudioSpatialFormat":0,"LocalizedUndefined":null,"LocalizedDefault":"Default","LocalizedForced":null,"LocalizedExternal":"External","LocalizedHearingImpaired":null,"DisplayTitle":"English - AAC - 5.1 - Default","NalLengthSize":null,"IsInterlaced":false,"IsAVC":false,"ChannelLayout":"5.1","BitRate":319999,"BitDepth":null,"RefFrames":null,"PacketLength":null,"Channels":6,"SampleRate":48000,"IsDefault":true,"IsForced":false,"IsHearingImpaired":false,"Height":null,"Width":null,"AverageFrameRate":null,"RealFrameRate":null,"ReferenceFrameRate":null,"Profile":"LC","Type":0,"AspectRatio":null,"Index":1,"Score":null,"IsExternal":false,"DeliveryMethod":null,"DeliveryUrl":null,"IsExternalUrl":null,"IsTextSubtitleStream":false,"SupportsExternalStream":false,"Path":null,"PixelFormat":null,"Level":0,"IsAnamorphic":null}],"MediaAttachments":[],"Formats":[],"Bitrate":3275816,"FallbackMaxStreamingBitrate":null,"Timestamp":null,"RequiredHttpHeaders":{},"TranscodingUrl":null,"TranscodingSubProtocol":0,"TranscodingContainer":null,"AnalyzeDurationMs":null,"DefaultAudioStreamIndex":null,"DefaultSubtitleStreamIndex":null,"HasSegments":false}

/usr/lib/jellyfin-ffmpeg/ffmpeg -analyzeduration 200M -probesize 1G -ss 00:53:06.500 -noaccurate_seek -fflags +genpts -f mov,mp4,m4a,3gp,3g2,mj2  -i file:"/Passport/Supun/Tron Ares (2025) English WEBRip-[CineSubz.co]-1080p.mp4" -map_metadata -1 -map_chapters -1 -threads 0 -map 0:0 -map 0:1 -map -0:s -codec:v:0 copy -bsf:v h264_mp4toannexb -start_at_zero -codec:a:0 copy -copyts -avoid_negative_ts disabled -max_muxing_queue_size 2048 -f hls -max_delay 5000000 -hls_time 6 -hls_segment_type fmp4 -hls_fmp4_init_filename "4fd35d5109413f63b38e9ef259f5c3eb-1.mp4" -start_number 531 -hls_segment_filename "/cache/transcodes/4fd35d5109413f63b38e9ef259f5c3eb%d.mp4" -hls_playlist_type vod -hls_list_size 0 -hls_segment_options movflags=+frag_discont -y "/cache/transcodes/4fd35d5109413f63b38e9ef259f5c3eb.m3u8"


ffmpeg version 7.1.3-Jellyfin Copyright (c) 2000-2025 the FFmpeg developers
  built with gcc 14 (Debian 14.2.0-19)
  configuration: --prefix=/usr/lib/jellyfin-ffmpeg --target-os=linux --extra-version=Jellyfin --disable-doc --disable-ffplay --disable-static --disable-libxcb --disable-sdl2 --disable-xlib --enable-lto=auto --enable-gpl --enable-version3 --enable-shared --enable-gmp --enable-gnutls --enable-chromaprint --enable-opencl --enable-libdrm --enable-libxml2 --enable-libass --enable-libfreetype --enable-libfribidi --enable-libfontconfig --enable-libharfbuzz --enable-libbluray --enable-libmp3lame --enable-libopus --enable-libtheora --enable-libvorbis --enable-libopenmpt --enable-libdav1d --enable-libsvtav1 --enable-libwebp --enable-libvpx --enable-libx264 --enable-libx265 --enable-libzvbi --enable-libzimg --enable-libfdk-aac --arch=arm64 --cross-prefix=/usr/bin/aarch64-linux-gnu- --toolchain=hardened --enable-cross-compile --enable-rkmpp --enable-rkrga --enable-ffnvcodec --enable-cuda --enable-cuda-llvm --enable-cuvid --enable-nvdec --enable-nvenc
  libavutil      59. 39.100 / 59. 39.100
  libavcodec     61. 19.101 / 61. 19.101
  libavformat    61.  7.100 / 61.  7.100
  libavdevice    61.  3.100 / 61.  3.100
  libavfilter    10.  4.100 / 10.  4.100
  libswscale      8.  3.100 /  8.  3.100
  libswresample   5.  3.100 /  5.  3.100
  libpostproc    58.  3.100 / 58.  3.100
Input #0, mov,mp4,m4a,3gp,3g2,mj2, from 'file:/Passport/Supun/Tron Ares (2025) English WEBRip-[CineSubz.co]-1080p.mp4':
  Metadata:
    major_brand     : isom
    minor_version   : 512
    compatible_brands: isomiso2avc1mp41
    encoder         : Lavf56.25.101
  Duration: 01:59:58.46, start: 0.000000, bitrate: 3275 kb/s
  Stream #0:0[0x1](eng): Video: h264 (High) (avc1 / 0x31637661), yuv420p(progressive), 1920x1080 [SAR 27:20 DAR 12:5], 2951 kb/s, 24 fps, 24 tbr, 12288 tbn (default)
      Metadata:
        handler_name    : VideoHandler
        vendor_id       : [0][0][0][0]
  Stream #0:1[0x2](eng): Audio: aac (LC) (mp4a / 0x6134706D), 48000 Hz, 5.1, fltp, 319 kb/s (default)
      Metadata:
        handler_name    : SoundHandler
        vendor_id       : [0][0][0][0]
Stream mapping:
  Stream #0:0 -> #0:0 (copy)
  Stream #0:1 -> #0:1 (copy)
[hls @ 0x7ffeefac5a00] Opening '/cache/transcodes/4fd35d5109413f63b38e9ef259f5c3eb-1.mp4' for writing
Output #0, hls, to '/cache/transcodes/4fd35d5109413f63b38e9ef259f5c3eb.m3u8':
  Metadata:
    encoder         : Lavf61.7.100
  Stream #0:0: Video: h264 (High) (avc1 / 0x31637661), yuv420p(progressive), 1920x1080 [SAR 27:20 DAR 12:5], q=2-31, 2951 kb/s, 24 fps, 24 tbr, 12288 tbn (default)
  Stream #0:1: Audio: aac (LC) (mp4a / 0x6134706D), 48000 Hz, 5.1, fltp, 319 kb/s (default)
Press [q] to stop, [?] for help
[hls @ 0x7ffeefac5a00] Opening '/cache/transcodes/4fd35d5109413f63b38e9ef259f5c3eb531.mp4' for writing
[hls @ 0x7ffeefac5a00] Opening '/cache/transcodes/4fd35d5109413f63b38e9ef259f5c3eb532.mp4' for writing
[hls @ 0x7ffeefac5a00] Opening '/cache/transcodes/4fd35d5109413f63b38e9ef259f5c3eb533.mp4' for writing
[hls @ 0x7ffeefac5a00] Opening '/cache/transcodes/4fd35d5109413f63b38e9ef259f5c3eb534.mp4' for writing
[hls @ 0x7ffeefac5a00] Opening '/cache/transcodes/4fd35d5109413f63b38e9ef259f5c3eb535.mp4' for writing
[hls @ 0x7ffeefac5a00] Opening '/cache/transcodes/4fd35d5109413f63b38e9ef259f5c3eb536.mp4' for writing
[hls @ 0x7ffeefac5a00] Opening '/cache/transcodes/4fd35d5109413f63b38e9ef259f5c3eb537.mp4' for writing
[hls @ 0x7ffeefac5a00] Opening '/cache/transcodes/4fd35d5109413f63b38e9ef259f5c3eb538.mp4' for writing
[hls @ 0x7ffeefac5a00] Opening '/cache/transcodes/4fd35d5109413f63b38e9ef259f5c3eb539.mp4' for writing
[hls @ 0x7ffeefac5a00] Opening '/cache/transcodes/4fd35d5109413f63b38e9ef259f5c3eb540.mp4' for writing
[hls @ 0x7ffeefac5a00] Opening '/cache/transcodes/4fd35d5109413f63b38e9ef259f5c3eb541.mp4' for writing
[hls @ 0x7ffeefac5a00] Opening '/cache/transcodes/4fd35d5109413f63b38e9ef259f5c3eb542.mp4' for writing
[hls @ 0x7ffeefac5a00] Opening '/cache/transcodes/4fd35d5109413f63b38e9ef259f5c3eb543.mp4' for writing
[hls @ 0x7ffeefac5a00] Opening '/cache/transcodes/4fd35d5109413f63b38e9ef259f5c3eb544.mp4' for writing
[hls @ 0x7ffeefac5a00] Opening '/cache/transcodes/4fd35d5109413f63b38e9ef259f5c3eb545.mp4' for writing
[hls @ 0x7ffeefac5a00] Opening '/cache/transcodes/4fd35d5109413f63b38e9ef259f5c3eb546.mp4' for writing
frame= 2457 fps=0.0 q=-1.0 size=N/A time=00:00:00.00 bitrate=N/A speed=   0x    
[hls @ 0x7ffeefac5a00] Opening '/cache/transcodes/4fd35d5109413f63b38e9ef259f5c3eb547.mp4' for writing
[hls @ 0x7ffeefac5a00] Opening '/cache/transcodes/4fd35d5109413f63b38e9ef259f5c3eb548.mp4' for writing
[hls @ 0x7ffeefac5a00] Opening '/cache/transcodes/4fd35d5109413f63b38e9ef259f5c3eb549.mp4' for writing
[hls @ 0x7ffeefac5a00] Opening '/cache/transcodes/4fd35d5109413f63b38e9ef259f5c3eb550.mp4' for writing
[hls @ 0x7ffeefac5a00] Opening '/cache/transcodes/4fd35d5109413f63b38e9ef259f5c3eb551.mp4' for writing
[hls @ 0x7ffeefac5a00] Opening '/cache/transcodes/4fd35d5109413f63b38e9ef259f5c3eb552.mp4' for writing
[hls @ 0x7ffeefac5a00] Opening '/cache/transcodes/4fd35d5109413f63b38e9ef259f5c3eb553.mp4' for writing
[hls @ 0x7ffeefac5a00] Opening '/cache/transcodes/4fd35d5109413f63b38e9ef259f5c3eb554.mp4' for writing
[hls @ 0x7ffeefac5a00] Opening '/cache/transcodes/4fd35d5109413f63b38e9ef259f5c3eb555.mp4' for writing
[hls @ 0x7ffeefac5a00] Opening '/cache/transcodes/4fd35d5109413f63b38e9ef259f5c3eb556.mp4' for writing
[hls @ 0x7ffeefac5a00] Opening '/cache/transcodes/4fd35d5109413f63b38e9ef259f5c3eb557.mp4' for writing
[hls @ 0x7ffeefac5a00] Opening '/cache/transcodes/4fd35d5109413f63b38e9ef259f5c3eb558.mp4' for writing
[hls @ 0x7ffeefac5a00] Opening '/cache/transcodes/4fd35d5109413f63b38e9ef259f5c3eb559.mp4' for writing
[hls @ 0x7ffeefac5a00] Opening '/cache/transcodes/4fd35d5109413f63b38e9ef259f5c3eb560.mp4' for writing
[hls @ 0x7ffeefac5a00] Opening '/cache/transcodes/4fd35d5109413f63b38e9ef259f5c3eb561.mp4' for writing
[hls @ 0x7ffeefac5a00] Opening '/cache/transcodes/4fd35d5109413f63b38e9ef259f5c3eb562.mp4' for writing
[hls @ 0x7ffeefac5a00] Opening '/cache/transcodes/4fd35d5109413f63b38e9ef259f5c3eb563.mp4' for writing
[hls @ 0x7ffeefac5a00] Opening '/cache/transcodes/4fd35d5109413f63b38e9ef259f5c3eb564.mp4' for writing
[hls @ 0x7ffeefac5a00] Opening '/cache/transcodes/4fd35d5109413f63b38e9ef259f5c3eb565.mp4' for writing
[hls @ 0x7ffeefac5a00] Opening '/cache/transcodes/4fd35d5109413f63b38e9ef259f5c3eb566.mp4' for writing
[hls @ 0x7ffeefac5a00] Opening '/cache/transcodes/4fd35d5109413f63b38e9ef259f5c3eb567.mp4' for writing
[hls @ 0x7ffeefac5a00] Opening '/cache/transcodes/4fd35d5109413f63b38e9ef259f5c3eb568.mp4' for writing
[hls @ 0x7ffeefac5a00] Opening '/cache/transcodes/4fd35d5109413f63b38e9ef259f5c3eb569.mp4' for writing
[hls @ 0x7ffeefac5a00] Opening '/cache/transcodes/4fd35d5109413f63b38e9ef259f5c3eb570.mp4' for writing
[hls @ 0x7ffeefac5a00] Opening '/cache/transcodes/4fd35d5109413f63b38e9ef259f5c3eb571.mp4' for writing
[hls @ 0x7ffeefac5a00] Opening '/cache/transcodes/4fd35d5109413f63b38e9ef259f5c3eb572.mp4' for writing
[hls @ 0x7ffeefac5a00] Opening '/cache/transcodes/4fd35d5109413f63b38e9ef259f5c3eb573.mp4' for writing
[hls @ 0x7ffeefac5a00] Opening '/cache/transcodes/4fd35d5109413f63b38e9ef259f5c3eb574.mp4' for writing
[hls @ 0x7ffeefac5a00] Opening '/cache/transcodes/4fd35d5109413f63b38e9ef259f5c3eb575.mp4' for writing
[hls @ 0x7ffeefac5a00] Opening '/cache/transcodes/4fd35d5109413f63b38e9ef259f5c3eb576.mp4' for writing
[hls @ 0x7ffeefac5a00] Opening '/cache/transcodes/4fd35d5109413f63b38e9ef259f5c3eb577.mp4' for writing
[hls @ 0x7ffeefac5a00] Opening '/cache/transcodes/4fd35d5109413f63b38e9ef259f5c3eb578.mp4' for writing
[hls @ 0x7ffeefac5a00] Opening '/cache/transcodes/4fd35d5109413f63b38e9ef259f5c3eb579.mp4' for writing
frame= 7080 fps=7060 q=-1.0 size=N/A time=00:03:12.56 bitrate=N/A speed= 192x    
[hls @ 0x7ffeefac5a00] Opening '/cache/transcodes/4fd35d5109413f63b38e9ef259f5c3eb580.mp4' for writing
[hls @ 0x7ffeefac5a00] Opening '/cache/transcodes/4fd35d5109413f63b38e9ef259f5c3eb581.mp4' for writing
[hls @ 0x7ffeefac5a00] Opening '/cache/transcodes/4fd35d5109413f63b38e9ef259f5c3eb582.mp4' for writing
[hls @ 0x7ffeefac5a00] Opening '/cache/transcodes/4fd35d5109413f63b38e9ef259f5c3eb583.mp4' for writing
[hls @ 0x7ffeefac5a00] Opening '/cache/transcodes/4fd35d5109413f63b38e9ef259f5c3eb584.mp4' for writing
[hls @ 0x7ffeefac5a00] Opening '/cache/transcodes/4fd35d5109413f63b38e9ef259f5c3eb585.mp4' for writing
[hls @ 0x7ffeefac5a00] Opening '/cache/transcodes/4fd35d5109413f63b38e9ef259f5c3eb586.mp4' for writing
[hls @ 0x7ffeefac5a00] Opening '/cache/transcodes/4fd35d5109413f63b38e9ef259f5c3eb587.mp4' for writing
[hls @ 0x7ffeefac5a00] Opening '/cache/transcodes/4fd35d5109413f63b38e9ef259f5c3eb588.mp4' for writing
[hls @ 0x7ffeefac5a00] Opening '/cache/transcodes/4fd35d5109413f63b38e9ef259f5c3eb589.mp4' for writing
[hls @ 0x7ffeefac5a00] Opening '/cache/transcodes/4fd35d5109413f63b38e9ef259f5c3eb590.mp4' for writing
[hls @ 0x7ffeefac5a00] Opening '/cache/transcodes/4fd35d5109413f63b38e9ef259f5c3eb591.mp4' for writing
[hls @ 0x7ffeefac5a00] Opening '/cache/transcodes/4fd35d5109413f63b38e9ef259f5c3eb592.mp4' for writing
[hls @ 0x7ffeefac5a00] Opening '/cache/transcodes/4fd35d5109413f63b38e9ef259f5c3eb593.mp4' for writing
[hls @ 0x7ffeefac5a00] Opening '/cache/transcodes/4fd35d5109413f63b38e9ef259f5c3eb594.mp4' for writing
[hls @ 0x7ffeefac5a00] Opening '/cache/transcodes/4fd35d5109413f63b38e9ef259f5c3eb595.mp4' for writing
[hls @ 0x7ffeefac5a00] Opening '/cache/transcodes/4fd35d5109413f63b38e9ef259f5c3eb596.mp4' for writing
[hls @ 0x7ffeefac5a00] Opening '/cache/transcodes/4fd35d5109413f63b38e9ef259f5c3eb597.mp4' for writing
[hls @ 0x7ffeefac5a00] Opening '/cache/transcodes/4fd35d5109413f63b38e9ef259f5c3eb598.mp4' for writing
[hls @ 0x7ffeefac5a00] Opening '/cache/transcodes/4fd35d5109413f63b38e9ef259f5c3eb599.mp4' for writing
[hls @ 0x7ffeefac5a00] Opening '/cache/transcodes/4fd35d5109413f63b38e9ef259f5c3eb600.mp4' for writing
[hls @ 0x7ffeefac5a00] Opening '/cache/transcodes/4fd35d5109413f63b38e9ef259f5c3eb601.mp4' for writing
[hls @ 0x7ffeefac5a00] Opening '/cache/transcodes/4fd35d5109413f63b38e9ef259f5c3eb602.mp4' for writing
[hls @ 0x7ffeefac5a00] Opening '/cache/transcodes/4fd35d5109413f63b38e9ef259f5c3eb603.mp4' for writing
[hls @ 0x7ffeefac5a00] Opening '/cache/transcodes/4fd35d5109413f63b38e9ef259f5c3eb604.mp4' for writing
[hls @ 0x7ffeefac5a00] Opening '/cache/transcodes/4fd35d5109413f63b38e9ef259f5c3eb605.mp4' for writing
[hls @ 0x7ffeefac5a00] Opening '/cache/transcodes/4fd35d5109413f63b38e9ef259f5c3eb606.mp4' for writing
[hls @ 0x7ffeefac5a00] Opening '/cache/transcodes/4fd35d5109413f63b38e9ef259f5c3eb607.mp4' for writing
[hls @ 0x7ffeefac5a00] Opening '/cache/transcodes/4fd35d5109413f63b38e9ef259f5c3eb608.mp4' for writing
[hls @ 0x7ffeefac5a00] Opening '/cache/transcodes/4fd35d5109413f63b38e9ef259f5c3eb609.mp4' for writing
[hls @ 0x7ffeefac5a00] Opening '/cache/transcodes/4fd35d5109413f63b38e9ef259f5c3eb610.mp4' for writing
[hls @ 0x7ffeefac5a00] Opening '/cache/transcodes/4fd35d5109413f63b38e9ef259f5c3eb611.mp4' for writing
[hls @ 0x7ffeefac5a00] Opening '/cache/transcodes/4fd35d5109413f63b38e9ef259f5c3eb612.mp4' for writing
[hls @ 0x7ffeefac5a00] Opening '/cache/transcodes/4fd35d5109413f63b38e9ef259f5c3eb613.mp4' for writing
[hls @ 0x7ffeefac5a00] Opening '/cache/transcodes/4fd35d5109413f63b38e9ef259f5c3eb614.mp4' for writing
[hls @ 0x7ffeefac5a00] Opening '/cache/transcodes/4fd35d5109413f63b38e9ef259f5c3eb615.mp4' for writing
[hls @ 0x7ffeefac5a00] Opening '/cache/transcodes/4fd35d5109413f63b38e9ef259f5c3eb616.mp4' for writing
[hls @ 0x7ffeefac5a00] Opening '/cache/transcodes/4fd35d5109413f63b38e9ef259f5c3eb617.mp4' for writing
[hls @ 0x7ffeefac5a00] Opening '/cache/transcodes/4fd35d5109413f63b38e9ef259f5c3eb618.mp4' for writing
[hls @ 0x7ffeefac5a00] Opening '/cache/transcodes/4fd35d5109413f63b38e9ef259f5c3eb619.mp4' for writing
[hls @ 0x7ffeefac5a00] Opening '/cache/transcodes/4fd35d5109413f63b38e9ef259f5c3eb620.mp4' for writing
[hls @ 0x7ffeefac5a00] Opening '/cache/transcodes/4fd35d5109413f63b38e9ef259f5c3eb621.mp4' for writing
[hls @ 0x7ffeefac5a00] Opening '/cache/transcodes/4fd35d5109413f63b38e9ef259f5c3eb622.mp4' for writing
[hls @ 0x7ffeefac5a00] Opening '/cache/transcodes/4fd35d5109413f63b38e9ef259f5c3eb623.mp4' for writing
[hls @ 0x7ffeefac5a00] Opening '/cache/transcodes/4fd35d5109413f63b38e9ef259f5c3eb624.mp4' for writing
[hls @ 0x7ffeefac5a00] Opening '/cache/transcodes/4fd35d5109413f63b38e9ef259f5c3eb625.mp4' for writing
frame=13687 fps=9106 q=-1.0 size=N/A time=00:07:47.90 bitrate=N/A speed= 311x    
[hls @ 0x7ffeefac5a00] Opening '/cache/transcodes/4fd35d5109413f63b38e9ef259f5c3eb626.mp4' for writing
[hls @ 0x7ffeefac5a00] Opening '/cache/transcodes/4fd35d5109413f63b38e9ef259f5c3eb627.mp4' for writing
[hls @ 0x7ffeefac5a00] Opening '/cache/transcodes/4fd35d5109413f63b38e9ef259f5c3eb628.mp4' for writing
[hls @ 0x7ffeefac5a00] Opening '/cache/transcodes/4fd35d5109413f63b38e9ef259f5c3eb629.mp4' for writing
[hls @ 0x7ffeefac5a00] Opening '/cache/transcodes/4fd35d5109413f63b38e9ef259f5c3eb630.mp4' for writing
[hls @ 0x7ffeefac5a00] Opening '/cache/transcodes/4fd35d5109413f63b38e9ef259f5c3eb631.mp4' for writing
[hls @ 0x7ffeefac5a00] Opening '/cache/transcodes/4fd35d5109413f63b38e9ef259f5c3eb632.mp4' for writing
[hls @ 0x7ffeefac5a00] Opening '/cache/transcodes/4fd35d5109413f63b38e9ef259f5c3eb633.mp4' for writing
[hls @ 0x7ffeefac5a00] Opening '/cache/transcodes/4fd35d5109413f63b38e9ef259f5c3eb634.mp4' for writing
[hls @ 0x7ffeefac5a00] Opening '/cache/transcodes/4fd35d5109413f63b38e9ef259f5c3eb635.mp4' for writing
[hls @ 0x7ffeefac5a00] Opening '/cache/transcodes/4fd35d5109413f63b38e9ef259f5c3eb636.mp4' for writing
[hls @ 0x7ffeefac5a00] Opening '/cache/transcodes/4fd35d5109413f63b38e9ef259f5c3eb637.mp4' for writing
[hls @ 0x7ffeefac5a00] Opening '/cache/transcodes/4fd35d5109413f63b38e9ef259f5c3eb638.mp4' for writing
[hls @ 0x7ffeefac5a00] Opening '/cache/transcodes/4fd35d5109413f63b38e9ef259f5c3eb639.mp4' for writing
[hls @ 0x7ffeefac5a00] Opening '/cache/transcodes/4fd35d5109413f63b38e9ef259f5c3eb640.mp4' for writing
[hls @ 0x7ffeefac5a00] Opening '/cache/transcodes/4fd35d5109413f63b38e9ef259f5c3eb641.mp4' for writing
[hls @ 0x7ffeefac5a00] Opening '/cache/transcodes/4fd35d5109413f63b38e9ef259f5c3eb642.mp4' for writing
[hls @ 0x7ffeefac5a00] Opening '/cache/transcodes/4fd35d5109413f63b38e9ef259f5c3eb643.mp4' for writing
[hls @ 0x7ffeefac5a00] Opening '/cache/transcodes/4fd35d5109413f63b38e9ef259f5c3eb644.mp4' for writing
[hls @ 0x7ffeefac5a00] Opening '/cache/transcodes/4fd35d5109413f63b38e9ef259f5c3eb645.mp4' for writing
[hls @ 0x7ffeefac5a00] Opening '/cache/transcodes/4fd35d5109413f63b38e9ef259f5c3eb646.mp4' for writing
[hls @ 0x7ffeefac5a00] Opening '/cache/transcodes/4fd35d5109413f63b38e9ef259f5c3eb647.mp4' for writing
[hls @ 0x7ffeefac5a00] Opening '/cache/transcodes/4fd35d5109413f63b38e9ef259f5c3eb648.mp4' for writing
frame=16993 fps=8483 q=-1.0 size=N/A time=00:10:05.65 bitrate=N/A speed= 302x    
[hls @ 0x7ffeefac5a00] Opening '/cache/transcodes/4fd35d5109413f63b38e9ef259f5c3eb649.mp4' for writing
[hls @ 0x7ffeefac5a00] Opening '/cache/transcodes/4fd35d5109413f63b38e9ef259f5c3eb650.mp4' for writing
[hls @ 0x7ffeefac5a00] Opening '/cache/transcodes/4fd35d5109413f63b38e9ef259f5c3eb651.mp4' for writing
[hls @ 0x7ffeefac5a00] Opening '/cache/transcodes/4fd35d5109413f63b38e9ef259f5c3eb652.mp4' for writing
[hls @ 0x7ffeefac5a00] Opening '/cache/transcodes/4fd35d5109413f63b38e9ef259f5c3eb653.mp4' for writing
[hls @ 0x7ffeefac5a00] Opening '/cache/transcodes/4fd35d5109413f63b38e9ef259f5c3eb654.mp4' for writing
[hls @ 0x7ffeefac5a00] Opening '/cache/transcodes/4fd35d5109413f63b38e9ef259f5c3eb655.mp4' for writing
[hls @ 0x7ffeefac5a00] Opening '/cache/transcodes/4fd35d5109413f63b38e9ef259f5c3eb656.mp4' for writing
[hls @ 0x7ffeefac5a00] Opening '/cache/transcodes/4fd35d5109413f63b38e9ef259f5c3eb657.mp4' for writing
[hls @ 0x7ffeefac5a00] Opening '/cache/transcodes/4fd35d5109413f63b38e9ef259f5c3eb658.mp4' for writing
[hls @ 0x7ffeefac5a00] Opening '/cache/transcodes/4fd35d5109413f63b38e9ef259f5c3eb659.mp4' for writing
[hls @ 0x7ffeefac5a00] Opening '/cache/transcodes/4fd35d5109413f63b38e9ef259f5c3eb660.mp4' for writing
[hls @ 0x7ffeefac5a00] Opening '/cache/transcodes/4fd35d5109413f63b38e9ef259f5c3eb661.mp4' for writing
[hls @ 0x7ffeefac5a00] Opening '/cache/transcodes/4fd35d5109413f63b38e9ef259f5c3eb662.mp4' for writing
[hls @ 0x7ffeefac5a00] Opening '/cache/transcodes/4fd35d5109413f63b38e9ef259f5c3eb663.mp4' for writing
frame=19268 fps=7697 q=-1.0 size=N/A time=00:11:40.48 bitrate=N/A speed= 280x    
[hls @ 0x7ffeefac5a00] Opening '/cache/transcodes/4fd35d5109413f63b38e9ef259f5c3eb664.mp4' for writing
[hls @ 0x7ffeefac5a00] Opening '/cache/transcodes/4fd35d5109413f63b38e9ef259f5c3eb665.mp4' for writing
[hls @ 0x7ffeefac5a00] Opening '/cache/transcodes/4fd35d5109413f63b38e9ef259f5c3eb666.mp4' for writing
[hls @ 0x7ffeefac5a00] Opening '/cache/transcodes/4fd35d5109413f63b38e9ef259f5c3eb667.mp4' for writing
[hls @ 0x7ffeefac5a00] Opening '/cache/transcodes/4fd35d5109413f63b38e9ef259f5c3eb668.mp4' for writing
[hls @ 0x7ffeefac5a00] Opening '/cache/transcodes/4fd35d5109413f63b38e9ef259f5c3eb669.mp4' for writing
[hls @ 0x7ffeefac5a00] Opening '/cache/transcodes/4fd35d5109413f63b38e9ef259f5c3eb670.mp4' for writing
[hls @ 0x7ffeefac5a00] Opening '/cache/transcodes/4fd35d5109413f63b38e9ef259f5c3eb671.mp4' for writing
[hls @ 0x7ffeefac5a00] Opening '/cache/transcodes/4fd35d5109413f63b38e9ef259f5c3eb672.mp4' for writing
[hls @ 0x7ffeefac5a00] Opening '/cache/transcodes/4fd35d5109413f63b38e9ef259f5c3eb673.mp4' for writing
[hls @ 0x7ffeefac5a00] Opening '/cache/transcodes/4fd35d5109413f63b38e9ef259f5c3eb674.mp4' for writing
[hls @ 0x7ffeefac5a00] Opening '/cache/transcodes/4fd35d5109413f63b38e9ef259f5c3eb675.mp4' for writing
[hls @ 0x7ffeefac5a00] Opening '/cache/transcodes/4fd35d5109413f63b38e9ef259f5c3eb676.mp4' for writing
[hls @ 0x7ffeefac5a00] Opening '/cache/transcodes/4fd35d5109413f63b38e9ef259f5c3eb677.mp4' for writing
[hls @ 0x7ffeefac5a00] Opening '/cache/transcodes/4fd35d5109413f63b38e9ef259f5c3eb678.mp4' for writing
[hls @ 0x7ffeefac5a00] Opening '/cache/transcodes/4fd35d5109413f63b38e9ef259f5c3eb679.mp4' for writing
[hls @ 0x7ffeefac5a00] Opening '/cache/transcodes/4fd35d5109413f63b38e9ef259f5c3eb680.mp4' for writing
frame=21711 fps=7229 q=-1.0 size=N/A time=00:13:22.14 bitrate=N/A speed= 267x    
[hls @ 0x7ffeefac5a00] Opening '/cache/transcodes/4fd35d5109413f63b38e9ef259f5c3eb681.mp4' for writing
[hls @ 0x7ffeefac5a00] Opening '/cache/transcodes/4fd35d5109413f63b38e9ef259f5c3eb682.mp4' for writing
[hls @ 0x7ffeefac5a00] Opening '/cache/transcodes/4fd35d5109413f63b38e9ef259f5c3eb683.mp4' for writing
[hls @ 0x7ffeefac5a00] Opening '/cache/transcodes/4fd35d5109413f63b38e9ef259f5c3eb684.mp4' for writing
[hls @ 0x7ffeefac5a00] Opening '/cache/transcodes/4fd35d5109413f63b38e9ef259f5c3eb685.mp4' for writing
[hls @ 0x7ffeefac5a00] Opening '/cache/transcodes/4fd35d5109413f63b38e9ef259f5c3eb686.mp4' for writing
[hls @ 0x7ffeefac5a00] Opening '/cache/transcodes/4fd35d5109413f63b38e9ef259f5c3eb687.mp4' for writing
[hls @ 0x7ffeefac5a00] Opening '/cache/transcodes/4fd35d5109413f63b38e9ef259f5c3eb688.mp4' for writing
[hls @ 0x7ffeefac5a00] Opening '/cache/transcodes/4fd35d5109413f63b38e9ef259f5c3eb689.mp4' for writing
[hls @ 0x7ffeefac5a00] Opening '/cache/transcodes/4fd35d5109413f63b38e9ef259f5c3eb690.mp4' for writing
[hls @ 0x7ffeefac5a00] Opening '/cache/transcodes/4fd35d5109413f63b38e9ef259f5c3eb691.mp4' for writing
[hls @ 0x7ffeefac5a00] Opening '/cache/transcodes/4fd35d5109413f63b38e9ef259f5c3eb692.mp4' for writing
[hls @ 0x7ffeefac5a00] Opening '/cache/transcodes/4fd35d5109413f63b38e9ef259f5c3eb693.mp4' for writing
[hls @ 0x7ffeefac5a00] Opening '/cache/transcodes/4fd35d5109413f63b38e9ef259f5c3eb694.mp4' for writing
[hls @ 0x7ffeefac5a00] Opening '/cache/transcodes/4fd35d5109413f63b38e9ef259f5c3eb695.mp4' for writing
frame=23764 fps=6783 q=-1.0 size=N/A time=00:14:47.78 bitrate=N/A speed= 253x    
[hls @ 0x7ffeefac5a00] Opening '/cache/transcodes/4fd35d5109413f63b38e9ef259f5c3eb696.mp4' for writing
[hls @ 0x7ffeefac5a00] Opening '/cache/transcodes/4fd35d5109413f63b38e9ef259f5c3eb697.mp4' for writing
[hls @ 0x7ffeefac5a00] Opening '/cache/transcodes/4fd35d5109413f63b38e9ef259f5c3eb698.mp4' for writing
[hls @ 0x7ffeefac5a00] Opening '/cache/transcodes/4fd35d5109413f63b38e9ef259f5c3eb699.mp4' for writing
[hls @ 0x7ffeefac5a00] Opening '/cache/transcodes/4fd35d5109413f63b38e9ef259f5c3eb700.mp4' for writing
[hls @ 0x7ffeefac5a00] Opening '/cache/transcodes/4fd35d5109413f63b38e9ef259f5c3eb701.mp4' for writing
[hls @ 0x7ffeefac5a00] Opening '/cache/transcodes/4fd35d5109413f63b38e9ef259f5c3eb702.mp4' for writing
[hls @ 0x7ffeefac5a00] Opening '/cache/transcodes/4fd35d5109413f63b38e9ef259f5c3eb703.mp4' for writing
[hls @ 0x7ffeefac5a00] Opening '/cache/transcodes/4fd35d5109413f63b38e9ef259f5c3eb704.mp4' for writing
[hls @ 0x7ffeefac5a00] Opening '/cache/transcodes/4fd35d5109413f63b38e9ef259f5c3eb705.mp4' for writing
[hls @ 0x7ffeefac5a00] Opening '/cache/transcodes/4fd35d5109413f63b38e9ef259f5c3eb706.mp4' for writing
[hls @ 0x7ffeefac5a00] Opening '/cache/transcodes/4fd35d5109413f63b38e9ef259f5c3eb707.mp4' for writing
[hls @ 0x7ffeefac5a00] Opening '/cache/transcodes/4fd35d5109413f63b38e9ef259f5c3eb708.mp4' for writing


[q] command received. Exiting.

[hls @ 0x7ffeefac5a00] Opening '/cache/transcodes/4fd35d5109413f63b38e9ef259f5c3eb709.mp4' for writing
[out#0/hls @ 0x7ffeeff9d4c0] video:397136KiB audio:41733KiB subtitle:0KiB other streams:0KiB global headers:0KiB muxing overhead: unknown
frame=25641 fps=6338 q=-1.0 Lsize=N/A time=00:16:05.88 bitrate=N/A speed= 239x    