{"Protocol":0,"Id":"6b89fc927f36dbdcd331e35809ca39be","Path":"/Passport/Supun/Tron Ares (2025) English WEBRip-[CineSubz.co]-1080p.mp4","EncoderPath":null,"EncoderProtocol":null,"Type":0,"Container":"mov,mp4,m4a,3gp,3g2,mj2","Size":2947606014,"Name":"Tron Ares (2025) English WEBRip-[CineSubz.co]-1080p","IsRemote":false,"ETag":"be4b9d3f7d9af33caad3b4ec99a816ee","RunTimeTicks":71984640000,"ReadAtNativeFramerate":false,"IgnoreDts":false,"IgnoreIndex":false,"GenPtsInput":false,"SupportsTranscoding":true,"SupportsDirectStream":true,"SupportsDirectPlay":true,"IsInfiniteStream":false,"UseMostCompatibleTranscodingProfile":false,"RequiresOpening":false,"OpenToken":null,"RequiresClosing":false,"LiveStreamId":null,"BufferMs":null,"RequiresLooping":false,"SupportsProbing":true,"VideoType":0,"IsoType":null,"Video3DFormat":null,"MediaStreams":[{"Codec":"h264","CodecTag":"avc1","Language":"eng","ColorRange":null,"ColorSpace":null,"ColorTransfer":null,"ColorPrimaries":null,"DvVersionMajor":null,"DvVersionMinor":null,"DvProfile":null,"DvLevel":null,"RpuPresentFlag":null,"ElPresentFlag":null,"BlPresentFlag":null,"DvBlSignalCompatibilityId":null,"Rotation":null,"Comment":null,"TimeBase":"1/12288","CodecTimeBase":null,"Title":null,"Hdr10PlusPresentFlag":null,"VideoRange":1,"VideoRangeType":1,"VideoDoViTitle":null,"AudioSpatialFormat":0,"LocalizedUndefined":null,"LocalizedDefault":null,"LocalizedForced":null,"LocalizedExternal":null,"LocalizedHearingImpaired":null,"DisplayTitle":"1080p H264 SDR","NalLengthSize":"4","IsInterlaced":false,"IsAVC":true,"ChannelLayout":null,"BitRate":2951682,"BitDepth":8,"RefFrames":1,"PacketLength":null,"Channels":null,"SampleRate":null,"IsDefault":true,"IsForced":false,"IsHearingImpaired":false,"Height":1080,"Width":1920,"AverageFrameRate":24,"RealFrameRate":24,"ReferenceFrameRate":24,"Profile":"High","Type":1,"AspectRatio":"2.40:1","Index":0,"Score":null,"IsExternal":false,"DeliveryMethod":null,"DeliveryUrl":null,"IsExternalUrl":null,"IsTextSubtitleStream":false,"SupportsExternalStream":false,"Path":null,"PixelFormat":"yuv420p","Level":40,"IsAnamorphic":true},{"Codec":"aac","CodecTag":"mp4a","Language":"eng","ColorRange":null,"ColorSpace":null,"ColorTransfer":null,"ColorPrimaries":null,"DvVersionMajor":null,"DvVersionMinor":null,"DvProfile":null,"DvLevel":null,"RpuPresentFlag":null,"ElPresentFlag":null,"BlPresentFlag":null,"DvBlSignalCompatibilityId":null,"Rotation":null,"Comment":null,"TimeBase":"1/48000","CodecTimeBase":null,"Title":null,"Hdr10PlusPresentFlag":null,"VideoRange":0,"VideoRangeType":0,"VideoDoViTitle":null,"AudioSpatialFormat":0,"LocalizedUndefined":null,"LocalizedDefault":"Default","LocalizedForced":null,"LocalizedExternal":"External","LocalizedHearingImpaired":null,"DisplayTitle":"English - AAC - 5.1 - Default","NalLengthSize":null,"IsInterlaced":false,"IsAVC":false,"ChannelLayout":"5.1","BitRate":319999,"BitDepth":null,"RefFrames":null,"PacketLength":null,"Channels":6,"SampleRate":48000,"IsDefault":true,"IsForced":false,"IsHearingImpaired":false,"Height":null,"Width":null,"AverageFrameRate":null,"RealFrameRate":null,"ReferenceFrameRate":null,"Profile":"LC","Type":0,"AspectRatio":null,"Index":1,"Score":null,"IsExternal":false,"DeliveryMethod":null,"DeliveryUrl":null,"IsExternalUrl":null,"IsTextSubtitleStream":false,"SupportsExternalStream":false,"Path":null,"PixelFormat":null,"Level":0,"IsAnamorphic":null}],"MediaAttachments":[],"Formats":[],"Bitrate":3275816,"FallbackMaxStreamingBitrate":null,"Timestamp":null,"RequiredHttpHeaders":{},"TranscodingUrl":null,"TranscodingSubProtocol":0,"TranscodingContainer":null,"AnalyzeDurationMs":null,"DefaultAudioStreamIndex":null,"DefaultSubtitleStreamIndex":null,"HasSegments":false}

/usr/lib/jellyfin-ffmpeg/ffmpeg -analyzeduration 200M -probesize 1G -ss 01:40:48.500 -noaccurate_seek -fflags +genpts  -i file:"/Passport/Supun/Tron Ares (2025) English WEBRip-[CineSubz.co]-1080p.mp4" -map_metadata -1 -map_chapters -1 -threads 0 -map 0:0 -map 0:1 -map -0:s -codec:v:0 copy -bsf:v h264_mp4toannexb -start_at_zero -codec:a:0 copy -copyts -avoid_negative_ts disabled -max_muxing_queue_size 2048 -f hls -max_delay 5000000 -hls_time 6 -hls_segment_type fmp4 -hls_fmp4_init_filename "1bcb9f2dbac177c6412c1e4e405f44bb-1.mp4" -start_number 1008 -hls_segment_filename "/cache/transcodes/1bcb9f2dbac177c6412c1e4e405f44bb%d.mp4" -hls_playlist_type vod -hls_list_size 0 -hls_segment_options movflags=+frag_discont -y "/cache/transcodes/1bcb9f2dbac177c6412c1e4e405f44bb.m3u8"


ffmpeg version 7.1.3-Jellyfin Copyright (c) 2000-2025 the FFmpeg developers
  built with gcc 14 (Debian 14.2.0-19)
  configuration: --prefix=/usr/lib/jellyfin-ffmpeg --target-os=linux --extra-version=Jellyfin --disable-doc --disable-ffplay --disable-static --disable-libxcb --disable-sdl2 --disable-xlib --enable-lto=auto --enable-gpl --enable-version3 --enable-shared --enable-gmp --enable-gnutls --enable-chromaprint --enable-opencl --enable-libdrm --enable-libxml2 --enable-libass --enable-libfreetype --enable-libfribidi --enable-libfontconfig --enable-libharfbuzz --enable-libbluray --enable-libmp3lame --enable-libopus --enable-libtheora --enable-libvorbis --enable-libopenmpt --enable-libdav1d --enable-libsvtav1 --enable-libwebp --enable-libvpx --enable-libx264 --enable-libx265 --enable-libzvbi --enable-libzimg --enable-libfdk-aac --arch=arm64 --cross-prefix=/usr/bin/aarch64-linux-gnu- --toolchain=hardened --enable-cross-compile --enable-rkmpp --enable-rkrga --enable-ffnvcodec --enable-cuda --enable-cuda-llvm --enable-cuvid --enable-nvdec --enable-nvenc
  libavutil      59. 39.100 / 59. 39.100
  libavcodec     61. 19.101 / 61. 19.101
  libavformat    61.  7.100 / 61.  7.100
  libavdevice    61.  3.100 / 61.  3.100
  libavfilter    10.  4.100 / 10.  4.100
  libswscale      8.  3.100 /  8.  3.100
  libswresample   5.  3.100 /  5.  3.100
  libpostproc    58.  3.100 / 58.  3.100
Input #0, mov,mp4,m4a,3gp,3g2,mj2, from 'file:/Passport/Supun/Tron Ares (2025) English WEBRip-[CineSubz.co]-1080p.mp4':
  Metadata:
    major_brand     : isom
    minor_version   : 512
    compatible_brands: isomiso2avc1mp41
    encoder         : Lavf56.25.101
  Duration: 01:59:58.46, start: 0.000000, bitrate: 3275 kb/s
  Stream #0:0[0x1](eng): Video: h264 (High) (avc1 / 0x31637661), yuv420p(progressive), 1920x1080 [SAR 27:20 DAR 12:5], 2951 kb/s, 24 fps, 24 tbr, 12288 tbn (default)
      Metadata:
        handler_name    : VideoHandler
        vendor_id       : [0][0][0][0]
  Stream #0:1[0x2](eng): Audio: aac (LC) (mp4a / 0x6134706D), 48000 Hz, 5.1, fltp, 319 kb/s (default)
      Metadata:
        handler_name    : SoundHandler
        vendor_id       : [0][0][0][0]
Stream mapping:
  Stream #0:0 -> #0:0 (copy)
  Stream #0:1 -> #0:1 (copy)
[hls @ 0x7fff598c5a00] Opening '/cache/transcodes/1bcb9f2dbac177c6412c1e4e405f44bb-1.mp4' for writing
Output #0, hls, to '/cache/transcodes/1bcb9f2dbac177c6412c1e4e405f44bb.m3u8':
  Metadata:
    encoder         : Lavf61.7.100
  Stream #0:0: Video: h264 (High) (avc1 / 0x31637661), yuv420p(progressive), 1920x1080 [SAR 27:20 DAR 12:5], q=2-31, 2951 kb/s, 24 fps, 24 tbr, 12288 tbn (default)
  Stream #0:1: Audio: aac (LC) (mp4a / 0x6134706D), 48000 Hz, 5.1, fltp, 319 kb/s (default)
Press [q] to stop, [?] for help
[hls @ 0x7fff598c5a00] Opening '/cache/transcodes/1bcb9f2dbac177c6412c1e4e405f44bb1008.mp4' for writing
[hls @ 0x7fff598c5a00] Opening '/cache/transcodes/1bcb9f2dbac177c6412c1e4e405f44bb1009.mp4' for writing
[hls @ 0x7fff598c5a00] Opening '/cache/transcodes/1bcb9f2dbac177c6412c1e4e405f44bb1010.mp4' for writing
[hls @ 0x7fff598c5a00] Opening '/cache/transcodes/1bcb9f2dbac177c6412c1e4e405f44bb1011.mp4' for writing
[hls @ 0x7fff598c5a00] Opening '/cache/transcodes/1bcb9f2dbac177c6412c1e4e405f44bb1012.mp4' for writing
[hls @ 0x7fff598c5a00] Opening '/cache/transcodes/1bcb9f2dbac177c6412c1e4e405f44bb1013.mp4' for writing
[hls @ 0x7fff598c5a00] Opening '/cache/transcodes/1bcb9f2dbac177c6412c1e4e405f44bb1014.mp4' for writing
[hls @ 0x7fff598c5a00] Opening '/cache/transcodes/1bcb9f2dbac177c6412c1e4e405f44bb1015.mp4' for writing
[hls @ 0x7fff598c5a00] Opening '/cache/transcodes/1bcb9f2dbac177c6412c1e4e405f44bb1016.mp4' for writing
[hls @ 0x7fff598c5a00] Opening '/cache/transcodes/1bcb9f2dbac177c6412c1e4e405f44bb1017.mp4' for writing
[hls @ 0x7fff598c5a00] Opening '/cache/transcodes/1bcb9f2dbac177c6412c1e4e405f44bb1018.mp4' for writing
[hls @ 0x7fff598c5a00] Opening '/cache/transcodes/1bcb9f2dbac177c6412c1e4e405f44bb1019.mp4' for writing
[hls @ 0x7fff598c5a00] Opening '/cache/transcodes/1bcb9f2dbac177c6412c1e4e405f44bb1020.mp4' for writing
[hls @ 0x7fff598c5a00] Opening '/cache/transcodes/1bcb9f2dbac177c6412c1e4e405f44bb1021.mp4' for writing
[hls @ 0x7fff598c5a00] Opening '/cache/transcodes/1bcb9f2dbac177c6412c1e4e405f44bb1022.mp4' for writing
[hls @ 0x7fff598c5a00] Opening '/cache/transcodes/1bcb9f2dbac177c6412c1e4e405f44bb1023.mp4' for writing
[hls @ 0x7fff598c5a00] Opening '/cache/transcodes/1bcb9f2dbac177c6412c1e4e405f44bb1024.mp4' for writing
[hls @ 0x7fff598c5a00] Opening '/cache/transcodes/1bcb9f2dbac177c6412c1e4e405f44bb1025.mp4' for writing
[hls @ 0x7fff598c5a00] Opening '/cache/transcodes/1bcb9f2dbac177c6412c1e4e405f44bb1026.mp4' for writing
[hls @ 0x7fff598c5a00] Opening '/cache/transcodes/1bcb9f2dbac177c6412c1e4e405f44bb1027.mp4' for writing
[hls @ 0x7fff598c5a00] Opening '/cache/transcodes/1bcb9f2dbac177c6412c1e4e405f44bb1028.mp4' for writing
[hls @ 0x7fff598c5a00] Opening '/cache/transcodes/1bcb9f2dbac177c6412c1e4e405f44bb1029.mp4' for writing
[hls @ 0x7fff598c5a00] Opening '/cache/transcodes/1bcb9f2dbac177c6412c1e4e405f44bb1030.mp4' for writing
[hls @ 0x7fff598c5a00] Opening '/cache/transcodes/1bcb9f2dbac177c6412c1e4e405f44bb1031.mp4' for writing
[hls @ 0x7fff598c5a00] Opening '/cache/transcodes/1bcb9f2dbac177c6412c1e4e405f44bb1032.mp4' for writing
[hls @ 0x7fff598c5a00] Opening '/cache/transcodes/1bcb9f2dbac177c6412c1e4e405f44bb1033.mp4' for writing
[hls @ 0x7fff598c5a00] Opening '/cache/transcodes/1bcb9f2dbac177c6412c1e4e405f44bb1034.mp4' for writing
[hls @ 0x7fff598c5a00] Opening '/cache/transcodes/1bcb9f2dbac177c6412c1e4e405f44bb1035.mp4' for writing
[hls @ 0x7fff598c5a00] Opening '/cache/transcodes/1bcb9f2dbac177c6412c1e4e405f44bb1036.mp4' for writing
[hls @ 0x7fff598c5a00] Opening '/cache/transcodes/1bcb9f2dbac177c6412c1e4e405f44bb1037.mp4' for writing
frame= 4334 fps=0.0 q=-1.0 size=N/A time=00:00:00.00 bitrate=N/A speed=   0x    
[hls @ 0x7fff598c5a00] Opening '/cache/transcodes/1bcb9f2dbac177c6412c1e4e405f44bb1038.mp4' for writing
[hls @ 0x7fff598c5a00] Opening '/cache/transcodes/1bcb9f2dbac177c6412c1e4e405f44bb1039.mp4' for writing
[hls @ 0x7fff598c5a00] Opening '/cache/transcodes/1bcb9f2dbac177c6412c1e4e405f44bb1040.mp4' for writing
[hls @ 0x7fff598c5a00] Opening '/cache/transcodes/1bcb9f2dbac177c6412c1e4e405f44bb1041.mp4' for writing
[hls @ 0x7fff598c5a00] Opening '/cache/transcodes/1bcb9f2dbac177c6412c1e4e405f44bb1042.mp4' for writing
[hls @ 0x7fff598c5a00] Opening '/cache/transcodes/1bcb9f2dbac177c6412c1e4e405f44bb1043.mp4' for writing
[hls @ 0x7fff598c5a00] Opening '/cache/transcodes/1bcb9f2dbac177c6412c1e4e405f44bb1044.mp4' for writing
[hls @ 0x7fff598c5a00] Opening '/cache/transcodes/1bcb9f2dbac177c6412c1e4e405f44bb1045.mp4' for writing
[hls @ 0x7fff598c5a00] Opening '/cache/transcodes/1bcb9f2dbac177c6412c1e4e405f44bb1046.mp4' for writing
[hls @ 0x7fff598c5a00] Opening '/cache/transcodes/1bcb9f2dbac177c6412c1e4e405f44bb1047.mp4' for writing
[hls @ 0x7fff598c5a00] Opening '/cache/transcodes/1bcb9f2dbac177c6412c1e4e405f44bb1048.mp4' for writing
[hls @ 0x7fff598c5a00] Opening '/cache/transcodes/1bcb9f2dbac177c6412c1e4e405f44bb1049.mp4' for writing
[hls @ 0x7fff598c5a00] Opening '/cache/transcodes/1bcb9f2dbac177c6412c1e4e405f44bb1050.mp4' for writing
[hls @ 0x7fff598c5a00] Opening '/cache/transcodes/1bcb9f2dbac177c6412c1e4e405f44bb1051.mp4' for writing
[hls @ 0x7fff598c5a00] Opening '/cache/transcodes/1bcb9f2dbac177c6412c1e4e405f44bb1052.mp4' for writing
[hls @ 0x7fff598c5a00] Opening '/cache/transcodes/1bcb9f2dbac177c6412c1e4e405f44bb1053.mp4' for writing
[hls @ 0x7fff598c5a00] Opening '/cache/transcodes/1bcb9f2dbac177c6412c1e4e405f44bb1054.mp4' for writing
[hls @ 0x7fff598c5a00] Opening '/cache/transcodes/1bcb9f2dbac177c6412c1e4e405f44bb1055.mp4' for writing
[hls @ 0x7fff598c5a00] Opening '/cache/transcodes/1bcb9f2dbac177c6412c1e4e405f44bb1056.mp4' for writing
[hls @ 0x7fff598c5a00] Opening '/cache/transcodes/1bcb9f2dbac177c6412c1e4e405f44bb1057.mp4' for writing
[hls @ 0x7fff598c5a00] Opening '/cache/transcodes/1bcb9f2dbac177c6412c1e4e405f44bb1058.mp4' for writing
[hls @ 0x7fff598c5a00] Opening '/cache/transcodes/1bcb9f2dbac177c6412c1e4e405f44bb1059.mp4' for writing
[hls @ 0x7fff598c5a00] Opening '/cache/transcodes/1bcb9f2dbac177c6412c1e4e405f44bb1060.mp4' for writing
[hls @ 0x7fff598c5a00] Opening '/cache/transcodes/1bcb9f2dbac177c6412c1e4e405f44bb1061.mp4' for writing
[hls @ 0x7fff598c5a00] Opening '/cache/transcodes/1bcb9f2dbac177c6412c1e4e405f44bb1062.mp4' for writing
[hls @ 0x7fff598c5a00] Opening '/cache/transcodes/1bcb9f2dbac177c6412c1e4e405f44bb1063.mp4' for writing
[hls @ 0x7fff598c5a00] Opening '/cache/transcodes/1bcb9f2dbac177c6412c1e4e405f44bb1064.mp4' for writing
[hls @ 0x7fff598c5a00] Opening '/cache/transcodes/1bcb9f2dbac177c6412c1e4e405f44bb1065.mp4' for writing
[hls @ 0x7fff598c5a00] Opening '/cache/transcodes/1bcb9f2dbac177c6412c1e4e405f44bb1066.mp4' for writing
[hls @ 0x7fff598c5a00] Opening '/cache/transcodes/1bcb9f2dbac177c6412c1e4e405f44bb1067.mp4' for writing
[hls @ 0x7fff598c5a00] Opening '/cache/transcodes/1bcb9f2dbac177c6412c1e4e405f44bb1068.mp4' for writing
[hls @ 0x7fff598c5a00] Opening '/cache/transcodes/1bcb9f2dbac177c6412c1e4e405f44bb1069.mp4' for writing
frame= 9011 fps=9009 q=-1.0 size=N/A time=00:03:14.95 bitrate=N/A speed= 195x    
[hls @ 0x7fff598c5a00] Opening '/cache/transcodes/1bcb9f2dbac177c6412c1e4e405f44bb1070.mp4' for writing
[hls @ 0x7fff598c5a00] Opening '/cache/transcodes/1bcb9f2dbac177c6412c1e4e405f44bb1071.mp4' for writing
[hls @ 0x7fff598c5a00] Opening '/cache/transcodes/1bcb9f2dbac177c6412c1e4e405f44bb1072.mp4' for writing
[hls @ 0x7fff598c5a00] Opening '/cache/transcodes/1bcb9f2dbac177c6412c1e4e405f44bb1073.mp4' for writing
[hls @ 0x7fff598c5a00] Opening '/cache/transcodes/1bcb9f2dbac177c6412c1e4e405f44bb1074.mp4' for writing
[hls @ 0x7fff598c5a00] Opening '/cache/transcodes/1bcb9f2dbac177c6412c1e4e405f44bb1075.mp4' for writing
[hls @ 0x7fff598c5a00] Opening '/cache/transcodes/1bcb9f2dbac177c6412c1e4e405f44bb1076.mp4' for writing
[hls @ 0x7fff598c5a00] Opening '/cache/transcodes/1bcb9f2dbac177c6412c1e4e405f44bb1077.mp4' for writing
[hls @ 0x7fff598c5a00] Opening '/cache/transcodes/1bcb9f2dbac177c6412c1e4e405f44bb1078.mp4' for writing
[hls @ 0x7fff598c5a00] Opening '/cache/transcodes/1bcb9f2dbac177c6412c1e4e405f44bb1079.mp4' for writing
[hls @ 0x7fff598c5a00] Opening '/cache/transcodes/1bcb9f2dbac177c6412c1e4e405f44bb1080.mp4' for writing
[hls @ 0x7fff598c5a00] Opening '/cache/transcodes/1bcb9f2dbac177c6412c1e4e405f44bb1081.mp4' for writing
[hls @ 0x7fff598c5a00] Opening '/cache/transcodes/1bcb9f2dbac177c6412c1e4e405f44bb1082.mp4' for writing
[hls @ 0x7fff598c5a00] Opening '/cache/transcodes/1bcb9f2dbac177c6412c1e4e405f44bb1083.mp4' for writing
[hls @ 0x7fff598c5a00] Opening '/cache/transcodes/1bcb9f2dbac177c6412c1e4e405f44bb1084.mp4' for writing
[hls @ 0x7fff598c5a00] Opening '/cache/transcodes/1bcb9f2dbac177c6412c1e4e405f44bb1085.mp4' for writing
[hls @ 0x7fff598c5a00] Opening '/cache/transcodes/1bcb9f2dbac177c6412c1e4e405f44bb1086.mp4' for writing
[hls @ 0x7fff598c5a00] Opening '/cache/transcodes/1bcb9f2dbac177c6412c1e4e405f44bb1087.mp4' for writing
[hls @ 0x7fff598c5a00] Opening '/cache/transcodes/1bcb9f2dbac177c6412c1e4e405f44bb1088.mp4' for writing
[hls @ 0x7fff598c5a00] Opening '/cache/transcodes/1bcb9f2dbac177c6412c1e4e405f44bb1089.mp4' for writing
[hls @ 0x7fff598c5a00] Opening '/cache/transcodes/1bcb9f2dbac177c6412c1e4e405f44bb1090.mp4' for writing
[hls @ 0x7fff598c5a00] Opening '/cache/transcodes/1bcb9f2dbac177c6412c1e4e405f44bb1091.mp4' for writing
[hls @ 0x7fff598c5a00] Opening '/cache/transcodes/1bcb9f2dbac177c6412c1e4e405f44bb1092.mp4' for writing
[hls @ 0x7fff598c5a00] Opening '/cache/transcodes/1bcb9f2dbac177c6412c1e4e405f44bb1093.mp4' for writing
[hls @ 0x7fff598c5a00] Opening '/cache/transcodes/1bcb9f2dbac177c6412c1e4e405f44bb1094.mp4' for writing
[hls @ 0x7fff598c5a00] Opening '/cache/transcodes/1bcb9f2dbac177c6412c1e4e405f44bb1095.mp4' for writing
[hls @ 0x7fff598c5a00] Opening '/cache/transcodes/1bcb9f2dbac177c6412c1e4e405f44bb1096.mp4' for writing
[hls @ 0x7fff598c5a00] Opening '/cache/transcodes/1bcb9f2dbac177c6412c1e4e405f44bb1097.mp4' for writing
[hls @ 0x7fff598c5a00] Opening '/cache/transcodes/1bcb9f2dbac177c6412c1e4e405f44bb1098.mp4' for writing
[hls @ 0x7fff598c5a00] Opening '/cache/transcodes/1bcb9f2dbac177c6412c1e4e405f44bb1099.mp4' for writing
[hls @ 0x7fff598c5a00] Opening '/cache/transcodes/1bcb9f2dbac177c6412c1e4e405f44bb1100.mp4' for writing
[hls @ 0x7fff598c5a00] Opening '/cache/transcodes/1bcb9f2dbac177c6412c1e4e405f44bb1101.mp4' for writing
[hls @ 0x7fff598c5a00] Opening '/cache/transcodes/1bcb9f2dbac177c6412c1e4e405f44bb1102.mp4' for writing
[hls @ 0x7fff598c5a00] Opening '/cache/transcodes/1bcb9f2dbac177c6412c1e4e405f44bb1103.mp4' for writing
[hls @ 0x7fff598c5a00] Opening '/cache/transcodes/1bcb9f2dbac177c6412c1e4e405f44bb1104.mp4' for writing
[hls @ 0x7fff598c5a00] Opening '/cache/transcodes/1bcb9f2dbac177c6412c1e4e405f44bb1105.mp4' for writing
[hls @ 0x7fff598c5a00] Opening '/cache/transcodes/1bcb9f2dbac177c6412c1e4e405f44bb1106.mp4' for writing
[hls @ 0x7fff598c5a00] Opening '/cache/transcodes/1bcb9f2dbac177c6412c1e4e405f44bb1107.mp4' for writing
[hls @ 0x7fff598c5a00] Opening '/cache/transcodes/1bcb9f2dbac177c6412c1e4e405f44bb1108.mp4' for writing
[hls @ 0x7fff598c5a00] Opening '/cache/transcodes/1bcb9f2dbac177c6412c1e4e405f44bb1109.mp4' for writing
[hls @ 0x7fff598c5a00] Opening '/cache/transcodes/1bcb9f2dbac177c6412c1e4e405f44bb1110.mp4' for writing
frame=14911 fps=9938 q=-1.0 size=N/A time=00:07:20.70 bitrate=N/A speed= 294x    
[hls @ 0x7fff598c5a00] Opening '/cache/transcodes/1bcb9f2dbac177c6412c1e4e405f44bb1111.mp4' for writing
[hls @ 0x7fff598c5a00] Opening '/cache/transcodes/1bcb9f2dbac177c6412c1e4e405f44bb1112.mp4' for writing
[hls @ 0x7fff598c5a00] Opening '/cache/transcodes/1bcb9f2dbac177c6412c1e4e405f44bb1113.mp4' for writing
[hls @ 0x7fff598c5a00] Opening '/cache/transcodes/1bcb9f2dbac177c6412c1e4e405f44bb1114.mp4' for writing
[hls @ 0x7fff598c5a00] Opening '/cache/transcodes/1bcb9f2dbac177c6412c1e4e405f44bb1115.mp4' for writing
[hls @ 0x7fff598c5a00] Opening '/cache/transcodes/1bcb9f2dbac177c6412c1e4e405f44bb1116.mp4' for writing
[hls @ 0x7fff598c5a00] Opening '/cache/transcodes/1bcb9f2dbac177c6412c1e4e405f44bb1117.mp4' for writing
[hls @ 0x7fff598c5a00] Opening '/cache/transcodes/1bcb9f2dbac177c6412c1e4e405f44bb1118.mp4' for writing
[hls @ 0x7fff598c5a00] Opening '/cache/transcodes/1bcb9f2dbac177c6412c1e4e405f44bb1119.mp4' for writing
[hls @ 0x7fff598c5a00] Opening '/cache/transcodes/1bcb9f2dbac177c6412c1e4e405f44bb1120.mp4' for writing
[hls @ 0x7fff598c5a00] Opening '/cache/transcodes/1bcb9f2dbac177c6412c1e4e405f44bb1121.mp4' for writing
[hls @ 0x7fff598c5a00] Opening '/cache/transcodes/1bcb9f2dbac177c6412c1e4e405f44bb1122.mp4' for writing
[hls @ 0x7fff598c5a00] Opening '/cache/transcodes/1bcb9f2dbac177c6412c1e4e405f44bb1123.mp4' for writing
[hls @ 0x7fff598c5a00] Opening '/cache/transcodes/1bcb9f2dbac177c6412c1e4e405f44bb1124.mp4' for writing
[hls @ 0x7fff598c5a00] Opening '/cache/transcodes/1bcb9f2dbac177c6412c1e4e405f44bb1125.mp4' for writing
[hls @ 0x7fff598c5a00] Opening '/cache/transcodes/1bcb9f2dbac177c6412c1e4e405f44bb1126.mp4' for writing
[hls @ 0x7fff598c5a00] Opening '/cache/transcodes/1bcb9f2dbac177c6412c1e4e405f44bb1127.mp4' for writing
[hls @ 0x7fff598c5a00] Opening '/cache/transcodes/1bcb9f2dbac177c6412c1e4e405f44bb1128.mp4' for writing
[hls @ 0x7fff598c5a00] Opening '/cache/transcodes/1bcb9f2dbac177c6412c1e4e405f44bb1129.mp4' for writing
[hls @ 0x7fff598c5a00] Opening '/cache/transcodes/1bcb9f2dbac177c6412c1e4e405f44bb1130.mp4' for writing
[hls @ 0x7fff598c5a00] Opening '/cache/transcodes/1bcb9f2dbac177c6412c1e4e405f44bb1131.mp4' for writing
[hls @ 0x7fff598c5a00] Opening '/cache/transcodes/1bcb9f2dbac177c6412c1e4e405f44bb1132.mp4' for writing
[hls @ 0x7fff598c5a00] Opening '/cache/transcodes/1bcb9f2dbac177c6412c1e4e405f44bb1133.mp4' for writing
[hls @ 0x7fff598c5a00] Opening '/cache/transcodes/1bcb9f2dbac177c6412c1e4e405f44bb1134.mp4' for writing
[hls @ 0x7fff598c5a00] Opening '/cache/transcodes/1bcb9f2dbac177c6412c1e4e405f44bb1135.mp4' for writing
[hls @ 0x7fff598c5a00] Opening '/cache/transcodes/1bcb9f2dbac177c6412c1e4e405f44bb1136.mp4' for writing
[hls @ 0x7fff598c5a00] Opening '/cache/transcodes/1bcb9f2dbac177c6412c1e4e405f44bb1137.mp4' for writing
[hls @ 0x7fff598c5a00] Opening '/cache/transcodes/1bcb9f2dbac177c6412c1e4e405f44bb1138.mp4' for writing
[hls @ 0x7fff598c5a00] Opening '/cache/transcodes/1bcb9f2dbac177c6412c1e4e405f44bb1139.mp4' for writing
[hls @ 0x7fff598c5a00] Opening '/cache/transcodes/1bcb9f2dbac177c6412c1e4e405f44bb1140.mp4' for writing
[hls @ 0x7fff598c5a00] Opening '/cache/transcodes/1bcb9f2dbac177c6412c1e4e405f44bb1141.mp4' for writing
[hls @ 0x7fff598c5a00] Opening '/cache/transcodes/1bcb9f2dbac177c6412c1e4e405f44bb1142.mp4' for writing
[hls @ 0x7fff598c5a00] Opening '/cache/transcodes/1bcb9f2dbac177c6412c1e4e405f44bb1143.mp4' for writing
[hls @ 0x7fff598c5a00] Opening '/cache/transcodes/1bcb9f2dbac177c6412c1e4e405f44bb1144.mp4' for writing
[hls @ 0x7fff598c5a00] Opening '/cache/transcodes/1bcb9f2dbac177c6412c1e4e405f44bb1145.mp4' for writing
[hls @ 0x7fff598c5a00] Opening '/cache/transcodes/1bcb9f2dbac177c6412c1e4e405f44bb1146.mp4' for writing
[hls @ 0x7fff598c5a00] Opening '/cache/transcodes/1bcb9f2dbac177c6412c1e4e405f44bb1147.mp4' for writing
[hls @ 0x7fff598c5a00] Opening '/cache/transcodes/1bcb9f2dbac177c6412c1e4e405f44bb1148.mp4' for writing
[hls @ 0x7fff598c5a00] Opening '/cache/transcodes/1bcb9f2dbac177c6412c1e4e405f44bb1149.mp4' for writing
[hls @ 0x7fff598c5a00] Opening '/cache/transcodes/1bcb9f2dbac177c6412c1e4e405f44bb1150.mp4' for writing
[hls @ 0x7fff598c5a00] Opening '/cache/transcodes/1bcb9f2dbac177c6412c1e4e405f44bb1151.mp4' for writing
[hls @ 0x7fff598c5a00] Opening '/cache/transcodes/1bcb9f2dbac177c6412c1e4e405f44bb1152.mp4' for writing
[hls @ 0x7fff598c5a00] Opening '/cache/transcodes/1bcb9f2dbac177c6412c1e4e405f44bb1153.mp4' for writing
[hls @ 0x7fff598c5a00] Opening '/cache/transcodes/1bcb9f2dbac177c6412c1e4e405f44bb1154.mp4' for writing
[hls @ 0x7fff598c5a00] Opening '/cache/transcodes/1bcb9f2dbac177c6412c1e4e405f44bb1155.mp4' for writing
[hls @ 0x7fff598c5a00] Opening '/cache/transcodes/1bcb9f2dbac177c6412c1e4e405f44bb1156.mp4' for writing
[hls @ 0x7fff598c5a00] Opening '/cache/transcodes/1bcb9f2dbac177c6412c1e4e405f44bb1157.mp4' for writing
[hls @ 0x7fff598c5a00] Opening '/cache/transcodes/1bcb9f2dbac177c6412c1e4e405f44bb1158.mp4' for writing
frame=21794 fps=10891 q=-1.0 size=N/A time=00:12:07.50 bitrate=N/A speed= 364x    
[hls @ 0x7fff598c5a00] Opening '/cache/transcodes/1bcb9f2dbac177c6412c1e4e405f44bb1159.mp4' for writing
[hls @ 0x7fff598c5a00] Opening '/cache/transcodes/1bcb9f2dbac177c6412c1e4e405f44bb1160.mp4' for writing
[hls @ 0x7fff598c5a00] Opening '/cache/transcodes/1bcb9f2dbac177c6412c1e4e405f44bb1161.mp4' for writing
[hls @ 0x7fff598c5a00] Opening '/cache/transcodes/1bcb9f2dbac177c6412c1e4e405f44bb1162.mp4' for writing
[hls @ 0x7fff598c5a00] Opening '/cache/transcodes/1bcb9f2dbac177c6412c1e4e405f44bb1163.mp4' for writing
[hls @ 0x7fff598c5a00] Opening '/cache/transcodes/1bcb9f2dbac177c6412c1e4e405f44bb1164.mp4' for writing
[hls @ 0x7fff598c5a00] Opening '/cache/transcodes/1bcb9f2dbac177c6412c1e4e405f44bb1165.mp4' for writing
[hls @ 0x7fff598c5a00] Opening '/cache/transcodes/1bcb9f2dbac177c6412c1e4e405f44bb1166.mp4' for writing
[hls @ 0x7fff598c5a00] Opening '/cache/transcodes/1bcb9f2dbac177c6412c1e4e405f44bb1167.mp4' for writing
[hls @ 0x7fff598c5a00] Opening '/cache/transcodes/1bcb9f2dbac177c6412c1e4e405f44bb1168.mp4' for writing
[hls @ 0x7fff598c5a00] Opening '/cache/transcodes/1bcb9f2dbac177c6412c1e4e405f44bb1169.mp4' for writing
[hls @ 0x7fff598c5a00] Opening '/cache/transcodes/1bcb9f2dbac177c6412c1e4e405f44bb1170.mp4' for writing
[hls @ 0x7fff598c5a00] Opening '/cache/transcodes/1bcb9f2dbac177c6412c1e4e405f44bb1171.mp4' for writing
[hls @ 0x7fff598c5a00] Opening '/cache/transcodes/1bcb9f2dbac177c6412c1e4e405f44bb1172.mp4' for writing
[hls @ 0x7fff598c5a00] Opening '/cache/transcodes/1bcb9f2dbac177c6412c1e4e405f44bb1173.mp4' for writing
[hls @ 0x7fff598c5a00] Opening '/cache/transcodes/1bcb9f2dbac177c6412c1e4e405f44bb1174.mp4' for writing
[hls @ 0x7fff598c5a00] Opening '/cache/transcodes/1bcb9f2dbac177c6412c1e4e405f44bb1175.mp4' for writing
[hls @ 0x7fff598c5a00] Opening '/cache/transcodes/1bcb9f2dbac177c6412c1e4e405f44bb1176.mp4' for writing
[hls @ 0x7fff598c5a00] Opening '/cache/transcodes/1bcb9f2dbac177c6412c1e4e405f44bb1177.mp4' for writing
[hls @ 0x7fff598c5a00] Opening '/cache/transcodes/1bcb9f2dbac177c6412c1e4e405f44bb1178.mp4' for writing
[hls @ 0x7fff598c5a00] Opening '/cache/transcodes/1bcb9f2dbac177c6412c1e4e405f44bb1179.mp4' for writing
[hls @ 0x7fff598c5a00] Opening '/cache/transcodes/1bcb9f2dbac177c6412c1e4e405f44bb1180.mp4' for writing
[hls @ 0x7fff598c5a00] Opening '/cache/transcodes/1bcb9f2dbac177c6412c1e4e405f44bb1181.mp4' for writing
[hls @ 0x7fff598c5a00] Opening '/cache/transcodes/1bcb9f2dbac177c6412c1e4e405f44bb1182.mp4' for writing
[hls @ 0x7fff598c5a00] Opening '/cache/transcodes/1bcb9f2dbac177c6412c1e4e405f44bb1183.mp4' for writing
[hls @ 0x7fff598c5a00] Opening '/cache/transcodes/1bcb9f2dbac177c6412c1e4e405f44bb1184.mp4' for writing
[hls @ 0x7fff598c5a00] Opening '/cache/transcodes/1bcb9f2dbac177c6412c1e4e405f44bb1185.mp4' for writing
[hls @ 0x7fff598c5a00] Opening '/cache/transcodes/1bcb9f2dbac177c6412c1e4e405f44bb1186.mp4' for writing
[hls @ 0x7fff598c5a00] Opening '/cache/transcodes/1bcb9f2dbac177c6412c1e4e405f44bb1187.mp4' for writing
[hls @ 0x7fff598c5a00] Opening '/cache/transcodes/1bcb9f2dbac177c6412c1e4e405f44bb1188.mp4' for writing
[hls @ 0x7fff598c5a00] Opening '/cache/transcodes/1bcb9f2dbac177c6412c1e4e405f44bb1189.mp4' for writing
[hls @ 0x7fff598c5a00] Opening '/cache/transcodes/1bcb9f2dbac177c6412c1e4e405f44bb1190.mp4' for writing
[hls @ 0x7fff598c5a00] Opening '/cache/transcodes/1bcb9f2dbac177c6412c1e4e405f44bb1191.mp4' for writing
[hls @ 0x7fff598c5a00] Opening '/cache/transcodes/1bcb9f2dbac177c6412c1e4e405f44bb1192.mp4' for writing
[hls @ 0x7fff598c5a00] Opening '/cache/transcodes/1bcb9f2dbac177c6412c1e4e405f44bb1193.mp4' for writing
frame=26791 fps=10711 q=-1.0 size=N/A time=00:15:35.79 bitrate=N/A speed= 374x    
frame=26791 fps=8926 q=-1.0 size=N/A time=00:15:35.79 bitrate=N/A speed= 312x    

[q] command received. Exiting.

[hls @ 0x7fff598c5a00] Opening '/cache/transcodes/1bcb9f2dbac177c6412c1e4e405f44bb1194.mp4' for writing
[out#0/hls @ 0x7fff59d9d4c0] video:369709KiB audio:43610KiB subtitle:0KiB other streams:0KiB global headers:0KiB muxing overhead: unknown
frame=26794 fps=6162 q=-1.0 Lsize=N/A time=00:15:35.81 bitrate=N/A speed= 215x    