{"Protocol":0,"Id":"6b89fc927f36dbdcd331e35809ca39be","Path":"/Passport/Supun/Tron Ares (2025) English WEBRip-[CineSubz.co]-1080p.mp4","EncoderPath":null,"EncoderProtocol":null,"Type":0,"Container":"mov,mp4,m4a,3gp,3g2,mj2","Size":2947606014,"Name":"Tron Ares (2025) English WEBRip-[CineSubz.co]-1080p","IsRemote":false,"ETag":"be4b9d3f7d9af33caad3b4ec99a816ee","RunTimeTicks":71984640000,"ReadAtNativeFramerate":false,"IgnoreDts":false,"IgnoreIndex":false,"GenPtsInput":false,"SupportsTranscoding":true,"SupportsDirectStream":true,"SupportsDirectPlay":true,"IsInfiniteStream":false,"UseMostCompatibleTranscodingProfile":false,"RequiresOpening":false,"OpenToken":null,"RequiresClosing":false,"LiveStreamId":null,"BufferMs":null,"RequiresLooping":false,"SupportsProbing":true,"VideoType":0,"IsoType":null,"Video3DFormat":null,"MediaStreams":[{"Codec":"h264","CodecTag":"avc1","Language":"eng","ColorRange":null,"ColorSpace":null,"ColorTransfer":null,"ColorPrimaries":null,"DvVersionMajor":null,"DvVersionMinor":null,"DvProfile":null,"DvLevel":null,"RpuPresentFlag":null,"ElPresentFlag":null,"BlPresentFlag":null,"DvBlSignalCompatibilityId":null,"Rotation":null,"Comment":null,"TimeBase":"1/12288","CodecTimeBase":null,"Title":null,"Hdr10PlusPresentFlag":null,"VideoRange":1,"VideoRangeType":1,"VideoDoViTitle":null,"AudioSpatialFormat":0,"LocalizedUndefined":null,"LocalizedDefault":null,"LocalizedForced":null,"LocalizedExternal":null,"LocalizedHearingImpaired":null,"DisplayTitle":"1080p H264 SDR","NalLengthSize":"4","IsInterlaced":false,"IsAVC":true,"ChannelLayout":null,"BitRate":2951682,"BitDepth":8,"RefFrames":1,"PacketLength":null,"Channels":null,"SampleRate":null,"IsDefault":true,"IsForced":false,"IsHearingImpaired":false,"Height":1080,"Width":1920,"AverageFrameRate":24,"RealFrameRate":24,"ReferenceFrameRate":24,"Profile":"High","Type":1,"AspectRatio":"2.40:1","Index":0,"Score":null,"IsExternal":false,"DeliveryMethod":null,"DeliveryUrl":null,"IsExternalUrl":null,"IsTextSubtitleStream":false,"SupportsExternalStream":false,"Path":null,"PixelFormat":"yuv420p","Level":40,"IsAnamorphic":true},{"Codec":"aac","CodecTag":"mp4a","Language":"eng","ColorRange":null,"ColorSpace":null,"ColorTransfer":null,"ColorPrimaries":null,"DvVersionMajor":null,"DvVersionMinor":null,"DvProfile":null,"DvLevel":null,"RpuPresentFlag":null,"ElPresentFlag":null,"BlPresentFlag":null,"DvBlSignalCompatibilityId":null,"Rotation":null,"Comment":null,"TimeBase":"1/48000","CodecTimeBase":null,"Title":null,"Hdr10PlusPresentFlag":null,"VideoRange":0,"VideoRangeType":0,"VideoDoViTitle":null,"AudioSpatialFormat":0,"LocalizedUndefined":null,"LocalizedDefault":"Default","LocalizedForced":null,"LocalizedExternal":"External","LocalizedHearingImpaired":null,"DisplayTitle":"English - AAC - 5.1 - Default","NalLengthSize":null,"IsInterlaced":false,"IsAVC":false,"ChannelLayout":"5.1","BitRate":319999,"BitDepth":null,"RefFrames":null,"PacketLength":null,"Channels":6,"SampleRate":48000,"IsDefault":true,"IsForced":false,"IsHearingImpaired":false,"Height":null,"Width":null,"AverageFrameRate":null,"RealFrameRate":null,"ReferenceFrameRate":null,"Profile":"LC","Type":0,"AspectRatio":null,"Index":1,"Score":null,"IsExternal":false,"DeliveryMethod":null,"DeliveryUrl":null,"IsExternalUrl":null,"IsTextSubtitleStream":false,"SupportsExternalStream":false,"Path":null,"PixelFormat":null,"Level":0,"IsAnamorphic":null}],"MediaAttachments":[],"Formats":[],"Bitrate":3275816,"FallbackMaxStreamingBitrate":null,"Timestamp":null,"RequiredHttpHeaders":{},"TranscodingUrl":null,"TranscodingSubProtocol":0,"TranscodingContainer":null,"AnalyzeDurationMs":null,"DefaultAudioStreamIndex":null,"DefaultSubtitleStreamIndex":null,"HasSegments":false}

/usr/lib/jellyfin-ffmpeg/ffmpeg -analyzeduration 200M -probesize 1G -ss 01:34:54.500 -noaccurate_seek -fflags +genpts -f mov,mp4,m4a,3gp,3g2,mj2  -i file:"/Passport/Supun/Tron Ares (2025) English WEBRip-[CineSubz.co]-1080p.mp4" -map_metadata -1 -map_chapters -1 -threads 0 -map 0:0 -map 0:1 -map -0:s -codec:v:0 copy -bsf:v h264_mp4toannexb -start_at_zero -codec:a:0 libfdk_aac -ac 2 -ab 256000 -af "volume=2" -copyts -avoid_negative_ts disabled -max_muxing_queue_size 2048 -f hls -max_delay 5000000 -hls_time 6 -hls_segment_type fmp4 -hls_fmp4_init_filename "d07686f8d2b9727a44797949e46f66ed-1.mp4" -start_number 949 -hls_segment_filename "/cache/transcodes/d07686f8d2b9727a44797949e46f66ed%d.mp4" -hls_playlist_type vod -hls_list_size 0 -hls_segment_options movflags=+frag_discont -y "/cache/transcodes/d07686f8d2b9727a44797949e46f66ed.m3u8"


ffmpeg version 7.1.3-Jellyfin Copyright (c) 2000-2025 the FFmpeg developers
  built with gcc 14 (Debian 14.2.0-19)
  configuration: --prefix=/usr/lib/jellyfin-ffmpeg --target-os=linux --extra-version=Jellyfin --disable-doc --disable-ffplay --disable-static --disable-libxcb --disable-sdl2 --disable-xlib --enable-lto=auto --enable-gpl --enable-version3 --enable-shared --enable-gmp --enable-gnutls --enable-chromaprint --enable-opencl --enable-libdrm --enable-libxml2 --enable-libass --enable-libfreetype --enable-libfribidi --enable-libfontconfig --enable-libharfbuzz --enable-libbluray --enable-libmp3lame --enable-libopus --enable-libtheora --enable-libvorbis --enable-libopenmpt --enable-libdav1d --enable-libsvtav1 --enable-libwebp --enable-libvpx --enable-libx264 --enable-libx265 --enable-libzvbi --enable-libzimg --enable-libfdk-aac --arch=arm64 --cross-prefix=/usr/bin/aarch64-linux-gnu- --toolchain=hardened --enable-cross-compile --enable-rkmpp --enable-rkrga --enable-ffnvcodec --enable-cuda --enable-cuda-llvm --enable-cuvid --enable-nvdec --enable-nvenc
  libavutil      59. 39.100 / 59. 39.100
  libavcodec     61. 19.101 / 61. 19.101
  libavformat    61.  7.100 / 61.  7.100
  libavdevice    61.  3.100 / 61.  3.100
  libavfilter    10.  4.100 / 10.  4.100
  libswscale      8.  3.100 /  8.  3.100
  libswresample   5.  3.100 /  5.  3.100
  libpostproc    58.  3.100 / 58.  3.100
Input #0, mov,mp4,m4a,3gp,3g2,mj2, from 'file:/Passport/Supun/Tron Ares (2025) English WEBRip-[CineSubz.co]-1080p.mp4':
  Metadata:
    major_brand     : isom
    minor_version   : 512
    compatible_brands: isomiso2avc1mp41
    encoder         : Lavf56.25.101
  Duration: 01:59:58.46, start: 0.000000, bitrate: 3275 kb/s
  Stream #0:0[0x1](eng): Video: h264 (High) (avc1 / 0x31637661), yuv420p(progressive), 1920x1080 [SAR 27:20 DAR 12:5], 2951 kb/s, 24 fps, 24 tbr, 12288 tbn (default)
      Metadata:
        handler_name    : VideoHandler
        vendor_id       : [0][0][0][0]
  Stream #0:1[0x2](eng): Audio: aac (LC) (mp4a / 0x6134706D), 48000 Hz, 5.1, fltp, 319 kb/s (default)
      Metadata:
        handler_name    : SoundHandler
        vendor_id       : [0][0][0][0]
Stream mapping:
  Stream #0:0 -> #0:0 (copy)
  Stream #0:1 -> #0:1 (aac (native) -> aac (libfdk_aac))
Press [q] to stop, [?] for help
[hls @ 0x7fff350c5a00] Opening '/cache/transcodes/d07686f8d2b9727a44797949e46f66ed-1.mp4' for writing
Output #0, hls, to '/cache/transcodes/d07686f8d2b9727a44797949e46f66ed.m3u8':
  Metadata:
    encoder         : Lavf61.7.100
  Stream #0:0: Video: h264 (High) (avc1 / 0x31637661), yuv420p(progressive), 1920x1080 [SAR 27:20 DAR 12:5], q=2-31, 2951 kb/s, 24 fps, 24 tbr, 12288 tbn (default)
  Stream #0:1: Audio: aac, 48000 Hz, stereo, s16, 256 kb/s (default)
      Metadata:
        encoder         : Lavc61.19.101 libfdk_aac
      Side data:
        cpb: bitrate max/min/avg: 256000/256000/256000 buffer size: 0 vbv_delay: N/A
[hls @ 0x7fff350c5a00] Opening '/cache/transcodes/d07686f8d2b9727a44797949e46f66ed949.mp4' for writing
[hls @ 0x7fff350c5a00] Opening '/cache/transcodes/d07686f8d2b9727a44797949e46f66ed950.mp4' for writing
[hls @ 0x7fff350c5a00] Opening '/cache/transcodes/d07686f8d2b9727a44797949e46f66ed951.mp4' for writing
[hls @ 0x7fff350c5a00] Opening '/cache/transcodes/d07686f8d2b9727a44797949e46f66ed952.mp4' for writing
frame=  696 fps=0.0 q=-1.0 size=N/A time=00:00:00.00 bitrate=N/A speed=   0x    
[hls @ 0x7fff350c5a00] Opening '/cache/transcodes/d07686f8d2b9727a44797949e46f66ed953.mp4' for writing
[hls @ 0x7fff350c5a00] Opening '/cache/transcodes/d07686f8d2b9727a44797949e46f66ed954.mp4' for writing
[hls @ 0x7fff350c5a00] Opening '/cache/transcodes/d07686f8d2b9727a44797949e46f66ed955.mp4' for writing
[hls @ 0x7fff350c5a00] Opening '/cache/transcodes/d07686f8d2b9727a44797949e46f66ed956.mp4' for writing
frame= 1251 fps=1251 q=-1.0 size=N/A time=00:00:22.82 bitrate=N/A speed=22.8x    
[hls @ 0x7fff350c5a00] Opening '/cache/transcodes/d07686f8d2b9727a44797949e46f66ed957.mp4' for writing
[hls @ 0x7fff350c5a00] Opening '/cache/transcodes/d07686f8d2b9727a44797949e46f66ed958.mp4' for writing
[hls @ 0x7fff350c5a00] Opening '/cache/transcodes/d07686f8d2b9727a44797949e46f66ed959.mp4' for writing
[hls @ 0x7fff350c5a00] Opening '/cache/transcodes/d07686f8d2b9727a44797949e46f66ed960.mp4' for writing
[hls @ 0x7fff350c5a00] Opening '/cache/transcodes/d07686f8d2b9727a44797949e46f66ed961.mp4' for writing
frame= 2019 fps=1346 q=-1.0 size=N/A time=00:00:54.84 bitrate=N/A speed=36.6x    
[hls @ 0x7fff350c5a00] Opening '/cache/transcodes/d07686f8d2b9727a44797949e46f66ed962.mp4' for writing
[hls @ 0x7fff350c5a00] Opening '/cache/transcodes/d07686f8d2b9727a44797949e46f66ed963.mp4' for writing
[hls @ 0x7fff350c5a00] Opening '/cache/transcodes/d07686f8d2b9727a44797949e46f66ed964.mp4' for writing
[hls @ 0x7fff350c5a00] Opening '/cache/transcodes/d07686f8d2b9727a44797949e46f66ed965.mp4' for writing
[hls @ 0x7fff350c5a00] Opening '/cache/transcodes/d07686f8d2b9727a44797949e46f66ed966.mp4' for writing
[hls @ 0x7fff350c5a00] Opening '/cache/transcodes/d07686f8d2b9727a44797949e46f66ed967.mp4' for writing
frame= 2819 fps=1409 q=-1.0 size=N/A time=00:01:28.17 bitrate=N/A speed=44.1x    
[hls @ 0x7fff350c5a00] Opening '/cache/transcodes/d07686f8d2b9727a44797949e46f66ed968.mp4' for writing
[hls @ 0x7fff350c5a00] Opening '/cache/transcodes/d07686f8d2b9727a44797949e46f66ed969.mp4' for writing
[hls @ 0x7fff350c5a00] Opening '/cache/transcodes/d07686f8d2b9727a44797949e46f66ed970.mp4' for writing
[hls @ 0x7fff350c5a00] Opening '/cache/transcodes/d07686f8d2b9727a44797949e46f66ed971.mp4' for writing
[hls @ 0x7fff350c5a00] Opening '/cache/transcodes/d07686f8d2b9727a44797949e46f66ed972.mp4' for writing
frame= 3607 fps=1443 q=-1.0 size=N/A time=00:02:01.00 bitrate=N/A speed=48.4x    
[hls @ 0x7fff350c5a00] Opening '/cache/transcodes/d07686f8d2b9727a44797949e46f66ed973.mp4' for writing
[hls @ 0x7fff350c5a00] Opening '/cache/transcodes/d07686f8d2b9727a44797949e46f66ed974.mp4' for writing
[hls @ 0x7fff350c5a00] Opening '/cache/transcodes/d07686f8d2b9727a44797949e46f66ed975.mp4' for writing
[hls @ 0x7fff350c5a00] Opening '/cache/transcodes/d07686f8d2b9727a44797949e46f66ed976.mp4' for writing


[q] command received. Exiting.

[hls @ 0x7fff350c5a00] Opening '/cache/transcodes/d07686f8d2b9727a44797949e46f66ed977.mp4' for writing
[hls @ 0x7fff350c5a00] Opening '/cache/transcodes/d07686f8d2b9727a44797949e46f66ed978.mp4' for writing
[out#0/hls @ 0x7fff3559d4c0] video:61399KiB audio:5459KiB subtitle:0KiB other streams:0KiB global headers:0KiB muxing overhead: unknown
frame= 4191 fps=1393 q=-1.0 Lsize=N/A time=00:02:25.66 bitrate=N/A speed=48.4x    