{"Protocol":0,"Id":"75e8f5fd825824f3f176e8d54de8334c","Path":"/Passport/Supun/Right (2025) Tamil WEB-DL-[CineSubz.co]-1080p.mp4","EncoderPath":null,"EncoderProtocol":null,"Type":0,"Container":"mov,mp4,m4a,3gp,3g2,mj2","Size":2955912632,"Name":"Right (2025) Tamil WEB-DL-[CineSubz.co]-1080p","IsRemote":false,"ETag":"4c80f33be0937cc0253f99be898265b3","RunTimeTicks":71515520000,"ReadAtNativeFramerate":false,"IgnoreDts":false,"IgnoreIndex":false,"GenPtsInput":false,"SupportsTranscoding":true,"SupportsDirectStream":true,"SupportsDirectPlay":true,"IsInfiniteStream":false,"UseMostCompatibleTranscodingProfile":false,"RequiresOpening":false,"OpenToken":null,"RequiresClosing":false,"LiveStreamId":null,"BufferMs":null,"RequiresLooping":false,"SupportsProbing":true,"VideoType":0,"IsoType":null,"Video3DFormat":null,"MediaStreams":[{"Codec":"h264","CodecTag":"avc1","Language":"eng","ColorRange":null,"ColorSpace":null,"ColorTransfer":null,"ColorPrimaries":null,"DvVersionMajor":null,"DvVersionMinor":null,"DvProfile":null,"DvLevel":null,"RpuPresentFlag":null,"ElPresentFlag":null,"BlPresentFlag":null,"DvBlSignalCompatibilityId":null,"Rotation":null,"Comment":null,"TimeBase":"1/12288","CodecTimeBase":null,"Title":null,"Hdr10PlusPresentFlag":null,"VideoRange":1,"VideoRangeType":1,"VideoDoViTitle":null,"AudioSpatialFormat":0,"LocalizedUndefined":null,"LocalizedDefault":null,"LocalizedForced":null,"LocalizedExternal":null,"LocalizedHearingImpaired":null,"DisplayTitle":"1080p H264 SDR","NalLengthSize":"4","IsInterlaced":false,"IsAVC":true,"ChannelLayout":null,"BitRate":2982506,"BitDepth":8,"RefFrames":1,"PacketLength":null,"Channels":null,"SampleRate":null,"IsDefault":true,"IsForced":false,"IsHearingImpaired":false,"Height":1080,"Width":1920,"AverageFrameRate":24,"RealFrameRate":24,"ReferenceFrameRate":24,"Profile":"High","Type":1,"AspectRatio":"2.40:1","Index":0,"Score":null,"IsExternal":false,"DeliveryMethod":null,"DeliveryUrl":null,"IsExternalUrl":null,"IsTextSubtitleStream":false,"SupportsExternalStream":false,"Path":null,"PixelFormat":"yuv420p","Level":40,"IsAnamorphic":true},{"Codec":"aac","CodecTag":"mp4a","Language":"eng","ColorRange":null,"ColorSpace":null,"ColorTransfer":null,"ColorPrimaries":null,"DvVersionMajor":null,"DvVersionMinor":null,"DvProfile":null,"DvLevel":null,"RpuPresentFlag":null,"ElPresentFlag":null,"BlPresentFlag":null,"DvBlSignalCompatibilityId":null,"Rotation":null,"Comment":null,"TimeBase":"1/48000","CodecTimeBase":null,"Title":null,"Hdr10PlusPresentFlag":null,"VideoRange":0,"VideoRangeType":0,"VideoDoViTitle":null,"AudioSpatialFormat":0,"LocalizedUndefined":null,"LocalizedDefault":"Default","LocalizedForced":null,"LocalizedExternal":"External","LocalizedHearingImpaired":null,"DisplayTitle":"English - AAC - 5.1 - Default","NalLengthSize":null,"IsInterlaced":false,"IsAVC":false,"ChannelLayout":"5.1","BitRate":319999,"BitDepth":null,"RefFrames":null,"PacketLength":null,"Channels":6,"SampleRate":48000,"IsDefault":true,"IsForced":false,"IsHearingImpaired":false,"Height":null,"Width":null,"AverageFrameRate":null,"RealFrameRate":null,"ReferenceFrameRate":null,"Profile":"LC","Type":0,"AspectRatio":null,"Index":1,"Score":null,"IsExternal":false,"DeliveryMethod":null,"DeliveryUrl":null,"IsExternalUrl":null,"IsTextSubtitleStream":false,"SupportsExternalStream":false,"Path":null,"PixelFormat":null,"Level":0,"IsAnamorphic":null}],"MediaAttachments":[],"Formats":[],"Bitrate":3306597,"FallbackMaxStreamingBitrate":null,"Timestamp":null,"RequiredHttpHeaders":{},"TranscodingUrl":null,"TranscodingSubProtocol":0,"TranscodingContainer":null,"AnalyzeDurationMs":null,"DefaultAudioStreamIndex":null,"DefaultSubtitleStreamIndex":null,"HasSegments":false}

/usr/lib/jellyfin-ffmpeg/ffmpeg -analyzeduration 200M -probesize 1G -ss 01:37:24.500 -noaccurate_seek -fflags +genpts  -i file:"/Passport/Supun/Right (2025) Tamil WEB-DL-[CineSubz.co]-1080p.mp4" -map_metadata -1 -map_chapters -1 -threads 0 -map 0:0 -map 0:1 -map -0:s -codec:v:0 copy -bsf:v h264_mp4toannexb -start_at_zero -codec:a:0 copy -copyts -avoid_negative_ts disabled -max_muxing_queue_size 2048 -f hls -max_delay 5000000 -hls_time 6 -hls_segment_type fmp4 -hls_fmp4_init_filename "789a75f58b967738e11bac62f2dd2615-1.mp4" -start_number 974 -hls_segment_filename "/cache/transcodes/789a75f58b967738e11bac62f2dd2615%d.mp4" -hls_playlist_type vod -hls_list_size 0 -hls_segment_options movflags=+frag_discont -y "/cache/transcodes/789a75f58b967738e11bac62f2dd2615.m3u8"


ffmpeg version 7.1.3-Jellyfin Copyright (c) 2000-2025 the FFmpeg developers
  built with gcc 14 (Debian 14.2.0-19)
  configuration: --prefix=/usr/lib/jellyfin-ffmpeg --target-os=linux --extra-version=Jellyfin --disable-doc --disable-ffplay --disable-static --disable-libxcb --disable-sdl2 --disable-xlib --enable-lto=auto --enable-gpl --enable-version3 --enable-shared --enable-gmp --enable-gnutls --enable-chromaprint --enable-opencl --enable-libdrm --enable-libxml2 --enable-libass --enable-libfreetype --enable-libfribidi --enable-libfontconfig --enable-libharfbuzz --enable-libbluray --enable-libmp3lame --enable-libopus --enable-libtheora --enable-libvorbis --enable-libopenmpt --enable-libdav1d --enable-libsvtav1 --enable-libwebp --enable-libvpx --enable-libx264 --enable-libx265 --enable-libzvbi --enable-libzimg --enable-libfdk-aac --arch=arm64 --cross-prefix=/usr/bin/aarch64-linux-gnu- --toolchain=hardened --enable-cross-compile --enable-rkmpp --enable-rkrga --enable-ffnvcodec --enable-cuda --enable-cuda-llvm --enable-cuvid --enable-nvdec --enable-nvenc
  libavutil      59. 39.100 / 59. 39.100
  libavcodec     61. 19.101 / 61. 19.101
  libavformat    61.  7.100 / 61.  7.100
  libavdevice    61.  3.100 / 61.  3.100
  libavfilter    10.  4.100 / 10.  4.100
  libswscale      8.  3.100 /  8.  3.100
  libswresample   5.  3.100 /  5.  3.100
  libpostproc    58.  3.100 / 58.  3.100
Input #0, mov,mp4,m4a,3gp,3g2,mj2, from 'file:/Passport/Supun/Right (2025) Tamil WEB-DL-[CineSubz.co]-1080p.mp4':
  Metadata:
    major_brand     : isom
    minor_version   : 512
    compatible_brands: isomiso2avc1mp41
    encoder         : Lavf56.25.101
  Duration: 01:59:11.55, start: 0.000000, bitrate: 3306 kb/s
  Stream #0:0[0x1](eng): Video: h264 (High) (avc1 / 0x31637661), yuv420p(progressive), 1920x1080 [SAR 107:80 DAR 107:45], 2982 kb/s, 24 fps, 24 tbr, 12288 tbn (default)
      Metadata:
        handler_name    : VideoHandler
        vendor_id       : [0][0][0][0]
  Stream #0:1[0x2](eng): Audio: aac (LC) (mp4a / 0x6134706D), 48000 Hz, 5.1, fltp, 319 kb/s (default)
      Metadata:
        handler_name    : SoundHandler
        vendor_id       : [0][0][0][0]
Stream mapping:
  Stream #0:0 -> #0:0 (copy)
  Stream #0:1 -> #0:1 (copy)
[hls @ 0x7fff258c5a00] Opening '/cache/transcodes/789a75f58b967738e11bac62f2dd2615-1.mp4' for writing
Output #0, hls, to '/cache/transcodes/789a75f58b967738e11bac62f2dd2615.m3u8':
  Metadata:
    encoder         : Lavf61.7.100
  Stream #0:0: Video: h264 (High) (avc1 / 0x31637661), yuv420p(progressive), 1920x1080 [SAR 107:80 DAR 107:45], q=2-31, 2982 kb/s, 24 fps, 24 tbr, 12288 tbn (default)
  Stream #0:1: Audio: aac (LC) (mp4a / 0x6134706D), 48000 Hz, 5.1, fltp, 319 kb/s (default)
Press [q] to stop, [?] for help
[hls @ 0x7fff258c5a00] Opening '/cache/transcodes/789a75f58b967738e11bac62f2dd2615974.mp4' for writing
[hls @ 0x7fff258c5a00] Opening '/cache/transcodes/789a75f58b967738e11bac62f2dd2615975.mp4' for writing
[hls @ 0x7fff258c5a00] Opening '/cache/transcodes/789a75f58b967738e11bac62f2dd2615976.mp4' for writing
[hls @ 0x7fff258c5a00] Opening '/cache/transcodes/789a75f58b967738e11bac62f2dd2615977.mp4' for writing
[hls @ 0x7fff258c5a00] Opening '/cache/transcodes/789a75f58b967738e11bac62f2dd2615978.mp4' for writing
[hls @ 0x7fff258c5a00] Opening '/cache/transcodes/789a75f58b967738e11bac62f2dd2615979.mp4' for writing
[hls @ 0x7fff258c5a00] Opening '/cache/transcodes/789a75f58b967738e11bac62f2dd2615980.mp4' for writing
[hls @ 0x7fff258c5a00] Opening '/cache/transcodes/789a75f58b967738e11bac62f2dd2615981.mp4' for writing
[hls @ 0x7fff258c5a00] Opening '/cache/transcodes/789a75f58b967738e11bac62f2dd2615982.mp4' for writing
[hls @ 0x7fff258c5a00] Opening '/cache/transcodes/789a75f58b967738e11bac62f2dd2615983.mp4' for writing
[hls @ 0x7fff258c5a00] Opening '/cache/transcodes/789a75f58b967738e11bac62f2dd2615984.mp4' for writing
[hls @ 0x7fff258c5a00] Opening '/cache/transcodes/789a75f58b967738e11bac62f2dd2615985.mp4' for writing
[hls @ 0x7fff258c5a00] Opening '/cache/transcodes/789a75f58b967738e11bac62f2dd2615986.mp4' for writing
[hls @ 0x7fff258c5a00] Opening '/cache/transcodes/789a75f58b967738e11bac62f2dd2615987.mp4' for writing
[hls @ 0x7fff258c5a00] Opening '/cache/transcodes/789a75f58b967738e11bac62f2dd2615988.mp4' for writing
[hls @ 0x7fff258c5a00] Opening '/cache/transcodes/789a75f58b967738e11bac62f2dd2615989.mp4' for writing
[hls @ 0x7fff258c5a00] Opening '/cache/transcodes/789a75f58b967738e11bac62f2dd2615990.mp4' for writing
[hls @ 0x7fff258c5a00] Opening '/cache/transcodes/789a75f58b967738e11bac62f2dd2615991.mp4' for writing
[hls @ 0x7fff258c5a00] Opening '/cache/transcodes/789a75f58b967738e11bac62f2dd2615992.mp4' for writing
[hls @ 0x7fff258c5a00] Opening '/cache/transcodes/789a75f58b967738e11bac62f2dd2615993.mp4' for writing
[hls @ 0x7fff258c5a00] Opening '/cache/transcodes/789a75f58b967738e11bac62f2dd2615994.mp4' for writing
[hls @ 0x7fff258c5a00] Opening '/cache/transcodes/789a75f58b967738e11bac62f2dd2615995.mp4' for writing
[hls @ 0x7fff258c5a00] Opening '/cache/transcodes/789a75f58b967738e11bac62f2dd2615996.mp4' for writing
[hls @ 0x7fff258c5a00] Opening '/cache/transcodes/789a75f58b967738e11bac62f2dd2615997.mp4' for writing
[hls @ 0x7fff258c5a00] Opening '/cache/transcodes/789a75f58b967738e11bac62f2dd2615998.mp4' for writing
[hls @ 0x7fff258c5a00] Opening '/cache/transcodes/789a75f58b967738e11bac62f2dd2615999.mp4' for writing
frame= 3814 fps=0.0 q=-1.0 size=N/A time=00:00:00.00 bitrate=N/A speed=   0x    
[hls @ 0x7fff258c5a00] Opening '/cache/transcodes/789a75f58b967738e11bac62f2dd26151000.mp4' for writing
[hls @ 0x7fff258c5a00] Opening '/cache/transcodes/789a75f58b967738e11bac62f2dd26151001.mp4' for writing
[hls @ 0x7fff258c5a00] Opening '/cache/transcodes/789a75f58b967738e11bac62f2dd26151002.mp4' for writing
[hls @ 0x7fff258c5a00] Opening '/cache/transcodes/789a75f58b967738e11bac62f2dd26151003.mp4' for writing
[hls @ 0x7fff258c5a00] Opening '/cache/transcodes/789a75f58b967738e11bac62f2dd26151004.mp4' for writing
[hls @ 0x7fff258c5a00] Opening '/cache/transcodes/789a75f58b967738e11bac62f2dd26151005.mp4' for writing
[hls @ 0x7fff258c5a00] Opening '/cache/transcodes/789a75f58b967738e11bac62f2dd26151006.mp4' for writing
[hls @ 0x7fff258c5a00] Opening '/cache/transcodes/789a75f58b967738e11bac62f2dd26151007.mp4' for writing
[hls @ 0x7fff258c5a00] Opening '/cache/transcodes/789a75f58b967738e11bac62f2dd26151008.mp4' for writing
[hls @ 0x7fff258c5a00] Opening '/cache/transcodes/789a75f58b967738e11bac62f2dd26151009.mp4' for writing
[hls @ 0x7fff258c5a00] Opening '/cache/transcodes/789a75f58b967738e11bac62f2dd26151010.mp4' for writing
[hls @ 0x7fff258c5a00] Opening '/cache/transcodes/789a75f58b967738e11bac62f2dd26151011.mp4' for writing
[hls @ 0x7fff258c5a00] Opening '/cache/transcodes/789a75f58b967738e11bac62f2dd26151012.mp4' for writing
[hls @ 0x7fff258c5a00] Opening '/cache/transcodes/789a75f58b967738e11bac62f2dd26151013.mp4' for writing
[hls @ 0x7fff258c5a00] Opening '/cache/transcodes/789a75f58b967738e11bac62f2dd26151014.mp4' for writing
[hls @ 0x7fff258c5a00] Opening '/cache/transcodes/789a75f58b967738e11bac62f2dd26151015.mp4' for writing
[hls @ 0x7fff258c5a00] Opening '/cache/transcodes/789a75f58b967738e11bac62f2dd26151016.mp4' for writing
[hls @ 0x7fff258c5a00] Opening '/cache/transcodes/789a75f58b967738e11bac62f2dd26151017.mp4' for writing
[hls @ 0x7fff258c5a00] Opening '/cache/transcodes/789a75f58b967738e11bac62f2dd26151018.mp4' for writing
[hls @ 0x7fff258c5a00] Opening '/cache/transcodes/789a75f58b967738e11bac62f2dd26151019.mp4' for writing
[hls @ 0x7fff258c5a00] Opening '/cache/transcodes/789a75f58b967738e11bac62f2dd26151020.mp4' for writing
[hls @ 0x7fff258c5a00] Opening '/cache/transcodes/789a75f58b967738e11bac62f2dd26151021.mp4' for writing
[hls @ 0x7fff258c5a00] Opening '/cache/transcodes/789a75f58b967738e11bac62f2dd26151022.mp4' for writing
[hls @ 0x7fff258c5a00] Opening '/cache/transcodes/789a75f58b967738e11bac62f2dd26151023.mp4' for writing
[hls @ 0x7fff258c5a00] Opening '/cache/transcodes/789a75f58b967738e11bac62f2dd26151024.mp4' for writing
[hls @ 0x7fff258c5a00] Opening '/cache/transcodes/789a75f58b967738e11bac62f2dd26151025.mp4' for writing
[hls @ 0x7fff258c5a00] Opening '/cache/transcodes/789a75f58b967738e11bac62f2dd26151026.mp4' for writing
[hls @ 0x7fff258c5a00] Opening '/cache/transcodes/789a75f58b967738e11bac62f2dd26151027.mp4' for writing
[hls @ 0x7fff258c5a00] Opening '/cache/transcodes/789a75f58b967738e11bac62f2dd26151028.mp4' for writing
[hls @ 0x7fff258c5a00] Opening '/cache/transcodes/789a75f58b967738e11bac62f2dd26151029.mp4' for writing
[hls @ 0x7fff258c5a00] Opening '/cache/transcodes/789a75f58b967738e11bac62f2dd26151030.mp4' for writing
[hls @ 0x7fff258c5a00] Opening '/cache/transcodes/789a75f58b967738e11bac62f2dd26151031.mp4' for writing
[hls @ 0x7fff258c5a00] Opening '/cache/transcodes/789a75f58b967738e11bac62f2dd26151032.mp4' for writing
[hls @ 0x7fff258c5a00] Opening '/cache/transcodes/789a75f58b967738e11bac62f2dd26151033.mp4' for writing
[hls @ 0x7fff258c5a00] Opening '/cache/transcodes/789a75f58b967738e11bac62f2dd26151034.mp4' for writing
[hls @ 0x7fff258c5a00] Opening '/cache/transcodes/789a75f58b967738e11bac62f2dd26151035.mp4' for writing
[hls @ 0x7fff258c5a00] Opening '/cache/transcodes/789a75f58b967738e11bac62f2dd26151036.mp4' for writing
[hls @ 0x7fff258c5a00] Opening '/cache/transcodes/789a75f58b967738e11bac62f2dd26151037.mp4' for writing
[hls @ 0x7fff258c5a00] Opening '/cache/transcodes/789a75f58b967738e11bac62f2dd26151038.mp4' for writing
frame= 9366 fps=9364 q=-1.0 size=N/A time=00:03:51.43 bitrate=N/A speed= 231x    
[hls @ 0x7fff258c5a00] Opening '/cache/transcodes/789a75f58b967738e11bac62f2dd26151039.mp4' for writing
[hls @ 0x7fff258c5a00] Opening '/cache/transcodes/789a75f58b967738e11bac62f2dd26151040.mp4' for writing
[hls @ 0x7fff258c5a00] Opening '/cache/transcodes/789a75f58b967738e11bac62f2dd26151041.mp4' for writing
[hls @ 0x7fff258c5a00] Opening '/cache/transcodes/789a75f58b967738e11bac62f2dd26151042.mp4' for writing
[hls @ 0x7fff258c5a00] Opening '/cache/transcodes/789a75f58b967738e11bac62f2dd26151043.mp4' for writing
[hls @ 0x7fff258c5a00] Opening '/cache/transcodes/789a75f58b967738e11bac62f2dd26151044.mp4' for writing
[hls @ 0x7fff258c5a00] Opening '/cache/transcodes/789a75f58b967738e11bac62f2dd26151045.mp4' for writing
[hls @ 0x7fff258c5a00] Opening '/cache/transcodes/789a75f58b967738e11bac62f2dd26151046.mp4' for writing
[hls @ 0x7fff258c5a00] Opening '/cache/transcodes/789a75f58b967738e11bac62f2dd26151047.mp4' for writing
[hls @ 0x7fff258c5a00] Opening '/cache/transcodes/789a75f58b967738e11bac62f2dd26151048.mp4' for writing
[hls @ 0x7fff258c5a00] Opening '/cache/transcodes/789a75f58b967738e11bac62f2dd26151049.mp4' for writing
[hls @ 0x7fff258c5a00] Opening '/cache/transcodes/789a75f58b967738e11bac62f2dd26151050.mp4' for writing
[hls @ 0x7fff258c5a00] Opening '/cache/transcodes/789a75f58b967738e11bac62f2dd26151051.mp4' for writing
[hls @ 0x7fff258c5a00] Opening '/cache/transcodes/789a75f58b967738e11bac62f2dd26151052.mp4' for writing
[hls @ 0x7fff258c5a00] Opening '/cache/transcodes/789a75f58b967738e11bac62f2dd26151053.mp4' for writing
[hls @ 0x7fff258c5a00] Opening '/cache/transcodes/789a75f58b967738e11bac62f2dd26151054.mp4' for writing
[hls @ 0x7fff258c5a00] Opening '/cache/transcodes/789a75f58b967738e11bac62f2dd26151055.mp4' for writing
[hls @ 0x7fff258c5a00] Opening '/cache/transcodes/789a75f58b967738e11bac62f2dd26151056.mp4' for writing
[hls @ 0x7fff258c5a00] Opening '/cache/transcodes/789a75f58b967738e11bac62f2dd26151057.mp4' for writing
[hls @ 0x7fff258c5a00] Opening '/cache/transcodes/789a75f58b967738e11bac62f2dd26151058.mp4' for writing
[hls @ 0x7fff258c5a00] Opening '/cache/transcodes/789a75f58b967738e11bac62f2dd26151059.mp4' for writing
[hls @ 0x7fff258c5a00] Opening '/cache/transcodes/789a75f58b967738e11bac62f2dd26151060.mp4' for writing
[hls @ 0x7fff258c5a00] Opening '/cache/transcodes/789a75f58b967738e11bac62f2dd26151061.mp4' for writing
[hls @ 0x7fff258c5a00] Opening '/cache/transcodes/789a75f58b967738e11bac62f2dd26151062.mp4' for writing
[hls @ 0x7fff258c5a00] Opening '/cache/transcodes/789a75f58b967738e11bac62f2dd26151063.mp4' for writing
[hls @ 0x7fff258c5a00] Opening '/cache/transcodes/789a75f58b967738e11bac62f2dd26151064.mp4' for writing
[hls @ 0x7fff258c5a00] Opening '/cache/transcodes/789a75f58b967738e11bac62f2dd26151065.mp4' for writing
[hls @ 0x7fff258c5a00] Opening '/cache/transcodes/789a75f58b967738e11bac62f2dd26151066.mp4' for writing
[hls @ 0x7fff258c5a00] Opening '/cache/transcodes/789a75f58b967738e11bac62f2dd26151067.mp4' for writing
[hls @ 0x7fff258c5a00] Opening '/cache/transcodes/789a75f58b967738e11bac62f2dd26151068.mp4' for writing
[hls @ 0x7fff258c5a00] Opening '/cache/transcodes/789a75f58b967738e11bac62f2dd26151069.mp4' for writing
[hls @ 0x7fff258c5a00] Opening '/cache/transcodes/789a75f58b967738e11bac62f2dd26151070.mp4' for writing
[hls @ 0x7fff258c5a00] Opening '/cache/transcodes/789a75f58b967738e11bac62f2dd26151071.mp4' for writing
[hls @ 0x7fff258c5a00] Opening '/cache/transcodes/789a75f58b967738e11bac62f2dd26151072.mp4' for writing
[hls @ 0x7fff258c5a00] Opening '/cache/transcodes/789a75f58b967738e11bac62f2dd26151073.mp4' for writing
[hls @ 0x7fff258c5a00] Opening '/cache/transcodes/789a75f58b967738e11bac62f2dd26151074.mp4' for writing
[hls @ 0x7fff258c5a00] Opening '/cache/transcodes/789a75f58b967738e11bac62f2dd26151075.mp4' for writing
[hls @ 0x7fff258c5a00] Opening '/cache/transcodes/789a75f58b967738e11bac62f2dd26151076.mp4' for writing
frame=14969 fps=9977 q=-1.0 size=N/A time=00:07:44.79 bitrate=N/A speed= 310x    
[hls @ 0x7fff258c5a00] Opening '/cache/transcodes/789a75f58b967738e11bac62f2dd26151077.mp4' for writing
[hls @ 0x7fff258c5a00] Opening '/cache/transcodes/789a75f58b967738e11bac62f2dd26151078.mp4' for writing
[hls @ 0x7fff258c5a00] Opening '/cache/transcodes/789a75f58b967738e11bac62f2dd26151079.mp4' for writing
[hls @ 0x7fff258c5a00] Opening '/cache/transcodes/789a75f58b967738e11bac62f2dd26151080.mp4' for writing
[hls @ 0x7fff258c5a00] Opening '/cache/transcodes/789a75f58b967738e11bac62f2dd26151081.mp4' for writing
[hls @ 0x7fff258c5a00] Opening '/cache/transcodes/789a75f58b967738e11bac62f2dd26151082.mp4' for writing
[hls @ 0x7fff258c5a00] Opening '/cache/transcodes/789a75f58b967738e11bac62f2dd26151083.mp4' for writing
[hls @ 0x7fff258c5a00] Opening '/cache/transcodes/789a75f58b967738e11bac62f2dd26151084.mp4' for writing
[hls @ 0x7fff258c5a00] Opening '/cache/transcodes/789a75f58b967738e11bac62f2dd26151085.mp4' for writing
[hls @ 0x7fff258c5a00] Opening '/cache/transcodes/789a75f58b967738e11bac62f2dd26151086.mp4' for writing
[hls @ 0x7fff258c5a00] Opening '/cache/transcodes/789a75f58b967738e11bac62f2dd26151087.mp4' for writing
[hls @ 0x7fff258c5a00] Opening '/cache/transcodes/789a75f58b967738e11bac62f2dd26151088.mp4' for writing
[hls @ 0x7fff258c5a00] Opening '/cache/transcodes/789a75f58b967738e11bac62f2dd26151089.mp4' for writing
[hls @ 0x7fff258c5a00] Opening '/cache/transcodes/789a75f58b967738e11bac62f2dd26151090.mp4' for writing
[hls @ 0x7fff258c5a00] Opening '/cache/transcodes/789a75f58b967738e11bac62f2dd26151091.mp4' for writing
[hls @ 0x7fff258c5a00] Opening '/cache/transcodes/789a75f58b967738e11bac62f2dd26151092.mp4' for writing
[hls @ 0x7fff258c5a00] Opening '/cache/transcodes/789a75f58b967738e11bac62f2dd26151093.mp4' for writing
[hls @ 0x7fff258c5a00] Opening '/cache/transcodes/789a75f58b967738e11bac62f2dd26151094.mp4' for writing
[hls @ 0x7fff258c5a00] Opening '/cache/transcodes/789a75f58b967738e11bac62f2dd26151095.mp4' for writing
[hls @ 0x7fff258c5a00] Opening '/cache/transcodes/789a75f58b967738e11bac62f2dd26151096.mp4' for writing
[hls @ 0x7fff258c5a00] Opening '/cache/transcodes/789a75f58b967738e11bac62f2dd26151097.mp4' for writing
[hls @ 0x7fff258c5a00] Opening '/cache/transcodes/789a75f58b967738e11bac62f2dd26151098.mp4' for writing
[hls @ 0x7fff258c5a00] Opening '/cache/transcodes/789a75f58b967738e11bac62f2dd26151099.mp4' for writing
[hls @ 0x7fff258c5a00] Opening '/cache/transcodes/789a75f58b967738e11bac62f2dd26151100.mp4' for writing
[hls @ 0x7fff258c5a00] Opening '/cache/transcodes/789a75f58b967738e11bac62f2dd26151101.mp4' for writing
[hls @ 0x7fff258c5a00] Opening '/cache/transcodes/789a75f58b967738e11bac62f2dd26151102.mp4' for writing
[hls @ 0x7fff258c5a00] Opening '/cache/transcodes/789a75f58b967738e11bac62f2dd26151103.mp4' for writing
[hls @ 0x7fff258c5a00] Opening '/cache/transcodes/789a75f58b967738e11bac62f2dd26151104.mp4' for writing
[hls @ 0x7fff258c5a00] Opening '/cache/transcodes/789a75f58b967738e11bac62f2dd26151105.mp4' for writing
[hls @ 0x7fff258c5a00] Opening '/cache/transcodes/789a75f58b967738e11bac62f2dd26151106.mp4' for writing
[hls @ 0x7fff258c5a00] Opening '/cache/transcodes/789a75f58b967738e11bac62f2dd26151107.mp4' for writing
[hls @ 0x7fff258c5a00] Opening '/cache/transcodes/789a75f58b967738e11bac62f2dd26151108.mp4' for writing
[hls @ 0x7fff258c5a00] Opening '/cache/transcodes/789a75f58b967738e11bac62f2dd26151109.mp4' for writing
[hls @ 0x7fff258c5a00] Opening '/cache/transcodes/789a75f58b967738e11bac62f2dd26151110.mp4' for writing
[hls @ 0x7fff258c5a00] Opening '/cache/transcodes/789a75f58b967738e11bac62f2dd26151111.mp4' for writing
frame=19884 fps=9935 q=-1.0 size=N/A time=00:11:09.62 bitrate=N/A speed= 335x    
[hls @ 0x7fff258c5a00] Opening '/cache/transcodes/789a75f58b967738e11bac62f2dd26151112.mp4' for writing
[hls @ 0x7fff258c5a00] Opening '/cache/transcodes/789a75f58b967738e11bac62f2dd26151113.mp4' for writing
[hls @ 0x7fff258c5a00] Opening '/cache/transcodes/789a75f58b967738e11bac62f2dd26151114.mp4' for writing
[hls @ 0x7fff258c5a00] Opening '/cache/transcodes/789a75f58b967738e11bac62f2dd26151115.mp4' for writing
[hls @ 0x7fff258c5a00] Opening '/cache/transcodes/789a75f58b967738e11bac62f2dd26151116.mp4' for writing
[hls @ 0x7fff258c5a00] Opening '/cache/transcodes/789a75f58b967738e11bac62f2dd26151117.mp4' for writing
[hls @ 0x7fff258c5a00] Opening '/cache/transcodes/789a75f58b967738e11bac62f2dd26151118.mp4' for writing
[hls @ 0x7fff258c5a00] Opening '/cache/transcodes/789a75f58b967738e11bac62f2dd26151119.mp4' for writing
[hls @ 0x7fff258c5a00] Opening '/cache/transcodes/789a75f58b967738e11bac62f2dd26151120.mp4' for writing
[hls @ 0x7fff258c5a00] Opening '/cache/transcodes/789a75f58b967738e11bac62f2dd26151121.mp4' for writing
[hls @ 0x7fff258c5a00] Opening '/cache/transcodes/789a75f58b967738e11bac62f2dd26151122.mp4' for writing
[hls @ 0x7fff258c5a00] Opening '/cache/transcodes/789a75f58b967738e11bac62f2dd26151123.mp4' for writing
[hls @ 0x7fff258c5a00] Opening '/cache/transcodes/789a75f58b967738e11bac62f2dd26151124.mp4' for writing
[hls @ 0x7fff258c5a00] Opening '/cache/transcodes/789a75f58b967738e11bac62f2dd26151125.mp4' for writing
[hls @ 0x7fff258c5a00] Opening '/cache/transcodes/789a75f58b967738e11bac62f2dd26151126.mp4' for writing
[hls @ 0x7fff258c5a00] Opening '/cache/transcodes/789a75f58b967738e11bac62f2dd26151127.mp4' for writing
[hls @ 0x7fff258c5a00] Opening '/cache/transcodes/789a75f58b967738e11bac62f2dd26151128.mp4' for writing
[hls @ 0x7fff258c5a00] Opening '/cache/transcodes/789a75f58b967738e11bac62f2dd26151129.mp4' for writing
[hls @ 0x7fff258c5a00] Opening '/cache/transcodes/789a75f58b967738e11bac62f2dd26151130.mp4' for writing
[hls @ 0x7fff258c5a00] Opening '/cache/transcodes/789a75f58b967738e11bac62f2dd26151131.mp4' for writing
[hls @ 0x7fff258c5a00] Opening '/cache/transcodes/789a75f58b967738e11bac62f2dd26151132.mp4' for writing
[hls @ 0x7fff258c5a00] Opening '/cache/transcodes/789a75f58b967738e11bac62f2dd26151133.mp4' for writing
[hls @ 0x7fff258c5a00] Opening '/cache/transcodes/789a75f58b967738e11bac62f2dd26151134.mp4' for writing
[hls @ 0x7fff258c5a00] Opening '/cache/transcodes/789a75f58b967738e11bac62f2dd26151135.mp4' for writing
[hls @ 0x7fff258c5a00] Opening '/cache/transcodes/789a75f58b967738e11bac62f2dd26151136.mp4' for writing
[hls @ 0x7fff258c5a00] Opening '/cache/transcodes/789a75f58b967738e11bac62f2dd26151137.mp4' for writing
[hls @ 0x7fff258c5a00] Opening '/cache/transcodes/789a75f58b967738e11bac62f2dd26151138.mp4' for writing
[hls @ 0x7fff258c5a00] Opening '/cache/transcodes/789a75f58b967738e11bac62f2dd26151139.mp4' for writing
[hls @ 0x7fff258c5a00] Opening '/cache/transcodes/789a75f58b967738e11bac62f2dd26151140.mp4' for writing
[hls @ 0x7fff258c5a00] Opening '/cache/transcodes/789a75f58b967738e11bac62f2dd26151141.mp4' for writing
[hls @ 0x7fff258c5a00] Opening '/cache/transcodes/789a75f58b967738e11bac62f2dd26151142.mp4' for writing
[hls @ 0x7fff258c5a00] Opening '/cache/transcodes/789a75f58b967738e11bac62f2dd26151143.mp4' for writing
[hls @ 0x7fff258c5a00] Opening '/cache/transcodes/789a75f58b967738e11bac62f2dd26151144.mp4' for writing
[hls @ 0x7fff258c5a00] Opening '/cache/transcodes/789a75f58b967738e11bac62f2dd26151145.mp4' for writing
[hls @ 0x7fff258c5a00] Opening '/cache/transcodes/789a75f58b967738e11bac62f2dd26151146.mp4' for writing
[hls @ 0x7fff258c5a00] Opening '/cache/transcodes/789a75f58b967738e11bac62f2dd26151147.mp4' for writing
[hls @ 0x7fff258c5a00] Opening '/cache/transcodes/789a75f58b967738e11bac62f2dd26151148.mp4' for writing
[hls @ 0x7fff258c5a00] Opening '/cache/transcodes/789a75f58b967738e11bac62f2dd26151149.mp4' for writing
[hls @ 0x7fff258c5a00] Opening '/cache/transcodes/789a75f58b967738e11bac62f2dd26151150.mp4' for writing
[hls @ 0x7fff258c5a00] Opening '/cache/transcodes/789a75f58b967738e11bac62f2dd26151151.mp4' for writing
frame=25652 fps=10255 q=-1.0 size=N/A time=00:15:09.91 bitrate=N/A speed= 364x    
[hls @ 0x7fff258c5a00] Opening '/cache/transcodes/789a75f58b967738e11bac62f2dd26151152.mp4' for writing
[hls @ 0x7fff258c5a00] Opening '/cache/transcodes/789a75f58b967738e11bac62f2dd26151153.mp4' for writing
[hls @ 0x7fff258c5a00] Opening '/cache/transcodes/789a75f58b967738e11bac62f2dd26151154.mp4' for writing
[hls @ 0x7fff258c5a00] Opening '/cache/transcodes/789a75f58b967738e11bac62f2dd26151155.mp4' for writing
[hls @ 0x7fff258c5a00] Opening '/cache/transcodes/789a75f58b967738e11bac62f2dd26151156.mp4' for writing
[hls @ 0x7fff258c5a00] Opening '/cache/transcodes/789a75f58b967738e11bac62f2dd26151157.mp4' for writing
[hls @ 0x7fff258c5a00] Opening '/cache/transcodes/789a75f58b967738e11bac62f2dd26151158.mp4' for writing
[hls @ 0x7fff258c5a00] Opening '/cache/transcodes/789a75f58b967738e11bac62f2dd26151159.mp4' for writing
[hls @ 0x7fff258c5a00] Opening '/cache/transcodes/789a75f58b967738e11bac62f2dd26151160.mp4' for writing
[hls @ 0x7fff258c5a00] Opening '/cache/transcodes/789a75f58b967738e11bac62f2dd26151161.mp4' for writing
[hls @ 0x7fff258c5a00] Opening '/cache/transcodes/789a75f58b967738e11bac62f2dd26151162.mp4' for writing
[hls @ 0x7fff258c5a00] Opening '/cache/transcodes/789a75f58b967738e11bac62f2dd26151163.mp4' for writing
[hls @ 0x7fff258c5a00] Opening '/cache/transcodes/789a75f58b967738e11bac62f2dd26151164.mp4' for writing
[hls @ 0x7fff258c5a00] Opening '/cache/transcodes/789a75f58b967738e11bac62f2dd26151165.mp4' for writing
[hls @ 0x7fff258c5a00] Opening '/cache/transcodes/789a75f58b967738e11bac62f2dd26151166.mp4' for writing
[hls @ 0x7fff258c5a00] Opening '/cache/transcodes/789a75f58b967738e11bac62f2dd26151167.mp4' for writing
[hls @ 0x7fff258c5a00] Opening '/cache/transcodes/789a75f58b967738e11bac62f2dd26151168.mp4' for writing
[hls @ 0x7fff258c5a00] Opening '/cache/transcodes/789a75f58b967738e11bac62f2dd26151169.mp4' for writing
[hls @ 0x7fff258c5a00] Opening '/cache/transcodes/789a75f58b967738e11bac62f2dd26151170.mp4' for writing
[hls @ 0x7fff258c5a00] Opening '/cache/transcodes/789a75f58b967738e11bac62f2dd26151171.mp4' for writing
[hls @ 0x7fff258c5a00] Opening '/cache/transcodes/789a75f58b967738e11bac62f2dd26151172.mp4' for writing
[hls @ 0x7fff258c5a00] Opening '/cache/transcodes/789a75f58b967738e11bac62f2dd26151173.mp4' for writing
[hls @ 0x7fff258c5a00] Opening '/cache/transcodes/789a75f58b967738e11bac62f2dd26151174.mp4' for writing
[hls @ 0x7fff258c5a00] Opening '/cache/transcodes/789a75f58b967738e11bac62f2dd26151175.mp4' for writing
[hls @ 0x7fff258c5a00] Opening '/cache/transcodes/789a75f58b967738e11bac62f2dd26151176.mp4' for writing
[hls @ 0x7fff258c5a00] Opening '/cache/transcodes/789a75f58b967738e11bac62f2dd26151177.mp4' for writing
[hls @ 0x7fff258c5a00] Opening '/cache/transcodes/789a75f58b967738e11bac62f2dd26151178.mp4' for writing
[hls @ 0x7fff258c5a00] Opening '/cache/transcodes/789a75f58b967738e11bac62f2dd26151179.mp4' for writing
[hls @ 0x7fff258c5a00] Opening '/cache/transcodes/789a75f58b967738e11bac62f2dd26151180.mp4' for writing
[hls @ 0x7fff258c5a00] Opening '/cache/transcodes/789a75f58b967738e11bac62f2dd26151181.mp4' for writing
[hls @ 0x7fff258c5a00] Opening '/cache/transcodes/789a75f58b967738e11bac62f2dd26151182.mp4' for writing
[hls @ 0x7fff258c5a00] Opening '/cache/transcodes/789a75f58b967738e11bac62f2dd26151183.mp4' for writing
[hls @ 0x7fff258c5a00] Opening '/cache/transcodes/789a75f58b967738e11bac62f2dd26151184.mp4' for writing
[hls @ 0x7fff258c5a00] Opening '/cache/transcodes/789a75f58b967738e11bac62f2dd26151185.mp4' for writing
[hls @ 0x7fff258c5a00] Opening '/cache/transcodes/789a75f58b967738e11bac62f2dd26151186.mp4' for writing
[hls @ 0x7fff258c5a00] Opening '/cache/transcodes/789a75f58b967738e11bac62f2dd26151187.mp4' for writing
[hls @ 0x7fff258c5a00] Opening '/cache/transcodes/789a75f58b967738e11bac62f2dd26151188.mp4' for writing
[hls @ 0x7fff258c5a00] Opening '/cache/transcodes/789a75f58b967738e11bac62f2dd26151189.mp4' for writing
[hls @ 0x7fff258c5a00] Opening '/cache/transcodes/789a75f58b967738e11bac62f2dd26151190.mp4' for writing
[hls @ 0x7fff258c5a00] Opening '/cache/transcodes/789a75f58b967738e11bac62f2dd26151191.mp4' for writing
[out#0/hls @ 0x7fff25d9d4c0] video:461569KiB audio:51070KiB subtitle:0KiB other streams:0KiB global headers:0KiB muxing overhead: unknown
frame=31377 fps=11216 q=-1.0 Lsize=N/A time=00:19:08.45 bitrate=N/A speed= 411x    