{"Protocol":0,"Id":"75e8f5fd825824f3f176e8d54de8334c","Path":"/Passport/Supun/Right (2025) Tamil WEB-DL-[CineSubz.co]-1080p.mp4","EncoderPath":null,"EncoderProtocol":null,"Type":0,"Container":"mov,mp4,m4a,3gp,3g2,mj2","Size":2955912632,"Name":"Right (2025) Tamil WEB-DL-[CineSubz.co]-1080p","IsRemote":false,"ETag":"4c80f33be0937cc0253f99be898265b3","RunTimeTicks":71515520000,"ReadAtNativeFramerate":false,"IgnoreDts":false,"IgnoreIndex":false,"GenPtsInput":false,"SupportsTranscoding":true,"SupportsDirectStream":true,"SupportsDirectPlay":true,"IsInfiniteStream":false,"UseMostCompatibleTranscodingProfile":false,"RequiresOpening":false,"OpenToken":null,"RequiresClosing":false,"LiveStreamId":null,"BufferMs":null,"RequiresLooping":false,"SupportsProbing":true,"VideoType":0,"IsoType":null,"Video3DFormat":null,"MediaStreams":[{"Codec":"h264","CodecTag":"avc1","Language":"eng","ColorRange":null,"ColorSpace":null,"ColorTransfer":null,"ColorPrimaries":null,"DvVersionMajor":null,"DvVersionMinor":null,"DvProfile":null,"DvLevel":null,"RpuPresentFlag":null,"ElPresentFlag":null,"BlPresentFlag":null,"DvBlSignalCompatibilityId":null,"Rotation":null,"Comment":null,"TimeBase":"1/12288","CodecTimeBase":null,"Title":null,"Hdr10PlusPresentFlag":null,"VideoRange":1,"VideoRangeType":1,"VideoDoViTitle":null,"AudioSpatialFormat":0,"LocalizedUndefined":null,"LocalizedDefault":null,"LocalizedForced":null,"LocalizedExternal":null,"LocalizedHearingImpaired":null,"DisplayTitle":"1080p H264 SDR","NalLengthSize":"4","IsInterlaced":false,"IsAVC":true,"ChannelLayout":null,"BitRate":2982506,"BitDepth":8,"RefFrames":1,"PacketLength":null,"Channels":null,"SampleRate":null,"IsDefault":true,"IsForced":false,"IsHearingImpaired":false,"Height":1080,"Width":1920,"AverageFrameRate":24,"RealFrameRate":24,"ReferenceFrameRate":24,"Profile":"High","Type":1,"AspectRatio":"2.40:1","Index":0,"Score":null,"IsExternal":false,"DeliveryMethod":null,"DeliveryUrl":null,"IsExternalUrl":null,"IsTextSubtitleStream":false,"SupportsExternalStream":false,"Path":null,"PixelFormat":"yuv420p","Level":40,"IsAnamorphic":true},{"Codec":"aac","CodecTag":"mp4a","Language":"eng","ColorRange":null,"ColorSpace":null,"ColorTransfer":null,"ColorPrimaries":null,"DvVersionMajor":null,"DvVersionMinor":null,"DvProfile":null,"DvLevel":null,"RpuPresentFlag":null,"ElPresentFlag":null,"BlPresentFlag":null,"DvBlSignalCompatibilityId":null,"Rotation":null,"Comment":null,"TimeBase":"1/48000","CodecTimeBase":null,"Title":null,"Hdr10PlusPresentFlag":null,"VideoRange":0,"VideoRangeType":0,"VideoDoViTitle":null,"AudioSpatialFormat":0,"LocalizedUndefined":null,"LocalizedDefault":"Default","LocalizedForced":null,"LocalizedExternal":"External","LocalizedHearingImpaired":null,"DisplayTitle":"English - AAC - 5.1 - Default","NalLengthSize":null,"IsInterlaced":false,"IsAVC":false,"ChannelLayout":"5.1","BitRate":319999,"BitDepth":null,"RefFrames":null,"PacketLength":null,"Channels":6,"SampleRate":48000,"IsDefault":true,"IsForced":false,"IsHearingImpaired":false,"Height":null,"Width":null,"AverageFrameRate":null,"RealFrameRate":null,"ReferenceFrameRate":null,"Profile":"LC","Type":0,"AspectRatio":null,"Index":1,"Score":null,"IsExternal":false,"DeliveryMethod":null,"DeliveryUrl":null,"IsExternalUrl":null,"IsTextSubtitleStream":false,"SupportsExternalStream":false,"Path":null,"PixelFormat":null,"Level":0,"IsAnamorphic":null}],"MediaAttachments":[],"Formats":[],"Bitrate":3306597,"FallbackMaxStreamingBitrate":null,"Timestamp":null,"RequiredHttpHeaders":{},"TranscodingUrl":null,"TranscodingSubProtocol":0,"TranscodingContainer":null,"AnalyzeDurationMs":null,"DefaultAudioStreamIndex":null,"DefaultSubtitleStreamIndex":null,"HasSegments":false}

/usr/lib/jellyfin-ffmpeg/ffmpeg -analyzeduration 200M -probesize 1G -fflags +genpts  -i file:"/Passport/Supun/Right (2025) Tamil WEB-DL-[CineSubz.co]-1080p.mp4" -map_metadata -1 -map_chapters -1 -threads 0 -map 0:0 -map 0:1 -map -0:s -codec:v:0 copy -bsf:v h264_mp4toannexb -start_at_zero -codec:a:0 copy -copyts -avoid_negative_ts disabled -max_muxing_queue_size 2048 -f hls -max_delay 5000000 -hls_time 6 -hls_segment_type fmp4 -hls_fmp4_init_filename "789a75f58b967738e11bac62f2dd2615-1.mp4" -start_number 0 -hls_segment_filename "/cache/transcodes/789a75f58b967738e11bac62f2dd2615%d.mp4" -hls_playlist_type vod -hls_list_size 0 -hls_segment_options movflags=+frag_discont -y "/cache/transcodes/789a75f58b967738e11bac62f2dd2615.m3u8"


ffmpeg version 7.1.3-Jellyfin Copyright (c) 2000-2025 the FFmpeg developers
  built with gcc 14 (Debian 14.2.0-19)
  configuration: --prefix=/usr/lib/jellyfin-ffmpeg --target-os=linux --extra-version=Jellyfin --disable-doc --disable-ffplay --disable-static --disable-libxcb --disable-sdl2 --disable-xlib --enable-lto=auto --enable-gpl --enable-version3 --enable-shared --enable-gmp --enable-gnutls --enable-chromaprint --enable-opencl --enable-libdrm --enable-libxml2 --enable-libass --enable-libfreetype --enable-libfribidi --enable-libfontconfig --enable-libharfbuzz --enable-libbluray --enable-libmp3lame --enable-libopus --enable-libtheora --enable-libvorbis --enable-libopenmpt --enable-libdav1d --enable-libsvtav1 --enable-libwebp --enable-libvpx --enable-libx264 --enable-libx265 --enable-libzvbi --enable-libzimg --enable-libfdk-aac --arch=arm64 --cross-prefix=/usr/bin/aarch64-linux-gnu- --toolchain=hardened --enable-cross-compile --enable-rkmpp --enable-rkrga --enable-ffnvcodec --enable-cuda --enable-cuda-llvm --enable-cuvid --enable-nvdec --enable-nvenc
  libavutil      59. 39.100 / 59. 39.100
  libavcodec     61. 19.101 / 61. 19.101
  libavformat    61.  7.100 / 61.  7.100
  libavdevice    61.  3.100 / 61.  3.100
  libavfilter    10.  4.100 / 10.  4.100
  libswscale      8.  3.100 /  8.  3.100
  libswresample   5.  3.100 /  5.  3.100
  libpostproc    58.  3.100 / 58.  3.100
Input #0, mov,mp4,m4a,3gp,3g2,mj2, from 'file:/Passport/Supun/Right (2025) Tamil WEB-DL-[CineSubz.co]-1080p.mp4':
  Metadata:
    major_brand     : isom
    minor_version   : 512
    compatible_brands: isomiso2avc1mp41
    encoder         : Lavf56.25.101
  Duration: 01:59:11.55, start: 0.000000, bitrate: 3306 kb/s
  Stream #0:0[0x1](eng): Video: h264 (High) (avc1 / 0x31637661), yuv420p(progressive), 1920x1080 [SAR 107:80 DAR 107:45], 2982 kb/s, 24 fps, 24 tbr, 12288 tbn (default)
      Metadata:
        handler_name    : VideoHandler
        vendor_id       : [0][0][0][0]
  Stream #0:1[0x2](eng): Audio: aac (LC) (mp4a / 0x6134706D), 48000 Hz, 5.1, fltp, 319 kb/s (default)
      Metadata:
        handler_name    : SoundHandler
        vendor_id       : [0][0][0][0]
Stream mapping:
  Stream #0:0 -> #0:0 (copy)
  Stream #0:1 -> #0:1 (copy)
[hls @ 0x7fff704c5500] Opening '/cache/transcodes/789a75f58b967738e11bac62f2dd2615-1.mp4' for writing
Output #0, hls, to '/cache/transcodes/789a75f58b967738e11bac62f2dd2615.m3u8':
  Metadata:
    encoder         : Lavf61.7.100
  Stream #0:0: Video: h264 (High) (avc1 / 0x31637661), yuv420p(progressive), 1920x1080 [SAR 107:80 DAR 107:45], q=2-31, 2982 kb/s, 24 fps, 24 tbr, 12288 tbn (default)
  Stream #0:1: Audio: aac (LC) (mp4a / 0x6134706D), 48000 Hz, 5.1, fltp, 319 kb/s (default)
Press [q] to stop, [?] for help
[hls @ 0x7fff704c5500] Opening '/cache/transcodes/789a75f58b967738e11bac62f2dd26150.mp4' for writing
[hls @ 0x7fff704c5500] Opening '/cache/transcodes/789a75f58b967738e11bac62f2dd26151.mp4' for writing
[hls @ 0x7fff704c5500] Opening '/cache/transcodes/789a75f58b967738e11bac62f2dd26152.mp4' for writing
[hls @ 0x7fff704c5500] Opening '/cache/transcodes/789a75f58b967738e11bac62f2dd26153.mp4' for writing
[hls @ 0x7fff704c5500] Opening '/cache/transcodes/789a75f58b967738e11bac62f2dd26154.mp4' for writing
[hls @ 0x7fff704c5500] Opening '/cache/transcodes/789a75f58b967738e11bac62f2dd26155.mp4' for writing
[hls @ 0x7fff704c5500] Opening '/cache/transcodes/789a75f58b967738e11bac62f2dd26156.mp4' for writing
[hls @ 0x7fff704c5500] Opening '/cache/transcodes/789a75f58b967738e11bac62f2dd26157.mp4' for writing
[hls @ 0x7fff704c5500] Opening '/cache/transcodes/789a75f58b967738e11bac62f2dd26158.mp4' for writing
[hls @ 0x7fff704c5500] Opening '/cache/transcodes/789a75f58b967738e11bac62f2dd26159.mp4' for writing
[hls @ 0x7fff704c5500] Opening '/cache/transcodes/789a75f58b967738e11bac62f2dd261510.mp4' for writing
[hls @ 0x7fff704c5500] Opening '/cache/transcodes/789a75f58b967738e11bac62f2dd261511.mp4' for writing
[hls @ 0x7fff704c5500] Opening '/cache/transcodes/789a75f58b967738e11bac62f2dd261512.mp4' for writing
[hls @ 0x7fff704c5500] Opening '/cache/transcodes/789a75f58b967738e11bac62f2dd261513.mp4' for writing
[hls @ 0x7fff704c5500] Opening '/cache/transcodes/789a75f58b967738e11bac62f2dd261514.mp4' for writing
[hls @ 0x7fff704c5500] Opening '/cache/transcodes/789a75f58b967738e11bac62f2dd261515.mp4' for writing
[hls @ 0x7fff704c5500] Opening '/cache/transcodes/789a75f58b967738e11bac62f2dd261516.mp4' for writing
[hls @ 0x7fff704c5500] Opening '/cache/transcodes/789a75f58b967738e11bac62f2dd261517.mp4' for writing
[hls @ 0x7fff704c5500] Opening '/cache/transcodes/789a75f58b967738e11bac62f2dd261518.mp4' for writing
[hls @ 0x7fff704c5500] Opening '/cache/transcodes/789a75f58b967738e11bac62f2dd261519.mp4' for writing
[hls @ 0x7fff704c5500] Opening '/cache/transcodes/789a75f58b967738e11bac62f2dd261520.mp4' for writing
[hls @ 0x7fff704c5500] Opening '/cache/transcodes/789a75f58b967738e11bac62f2dd261521.mp4' for writing
[hls @ 0x7fff704c5500] Opening '/cache/transcodes/789a75f58b967738e11bac62f2dd261522.mp4' for writing
[hls @ 0x7fff704c5500] Opening '/cache/transcodes/789a75f58b967738e11bac62f2dd261523.mp4' for writing
[hls @ 0x7fff704c5500] Opening '/cache/transcodes/789a75f58b967738e11bac62f2dd261524.mp4' for writing
[hls @ 0x7fff704c5500] Opening '/cache/transcodes/789a75f58b967738e11bac62f2dd261525.mp4' for writing
[hls @ 0x7fff704c5500] Opening '/cache/transcodes/789a75f58b967738e11bac62f2dd261526.mp4' for writing
[hls @ 0x7fff704c5500] Opening '/cache/transcodes/789a75f58b967738e11bac62f2dd261527.mp4' for writing
frame= 4123 fps=0.0 q=-1.0 size=N/A time=00:00:00.00 bitrate=N/A speed=   0x    
[hls @ 0x7fff704c5500] Opening '/cache/transcodes/789a75f58b967738e11bac62f2dd261528.mp4' for writing
[hls @ 0x7fff704c5500] Opening '/cache/transcodes/789a75f58b967738e11bac62f2dd261529.mp4' for writing
[hls @ 0x7fff704c5500] Opening '/cache/transcodes/789a75f58b967738e11bac62f2dd261530.mp4' for writing
[hls @ 0x7fff704c5500] Opening '/cache/transcodes/789a75f58b967738e11bac62f2dd261531.mp4' for writing
[hls @ 0x7fff704c5500] Opening '/cache/transcodes/789a75f58b967738e11bac62f2dd261532.mp4' for writing
[hls @ 0x7fff704c5500] Opening '/cache/transcodes/789a75f58b967738e11bac62f2dd261533.mp4' for writing
[hls @ 0x7fff704c5500] Opening '/cache/transcodes/789a75f58b967738e11bac62f2dd261534.mp4' for writing
[hls @ 0x7fff704c5500] Opening '/cache/transcodes/789a75f58b967738e11bac62f2dd261535.mp4' for writing
[hls @ 0x7fff704c5500] Opening '/cache/transcodes/789a75f58b967738e11bac62f2dd261536.mp4' for writing
[hls @ 0x7fff704c5500] Opening '/cache/transcodes/789a75f58b967738e11bac62f2dd261537.mp4' for writing
[hls @ 0x7fff704c5500] Opening '/cache/transcodes/789a75f58b967738e11bac62f2dd261538.mp4' for writing
[hls @ 0x7fff704c5500] Opening '/cache/transcodes/789a75f58b967738e11bac62f2dd261539.mp4' for writing
[hls @ 0x7fff704c5500] Opening '/cache/transcodes/789a75f58b967738e11bac62f2dd261540.mp4' for writing
[hls @ 0x7fff704c5500] Opening '/cache/transcodes/789a75f58b967738e11bac62f2dd261541.mp4' for writing
[hls @ 0x7fff704c5500] Opening '/cache/transcodes/789a75f58b967738e11bac62f2dd261542.mp4' for writing
[hls @ 0x7fff704c5500] Opening '/cache/transcodes/789a75f58b967738e11bac62f2dd261543.mp4' for writing
[hls @ 0x7fff704c5500] Opening '/cache/transcodes/789a75f58b967738e11bac62f2dd261544.mp4' for writing
[hls @ 0x7fff704c5500] Opening '/cache/transcodes/789a75f58b967738e11bac62f2dd261545.mp4' for writing
[hls @ 0x7fff704c5500] Opening '/cache/transcodes/789a75f58b967738e11bac62f2dd261546.mp4' for writing
[hls @ 0x7fff704c5500] Opening '/cache/transcodes/789a75f58b967738e11bac62f2dd261547.mp4' for writing
[hls @ 0x7fff704c5500] Opening '/cache/transcodes/789a75f58b967738e11bac62f2dd261548.mp4' for writing
[hls @ 0x7fff704c5500] Opening '/cache/transcodes/789a75f58b967738e11bac62f2dd261549.mp4' for writing
[hls @ 0x7fff704c5500] Opening '/cache/transcodes/789a75f58b967738e11bac62f2dd261550.mp4' for writing
[hls @ 0x7fff704c5500] Opening '/cache/transcodes/789a75f58b967738e11bac62f2dd261551.mp4' for writing
[hls @ 0x7fff704c5500] Opening '/cache/transcodes/789a75f58b967738e11bac62f2dd261552.mp4' for writing
[hls @ 0x7fff704c5500] Opening '/cache/transcodes/789a75f58b967738e11bac62f2dd261553.mp4' for writing
[hls @ 0x7fff704c5500] Opening '/cache/transcodes/789a75f58b967738e11bac62f2dd261554.mp4' for writing
[hls @ 0x7fff704c5500] Opening '/cache/transcodes/789a75f58b967738e11bac62f2dd261555.mp4' for writing
[hls @ 0x7fff704c5500] Opening '/cache/transcodes/789a75f58b967738e11bac62f2dd261556.mp4' for writing
[hls @ 0x7fff704c5500] Opening '/cache/transcodes/789a75f58b967738e11bac62f2dd261557.mp4' for writing
[hls @ 0x7fff704c5500] Opening '/cache/transcodes/789a75f58b967738e11bac62f2dd261558.mp4' for writing
[hls @ 0x7fff704c5500] Opening '/cache/transcodes/789a75f58b967738e11bac62f2dd261559.mp4' for writing
frame= 8788 fps=8779 q=-1.0 size=N/A time=00:03:14.38 bitrate=N/A speed= 194x    
[hls @ 0x7fff704c5500] Opening '/cache/transcodes/789a75f58b967738e11bac62f2dd261560.mp4' for writing
[hls @ 0x7fff704c5500] Opening '/cache/transcodes/789a75f58b967738e11bac62f2dd261561.mp4' for writing
[hls @ 0x7fff704c5500] Opening '/cache/transcodes/789a75f58b967738e11bac62f2dd261562.mp4' for writing
[hls @ 0x7fff704c5500] Opening '/cache/transcodes/789a75f58b967738e11bac62f2dd261563.mp4' for writing
[hls @ 0x7fff704c5500] Opening '/cache/transcodes/789a75f58b967738e11bac62f2dd261564.mp4' for writing
[hls @ 0x7fff704c5500] Opening '/cache/transcodes/789a75f58b967738e11bac62f2dd261565.mp4' for writing
[hls @ 0x7fff704c5500] Opening '/cache/transcodes/789a75f58b967738e11bac62f2dd261566.mp4' for writing
[hls @ 0x7fff704c5500] Opening '/cache/transcodes/789a75f58b967738e11bac62f2dd261567.mp4' for writing
[hls @ 0x7fff704c5500] Opening '/cache/transcodes/789a75f58b967738e11bac62f2dd261568.mp4' for writing
[hls @ 0x7fff704c5500] Opening '/cache/transcodes/789a75f58b967738e11bac62f2dd261569.mp4' for writing
[hls @ 0x7fff704c5500] Opening '/cache/transcodes/789a75f58b967738e11bac62f2dd261570.mp4' for writing
[hls @ 0x7fff704c5500] Opening '/cache/transcodes/789a75f58b967738e11bac62f2dd261571.mp4' for writing
[hls @ 0x7fff704c5500] Opening '/cache/transcodes/789a75f58b967738e11bac62f2dd261572.mp4' for writing
[hls @ 0x7fff704c5500] Opening '/cache/transcodes/789a75f58b967738e11bac62f2dd261573.mp4' for writing
[hls @ 0x7fff704c5500] Opening '/cache/transcodes/789a75f58b967738e11bac62f2dd261574.mp4' for writing
[hls @ 0x7fff704c5500] Opening '/cache/transcodes/789a75f58b967738e11bac62f2dd261575.mp4' for writing
[hls @ 0x7fff704c5500] Opening '/cache/transcodes/789a75f58b967738e11bac62f2dd261576.mp4' for writing
[hls @ 0x7fff704c5500] Opening '/cache/transcodes/789a75f58b967738e11bac62f2dd261577.mp4' for writing
[hls @ 0x7fff704c5500] Opening '/cache/transcodes/789a75f58b967738e11bac62f2dd261578.mp4' for writing
[hls @ 0x7fff704c5500] Opening '/cache/transcodes/789a75f58b967738e11bac62f2dd261579.mp4' for writing
[hls @ 0x7fff704c5500] Opening '/cache/transcodes/789a75f58b967738e11bac62f2dd261580.mp4' for writing
[hls @ 0x7fff704c5500] Opening '/cache/transcodes/789a75f58b967738e11bac62f2dd261581.mp4' for writing
[hls @ 0x7fff704c5500] Opening '/cache/transcodes/789a75f58b967738e11bac62f2dd261582.mp4' for writing
[hls @ 0x7fff704c5500] Opening '/cache/transcodes/789a75f58b967738e11bac62f2dd261583.mp4' for writing
[hls @ 0x7fff704c5500] Opening '/cache/transcodes/789a75f58b967738e11bac62f2dd261584.mp4' for writing
[hls @ 0x7fff704c5500] Opening '/cache/transcodes/789a75f58b967738e11bac62f2dd261585.mp4' for writing
[hls @ 0x7fff704c5500] Opening '/cache/transcodes/789a75f58b967738e11bac62f2dd261586.mp4' for writing
[hls @ 0x7fff704c5500] Opening '/cache/transcodes/789a75f58b967738e11bac62f2dd261587.mp4' for writing
[hls @ 0x7fff704c5500] Opening '/cache/transcodes/789a75f58b967738e11bac62f2dd261588.mp4' for writing
[hls @ 0x7fff704c5500] Opening '/cache/transcodes/789a75f58b967738e11bac62f2dd261589.mp4' for writing
[hls @ 0x7fff704c5500] Opening '/cache/transcodes/789a75f58b967738e11bac62f2dd261590.mp4' for writing
[hls @ 0x7fff704c5500] Opening '/cache/transcodes/789a75f58b967738e11bac62f2dd261591.mp4' for writing
[hls @ 0x7fff704c5500] Opening '/cache/transcodes/789a75f58b967738e11bac62f2dd261592.mp4' for writing
[hls @ 0x7fff704c5500] Opening '/cache/transcodes/789a75f58b967738e11bac62f2dd261593.mp4' for writing
[hls @ 0x7fff704c5500] Opening '/cache/transcodes/789a75f58b967738e11bac62f2dd261594.mp4' for writing
frame=13688 fps=9118 q=-1.0 size=N/A time=00:06:38.54 bitrate=N/A speed= 265x    
[hls @ 0x7fff704c5500] Opening '/cache/transcodes/789a75f58b967738e11bac62f2dd261595.mp4' for writing
[hls @ 0x7fff704c5500] Opening '/cache/transcodes/789a75f58b967738e11bac62f2dd261596.mp4' for writing
[hls @ 0x7fff704c5500] Opening '/cache/transcodes/789a75f58b967738e11bac62f2dd261597.mp4' for writing
[hls @ 0x7fff704c5500] Opening '/cache/transcodes/789a75f58b967738e11bac62f2dd261598.mp4' for writing
[hls @ 0x7fff704c5500] Opening '/cache/transcodes/789a75f58b967738e11bac62f2dd261599.mp4' for writing
[hls @ 0x7fff704c5500] Opening '/cache/transcodes/789a75f58b967738e11bac62f2dd2615100.mp4' for writing
[hls @ 0x7fff704c5500] Opening '/cache/transcodes/789a75f58b967738e11bac62f2dd2615101.mp4' for writing
[hls @ 0x7fff704c5500] Opening '/cache/transcodes/789a75f58b967738e11bac62f2dd2615102.mp4' for writing
[hls @ 0x7fff704c5500] Opening '/cache/transcodes/789a75f58b967738e11bac62f2dd2615103.mp4' for writing
[hls @ 0x7fff704c5500] Opening '/cache/transcodes/789a75f58b967738e11bac62f2dd2615104.mp4' for writing
[hls @ 0x7fff704c5500] Opening '/cache/transcodes/789a75f58b967738e11bac62f2dd2615105.mp4' for writing
[hls @ 0x7fff704c5500] Opening '/cache/transcodes/789a75f58b967738e11bac62f2dd2615106.mp4' for writing
[hls @ 0x7fff704c5500] Opening '/cache/transcodes/789a75f58b967738e11bac62f2dd2615107.mp4' for writing
[hls @ 0x7fff704c5500] Opening '/cache/transcodes/789a75f58b967738e11bac62f2dd2615108.mp4' for writing
[hls @ 0x7fff704c5500] Opening '/cache/transcodes/789a75f58b967738e11bac62f2dd2615109.mp4' for writing
[hls @ 0x7fff704c5500] Opening '/cache/transcodes/789a75f58b967738e11bac62f2dd2615110.mp4' for writing
[hls @ 0x7fff704c5500] Opening '/cache/transcodes/789a75f58b967738e11bac62f2dd2615111.mp4' for writing
[hls @ 0x7fff704c5500] Opening '/cache/transcodes/789a75f58b967738e11bac62f2dd2615112.mp4' for writing
[hls @ 0x7fff704c5500] Opening '/cache/transcodes/789a75f58b967738e11bac62f2dd2615113.mp4' for writing
[hls @ 0x7fff704c5500] Opening '/cache/transcodes/789a75f58b967738e11bac62f2dd2615114.mp4' for writing
[hls @ 0x7fff704c5500] Opening '/cache/transcodes/789a75f58b967738e11bac62f2dd2615115.mp4' for writing
[hls @ 0x7fff704c5500] Opening '/cache/transcodes/789a75f58b967738e11bac62f2dd2615116.mp4' for writing
[hls @ 0x7fff704c5500] Opening '/cache/transcodes/789a75f58b967738e11bac62f2dd2615117.mp4' for writing
[hls @ 0x7fff704c5500] Opening '/cache/transcodes/789a75f58b967738e11bac62f2dd2615118.mp4' for writing
[hls @ 0x7fff704c5500] Opening '/cache/transcodes/789a75f58b967738e11bac62f2dd2615119.mp4' for writing
[hls @ 0x7fff704c5500] Opening '/cache/transcodes/789a75f58b967738e11bac62f2dd2615120.mp4' for writing
[hls @ 0x7fff704c5500] Opening '/cache/transcodes/789a75f58b967738e11bac62f2dd2615121.mp4' for writing
[hls @ 0x7fff704c5500] Opening '/cache/transcodes/789a75f58b967738e11bac62f2dd2615122.mp4' for writing
[hls @ 0x7fff704c5500] Opening '/cache/transcodes/789a75f58b967738e11bac62f2dd2615123.mp4' for writing
[hls @ 0x7fff704c5500] Opening '/cache/transcodes/789a75f58b967738e11bac62f2dd2615124.mp4' for writing
[hls @ 0x7fff704c5500] Opening '/cache/transcodes/789a75f58b967738e11bac62f2dd2615125.mp4' for writing
[hls @ 0x7fff704c5500] Opening '/cache/transcodes/789a75f58b967738e11bac62f2dd2615126.mp4' for writing
[hls @ 0x7fff704c5500] Opening '/cache/transcodes/789a75f58b967738e11bac62f2dd2615127.mp4' for writing
[hls @ 0x7fff704c5500] Opening '/cache/transcodes/789a75f58b967738e11bac62f2dd2615128.mp4' for writing
[hls @ 0x7fff704c5500] Opening '/cache/transcodes/789a75f58b967738e11bac62f2dd2615129.mp4' for writing
[hls @ 0x7fff704c5500] Opening '/cache/transcodes/789a75f58b967738e11bac62f2dd2615130.mp4' for writing
[hls @ 0x7fff704c5500] Opening '/cache/transcodes/789a75f58b967738e11bac62f2dd2615131.mp4' for writing
[hls @ 0x7fff704c5500] Opening '/cache/transcodes/789a75f58b967738e11bac62f2dd2615132.mp4' for writing
[hls @ 0x7fff704c5500] Opening '/cache/transcodes/789a75f58b967738e11bac62f2dd2615133.mp4' for writing
[hls @ 0x7fff704c5500] Opening '/cache/transcodes/789a75f58b967738e11bac62f2dd2615134.mp4' for writing
[hls @ 0x7fff704c5500] Opening '/cache/transcodes/789a75f58b967738e11bac62f2dd2615135.mp4' for writing
[hls @ 0x7fff704c5500] Opening '/cache/transcodes/789a75f58b967738e11bac62f2dd2615136.mp4' for writing
[hls @ 0x7fff704c5500] Opening '/cache/transcodes/789a75f58b967738e11bac62f2dd2615137.mp4' for writing
[hls @ 0x7fff704c5500] Opening '/cache/transcodes/789a75f58b967738e11bac62f2dd2615138.mp4' for writing
[hls @ 0x7fff704c5500] Opening '/cache/transcodes/789a75f58b967738e11bac62f2dd2615139.mp4' for writing
frame=20243 fps=10115 q=-1.0 size=N/A time=00:11:11.59 bitrate=N/A speed= 336x    
[hls @ 0x7fff704c5500] Opening '/cache/transcodes/789a75f58b967738e11bac62f2dd2615140.mp4' for writing
[hls @ 0x7fff704c5500] Opening '/cache/transcodes/789a75f58b967738e11bac62f2dd2615141.mp4' for writing
[hls @ 0x7fff704c5500] Opening '/cache/transcodes/789a75f58b967738e11bac62f2dd2615142.mp4' for writing
[hls @ 0x7fff704c5500] Opening '/cache/transcodes/789a75f58b967738e11bac62f2dd2615143.mp4' for writing
[hls @ 0x7fff704c5500] Opening '/cache/transcodes/789a75f58b967738e11bac62f2dd2615144.mp4' for writing
[hls @ 0x7fff704c5500] Opening '/cache/transcodes/789a75f58b967738e11bac62f2dd2615145.mp4' for writing
[hls @ 0x7fff704c5500] Opening '/cache/transcodes/789a75f58b967738e11bac62f2dd2615146.mp4' for writing
[hls @ 0x7fff704c5500] Opening '/cache/transcodes/789a75f58b967738e11bac62f2dd2615147.mp4' for writing
[hls @ 0x7fff704c5500] Opening '/cache/transcodes/789a75f58b967738e11bac62f2dd2615148.mp4' for writing
[hls @ 0x7fff704c5500] Opening '/cache/transcodes/789a75f58b967738e11bac62f2dd2615149.mp4' for writing
[hls @ 0x7fff704c5500] Opening '/cache/transcodes/789a75f58b967738e11bac62f2dd2615150.mp4' for writing
[hls @ 0x7fff704c5500] Opening '/cache/transcodes/789a75f58b967738e11bac62f2dd2615151.mp4' for writing
[hls @ 0x7fff704c5500] Opening '/cache/transcodes/789a75f58b967738e11bac62f2dd2615152.mp4' for writing
[hls @ 0x7fff704c5500] Opening '/cache/transcodes/789a75f58b967738e11bac62f2dd2615153.mp4' for writing
[hls @ 0x7fff704c5500] Opening '/cache/transcodes/789a75f58b967738e11bac62f2dd2615154.mp4' for writing
[hls @ 0x7fff704c5500] Opening '/cache/transcodes/789a75f58b967738e11bac62f2dd2615155.mp4' for writing
[hls @ 0x7fff704c5500] Opening '/cache/transcodes/789a75f58b967738e11bac62f2dd2615156.mp4' for writing
[hls @ 0x7fff704c5500] Opening '/cache/transcodes/789a75f58b967738e11bac62f2dd2615157.mp4' for writing
[hls @ 0x7fff704c5500] Opening '/cache/transcodes/789a75f58b967738e11bac62f2dd2615158.mp4' for writing
[hls @ 0x7fff704c5500] Opening '/cache/transcodes/789a75f58b967738e11bac62f2dd2615159.mp4' for writing
[hls @ 0x7fff704c5500] Opening '/cache/transcodes/789a75f58b967738e11bac62f2dd2615160.mp4' for writing
[hls @ 0x7fff704c5500] Opening '/cache/transcodes/789a75f58b967738e11bac62f2dd2615161.mp4' for writing
[hls @ 0x7fff704c5500] Opening '/cache/transcodes/789a75f58b967738e11bac62f2dd2615162.mp4' for writing
[hls @ 0x7fff704c5500] Opening '/cache/transcodes/789a75f58b967738e11bac62f2dd2615163.mp4' for writing
[hls @ 0x7fff704c5500] Opening '/cache/transcodes/789a75f58b967738e11bac62f2dd2615164.mp4' for writing
[hls @ 0x7fff704c5500] Opening '/cache/transcodes/789a75f58b967738e11bac62f2dd2615165.mp4' for writing
[hls @ 0x7fff704c5500] Opening '/cache/transcodes/789a75f58b967738e11bac62f2dd2615166.mp4' for writing
[hls @ 0x7fff704c5500] Opening '/cache/transcodes/789a75f58b967738e11bac62f2dd2615167.mp4' for writing
[hls @ 0x7fff704c5500] Opening '/cache/transcodes/789a75f58b967738e11bac62f2dd2615168.mp4' for writing
[hls @ 0x7fff704c5500] Opening '/cache/transcodes/789a75f58b967738e11bac62f2dd2615169.mp4' for writing
[hls @ 0x7fff704c5500] Opening '/cache/transcodes/789a75f58b967738e11bac62f2dd2615170.mp4' for writing
[hls @ 0x7fff704c5500] Opening '/cache/transcodes/789a75f58b967738e11bac62f2dd2615171.mp4' for writing
[hls @ 0x7fff704c5500] Opening '/cache/transcodes/789a75f58b967738e11bac62f2dd2615172.mp4' for writing
[hls @ 0x7fff704c5500] Opening '/cache/transcodes/789a75f58b967738e11bac62f2dd2615173.mp4' for writing
[hls @ 0x7fff704c5500] Opening '/cache/transcodes/789a75f58b967738e11bac62f2dd2615174.mp4' for writing


[q] command received. Exiting.

[hls @ 0x7fff704c5500] Opening '/cache/transcodes/789a75f58b967738e11bac62f2dd2615175.mp4' for writing
[hls @ 0x7fff704c5500] Opening '/cache/transcodes/789a75f58b967738e11bac62f2dd2615176.mp4' for writing
[out#0/hls @ 0x7fff7099d4c0] video:391138KiB audio:41261KiB subtitle:0KiB other streams:0KiB global headers:0KiB muxing overhead: unknown
frame=25350 fps=10119 q=-1.0 Lsize=N/A time=00:14:44.35 bitrate=N/A speed= 353x    