{"Protocol":0,"Id":"75e8f5fd825824f3f176e8d54de8334c","Path":"/Passport/Supun/Right (2025) Tamil WEB-DL-[CineSubz.co]-1080p.mp4","EncoderPath":null,"EncoderProtocol":null,"Type":0,"Container":"mov,mp4,m4a,3gp,3g2,mj2","Size":2955912632,"Name":"Right (2025) Tamil WEB-DL-[CineSubz.co]-1080p","IsRemote":false,"ETag":"4c80f33be0937cc0253f99be898265b3","RunTimeTicks":71515520000,"ReadAtNativeFramerate":false,"IgnoreDts":false,"IgnoreIndex":false,"GenPtsInput":false,"SupportsTranscoding":true,"SupportsDirectStream":true,"SupportsDirectPlay":true,"IsInfiniteStream":false,"UseMostCompatibleTranscodingProfile":false,"RequiresOpening":false,"OpenToken":null,"RequiresClosing":false,"LiveStreamId":null,"BufferMs":null,"RequiresLooping":false,"SupportsProbing":true,"VideoType":0,"IsoType":null,"Video3DFormat":null,"MediaStreams":[{"Codec":"h264","CodecTag":"avc1","Language":"eng","ColorRange":null,"ColorSpace":null,"ColorTransfer":null,"ColorPrimaries":null,"DvVersionMajor":null,"DvVersionMinor":null,"DvProfile":null,"DvLevel":null,"RpuPresentFlag":null,"ElPresentFlag":null,"BlPresentFlag":null,"DvBlSignalCompatibilityId":null,"Rotation":null,"Comment":null,"TimeBase":"1/12288","CodecTimeBase":null,"Title":null,"Hdr10PlusPresentFlag":null,"VideoRange":1,"VideoRangeType":1,"VideoDoViTitle":null,"AudioSpatialFormat":0,"LocalizedUndefined":null,"LocalizedDefault":null,"LocalizedForced":null,"LocalizedExternal":null,"LocalizedHearingImpaired":null,"DisplayTitle":"1080p H264 SDR","NalLengthSize":"4","IsInterlaced":false,"IsAVC":true,"ChannelLayout":null,"BitRate":2982506,"BitDepth":8,"RefFrames":1,"PacketLength":null,"Channels":null,"SampleRate":null,"IsDefault":true,"IsForced":false,"IsHearingImpaired":false,"Height":1080,"Width":1920,"AverageFrameRate":24,"RealFrameRate":24,"ReferenceFrameRate":24,"Profile":"High","Type":1,"AspectRatio":"2.40:1","Index":0,"Score":null,"IsExternal":false,"DeliveryMethod":null,"DeliveryUrl":null,"IsExternalUrl":null,"IsTextSubtitleStream":false,"SupportsExternalStream":false,"Path":null,"PixelFormat":"yuv420p","Level":40,"IsAnamorphic":true},{"Codec":"aac","CodecTag":"mp4a","Language":"eng","ColorRange":null,"ColorSpace":null,"ColorTransfer":null,"ColorPrimaries":null,"DvVersionMajor":null,"DvVersionMinor":null,"DvProfile":null,"DvLevel":null,"RpuPresentFlag":null,"ElPresentFlag":null,"BlPresentFlag":null,"DvBlSignalCompatibilityId":null,"Rotation":null,"Comment":null,"TimeBase":"1/48000","CodecTimeBase":null,"Title":null,"Hdr10PlusPresentFlag":null,"VideoRange":0,"VideoRangeType":0,"VideoDoViTitle":null,"AudioSpatialFormat":0,"LocalizedUndefined":null,"LocalizedDefault":"Default","LocalizedForced":null,"LocalizedExternal":"External","LocalizedHearingImpaired":null,"DisplayTitle":"English - AAC - 5.1 - Default","NalLengthSize":null,"IsInterlaced":false,"IsAVC":false,"ChannelLayout":"5.1","BitRate":319999,"BitDepth":null,"RefFrames":null,"PacketLength":null,"Channels":6,"SampleRate":48000,"IsDefault":true,"IsForced":false,"IsHearingImpaired":false,"Height":null,"Width":null,"AverageFrameRate":null,"RealFrameRate":null,"ReferenceFrameRate":null,"Profile":"LC","Type":0,"AspectRatio":null,"Index":1,"Score":null,"IsExternal":false,"DeliveryMethod":null,"DeliveryUrl":null,"IsExternalUrl":null,"IsTextSubtitleStream":false,"SupportsExternalStream":false,"Path":null,"PixelFormat":null,"Level":0,"IsAnamorphic":null}],"MediaAttachments":[],"Formats":[],"Bitrate":3306597,"FallbackMaxStreamingBitrate":null,"Timestamp":null,"RequiredHttpHeaders":{},"TranscodingUrl":null,"TranscodingSubProtocol":0,"TranscodingContainer":null,"AnalyzeDurationMs":null,"DefaultAudioStreamIndex":null,"DefaultSubtitleStreamIndex":null,"HasSegments":false}

/usr/lib/jellyfin-ffmpeg/ffmpeg -analyzeduration 200M -probesize 1G -ss 00:41:00.500 -noaccurate_seek -fflags +genpts  -i file:"/Passport/Supun/Right (2025) Tamil WEB-DL-[CineSubz.co]-1080p.mp4" -map_metadata -1 -map_chapters -1 -threads 0 -map 0:0 -map 0:1 -map -0:s -codec:v:0 copy -bsf:v h264_mp4toannexb -start_at_zero -codec:a:0 copy -copyts -avoid_negative_ts disabled -max_muxing_queue_size 2048 -f hls -max_delay 5000000 -hls_time 6 -hls_segment_type fmp4 -hls_fmp4_init_filename "789a75f58b967738e11bac62f2dd2615-1.mp4" -start_number 410 -hls_segment_filename "/cache/transcodes/789a75f58b967738e11bac62f2dd2615%d.mp4" -hls_playlist_type vod -hls_list_size 0 -hls_segment_options movflags=+frag_discont -y "/cache/transcodes/789a75f58b967738e11bac62f2dd2615.m3u8"


ffmpeg version 7.1.3-Jellyfin Copyright (c) 2000-2025 the FFmpeg developers
  built with gcc 14 (Debian 14.2.0-19)
  configuration: --prefix=/usr/lib/jellyfin-ffmpeg --target-os=linux --extra-version=Jellyfin --disable-doc --disable-ffplay --disable-static --disable-libxcb --disable-sdl2 --disable-xlib --enable-lto=auto --enable-gpl --enable-version3 --enable-shared --enable-gmp --enable-gnutls --enable-chromaprint --enable-opencl --enable-libdrm --enable-libxml2 --enable-libass --enable-libfreetype --enable-libfribidi --enable-libfontconfig --enable-libharfbuzz --enable-libbluray --enable-libmp3lame --enable-libopus --enable-libtheora --enable-libvorbis --enable-libopenmpt --enable-libdav1d --enable-libsvtav1 --enable-libwebp --enable-libvpx --enable-libx264 --enable-libx265 --enable-libzvbi --enable-libzimg --enable-libfdk-aac --arch=arm64 --cross-prefix=/usr/bin/aarch64-linux-gnu- --toolchain=hardened --enable-cross-compile --enable-rkmpp --enable-rkrga --enable-ffnvcodec --enable-cuda --enable-cuda-llvm --enable-cuvid --enable-nvdec --enable-nvenc
  libavutil      59. 39.100 / 59. 39.100
  libavcodec     61. 19.101 / 61. 19.101
  libavformat    61.  7.100 / 61.  7.100
  libavdevice    61.  3.100 / 61.  3.100
  libavfilter    10.  4.100 / 10.  4.100
  libswscale      8.  3.100 /  8.  3.100
  libswresample   5.  3.100 /  5.  3.100
  libpostproc    58.  3.100 / 58.  3.100
Input #0, mov,mp4,m4a,3gp,3g2,mj2, from 'file:/Passport/Supun/Right (2025) Tamil WEB-DL-[CineSubz.co]-1080p.mp4':
  Metadata:
    major_brand     : isom
    minor_version   : 512
    compatible_brands: isomiso2avc1mp41
    encoder         : Lavf56.25.101
  Duration: 01:59:11.55, start: 0.000000, bitrate: 3306 kb/s
  Stream #0:0[0x1](eng): Video: h264 (High) (avc1 / 0x31637661), yuv420p(progressive), 1920x1080 [SAR 107:80 DAR 107:45], 2982 kb/s, 24 fps, 24 tbr, 12288 tbn (default)
      Metadata:
        handler_name    : VideoHandler
        vendor_id       : [0][0][0][0]
  Stream #0:1[0x2](eng): Audio: aac (LC) (mp4a / 0x6134706D), 48000 Hz, 5.1, fltp, 319 kb/s (default)
      Metadata:
        handler_name    : SoundHandler
        vendor_id       : [0][0][0][0]
Stream mapping:
  Stream #0:0 -> #0:0 (copy)
  Stream #0:1 -> #0:1 (copy)
[hls @ 0x7fff55ac5a00] Opening '/cache/transcodes/789a75f58b967738e11bac62f2dd2615-1.mp4' for writing
Output #0, hls, to '/cache/transcodes/789a75f58b967738e11bac62f2dd2615.m3u8':
  Metadata:
    encoder         : Lavf61.7.100
  Stream #0:0: Video: h264 (High) (avc1 / 0x31637661), yuv420p(progressive), 1920x1080 [SAR 107:80 DAR 107:45], q=2-31, 2982 kb/s, 24 fps, 24 tbr, 12288 tbn (default)
  Stream #0:1: Audio: aac (LC) (mp4a / 0x6134706D), 48000 Hz, 5.1, fltp, 319 kb/s (default)
Press [q] to stop, [?] for help
[hls @ 0x7fff55ac5a00] Opening '/cache/transcodes/789a75f58b967738e11bac62f2dd2615410.mp4' for writing
[hls @ 0x7fff55ac5a00] Opening '/cache/transcodes/789a75f58b967738e11bac62f2dd2615411.mp4' for writing
[hls @ 0x7fff55ac5a00] Opening '/cache/transcodes/789a75f58b967738e11bac62f2dd2615412.mp4' for writing
[hls @ 0x7fff55ac5a00] Opening '/cache/transcodes/789a75f58b967738e11bac62f2dd2615413.mp4' for writing
[hls @ 0x7fff55ac5a00] Opening '/cache/transcodes/789a75f58b967738e11bac62f2dd2615414.mp4' for writing
[hls @ 0x7fff55ac5a00] Opening '/cache/transcodes/789a75f58b967738e11bac62f2dd2615415.mp4' for writing
[hls @ 0x7fff55ac5a00] Opening '/cache/transcodes/789a75f58b967738e11bac62f2dd2615416.mp4' for writing
[hls @ 0x7fff55ac5a00] Opening '/cache/transcodes/789a75f58b967738e11bac62f2dd2615417.mp4' for writing
[hls @ 0x7fff55ac5a00] Opening '/cache/transcodes/789a75f58b967738e11bac62f2dd2615418.mp4' for writing
[hls @ 0x7fff55ac5a00] Opening '/cache/transcodes/789a75f58b967738e11bac62f2dd2615419.mp4' for writing
[hls @ 0x7fff55ac5a00] Opening '/cache/transcodes/789a75f58b967738e11bac62f2dd2615420.mp4' for writing
[hls @ 0x7fff55ac5a00] Opening '/cache/transcodes/789a75f58b967738e11bac62f2dd2615421.mp4' for writing
[hls @ 0x7fff55ac5a00] Opening '/cache/transcodes/789a75f58b967738e11bac62f2dd2615422.mp4' for writing
[hls @ 0x7fff55ac5a00] Opening '/cache/transcodes/789a75f58b967738e11bac62f2dd2615423.mp4' for writing
[hls @ 0x7fff55ac5a00] Opening '/cache/transcodes/789a75f58b967738e11bac62f2dd2615424.mp4' for writing
[hls @ 0x7fff55ac5a00] Opening '/cache/transcodes/789a75f58b967738e11bac62f2dd2615425.mp4' for writing
[hls @ 0x7fff55ac5a00] Opening '/cache/transcodes/789a75f58b967738e11bac62f2dd2615426.mp4' for writing
[hls @ 0x7fff55ac5a00] Opening '/cache/transcodes/789a75f58b967738e11bac62f2dd2615427.mp4' for writing
[hls @ 0x7fff55ac5a00] Opening '/cache/transcodes/789a75f58b967738e11bac62f2dd2615428.mp4' for writing
[hls @ 0x7fff55ac5a00] Opening '/cache/transcodes/789a75f58b967738e11bac62f2dd2615429.mp4' for writing
[hls @ 0x7fff55ac5a00] Opening '/cache/transcodes/789a75f58b967738e11bac62f2dd2615430.mp4' for writing
[hls @ 0x7fff55ac5a00] Opening '/cache/transcodes/789a75f58b967738e11bac62f2dd2615431.mp4' for writing
[hls @ 0x7fff55ac5a00] Opening '/cache/transcodes/789a75f58b967738e11bac62f2dd2615432.mp4' for writing
[hls @ 0x7fff55ac5a00] Opening '/cache/transcodes/789a75f58b967738e11bac62f2dd2615433.mp4' for writing
[hls @ 0x7fff55ac5a00] Opening '/cache/transcodes/789a75f58b967738e11bac62f2dd2615434.mp4' for writing
[hls @ 0x7fff55ac5a00] Opening '/cache/transcodes/789a75f58b967738e11bac62f2dd2615435.mp4' for writing
frame= 3748 fps=0.0 q=-1.0 size=N/A time=00:00:00.00 bitrate=N/A speed=   0x    
[hls @ 0x7fff55ac5a00] Opening '/cache/transcodes/789a75f58b967738e11bac62f2dd2615436.mp4' for writing
[hls @ 0x7fff55ac5a00] Opening '/cache/transcodes/789a75f58b967738e11bac62f2dd2615437.mp4' for writing
[hls @ 0x7fff55ac5a00] Opening '/cache/transcodes/789a75f58b967738e11bac62f2dd2615438.mp4' for writing
[hls @ 0x7fff55ac5a00] Opening '/cache/transcodes/789a75f58b967738e11bac62f2dd2615439.mp4' for writing
[hls @ 0x7fff55ac5a00] Opening '/cache/transcodes/789a75f58b967738e11bac62f2dd2615440.mp4' for writing
[hls @ 0x7fff55ac5a00] Opening '/cache/transcodes/789a75f58b967738e11bac62f2dd2615441.mp4' for writing
[hls @ 0x7fff55ac5a00] Opening '/cache/transcodes/789a75f58b967738e11bac62f2dd2615442.mp4' for writing
[hls @ 0x7fff55ac5a00] Opening '/cache/transcodes/789a75f58b967738e11bac62f2dd2615443.mp4' for writing
[hls @ 0x7fff55ac5a00] Opening '/cache/transcodes/789a75f58b967738e11bac62f2dd2615444.mp4' for writing
[hls @ 0x7fff55ac5a00] Opening '/cache/transcodes/789a75f58b967738e11bac62f2dd2615445.mp4' for writing
[hls @ 0x7fff55ac5a00] Opening '/cache/transcodes/789a75f58b967738e11bac62f2dd2615446.mp4' for writing
[hls @ 0x7fff55ac5a00] Opening '/cache/transcodes/789a75f58b967738e11bac62f2dd2615447.mp4' for writing
[hls @ 0x7fff55ac5a00] Opening '/cache/transcodes/789a75f58b967738e11bac62f2dd2615448.mp4' for writing
[hls @ 0x7fff55ac5a00] Opening '/cache/transcodes/789a75f58b967738e11bac62f2dd2615449.mp4' for writing
[hls @ 0x7fff55ac5a00] Opening '/cache/transcodes/789a75f58b967738e11bac62f2dd2615450.mp4' for writing
[hls @ 0x7fff55ac5a00] Opening '/cache/transcodes/789a75f58b967738e11bac62f2dd2615451.mp4' for writing
[hls @ 0x7fff55ac5a00] Opening '/cache/transcodes/789a75f58b967738e11bac62f2dd2615452.mp4' for writing
[hls @ 0x7fff55ac5a00] Opening '/cache/transcodes/789a75f58b967738e11bac62f2dd2615453.mp4' for writing
[hls @ 0x7fff55ac5a00] Opening '/cache/transcodes/789a75f58b967738e11bac62f2dd2615454.mp4' for writing
[hls @ 0x7fff55ac5a00] Opening '/cache/transcodes/789a75f58b967738e11bac62f2dd2615455.mp4' for writing
[hls @ 0x7fff55ac5a00] Opening '/cache/transcodes/789a75f58b967738e11bac62f2dd2615456.mp4' for writing
[hls @ 0x7fff55ac5a00] Opening '/cache/transcodes/789a75f58b967738e11bac62f2dd2615457.mp4' for writing
[hls @ 0x7fff55ac5a00] Opening '/cache/transcodes/789a75f58b967738e11bac62f2dd2615458.mp4' for writing
[hls @ 0x7fff55ac5a00] Opening '/cache/transcodes/789a75f58b967738e11bac62f2dd2615459.mp4' for writing
[hls @ 0x7fff55ac5a00] Opening '/cache/transcodes/789a75f58b967738e11bac62f2dd2615460.mp4' for writing
[hls @ 0x7fff55ac5a00] Opening '/cache/transcodes/789a75f58b967738e11bac62f2dd2615461.mp4' for writing
[hls @ 0x7fff55ac5a00] Opening '/cache/transcodes/789a75f58b967738e11bac62f2dd2615462.mp4' for writing
[hls @ 0x7fff55ac5a00] Opening '/cache/transcodes/789a75f58b967738e11bac62f2dd2615463.mp4' for writing
[hls @ 0x7fff55ac5a00] Opening '/cache/transcodes/789a75f58b967738e11bac62f2dd2615464.mp4' for writing
[hls @ 0x7fff55ac5a00] Opening '/cache/transcodes/789a75f58b967738e11bac62f2dd2615465.mp4' for writing
[hls @ 0x7fff55ac5a00] Opening '/cache/transcodes/789a75f58b967738e11bac62f2dd2615466.mp4' for writing
[hls @ 0x7fff55ac5a00] Opening '/cache/transcodes/789a75f58b967738e11bac62f2dd2615467.mp4' for writing
[hls @ 0x7fff55ac5a00] Opening '/cache/transcodes/789a75f58b967738e11bac62f2dd2615468.mp4' for writing
[hls @ 0x7fff55ac5a00] Opening '/cache/transcodes/789a75f58b967738e11bac62f2dd2615469.mp4' for writing
[hls @ 0x7fff55ac5a00] Opening '/cache/transcodes/789a75f58b967738e11bac62f2dd2615470.mp4' for writing
[hls @ 0x7fff55ac5a00] Opening '/cache/transcodes/789a75f58b967738e11bac62f2dd2615471.mp4' for writing
[hls @ 0x7fff55ac5a00] Opening '/cache/transcodes/789a75f58b967738e11bac62f2dd2615472.mp4' for writing
frame= 9190 fps=9181 q=-1.0 size=N/A time=00:03:46.65 bitrate=N/A speed= 226x    
[hls @ 0x7fff55ac5a00] Opening '/cache/transcodes/789a75f58b967738e11bac62f2dd2615473.mp4' for writing
[hls @ 0x7fff55ac5a00] Opening '/cache/transcodes/789a75f58b967738e11bac62f2dd2615474.mp4' for writing
[hls @ 0x7fff55ac5a00] Opening '/cache/transcodes/789a75f58b967738e11bac62f2dd2615475.mp4' for writing
[hls @ 0x7fff55ac5a00] Opening '/cache/transcodes/789a75f58b967738e11bac62f2dd2615476.mp4' for writing
[hls @ 0x7fff55ac5a00] Opening '/cache/transcodes/789a75f58b967738e11bac62f2dd2615477.mp4' for writing
[hls @ 0x7fff55ac5a00] Opening '/cache/transcodes/789a75f58b967738e11bac62f2dd2615478.mp4' for writing
[hls @ 0x7fff55ac5a00] Opening '/cache/transcodes/789a75f58b967738e11bac62f2dd2615479.mp4' for writing
[hls @ 0x7fff55ac5a00] Opening '/cache/transcodes/789a75f58b967738e11bac62f2dd2615480.mp4' for writing
[hls @ 0x7fff55ac5a00] Opening '/cache/transcodes/789a75f58b967738e11bac62f2dd2615481.mp4' for writing
[hls @ 0x7fff55ac5a00] Opening '/cache/transcodes/789a75f58b967738e11bac62f2dd2615482.mp4' for writing
[hls @ 0x7fff55ac5a00] Opening '/cache/transcodes/789a75f58b967738e11bac62f2dd2615483.mp4' for writing
[hls @ 0x7fff55ac5a00] Opening '/cache/transcodes/789a75f58b967738e11bac62f2dd2615484.mp4' for writing
[hls @ 0x7fff55ac5a00] Opening '/cache/transcodes/789a75f58b967738e11bac62f2dd2615485.mp4' for writing
[hls @ 0x7fff55ac5a00] Opening '/cache/transcodes/789a75f58b967738e11bac62f2dd2615486.mp4' for writing
[hls @ 0x7fff55ac5a00] Opening '/cache/transcodes/789a75f58b967738e11bac62f2dd2615487.mp4' for writing
[hls @ 0x7fff55ac5a00] Opening '/cache/transcodes/789a75f58b967738e11bac62f2dd2615488.mp4' for writing
[hls @ 0x7fff55ac5a00] Opening '/cache/transcodes/789a75f58b967738e11bac62f2dd2615489.mp4' for writing
[hls @ 0x7fff55ac5a00] Opening '/cache/transcodes/789a75f58b967738e11bac62f2dd2615490.mp4' for writing
[hls @ 0x7fff55ac5a00] Opening '/cache/transcodes/789a75f58b967738e11bac62f2dd2615491.mp4' for writing
[hls @ 0x7fff55ac5a00] Opening '/cache/transcodes/789a75f58b967738e11bac62f2dd2615492.mp4' for writing
[hls @ 0x7fff55ac5a00] Opening '/cache/transcodes/789a75f58b967738e11bac62f2dd2615493.mp4' for writing
[hls @ 0x7fff55ac5a00] Opening '/cache/transcodes/789a75f58b967738e11bac62f2dd2615494.mp4' for writing
[hls @ 0x7fff55ac5a00] Opening '/cache/transcodes/789a75f58b967738e11bac62f2dd2615495.mp4' for writing
[hls @ 0x7fff55ac5a00] Opening '/cache/transcodes/789a75f58b967738e11bac62f2dd2615496.mp4' for writing
[hls @ 0x7fff55ac5a00] Opening '/cache/transcodes/789a75f58b967738e11bac62f2dd2615497.mp4' for writing
[hls @ 0x7fff55ac5a00] Opening '/cache/transcodes/789a75f58b967738e11bac62f2dd2615498.mp4' for writing
[hls @ 0x7fff55ac5a00] Opening '/cache/transcodes/789a75f58b967738e11bac62f2dd2615499.mp4' for writing
[hls @ 0x7fff55ac5a00] Opening '/cache/transcodes/789a75f58b967738e11bac62f2dd2615500.mp4' for writing
[hls @ 0x7fff55ac5a00] Opening '/cache/transcodes/789a75f58b967738e11bac62f2dd2615501.mp4' for writing
[hls @ 0x7fff55ac5a00] Opening '/cache/transcodes/789a75f58b967738e11bac62f2dd2615502.mp4' for writing
[hls @ 0x7fff55ac5a00] Opening '/cache/transcodes/789a75f58b967738e11bac62f2dd2615503.mp4' for writing
[hls @ 0x7fff55ac5a00] Opening '/cache/transcodes/789a75f58b967738e11bac62f2dd2615504.mp4' for writing
[hls @ 0x7fff55ac5a00] Opening '/cache/transcodes/789a75f58b967738e11bac62f2dd2615505.mp4' for writing
[hls @ 0x7fff55ac5a00] Opening '/cache/transcodes/789a75f58b967738e11bac62f2dd2615506.mp4' for writing
[hls @ 0x7fff55ac5a00] Opening '/cache/transcodes/789a75f58b967738e11bac62f2dd2615507.mp4' for writing
[hls @ 0x7fff55ac5a00] Opening '/cache/transcodes/789a75f58b967738e11bac62f2dd2615508.mp4' for writing
[hls @ 0x7fff55ac5a00] Opening '/cache/transcodes/789a75f58b967738e11bac62f2dd2615509.mp4' for writing
[hls @ 0x7fff55ac5a00] Opening '/cache/transcodes/789a75f58b967738e11bac62f2dd2615510.mp4' for writing
[hls @ 0x7fff55ac5a00] Opening '/cache/transcodes/789a75f58b967738e11bac62f2dd2615511.mp4' for writing
[hls @ 0x7fff55ac5a00] Opening '/cache/transcodes/789a75f58b967738e11bac62f2dd2615512.mp4' for writing
[hls @ 0x7fff55ac5a00] Opening '/cache/transcodes/789a75f58b967738e11bac62f2dd2615513.mp4' for writing
[hls @ 0x7fff55ac5a00] Opening '/cache/transcodes/789a75f58b967738e11bac62f2dd2615514.mp4' for writing
[hls @ 0x7fff55ac5a00] Opening '/cache/transcodes/789a75f58b967738e11bac62f2dd2615515.mp4' for writing
[hls @ 0x7fff55ac5a00] Opening '/cache/transcodes/789a75f58b967738e11bac62f2dd2615516.mp4' for writing
[hls @ 0x7fff55ac5a00] Opening '/cache/transcodes/789a75f58b967738e11bac62f2dd2615517.mp4' for writing
frame=15699 fps=10458 q=-1.0 size=N/A time=00:08:17.96 bitrate=N/A speed= 332x    
[hls @ 0x7fff55ac5a00] Opening '/cache/transcodes/789a75f58b967738e11bac62f2dd2615518.mp4' for writing
[hls @ 0x7fff55ac5a00] Opening '/cache/transcodes/789a75f58b967738e11bac62f2dd2615519.mp4' for writing
[hls @ 0x7fff55ac5a00] Opening '/cache/transcodes/789a75f58b967738e11bac62f2dd2615520.mp4' for writing
[hls @ 0x7fff55ac5a00] Opening '/cache/transcodes/789a75f58b967738e11bac62f2dd2615521.mp4' for writing
[hls @ 0x7fff55ac5a00] Opening '/cache/transcodes/789a75f58b967738e11bac62f2dd2615522.mp4' for writing
[hls @ 0x7fff55ac5a00] Opening '/cache/transcodes/789a75f58b967738e11bac62f2dd2615523.mp4' for writing
[hls @ 0x7fff55ac5a00] Opening '/cache/transcodes/789a75f58b967738e11bac62f2dd2615524.mp4' for writing
[hls @ 0x7fff55ac5a00] Opening '/cache/transcodes/789a75f58b967738e11bac62f2dd2615525.mp4' for writing
[hls @ 0x7fff55ac5a00] Opening '/cache/transcodes/789a75f58b967738e11bac62f2dd2615526.mp4' for writing
[hls @ 0x7fff55ac5a00] Opening '/cache/transcodes/789a75f58b967738e11bac62f2dd2615527.mp4' for writing
[hls @ 0x7fff55ac5a00] Opening '/cache/transcodes/789a75f58b967738e11bac62f2dd2615528.mp4' for writing
[hls @ 0x7fff55ac5a00] Opening '/cache/transcodes/789a75f58b967738e11bac62f2dd2615529.mp4' for writing
[hls @ 0x7fff55ac5a00] Opening '/cache/transcodes/789a75f58b967738e11bac62f2dd2615530.mp4' for writing
[hls @ 0x7fff55ac5a00] Opening '/cache/transcodes/789a75f58b967738e11bac62f2dd2615531.mp4' for writing
[hls @ 0x7fff55ac5a00] Opening '/cache/transcodes/789a75f58b967738e11bac62f2dd2615532.mp4' for writing
[hls @ 0x7fff55ac5a00] Opening '/cache/transcodes/789a75f58b967738e11bac62f2dd2615533.mp4' for writing
[hls @ 0x7fff55ac5a00] Opening '/cache/transcodes/789a75f58b967738e11bac62f2dd2615534.mp4' for writing
[hls @ 0x7fff55ac5a00] Opening '/cache/transcodes/789a75f58b967738e11bac62f2dd2615535.mp4' for writing
[hls @ 0x7fff55ac5a00] Opening '/cache/transcodes/789a75f58b967738e11bac62f2dd2615536.mp4' for writing
[hls @ 0x7fff55ac5a00] Opening '/cache/transcodes/789a75f58b967738e11bac62f2dd2615537.mp4' for writing
[hls @ 0x7fff55ac5a00] Opening '/cache/transcodes/789a75f58b967738e11bac62f2dd2615538.mp4' for writing
[hls @ 0x7fff55ac5a00] Opening '/cache/transcodes/789a75f58b967738e11bac62f2dd2615539.mp4' for writing
[hls @ 0x7fff55ac5a00] Opening '/cache/transcodes/789a75f58b967738e11bac62f2dd2615540.mp4' for writing
[hls @ 0x7fff55ac5a00] Opening '/cache/transcodes/789a75f58b967738e11bac62f2dd2615541.mp4' for writing
[hls @ 0x7fff55ac5a00] Opening '/cache/transcodes/789a75f58b967738e11bac62f2dd2615542.mp4' for writing
[hls @ 0x7fff55ac5a00] Opening '/cache/transcodes/789a75f58b967738e11bac62f2dd2615543.mp4' for writing
[hls @ 0x7fff55ac5a00] Opening '/cache/transcodes/789a75f58b967738e11bac62f2dd2615544.mp4' for writing
[hls @ 0x7fff55ac5a00] Opening '/cache/transcodes/789a75f58b967738e11bac62f2dd2615545.mp4' for writing
[hls @ 0x7fff55ac5a00] Opening '/cache/transcodes/789a75f58b967738e11bac62f2dd2615546.mp4' for writing
[hls @ 0x7fff55ac5a00] Opening '/cache/transcodes/789a75f58b967738e11bac62f2dd2615547.mp4' for writing
frame=19880 fps=9933 q=-1.0 size=N/A time=00:11:12.17 bitrate=N/A speed= 336x    
[hls @ 0x7fff55ac5a00] Opening '/cache/transcodes/789a75f58b967738e11bac62f2dd2615548.mp4' for writing
[hls @ 0x7fff55ac5a00] Opening '/cache/transcodes/789a75f58b967738e11bac62f2dd2615549.mp4' for writing
[hls @ 0x7fff55ac5a00] Opening '/cache/transcodes/789a75f58b967738e11bac62f2dd2615550.mp4' for writing
[hls @ 0x7fff55ac5a00] Opening '/cache/transcodes/789a75f58b967738e11bac62f2dd2615551.mp4' for writing
[hls @ 0x7fff55ac5a00] Opening '/cache/transcodes/789a75f58b967738e11bac62f2dd2615552.mp4' for writing
[hls @ 0x7fff55ac5a00] Opening '/cache/transcodes/789a75f58b967738e11bac62f2dd2615553.mp4' for writing
[hls @ 0x7fff55ac5a00] Opening '/cache/transcodes/789a75f58b967738e11bac62f2dd2615554.mp4' for writing
[hls @ 0x7fff55ac5a00] Opening '/cache/transcodes/789a75f58b967738e11bac62f2dd2615555.mp4' for writing
[hls @ 0x7fff55ac5a00] Opening '/cache/transcodes/789a75f58b967738e11bac62f2dd2615556.mp4' for writing
[hls @ 0x7fff55ac5a00] Opening '/cache/transcodes/789a75f58b967738e11bac62f2dd2615557.mp4' for writing
[hls @ 0x7fff55ac5a00] Opening '/cache/transcodes/789a75f58b967738e11bac62f2dd2615558.mp4' for writing
[hls @ 0x7fff55ac5a00] Opening '/cache/transcodes/789a75f58b967738e11bac62f2dd2615559.mp4' for writing
[hls @ 0x7fff55ac5a00] Opening '/cache/transcodes/789a75f58b967738e11bac62f2dd2615560.mp4' for writing
[hls @ 0x7fff55ac5a00] Opening '/cache/transcodes/789a75f58b967738e11bac62f2dd2615561.mp4' for writing
[hls @ 0x7fff55ac5a00] Opening '/cache/transcodes/789a75f58b967738e11bac62f2dd2615562.mp4' for writing
[hls @ 0x7fff55ac5a00] Opening '/cache/transcodes/789a75f58b967738e11bac62f2dd2615563.mp4' for writing
[hls @ 0x7fff55ac5a00] Opening '/cache/transcodes/789a75f58b967738e11bac62f2dd2615564.mp4' for writing
[hls @ 0x7fff55ac5a00] Opening '/cache/transcodes/789a75f58b967738e11bac62f2dd2615565.mp4' for writing
[hls @ 0x7fff55ac5a00] Opening '/cache/transcodes/789a75f58b967738e11bac62f2dd2615566.mp4' for writing
[hls @ 0x7fff55ac5a00] Opening '/cache/transcodes/789a75f58b967738e11bac62f2dd2615567.mp4' for writing
[hls @ 0x7fff55ac5a00] Opening '/cache/transcodes/789a75f58b967738e11bac62f2dd2615568.mp4' for writing
[hls @ 0x7fff55ac5a00] Opening '/cache/transcodes/789a75f58b967738e11bac62f2dd2615569.mp4' for writing
[hls @ 0x7fff55ac5a00] Opening '/cache/transcodes/789a75f58b967738e11bac62f2dd2615570.mp4' for writing
[hls @ 0x7fff55ac5a00] Opening '/cache/transcodes/789a75f58b967738e11bac62f2dd2615571.mp4' for writing
[hls @ 0x7fff55ac5a00] Opening '/cache/transcodes/789a75f58b967738e11bac62f2dd2615572.mp4' for writing
[hls @ 0x7fff55ac5a00] Opening '/cache/transcodes/789a75f58b967738e11bac62f2dd2615573.mp4' for writing
[hls @ 0x7fff55ac5a00] Opening '/cache/transcodes/789a75f58b967738e11bac62f2dd2615574.mp4' for writing
[hls @ 0x7fff55ac5a00] Opening '/cache/transcodes/789a75f58b967738e11bac62f2dd2615575.mp4' for writing
[hls @ 0x7fff55ac5a00] Opening '/cache/transcodes/789a75f58b967738e11bac62f2dd2615576.mp4' for writing
[hls @ 0x7fff55ac5a00] Opening '/cache/transcodes/789a75f58b967738e11bac62f2dd2615577.mp4' for writing
[hls @ 0x7fff55ac5a00] Opening '/cache/transcodes/789a75f58b967738e11bac62f2dd2615578.mp4' for writing
[hls @ 0x7fff55ac5a00] Opening '/cache/transcodes/789a75f58b967738e11bac62f2dd2615579.mp4' for writing
[hls @ 0x7fff55ac5a00] Opening '/cache/transcodes/789a75f58b967738e11bac62f2dd2615580.mp4' for writing
[hls @ 0x7fff55ac5a00] Opening '/cache/transcodes/789a75f58b967738e11bac62f2dd2615581.mp4' for writing
[hls @ 0x7fff55ac5a00] Opening '/cache/transcodes/789a75f58b967738e11bac62f2dd2615582.mp4' for writing
[hls @ 0x7fff55ac5a00] Opening '/cache/transcodes/789a75f58b967738e11bac62f2dd2615583.mp4' for writing
[hls @ 0x7fff55ac5a00] Opening '/cache/transcodes/789a75f58b967738e11bac62f2dd2615584.mp4' for writing
[hls @ 0x7fff55ac5a00] Opening '/cache/transcodes/789a75f58b967738e11bac62f2dd2615585.mp4' for writing
[hls @ 0x7fff55ac5a00] Opening '/cache/transcodes/789a75f58b967738e11bac62f2dd2615586.mp4' for writing
[hls @ 0x7fff55ac5a00] Opening '/cache/transcodes/789a75f58b967738e11bac62f2dd2615587.mp4' for writing


[q] command received. Exiting.

[hls @ 0x7fff55ac5a00] Opening '/cache/transcodes/789a75f58b967738e11bac62f2dd2615588.mp4' for writing
[hls @ 0x7fff55ac5a00] Opening '/cache/transcodes/789a75f58b967738e11bac62f2dd2615589.mp4' for writing
[out#0/hls @ 0x7fff55f9d4c0] video:385280KiB audio:41960KiB subtitle:0KiB other streams:0KiB global headers:0KiB muxing overhead: unknown
frame=25780 fps=10165 q=-1.0 Lsize=N/A time=00:15:17.90 bitrate=N/A speed= 362x    