[2025-12-19 08:28:20.156 +00:00] [INF] [9] Emby.Server.Implementations.ScheduledTasks.TaskManager: "Extract Chapter Images" Completed after 0 minute(s) and 0 seconds
[2025-12-19 08:28:21.033 +00:00] [INF] [13] Emby.Server.Implementations.ScheduledTasks.TaskManager: Daily trigger for "Extract Chapter Images" set to fire at 2025-12-20 02:00:00.000 +00:00, which is 17:31:38.9666773 from now.
[2025-12-19 09:28:20.281 +00:00] [INF] [21] Jellyfin.Server.Implementations.Trickplay.TrickplayManager: Creating trickplay files at 320 width, for "/Passport/Supun/Jatadhara (2025) Telugu WEB-DL-[CineSubz.co]-1080p.mp4" [ID: 9c5e2f69-a311-34a9-7ce8-4e241f66a477]
[2025-12-19 09:28:20.296 +00:00] [INF] [21] MediaBrowser.MediaEncoding.Encoder.MediaEncoder: Trickplay generation: "/usr/lib/jellyfin-ffmpeg/ffmpeg -loglevel error -threads 1 -i file:\"/Passport/Supun/Jatadhara (2025) Telugu WEB-DL-[CineSubz.co]-1080p.mp4\" -an -sn -vf \"fps=0.10000000149011612,setparams=color_primaries=bt709:color_trc=bt709:colorspace=bt709,scale=trunc(min(max(iw\,ih*(a*sar))\,320)/2)*2:trunc(ow/(a*sar)/2)*2,format=yuv420p\" -threads 1 -c:v mjpeg -qscale:v 4 -fps_mode passthrough -f image2 \"/tmp/jellyfin/651748f3fc4c47e88e20c160b82d83cc/%08d.jpg\""
[2025-12-19 09:28:21.022 +00:00] [INF] [21] Emby.Server.Implementations.ScheduledTasks.TaskManager: Daily trigger for "Generate Trickplay Images" set to fire at 2025-12-20 03:00:00.000 +00:00, which is 17:31:38.9770704 from now.
[2025-12-19 09:30:45.745 +00:00] [INF] [29] Emby.Server.Implementations.HttpServer.WebSocketManager: WS "192.168.1.146" request
[2025-12-19 09:30:52.784 +00:00] [INF] [28] Jellyfin.Api.Helpers.MediaInfoHelper: User policy for "stoXmod". EnablePlaybackRemuxing: True EnableVideoPlaybackTranscoding: True EnableAudioPlaybackTranscoding: True
[2025-12-19 09:30:53.327 +00:00] [INF] [28] Jellyfin.Api.Controllers.DynamicHlsController: Current HLS implementation doesn't support non-keyframe breaks but one is requested, ignoring that request
[2025-12-19 09:30:53.341 +00:00] [INF] [28] MediaBrowser.MediaEncoding.Transcoding.TranscodeManager: "/usr/lib/jellyfin-ffmpeg/ffmpeg" "-analyzeduration 200M -probesize 1G -fflags +genpts -f mov,mp4,m4a,3gp,3g2,mj2  -i file:\"/Passport/Supun/Right (2025) Tamil WEB-DL-[CineSubz.co]-1080p.mp4\" -map_metadata -1 -map_chapters -1 -threads 0 -map 0:0 -map 0:1 -map -0:s -codec:v:0 copy -bsf:v h264_mp4toannexb -start_at_zero -codec:a:0 copy -copyts -avoid_negative_ts disabled -max_muxing_queue_size 2048 -f hls -max_delay 5000000 -hls_time 6 -hls_segment_type fmp4 -hls_fmp4_init_filename \"a876ea27005e671322d3490db6d26869-1.mp4\" -start_number 0 -hls_segment_filename \"/cache/transcodes/a876ea27005e671322d3490db6d26869%d.mp4\" -hls_playlist_type vod -hls_list_size 0 -hls_segment_options movflags=+frag_discont -y \"/cache/transcodes/a876ea27005e671322d3490db6d26869.m3u8\""
[2025-12-19 09:30:55.979 +00:00] [INF] [29] MediaBrowser.Controller.MediaEncoding.TranscodingJob: Stopping ffmpeg process with q command for "/cache/transcodes/a876ea27005e671322d3490db6d26869.m3u8"
[2025-12-19 09:30:56.506 +00:00] [INF] [29] MediaBrowser.MediaEncoding.Transcoding.TranscodeManager: FFmpeg exited with code 0
[2025-12-19 09:30:56.529 +00:00] [INF] [29] Jellyfin.Api.Controllers.DynamicHlsController: Current HLS implementation doesn't support non-keyframe breaks but one is requested, ignoring that request
[2025-12-19 09:30:56.530 +00:00] [INF] [29] MediaBrowser.MediaEncoding.Transcoding.TranscodeManager: "/usr/lib/jellyfin-ffmpeg/ffmpeg" "-analyzeduration 200M -probesize 1G -ss 00:40:12.500 -noaccurate_seek -fflags +genpts -f mov,mp4,m4a,3gp,3g2,mj2  -i file:\"/Passport/Supun/Right (2025) Tamil WEB-DL-[CineSubz.co]-1080p.mp4\" -map_metadata -1 -map_chapters -1 -threads 0 -map 0:0 -map 0:1 -map -0:s -codec:v:0 copy -bsf:v h264_mp4toannexb -start_at_zero -codec:a:0 copy -copyts -avoid_negative_ts disabled -max_muxing_queue_size 2048 -f hls -max_delay 5000000 -hls_time 6 -hls_segment_type fmp4 -hls_fmp4_init_filename \"a876ea27005e671322d3490db6d26869-1.mp4\" -start_number 402 -hls_segment_filename \"/cache/transcodes/a876ea27005e671322d3490db6d26869%d.mp4\" -hls_playlist_type vod -hls_list_size 0 -hls_segment_options movflags=+frag_discont -y \"/cache/transcodes/a876ea27005e671322d3490db6d26869.m3u8\""
[2025-12-19 09:30:59.596 +00:00] [INF] [22] MediaBrowser.Controller.MediaEncoding.TranscodingJob: Stopping ffmpeg process with q command for "/cache/transcodes/a876ea27005e671322d3490db6d26869.m3u8"
[2025-12-19 09:30:59.628 +00:00] [INF] [22] MediaBrowser.MediaEncoding.Transcoding.TranscodeManager: FFmpeg exited with code 0
[2025-12-19 09:30:59.636 +00:00] [INF] [22] Jellyfin.Api.Controllers.DynamicHlsController: Current HLS implementation doesn't support non-keyframe breaks but one is requested, ignoring that request
[2025-12-19 09:30:59.637 +00:00] [INF] [22] MediaBrowser.MediaEncoding.Transcoding.TranscodeManager: "/usr/lib/jellyfin-ffmpeg/ffmpeg" "-analyzeduration 200M -probesize 1G -ss 01:22:48.500 -noaccurate_seek -fflags +genpts -f mov,mp4,m4a,3gp,3g2,mj2  -i file:\"/Passport/Supun/Right (2025) Tamil WEB-DL-[CineSubz.co]-1080p.mp4\" -map_metadata -1 -map_chapters -1 -threads 0 -map 0:0 -map 0:1 -map -0:s -codec:v:0 copy -bsf:v h264_mp4toannexb -start_at_zero -codec:a:0 copy -copyts -avoid_negative_ts disabled -max_muxing_queue_size 2048 -f hls -max_delay 5000000 -hls_time 6 -hls_segment_type fmp4 -hls_fmp4_init_filename \"a876ea27005e671322d3490db6d26869-1.mp4\" -start_number 828 -hls_segment_filename \"/cache/transcodes/a876ea27005e671322d3490db6d26869%d.mp4\" -hls_playlist_type vod -hls_list_size 0 -hls_segment_options movflags=+frag_discont -y \"/cache/transcodes/a876ea27005e671322d3490db6d26869.m3u8\""
[2025-12-19 09:31:02.810 +00:00] [INF] [29] MediaBrowser.Controller.MediaEncoding.TranscodingJob: Stopping ffmpeg process with q command for "/cache/transcodes/a876ea27005e671322d3490db6d26869.m3u8"
[2025-12-19 09:31:03.305 +00:00] [INF] [7] MediaBrowser.MediaEncoding.Transcoding.TranscodeManager: FFmpeg exited with code 0
[2025-12-19 09:31:03.307 +00:00] [INF] [29] MediaBrowser.MediaEncoding.Transcoding.TranscodeManager: Deleting partial stream file(s) "/cache/transcodes/a876ea27005e671322d3490db6d26869.m3u8"
[2025-12-19 09:31:04.920 +00:00] [INF] [29] Emby.Server.Implementations.Session.SessionManager: Playback stopped reported by app "Jellyfin iOS" "1.7.0" playing "Right". Stopped at "4973664" ms
[2025-12-19 09:31:05.220 +00:00] [WRN] [27] Emby.Server.Implementations.HttpServer.WebSocketConnection: WS "192.168.1.146" error receiving data: "The remote party closed the WebSocket connection without completing the close handshake."
[2025-12-19 09:31:05.229 +00:00] [INF] [27] Emby.Server.Implementations.HttpServer.WebSocketManager: WS "192.168.1.146" closed
[2025-12-19 09:31:07.220 +00:00] [INF] [28] Emby.Server.Implementations.HttpServer.WebSocketManager: WS "192.168.1.146" request
[2025-12-19 09:31:11.413 +00:00] [WRN] [28] Emby.Server.Implementations.HttpServer.WebSocketConnection: WS "192.168.1.146" error receiving data: "The remote party closed the WebSocket connection without completing the close handshake."
[2025-12-19 09:31:11.416 +00:00] [INF] [28] Emby.Server.Implementations.HttpServer.WebSocketManager: WS "192.168.1.146" closed
[2025-12-19 09:44:23.030 +00:00] [INF] [37] Emby.Server.Implementations.HttpServer.WebSocketManager: WS "192.168.1.146" request
[2025-12-19 09:44:26.732 +00:00] [WRN] [36] Emby.Server.Implementations.HttpServer.WebSocketConnection: WS "192.168.1.146" error receiving data: "The remote party closed the WebSocket connection without completing the close handshake."
[2025-12-19 09:44:26.736 +00:00] [INF] [36] Emby.Server.Implementations.HttpServer.WebSocketManager: WS "192.168.1.146" closed
[2025-12-19 09:54:34.911 +00:00] [ERR] [31] Jellyfin.Server.Implementations.Trickplay.TrickplayManager: Error creating trickplay images.
System.IO.IOException: Read-only file system : '/Passport/Supun/Jatadhara (2025) Telugu WEB-DL-[CineSubz.co]-1080p.trickplay'
   at System.IO.FileSystem.CreateDirectory(String fullPath, UnixFileMode unixCreateMode)
   at System.IO.Directory.CreateDirectory(String path)
   at Jellyfin.Server.Implementations.Trickplay.TrickplayManager.CreateTiles(IReadOnlyList`1 images, Int32 width, TrickplayOptions options, String outputDir)
   at Jellyfin.Server.Implementations.Trickplay.TrickplayManager.RefreshTrickplayDataInternal(Video video, Boolean replace, Int32 width, TrickplayOptions options, Boolean saveWithMedia, CancellationToken cancellationToken)
[2025-12-19 09:54:34.939 +00:00] [INF] [31] Jellyfin.Server.Implementations.Trickplay.TrickplayManager: Creating trickplay files at 320 width, for "/Passport/Supun/Right (2025) Tamil WEB-DL-[CineSubz.co]-1080p.mp4" [ID: 75e8f5fd-8258-24f3-f176-e8d54de8334c]
[2025-12-19 09:54:34.939 +00:00] [INF] [31] MediaBrowser.MediaEncoding.Encoder.MediaEncoder: Trickplay generation: "/usr/lib/jellyfin-ffmpeg/ffmpeg -loglevel error -threads 1 -i file:\"/Passport/Supun/Right (2025) Tamil WEB-DL-[CineSubz.co]-1080p.mp4\" -an -sn -vf \"fps=0.10000000149011612,setparams=color_primaries=bt709:color_trc=bt709:colorspace=bt709,scale=trunc(min(max(iw\,ih*(a*sar))\,320)/2)*2:trunc(ow/(a*sar)/2)*2,format=yuv420p\" -threads 1 -c:v mjpeg -qscale:v 4 -fps_mode passthrough -f image2 \"/tmp/jellyfin/11c80c8a660f44a48746fa9810132a05/%08d.jpg\""
[2025-12-19 10:09:37.601 +00:00] [INF] [26] Emby.Server.Implementations.ScheduledTasks.Tasks.OptimizeDatabaseTask: Optimizing and vacuuming jellyfin.db...
[2025-12-19 10:09:37.665 +00:00] [INF] [26] Jellyfin.Database.Providers.Sqlite.SqliteDatabaseProvider: jellyfin.db optimized successfully!
[2025-12-19 10:09:37.665 +00:00] [INF] [26] Emby.Server.Implementations.ScheduledTasks.TaskManager: "Optimize database" Completed after 0 minute(s) and 0 seconds
[2025-12-19 10:18:56.080 +00:00] [ERR] [9] Jellyfin.Server.Implementations.Trickplay.TrickplayManager: Error creating trickplay images.
System.IO.IOException: Read-only file system : '/Passport/Supun/Right (2025) Tamil WEB-DL-[CineSubz.co]-1080p.trickplay'
   at System.IO.FileSystem.CreateDirectory(String fullPath, UnixFileMode unixCreateMode)
   at System.IO.Directory.CreateDirectory(String path)
   at Jellyfin.Server.Implementations.Trickplay.TrickplayManager.CreateTiles(IReadOnlyList`1 images, Int32 width, TrickplayOptions options, String outputDir)
   at Jellyfin.Server.Implementations.Trickplay.TrickplayManager.RefreshTrickplayDataInternal(Video video, Boolean replace, Int32 width, TrickplayOptions options, Boolean saveWithMedia, CancellationToken cancellationToken)
[2025-12-19 10:18:56.104 +00:00] [INF] [9] Jellyfin.Server.Implementations.Trickplay.TrickplayManager: Creating trickplay files at 320 width, for "/Passport/Supun/Tron Ares (2025) English WEBRip-[CineSubz.co]-1080p.mp4" [ID: 6b89fc92-7f36-dbdc-d331-e35809ca39be]
[2025-12-19 10:18:56.105 +00:00] [INF] [9] MediaBrowser.MediaEncoding.Encoder.MediaEncoder: Trickplay generation: "/usr/lib/jellyfin-ffmpeg/ffmpeg -loglevel error -threads 1 -i file:\"/Passport/Supun/Tron Ares (2025) English WEBRip-[CineSubz.co]-1080p.mp4\" -an -sn -vf \"fps=0.10000000149011612,setparams=color_primaries=bt709:color_trc=bt709:colorspace=bt709,scale=trunc(min(max(iw\,ih*(a*sar))\,320)/2)*2:trunc(ow/(a*sar)/2)*2,format=yuv420p\" -threads 1 -c:v mjpeg -qscale:v 4 -fps_mode passthrough -f image2 \"/tmp/jellyfin/c3a8b77dc29341e4ac651ec530b53f7c/%08d.jpg\""
[2025-12-19 10:44:11.627 +00:00] [ERR] [10] Jellyfin.Server.Implementations.Trickplay.TrickplayManager: Error creating trickplay images.
System.IO.IOException: Read-only file system : '/Passport/Supun/Tron Ares (2025) English WEBRip-[CineSubz.co]-1080p.trickplay'
   at System.IO.FileSystem.CreateDirectory(String fullPath, UnixFileMode unixCreateMode)
   at System.IO.Directory.CreateDirectory(String path)
   at Jellyfin.Server.Implementations.Trickplay.TrickplayManager.CreateTiles(IReadOnlyList`1 images, Int32 width, TrickplayOptions options, String outputDir)
   at Jellyfin.Server.Implementations.Trickplay.TrickplayManager.RefreshTrickplayDataInternal(Video video, Boolean replace, Int32 width, TrickplayOptions options, Boolean saveWithMedia, CancellationToken cancellationToken)
[2025-12-19 10:44:11.653 +00:00] [INF] [10] Emby.Server.Implementations.ScheduledTasks.TaskManager: "Generate Trickplay Images" Completed after 75 minute(s) and 51 seconds
[2025-12-19 13:26:36.662 +00:00] [ERR] [20] Microsoft.EntityFrameworkCore.Database.Command: Failed executing DbCommand ("2"ms) [Parameters=["@p10='?' (DbType = Int32), @p0='?' (Size = 32), @p1='?' (Size = 12), @p2='?' (Size = 7), @p3='?' (DbType = DateTime), @p4='?' (DbType = DateTime), @p5='?' (DbType = DateTime), @p6='?' (Size = 176), @p7='?' (Size = 6), @p8='?' (DbType = Boolean), @p9='?' (DbType = Guid)"], CommandType='Text', CommandTimeout='30']"
""UPDATE \"Devices\" SET \"AccessToken\" = @p0, \"AppName\" = @p1, \"AppVersion\" = @p2, \"DateCreated\" = @p3, \"DateLastActivity\" = @p4, \"DateModified\" = @p5, \"DeviceId\" = @p6, \"DeviceName\" = @p7, \"IsActive\" = @p8, \"UserId\" = @p9
WHERE \"Id\" = @p10;
SELECT changes();"
[2025-12-19 13:26:36.678 +00:00] [ERR] [20] Microsoft.EntityFrameworkCore.Update: An exception occurred in the database while saving changes for context type '"Jellyfin.Database.Implementations.JellyfinDbContext"'."
""Microsoft.EntityFrameworkCore.DbUpdateException: An error occurred while saving the entity changes. See the inner exception for details.
 ---> Microsoft.Data.Sqlite.SqliteException (0x80004005): SQLite Error 10: 'disk I/O error'.
   at Microsoft.Data.Sqlite.SqliteCommand.PrepareAndEnumerateStatements()+MoveNext()
   at Microsoft.Data.Sqlite.SqliteCommand.GetStatements()+MoveNext()
   at Microsoft.Data.Sqlite.SqliteDataReader.NextResult()
   at Microsoft.Data.Sqlite.SqliteCommand.ExecuteReader(CommandBehavior behavior)
   at Microsoft.Data.Sqlite.SqliteCommand.ExecuteReaderAsync(CommandBehavior behavior, CancellationToken cancellationToken)
   at Microsoft.Data.Sqlite.SqliteCommand.ExecuteDbDataReaderAsync(CommandBehavior behavior, CancellationToken cancellationToken)
   at Microsoft.EntityFrameworkCore.Storage.RelationalCommand.ExecuteReaderAsync(RelationalCommandParameterObject parameterObject, CancellationToken cancellationToken)
   at Microsoft.EntityFrameworkCore.Storage.RelationalCommand.ExecuteReaderAsync(RelationalCommandParameterObject parameterObject, CancellationToken cancellationToken)
   at Microsoft.EntityFrameworkCore.Update.ReaderModificationCommandBatch.ExecuteAsync(IRelationalConnection connection, CancellationToken cancellationToken)
   --- End of inner exception stack trace ---
   at Microsoft.EntityFrameworkCore.Update.ReaderModificationCommandBatch.ExecuteAsync(IRelationalConnection connection, CancellationToken cancellationToken)
   at Microsoft.EntityFrameworkCore.Update.Internal.BatchExecutor.ExecuteAsync(IEnumerable`1 commandBatches, IRelationalConnection connection, CancellationToken cancellationToken)
   at Microsoft.EntityFrameworkCore.Update.Internal.BatchExecutor.ExecuteAsync(IEnumerable`1 commandBatches, IRelationalConnection connection, CancellationToken cancellationToken)
   at Microsoft.EntityFrameworkCore.Update.Internal.BatchExecutor.ExecuteAsync(IEnumerable`1 commandBatches, IRelationalConnection connection, CancellationToken cancellationToken)
   at Microsoft.EntityFrameworkCore.Storage.RelationalDatabase.SaveChangesAsync(IList`1 entries, CancellationToken cancellationToken)
   at Microsoft.EntityFrameworkCore.ChangeTracking.Internal.StateManager.SaveChangesAsync(IList`1 entriesToSave, CancellationToken cancellationToken)
   at Microsoft.EntityFrameworkCore.ChangeTracking.Internal.StateManager.SaveChangesAsync(StateManager stateManager, Boolean acceptAllChangesOnSuccess, CancellationToken cancellationToken)
   at Microsoft.EntityFrameworkCore.DbContext.SaveChangesAsync(Boolean acceptAllChangesOnSuccess, CancellationToken cancellationToken)"
Microsoft.EntityFrameworkCore.DbUpdateException: An error occurred while saving the entity changes. See the inner exception for details.
 ---> Microsoft.Data.Sqlite.SqliteException (0x80004005): SQLite Error 10: 'disk I/O error'.
   at Microsoft.Data.Sqlite.SqliteCommand.PrepareAndEnumerateStatements()+MoveNext()
   at Microsoft.Data.Sqlite.SqliteCommand.GetStatements()+MoveNext()
   at Microsoft.Data.Sqlite.SqliteDataReader.NextResult()
   at Microsoft.Data.Sqlite.SqliteCommand.ExecuteReader(CommandBehavior behavior)
   at Microsoft.Data.Sqlite.SqliteCommand.ExecuteReaderAsync(CommandBehavior behavior, CancellationToken cancellationToken)
   at Microsoft.Data.Sqlite.SqliteCommand.ExecuteDbDataReaderAsync(CommandBehavior behavior, CancellationToken cancellationToken)
   at Microsoft.EntityFrameworkCore.Storage.RelationalCommand.ExecuteReaderAsync(RelationalCommandParameterObject parameterObject, CancellationToken cancellationToken)
   at Microsoft.EntityFrameworkCore.Storage.RelationalCommand.ExecuteReaderAsync(RelationalCommandParameterObject parameterObject, CancellationToken cancellationToken)
   at Microsoft.EntityFrameworkCore.Update.ReaderModificationCommandBatch.ExecuteAsync(IRelationalConnection connection, CancellationToken [2025-12-19 14:09:21.640 +00:00] [ERR] [25] Jellyfin.Database.Implementations.JellyfinDbContext: Error trying to save changes.
Microsoft.EntityFrameworkCore.DbUpdateConcurrencyException: The database operation was expected to affect 1 row(s), but actually affected 0 row(s); data may have been modified or deleted since entities were loaded. See https://go.microsoft.com/fwlink/?LinkId=527962 for information on understanding and handling optimistic concurrency exceptions.
   at Microsoft.EntityFrameworkCore.Update.AffectedCountModificationCommandBatch.ThrowAggregateUpdateConcurrencyExceptionAsync(RelationalDataReader reader, Int32 commandIndex, Int32 expectedRowsAffected, Int32 rowsAffected, CancellationToken cancellationToken)
   at Microsoft.EntityFrameworkCore.Update.AffectedCountModificationCommandBatch.ConsumeResultSetWithRowsAffectedOnlyAsync(Int32 commandIndex, RelationalDataReader reader, CancellationToken cancellationToken)
   at Microsoft.EntityFrameworkCore.Update.AffectedCountModificationCommandBatch.ConsumeAsync(RelationalDataReader reader, CancellationToken cancellationToken)
   at Microsoft.EntityFrameworkCore.Update.ReaderModificationCommandBatch.ExecuteAsync(IRelationalConnection connection, CancellationToken cancellationToken)
   at Microsoft.EntityFrameworkCore.Update.ReaderModificationCommandBatch.ExecuteAsync(IRelationalConnection connection, CancellationToken cancellationToken)
   at Microsoft.EntityFrameworkCore.Update.Internal.BatchExecutor.ExecuteAsync(IEnumerable`1 commandBatches, IRelationalConnection connection, CancellationToken cancellationToken)
   at Microsoft.EntityFrameworkCore.Update.Internal.BatchExecutor.ExecuteAsync(IEnumerable`1 commandBatches, IRelationalConnection connection, CancellationToken cancellationToken)
   at Microsoft.EntityFrameworkCore.Update.Internal.BatchExecutor.ExecuteAsync(IEnumerable`1 commandBatches, IRelationalConnection connection, CancellationToken cancellationToken)
   at Microsoft.EntityFrameworkCore.Storage.RelationalDatabase.SaveChangesAsync(IList`1 entries, CancellationToken cancellationToken)
   at Microsoft.EntityFrameworkCore.ChangeTracking.Internal.StateManager.SaveChangesAsync(IList`1 entriesToSave, CancellationToken cancellationToken)
   at Microsoft.EntityFrameworkCore.ChangeTracking.Internal.StateManager.SaveChangesAsync(StateManager stateManager, Boolean acceptAllChangesOnSuccess, CancellationToken cancellationToken)
   at Microsoft.EntityFrameworkCore.DbContext.SaveChangesAsync(Boolean acceptAllChangesOnSuccess, CancellationToken cancellationToken)
   at Jellyfin.Database.Implementations.JellyfinDbContext.<>c__DisplayClass62_0.<<SaveChangesAsync>b__0>d.MoveNext()
--- End of stack trace from previous location ---
   at Jellyfin.Database.Implementations.Locking.NoLockBehavior.OnSaveChangesAsync(JellyfinDbContext context, Func`1 saveChanges)
   at Jellyfin.Database.Implementations.JellyfinDbContext.SaveChangesAsync(Boolean acceptAllChangesOnSuccess, CancellationToken cancellationToken)
[2025-12-19 14:09:36.572 +00:00] [INF] [20] Jellyfin.Api.Helpers.MediaInfoHelper: User policy for "stoXmod". EnablePlaybackRemuxing: True EnableVideoPlaybackTranscoding: True EnableAudioPlaybackTranscoding: True
[2025-12-19 14:09:36.921 +00:00] [INF] [26] Jellyfin.Api.Controllers.DynamicHlsController: Current HLS implementation doesn't support non-keyframe breaks but one is requested, ignoring that request
[2025-12-19 14:09:36.925 +00:00] [INF] [26] MediaBrowser.MediaEncoding.Transcoding.TranscodeManager: "/usr/lib/jellyfin-ffmpeg/ffmpeg" "-analyzeduration 200M -probesize 1G -fflags +genpts -f mov,mp4,m4a,3gp,3g2,mj2  -i file:\"/Passport/Supun/Tron Ares (2025) English WEBRip-[CineSubz.co]-1080p.mp4\" -map_metadata -1 -map_chapters -1 -threads 0 -map 0:0 -map 0:1 -map -0:s -codec:v:0 copy -bsf:v h264_mp4toannexb -start_at_zero -codec:a:0 libfdk_aac -ac 2 -ab 256000 -af \"volume=2\" -copyts -avoid_negative_ts disabled -max_muxing_queue_size 2048 -f hls -max_delay 5000000 -hls_time 6 -hls_segment_type fmp4 -hls_fmp4_init_filename \"6869118ccaec9bba453c673ab601723e-1.mp4\" -start_number 0 -hls_segment_filename \"/cache/transcodes/6869118ccaec9bba453c673ab601723e%d.mp4\" -hls_playlist_type vod -hls_list_size 0 -hls_segment_options movflags=+frag_discont -y \"/cache/transcodes/6869118ccaec9bba453c673ab601723e.m3u8\""
[2025-12-19 14:09:37.312 +00:00] [INF] [26] MediaBrowser.Controller.MediaEncoding.TranscodingJob: Stopping ffmpeg process with q command for "/cache/transcodes/6869118ccaec9bba453c673ab601723e.m3u8"
[2025-12-19 14:09:37.596 +00:00] [INF] [26] MediaBrowser.MediaEncoding.Transcoding.TranscodeManager: FFmpeg exited with code 0
[2025-12-19 14:09:37.597 +00:00] [INF] [26] Jellyfin.Api.Controllers.DynamicHlsController: Current HLS implementation doesn't support non-keyframe breaks but one is requested, ignoring that request
[2025-12-19 14:09:37.597 +00:00] [INF] [26] MediaBrowser.MediaEncoding.Transcoding.TranscodeManager: "/usr/lib/jellyfin-ffmpeg/ffmpeg" "-analyzeduration 200M -probesize 1G -ss 01:25:48.500 -noaccurate_seek -fflags +genpts -f mov,mp4,m4a,3gp,3g2,mj2  -i file:\"/Passport/Supun/Tron Ares (2025) English WEBRip-[CineSubz.co]-1080p.mp4\" -map_metadata -1 -map_chapters -1 -threads 0 -map 0:0 -map 0:1 -map -0:s -codec:v:0 copy -bsf:v h264_mp4toannexb -start_at_zero -codec:a:0 libfdk_aac -ac 2 -ab 256000 -af \"volume=2\" -copyts -avoid_negative_ts disabled -max_muxing_queue_size 2048 -f hls -max_delay 5000000 -hls_time 6 -hls_segment_type fmp4 -hls_fmp4_init_filename \"6869118ccaec9bba453c673ab601723e-1.mp4\" -start_number 858 -hls_segment_filename \"/cache/transcodes/6869118ccaec9bba453c673ab601723e%d.mp4\" -hls_playlist_type vod -hls_list_size 0 -hls_segment_options movflags=+frag_discont -y \"/cache/transcodes/6869118ccaec9bba453c673ab601723e.m3u8\""
[2025-12-19 14:09:40.932 +00:00] [INF] [3] MediaBrowser.Controller.MediaEncoding.TranscodingJob: Stopping ffmpeg process with q command for "/cache/transcodes/6869118ccaec9bba453c673ab601723e.m3u8"
[2025-12-19 14:09:41.192 +00:00] [INF] [3] MediaBrowser.MediaEncoding.Transcoding.TranscodeManager: FFmpeg exited with code 0
[2025-12-19 14:09:41.192 +00:00] [INF] [3] MediaBrowser.MediaEncoding.Transcoding.TranscodeManager: Deleting partial stream file(s) "/cache/transcodes/6869118ccaec9bba453c673ab601723e.m3u8"
[2025-12-19 14:09:42.703 +00:00] [INF] [20] Emby.Server.Implementations.Session.SessionManager: Playback stopped reported by app "Jellyfin Web" "10.11.5" playing "TRON: Ares". Stopped at "5152420" ms
[2025-12-19 14:10:14.070 +00:00] [INF] [15] Jellyfin.Api.Helpers.MediaInfoHelper: User policy for "stoXmod". EnablePlaybackRemuxing: True EnableVideoPlaybackTranscoding: True EnableAudioPlaybackTranscoding: True
[2025-12-19 14:10:14.433 +00:00] [INF] [15] Jellyfin.Api.Controllers.DynamicHlsController: Current HLS implementation doesn't support non-keyframe breaks but one is requested, ignoring that request
[2025-12-19 14:10:14.433 +00:00] [INF] [15] MediaBrowser.MediaEncoding.Transcoding.TranscodeManager: "/usr/lib/jellyfin-ffmpeg/ffmpeg" "-analyzeduration 200M -probesize 1G -fflags +genpts -f mov,mp4,m4a,3gp,3g2,mj2  -i file:\"/Passport/Supun/Tron Ares (2025) English WEBRip-[CineSubz.co]-1080p.mp4\" -map_metadata -1 -map_chapters -1 -threads 0 -map 0:0 -map 0:1 -map -0:s -codec:v:0 copy -bsf:v h264_mp4toannexb -start_at_zero -codec:a:0 libfdk_aac -ac 2 -ab 256000 -af \"volume=2\" -copyts -avoid_negative_ts disabled -max_muxing_queue_size 2048 -f hls -max_delay 5000000 -hls_time 6 -hls_segment_type fmp4 -hls_fmp4_init_filename \"083ec017d11598b8b1eed54240f470ac-1.mp4\" -start_number 0 -hls_segment_filename \"/cache/transcodes/083ec017d11598b8b1eed54240f470ac%d.mp4\" -hls_playlist_type vod -hls_list_size 0 -hls_segment_options movflags=+frag_discont -y \"/cache/transcodes/083ec017d11598b8b1eed54240f470ac.m3u8\""
[2025-12-19 14:10:14.761 +00:00] [INF] [21] MediaBrowser.Controller.MediaEncoding.TranscodingJob: Stopping ffmpeg process with q command for "/cache/transcodes/083ec017d11598b8b1eed54240f470ac.m3u8"
[2025-12-19 14:10:15.024 +00:00] [INF] [15] MediaBrowser.MediaEncoding.Transcoding.TranscodeManager: FFmpeg exited with code 0
[2025-12-19 14:10:15.025 +00:00] [INF] [21] Jellyfin.Api.Controllers.DynamicHlsController: Current HLS implementation doesn't support non-keyframe breaks but one is requested, ignoring that request
[2025-12-19 14:10:15.025 +00:00] [INF] [21] MediaBrowser.MediaEncoding.Transcoding.TranscodeManager: "/usr/lib/jellyfin-ffmpeg/ffmpeg" "-analyzeduration 200M -probesize 1G -ss 01:25:48.500 -noaccurate_seek -fflags +genpts -f mov,mp4,m4a,3gp,3g2,mj2  -i file:\"/Passport/Supun/Tron Ares (2025) English WEBRip-[CineSubz.co]-1080p.mp4\" -map_metadata -1 -map_chapters -1 -threads 0 -map 0:0 -map 0:1 -map -0:s -codec:v:0 copy -bsf:v h264_mp4toannexb -start_at_zero -codec:a:0 libfdk_aac -ac 2 -ab 256000 -af \"volume=2\" -copyts -avoid_negative_ts disabled -max_muxing_queue_size 2048 -f hls -max_delay 5000000 -hls_time 6 -hls_segment_type fmp4 -hls_fmp4_init_filename \"083ec017d11598b8b1eed54240f470ac-1.mp4\" -start_number 858 -hls_segment_filename \"/cache/transcodes/083ec017d11598b8b1eed54240f470ac%d.mp4\" -hls_playlist_type vod -hls_list_size 0 -hls_segment_options movflags=+frag_discont -y \"/cache/transcodes/083ec017d11598b8b1eed54240f470ac.m3u8\""
[2025-12-19 14:10:22.271 +00:00] [INF] [28] MediaBrowser.Controller.MediaEncoding.TranscodingJob: Stopping ffmpeg process with q command for "/cache/transcodes/083ec017d11598b8b1eed54240f470ac.m3u8"
[2025-12-19 14:10:22.623 +00:00] [INF] [28] MediaBrowser.MediaEncoding.Transcoding.TranscodeManager: FFmpeg exited with code 0
[2025-12-19 14:10:22.624 +00:00] [INF] [28] Jellyfin.Api.Controllers.DynamicHlsController: Current HLS implementation doesn't support non-keyframe breaks but one is requested, ignoring that request
[2025-12-19 14:10:22.625 +00:00] [INF] [28] MediaBrowser.MediaEncoding.Transcoding.TranscodeManager: "/usr/lib/jellyfin-ffmpeg/ffmpeg" "-analyzeduration 200M -probesize 1G -ss 01:40:00.500 -noaccurate_seek -fflags +genpts -f mov,mp4,m4a,3gp,3g2,mj2  -i file:\"/Passport/Supun/Tron Ares (2025) English WEBRip-[CineSubz.co]-1080p.mp4\" -map_metadata -1 -map_chapters -1 -threads 0 -map 0:0 -map 0:1 -map -0:s -codec:v:0 copy -bsf:v h264_mp4toannexb -start_at_zero -codec:a:0 libfdk_aac -ac 2 -ab 256000 -af \"volume=2\" -copyts -avoid_negative_ts disabled -max_muxing_queue_size 2048 -f hls -max_delay 5000000 -hls_time 6 -hls_segment_type fmp4 -hls_fmp4_init_filename \"083ec017d11598b8b1eed54240f470ac-1.mp4\" -start_number 1000 -hls_segment_filename \"/cache/transcodes/083ec017d11598b8b1eed54240f470ac%d.mp4\" -hls_playlist_type vod -hls_list_size 0 -hls_segment_options movflags=+frag_discont -y \"/cache/transcodes/083ec017d11598b8b1eed54240f470ac.m3u8\""
[2025-12-19 14:10:22.988 +00:00] [ERR] [21] Jellyfin.Database.Implementations.JellyfinDbContext: Error trying to save changes.
Microsoft.EntityFrameworkCore.DbUpdateConcurrencyException: The database operation was expected to affect 1 row(s), but actually affected 0 row(s); data may have been modified or deleted since entities were loaded. See https://go.microsoft.com/fwlink/?LinkId=527962 for information on understanding and handling optimistic concurrency exceptions.
   at Microsoft.EntityFrameworkCore.Update.AffectedCountModificationCommandBatch.ThrowAggregateUpdateConcurrencyExceptionAsync(RelationalDataReader reader, Int32 commandIndex, Int32 expectedRowsAffected, Int32 rowsAffected, CancellationToken cancellationToken)
   at Microsoft.EntityFrameworkCore.Update.AffectedCountModificationCommandBatch.ConsumeResultSetWithRowsAffectedOnlyAsync(Int32 commandIndex, RelationalDataReader reader, CancellationToken cancellationToken)
   at Microsoft.EntityFrameworkCore.Update.AffectedCountModificationCommandBatch.ConsumeAsync(RelationalDataReader reader, CancellationToken cancellationToken)
   at Microsoft.EntityFrameworkCore.Update.ReaderModificationCommandBatch.ExecuteAsync(IRelationalConnection connection, CancellationToken cancellationToken)
   at Microsoft.EntityFrameworkCore.Update.ReaderModificationCommandBatch.ExecuteAsync(IRelationalConnection connection, CancellationToken cancellationToken)
   at Microsoft.EntityFrameworkCore.Update.Internal.BatchExecutor.ExecuteAsync(IEnumerable`1 commandBatches, IRelationalConnection connection, CancellationToken cancellationToken)
   at Microsoft.EntityFrameworkCore.Update.Internal.BatchExecutor.ExecuteAsync(IEnumerable`1 commandBatches, IRelationalConnection connection, CancellationToken cancellationToken)
   at Microsoft.EntityFrameworkCore.Update.Internal.BatchExecutor.ExecuteAsync(IEnumerable`1 commandBatches, IRelationalConnection connection, CancellationToken cancellationToken)
   at Microsoft.EntityFrameworkCore.Storage.RelationalDatabase.SaveChangesAsync(IList`1 entries, CancellationToken cancellationToken)
   at Microsoft.EntityFrameworkCore.ChangeTracking.Internal.StateManager.SaveChangesAsync(IList`1 entriesToSave, CancellationToken cancellationToken)
   at Microsoft.EntityFrameworkCore.ChangeTracking.Internal.StateManager.SaveChangesAsync(StateManager stateManager, Boolean acceptAllChangesOnSuccess, CancellationToken cancellationToken)
   at Microsoft.EntityFrameworkCore.DbContext.SaveChangesAsync(Boolean acceptAllChangesOnSuccess, CancellationToken cancellationToken)
   at Jellyfin.Database.Implementations.JellyfinDbContext.<>c__DisplayClass62_0.<<SaveChangesAsync>b__0>d.MoveNext()
--- End of stack trace from previous location ---
   at Jellyfin.Database.Implementations.Locking.NoLockBehavior.OnSaveChangesAsync(JellyfinDbContext context, Func`1 saveChanges)
   at Jellyfin.Database.Implementations.JellyfinDbContext.SaveChangesAsync(Boolean acceptAllChangesOnSuccess, CancellationToken cancellationToken)
[2025-12-19 14:10:23.658 +00:00] [INF] [28] MediaBrowser.Controller.MediaEncoding.TranscodingJob: Stopping ffmpeg process with q command for "/cache/transcodes/083ec017d11598b8b1eed54240f470ac.m3u8"
[2025-12-19 14:10:23.719 +00:00] [INF] [28] MediaBrowser.MediaEncoding.Transcoding.TranscodeManager: FFmpeg exited with code 0
[2025-12-19 14:10:23.720 +00:00] [INF] [28] Jellyfin.Api.Controllers.DynamicHlsController: Current HLS implementation doesn't support non-keyframe breaks but one is requested, ignoring that request
[2025-12-19 14:10:23.720 +00:00] [INF] [28] MediaBrowser.MediaEncoding.Transcoding.TranscodeManager: "/usr/lib/jellyfin-ffmpeg/ffmpeg" "-analyzeduration 200M -probesize 1G -ss 01:50:00.500 -noaccurate_seek -fflags +genpts -f mov,mp4,m4a,3gp,3g2,mj2  -i file:\"/Passport/Supun/Tron Ares (2025) English WEBRip-[CineSubz.co]-1080p.mp4\" -map_metadata -1 -map_chapters -1 -threads 0 -map 0:0 -map 0:1 -map -0:s -codec:v:0 copy -bsf:v h264_mp4toannexb -start_at_zero -codec:a:0 libfdk_aac -ac 2 -ab 256000 -af \"volume=2\" -copyts -avoid_negative_ts disabled -max_muxing_queue_size 2048 -f hls -max_delay 5000000 -hls_time 6 -hls_segment_type fmp4 -hls_fmp4_init_filename \"083ec017d11598b8b1eed54240f470ac-1.mp4\" -start_number 1100 -hls_segment_filename \"/cache/transcodes/083ec017d11598b8b1eed54240f470ac%d.mp4\" -hls_playlist_type vod -hls_list_size 0 -hls_segment_options movflags=+frag_discont -y \"/cache/transcodes/083ec017d11598b8b1eed54240f470ac.m3u8\""
[2025-12-19 14:10:25.810 +00:00] [INF] [9] MediaBrowser.Controller.MediaEncoding.TranscodingJob: Stopping ffmpeg process with q command for "/cache/transcodes/083ec017d11598b8b1eed54240f470ac.m3u8"
[2025-12-19 14:10:25.851 +00:00] [INF] [10] MediaBrowser.MediaEncoding.Transcoding.TranscodeManager: FFmpeg exited with code 0
[2025-12-19 14:10:25.852 +00:00] [INF] [9] Jellyfin.Api.Controllers.DynamicHlsController: Current HLS implementation doesn't support non-keyframe breaks but one is requested, ignoring that request
[2025-12-19 14:10:25.853 +00:00] [INF] [9] MediaBrowser.MediaEncoding.Transcoding.TranscodeManager: "/usr/lib/jellyfin-ffmpeg/ffmpeg" "-analyzeduration 200M -probesize 1G -ss 00:30:18.500 -noaccurate_seek -fflags +genpts -f mov,mp4,m4a,3gp,3g2,mj2  -i file:\"/Passport/Supun/Tron Ares (2025) English WEBRip-[CineSubz.co]-1080p.mp4\" -map_metadata -1 -map_chapters -1 -threads 0 -map 0:0 -map 0:1 -map -0:s -codec:v:0 copy -bsf:v h264_mp4toannexb -start_at_zero -codec:a:0 libfdk_aac -ac 2 -ab 256000 -af \"volume=2\" -copyts -avoid_negative_ts disabled -max_muxing_queue_size 2048 -f hls -max_delay 5000000 -hls_time 6 -hls_segment_type fmp4 -hls_fmp4_init_filename \"083ec017d11598b8b1eed54240f470ac-1.mp4\" -start_number 303 -hls_segment_filename \"/cache/transcodes/083ec017d11598b8b1eed54240f470ac%d.mp4\" -hls_playlist_type vod -hls_list_size 0 -hls_segment_options movflags=+frag_discont -y \"/cache/transcodes/083ec017d11598b8b1eed54240f470ac.m3u8\""
[2025-12-19 14:11:00.844 +00:00] [INF] [10] Emby.Server.Implementations.HttpServer.WebSocketManager: WS "192.168.1.146" request
[2025-12-19 14:11:06.756 +00:00] [INF] [10] Jellyfin.Api.Helpers.MediaInfoHelper: User policy for "stoXmod". EnablePlaybackRemuxing: True EnableVideoPlaybackTranscoding: True EnableAudioPlaybackTranscoding: True
[2025-12-19 14:11:07.017 +00:00] [INF] [23] Jellyfin.Api.Controllers.DynamicHlsController: Current HLS implementation doesn't support non-keyframe breaks but one is requested, ignoring that request
[2025-12-19 14:11:07.018 +00:00] [INF] [23] MediaBrowser.MediaEncoding.Transcoding.TranscodeManager: "/usr/lib/jellyfin-ffmpeg/ffmpeg" "-analyzeduration 200M -probesize 1G -fflags +genpts -f mov,mp4,m4a,3gp,3g2,mj2  -i file:\"/Passport/Supun/Tron Ares (2025) English WEBRip-[CineSubz.co]-1080p.mp4\" -map_metadata -1 -map_chapters -1 -threads 0 -map 0:0 -map 0:1 -map -0:s -codec:v:0 copy -bsf:v h264_mp4toannexb -start_at_zero -codec:a:0 copy -copyts -avoid_negative_ts disabled -max_muxing_queue_size 2048 -f hls -max_delay 5000000 -hls_time 6 -hls_segment_type fmp4 -hls_fmp4_init_filename \"4fd35d5109413f63b38e9ef259f5c3eb-1.mp4\" -start_number 0 -hls_segment_filename \"/cache/transcodes/4fd35d5109413f63b38e9ef259f5c3eb%d.mp4\" -hls_playlist_type vod -hls_list_size 0 -hls_segment_options movflags=+frag_discont -y \"/cache/transcodes/4fd35d5109413f63b38e9ef259f5c3eb.m3u8\""
[2025-12-19 14:11:07.442 +00:00] [INF] [32] MediaBrowser.Controller.MediaEncoding.TranscodingJob: Stopping ffmpeg process with q command for "/cache/transcodes/4fd35d5109413f63b38e9ef259f5c3eb.m3u8"
[2025-12-19 14:11:07.613 +00:00] [INF] [34] MediaBrowser.MediaEncoding.Transcoding.TranscodeManager: FFmpeg exited with code 0
[2025-12-19 14:11:07.623 +00:00] [INF] [32] Jellyfin.Api.Controllers.DynamicHlsController: Current HLS implementation doesn't support non-keyframe breaks but one is requested, ignoring that request
[2025-12-19 14:11:07.623 +00:00] [INF] [32] MediaBrowser.MediaEncoding.Transcoding.TranscodeManager: "/usr/lib/jellyfin-ffmpeg/ffmpeg" "-analyzeduration 200M -probesize 1G -ss 00:30:18.500 -noaccurate_seek -fflags +genpts -f mov,mp4,m4a,3gp,3g2,mj2  -i file:\"/Passport/Supun/Tron Ares (2025) English WEBRip-[CineSubz.co]-1080p.mp4\" -map_metadata -1 -map_chapters -1 -threads 0 -map 0:0 -map 0:1 -map -0:s -codec:v:0 copy -bsf:v h264_mp4toannexb -start_at_zero -codec:a:0 copy -copyts -avoid_negative_ts disabled -max_muxing_queue_size 2048 -f hls -max_delay 5000000 -hls_time 6 -hls_segment_type fmp4 -hls_fmp4_init_filename \"4fd35d5109413f63b38e9ef259f5c3eb-1.mp4\" -start_number 303 -hls_segment_filename \"/cache/transcodes/4fd35d5109413f63b38e9ef259f5c3eb%d.mp4\" -hls_playlist_type vod -hls_list_size 0 -hls_segment_options movflags=+frag_discont -y \"/cache/transcodes/4fd35d5109413f63b38e9ef259f5c3eb.m3u8\""
[2025-12-19 14:11:10.036 +00:00] [INF] [32] MediaBrowser.Controller.MediaEncoding.TranscodingJob: Stopping ffmpeg process with q command for "/cache/transcodes/4fd35d5109413f63b38e9ef259f5c3eb.m3u8"
[2025-12-19 14:11:10.223 +00:00] [INF] [28] MediaBrowser.MediaEncoding.Transcoding.TranscodeManager: FFmpeg exited with code 0
[2025-12-19 14:11:12.227 +00:00] [INF] [32] Jellyfin.Api.Controllers.DynamicHlsController: Current HLS implementation doesn't support non-keyframe breaks but one is requested, ignoring that request
[2025-12-19 14:11:12.228 +00:00] [INF] [32] MediaBrowser.MediaEncoding.Transcoding.TranscodeManager: "/usr/lib/jellyfin-ffmpeg/ffmpeg" "-analyzeduration 200M -probesize 1G -ss 00:53:06.500 -noaccurate_seek -fflags +genpts -f mov,mp4,m4a,3gp,3g2,mj2  -i file:\"/Passport/Supun/Tron Ares (2025) English WEBRip-[CineSubz.co]-1080p.mp4\" -map_metadata -1 -map_chapters -1 -threads 0 -map 0:0 -map 0:1 -map -0:s -codec:v:0 copy -bsf:v h264_mp4toannexb -start_at_zero -codec:a:0 copy -copyts -avoid_negative_ts disabled -max_muxing_queue_size 2048 -f hls -max_delay 5000000 -hls_time 6 -hls_segment_type fmp4 -hls_fmp4_init_filename \"4fd35d5109413f63b38e9ef259f5c3eb-1.mp4\" -start_number 531 -hls_segment_filename \"/cache/transcodes/4fd35d5109413f63b38e9ef259f5c3eb%d.mp4\" -hls_playlist_type vod -hls_list_size 0 -hls_segment_options movflags=+frag_discont -y \"/cache/transcodes/4fd35d5109413f63b38e9ef259f5c3eb.m3u8\""
[2025-12-19 14:11:17.412 +00:00] [INF] [21] MediaBrowser.Controller.MediaEncoding.TranscodingJob: Stopping ffmpeg process with q command for "/cache/transcodes/4fd35d5109413f63b38e9ef259f5c3eb.m3u8"
[2025-12-19 14:11:17.582 +00:00] [INF] [31] MediaBrowser.MediaEncoding.Transcoding.TranscodeManager: FFmpeg exited with code 0
[2025-12-19 14:11:17.583 +00:00] [INF] [21] MediaBrowser.MediaEncoding.Transcoding.TranscodeManager: Deleting partial stream file(s) "/cache/transcodes/4fd35d5109413f63b38e9ef259f5c3eb.m3u8"
[2025-12-19 14:11:25.458 +00:00] [ERR] [30] Jellyfin.Database.Implementations.JellyfinDbContext: Error trying to save changes.
Microsoft.EntityFrameworkCore.DbUpdateConcurrencyException: The database operation was expected to affect 1 row(s), but actually affected 0 row(s); data may have been modified or deleted since entities were loaded. See https://go.microsoft.com/fwlink/?LinkId=527962 for information on understanding and handling optimistic concurrency exceptions.
   at Microsoft.EntityFrameworkCore.Update.AffectedCountModificationCommandBatch.ThrowAggregateUpdateConcurrencyExceptionAsync(RelationalDataReader reader, Int32 commandIndex, Int32 expectedRowsAffected, Int32 rowsAffected, CancellationToken cancellationToken)
   at Microsoft.EntityFrameworkCore.Update.AffectedCountModificationCommandBatch.ConsumeResultSetWithRowsAffectedOnlyAsync(Int32 commandIndex, RelationalDataReader reader, CancellationToken cancellationToken)
   at Microsoft.EntityFrameworkCore.Update.AffectedCountModificationCommandBatch.ConsumeAsync(RelationalDataReader reader, CancellationToken cancellationToken)
   at Microsoft.EntityFrameworkCore.Update.ReaderModificationCommandBatch.ExecuteAsync(IRelationalConnection connection, CancellationToken cancellationToken)
   at Microsoft.EntityFrameworkCore.Update.ReaderModificationCommandBatch.ExecuteAsync(IRelationalConnection connection, CancellationToken cancellationToken)
   at Microsoft.EntityFrameworkCore.Update.Internal.BatchExecutor.ExecuteAsync(IEnumerable`1 commandBatches, IRelationalConnection connection, CancellationToken cancellationToken)
   at Microsoft.EntityFrameworkCore.Update.Internal.BatchExecutor.ExecuteAsync(IEnumerable`1 commandBatches, IRelationalConnection connection, CancellationToken cancellationToken)
   at Microsoft.EntityFrameworkCore.Update.Internal.BatchExecutor.ExecuteAsync(IEnumerable`1 commandBatches, IRelationalConnection connection, CancellationToken cancellationToken)
   at Microsoft.EntityFrameworkCore.Storage.RelationalDatabase.SaveChangesAsync(IList`1 entries, CancellationToken cancellationToken)
   at Microsoft.EntityFrameworkCore.ChangeTracking.Internal.StateManager.SaveChangesAsync(IList`1 entriesToSave, CancellationToken cancellationToken)
   at Microsoft.EntityFrameworkCore.ChangeTracking.Internal.StateManager.SaveChangesAsync(StateManager stateManager, Boolean acceptAllChangesOnSuccess, CancellationToken cancellationToken)
   at Microsoft.EntityFrameworkCore.DbContext.SaveChangesAsync(Boolean acceptAllChangesOnSuccess, CancellationToken cancellationToken)
   at Jellyfin.Database.Implementations.JellyfinDbContext.<>c__DisplayClass62_0.<<SaveChangesAsync>b__0>d.MoveNext()
--- End of stack trace from previous location ---
   at Jellyfin.Database.Implementations.Locking.NoLockBehavior.OnSaveChangesAsync(JellyfinDbContext context, Func`1 saveChanges)
   at Jellyfin.Database.Implementations.JellyfinDbContext.SaveChangesAsync(Boolean acceptAllChangesOnSuccess, CancellationToken cancellationToken)
   at Jellyfin.Server.Implementations.Users.UserManager.UpdateUserInternalAsync(JellyfinDbContext dbContext, User user)
   at Jellyfin.Server.Implementations.Users.UserManager.UpdateUserAsync(User user)
[2025-12-19 14:11:26.457 +00:00] [INF] [21] Emby.Server.Implementations.Session.SessionManager: Playback stopped reported by app "Jellyfin iOS" "1.7.0" playing "TRON: Ares". Stopped at "3195044" ms
[2025-12-19 14:11:49.628 +00:00] [WRN] [21] Emby.Server.Implementations.HttpServer.WebSocketConnection: WS "192.168.1.146" error receiving data: "The remote party closed the WebSocket connection without completing the close handshake."
[2025-12-19 14:11:49.630 +00:00] [INF] [21] Emby.Server.Implementations.HttpServer.WebSocketManager: WS "192.168.1.146" closed
[2025-12-19 14:12:06.296 +00:00] [INF] [21] MediaBrowser.MediaEncoding.Transcoding.TranscodeManager: FFmpeg exited with code 0
[2025-12-19 14:12:25.459 +00:00] [ERR] [31] Jellyfin.Database.Implementations.JellyfinDbContext: Error trying to save changes.
Microsoft.EntityFrameworkCore.DbUpdateConcurrencyException: The database operation was expected to affect 1 row(s), but actually affected 0 row(s); data may have been modified or deleted since entities were loaded. See https://go.microsoft.com/fwlink/?LinkId=527962 for information on understanding and handling optimistic concurrency exceptions.
   at Microsoft.EntityFrameworkCore.Update.AffectedCountModificationCommandBatch.ThrowAggregateUpdateConcurrencyExceptionAsync(RelationalDataReader reader, Int32 commandIndex, Int32 expectedRowsAffected, Int32 rowsAffected, CancellationToken cancellationToken)
   at Microsoft.EntityFrameworkCore.Update.AffectedCountModificationCommandBatch.ConsumeResultSetWithRowsAffectedOnlyAsync(Int32 commandIndex, RelationalDataReader reader, CancellationToken cancellationToken)
   at Microsoft.EntityFrameworkCore.Update.AffectedCountModificationCommandBatch.ConsumeAsync(RelationalDataReader reader, CancellationToken cancellationToken)
   at Microsoft.EntityFrameworkCore.Update.ReaderModificationCommandBatch.ExecuteAsync(IRelationalConnection connection, CancellationToken cancellationToken)
   at Microsoft.EntityFrameworkCore.Update.ReaderModificationCommandBatch.ExecuteAsync(IRelationalConnection connection, CancellationToken cancellationToken)
   at Microsoft.EntityFrameworkCore.Update.Internal.BatchExecutor.ExecuteAsync(IEnumerable`1 commandBatches, IRelationalConnection connection, CancellationToken cancellationToken)
   at Microsoft.EntityFrameworkCore.Update.Internal.BatchExecutor.ExecuteAsync(IEnumerable`1 commandBatches, IRelationalConnection connection, CancellationToken cancellationToken)
   at Microsoft.EntityFrameworkCore.Update.Internal.BatchExecutor.ExecuteAsync(IEnumerable`1 commandBatches, IRelationalConnection connection, CancellationToken cancellationToken)
   at Microsoft.EntityFrameworkCore.Storage.RelationalDatabase.SaveChangesAsync(IList`1 entries, CancellationToken cancellationToken)
   at Microsoft.EntityFrameworkCore.ChangeTracking.Internal.StateManager.SaveChangesAsync(IList`1 entriesToSave, CancellationToken cancellationToken)
   at Microsoft.EntityFrameworkCore.ChangeTracking.Internal.StateManager.SaveChangesAsync(StateManager stateManager, Boolean acceptAllChangesOnSuccess, CancellationToken cancellationToken)
   at Microsoft.EntityFrameworkCore.DbContext.SaveChangesAsync(Boolean acceptAllChangesOnSuccess, CancellationToken cancellationToken)
   at Jellyfin.Database.Implementations.JellyfinDbContext.<>c__DisplayClass62_0.<<SaveChangesAsync>b__0>d.MoveNext()
--- End of stack trace from previous location ---
   at Jellyfin.Database.Implementations.Locking.NoLockBehavior.OnSaveChangesAsync(JellyfinDbContext context, Func`1 saveChanges)
   at Jellyfin.Database.Implementations.JellyfinDbContext.SaveChangesAsync(Boolean acceptAllChangesOnSuccess, CancellationToken cancellationToken)
   at Jellyfin.Server.Implementations.Users.UserManager.UpdateUserInternalAsync(JellyfinDbContext dbContext, User user)
   at Jellyfin.Server.Implementations.Users.UserManager.UpdateUserAsync(User user)
[2025-12-19 14:13:35.456 +00:00] [ERR] [33] Jellyfin.Database.Implementations.JellyfinDbContext: Error trying to save changes.
Microsoft.EntityFrameworkCore.DbUpdateConcurrencyException: The database operation was expected to affect 1 row(s), but actually affected 0 row(s); data may have been modified or deleted since entities were loaded. See https://go.microsoft.com/fwlink/?LinkId=527962 for information on understanding and handling optimistic concurrency exceptions.
   at Microsoft.EntityFrameworkCore.Update.AffectedCountModificationCommandBatch.ThrowAggregateUpdateConcurrencyExceptionAsync(RelationalDataReader reader, Int32 commandIndex, Int32 expectedRowsAffected, Int32 rowsAffected, CancellationToken cancellationToken)
   at Microsoft.EntityFrameworkCore.Update.AffectedCountModificationCommandBatch.ConsumeResultSetWithRowsAffectedOnlyAsync(Int32 commandIndex, RelationalDataReader reader, CancellationToken cancellationToken)
   at Microsoft.EntityFrameworkCore.Update.AffectedCountModificationCommandBatch.ConsumeAsync(RelationalDataReader reader, CancellationToken cancellationToken)
   at Microsoft.EntityFrameworkCore.Update.ReaderModificationCommandBatch.ExecuteAsync(IRelationalConnection connection, CancellationToken cancellationToken)
   at Microsoft.EntityFrameworkCore.Update.ReaderModificationCommandBatch.ExecuteAsync(IRelationalConnection connection, CancellationToken cancellationToken)
   at Microsoft.EntityFrameworkCore.Update.Internal.BatchExecutor.ExecuteAsync(IEnumerable`1 commandBatches, IRelationalConnection connection, CancellationToken cancellationToken)
   at Microsoft.EntityFrameworkCore.Update.Internal.BatchExecutor.ExecuteAsync(IEnumerable`1 commandBatches, IRelationalConnection connection, CancellationToken cancellationToken)
   at Microsoft.EntityFrameworkCore.Update.Internal.BatchExecutor.ExecuteAsync(IEnumerable`1 commandBatches, IRelationalConnection connection, CancellationToken cancellationToken)
   at Microsoft.EntityFrameworkCore.Storage.RelationalDatabase.SaveChangesAsync(IList`1 entries, CancellationToken cancellationToken)
   at Microsoft.EntityFrameworkCore.ChangeTracking.Internal.StateManager.SaveChangesAsync(IList`1 entriesToSave, CancellationToken cancellationToken)
   at Microsoft.EntityFrameworkCore.ChangeTracking.Internal.StateManager.SaveChangesAsync(StateManager stateManager, Boolean acceptAllChangesOnSuccess, CancellationToken cancellationToken)
   at Microsoft.EntityFrameworkCore.DbContext.SaveChangesAsync(Boolean acceptAllChangesOnSuccess, CancellationToken cancellationToken)
   at Jellyfin.Database.Implementations.JellyfinDbContext.<>c__DisplayClass62_0.<<SaveChangesAsync>b__0>d.MoveNext()
--- End of stack trace from previous location ---
   at Jellyfin.Database.Implementations.Locking.NoLockBehavior.OnSaveChangesAsync(JellyfinDbContext context, Func`1 saveChanges)
   at Jellyfin.Database.Implementations.JellyfinDbContext.SaveChangesAsync(Boolean acceptAllChangesOnSuccess, CancellationToken cancellationToken)
[2025-12-19 14:18:07.730 +00:00] [ERR] [40] Jellyfin.Database.Implementations.JellyfinDbContext: Error trying to save changes.
Microsoft.EntityFrameworkCore.DbUpdateConcurrencyException: The database operation was expected to affect 1 row(s), but actually affected 0 row(s); data may have been modified or deleted since entities were loaded. See https://go.microsoft.com/fwlink/?LinkId=527962 for information on understanding and handling optimistic concurrency exceptions.
   at Microsoft.EntityFrameworkCore.Update.AffectedCountModificationCommandBatch.ThrowAggregateUpdateConcurrencyExceptionAsync(RelationalDataReader reader, Int32 commandIndex, Int32 expectedRowsAffected, Int32 rowsAffected, CancellationToken cancellationToken)
   at Microsoft.EntityFrameworkCore.Update.AffectedCountModificationCommandBatch.ConsumeResultSetWithRowsAffectedOnlyAsync(Int32 commandIndex, RelationalDataReader reader, CancellationToken cancellationToken)
   at Microsoft.EntityFrameworkCore.Update.AffectedCountModificationCommandBatch.ConsumeAsync(RelationalDataReader reader, CancellationToken cancellationToken)
   at Microsoft.EntityFrameworkCore.Update.ReaderModificationCommandBatch.ExecuteAsync(IRelationalConnection connection, CancellationToken cancellationToken)
   at Microsoft.EntityFrameworkCore.Update.ReaderModificationCommandBatch.ExecuteAsync(IRelationalConnection connection, CancellationToken cancellationToken)
   at Microsoft.EntityFrameworkCore.Update.Internal.BatchExecutor.ExecuteAsync(IEnumerable`1 commandBatches, IRelationalConnection connection, CancellationToken cancellationToken)
   at Microsoft.EntityFrameworkCore.Update.Internal.BatchExecutor.ExecuteAsync(IEnumerable`1 commandBatches, IRelationalConnection connection, CancellationToken cancellationToken)
   at Microsoft.EntityFrameworkCore.Update.Internal.BatchExecutor.ExecuteAsync(IEnumerable`1 commandBatches, IRelationalConnection connection, CancellationToken cancellationToken)
   at Microsoft.EntityFrameworkCore.Storage.RelationalDatabase.SaveChangesAsync(IList`1 entries, CancellationToken cancellationToken)
   at Microsoft.EntityFrameworkCore.ChangeTracking.Internal.StateManager.SaveChangesAsync(IList`1 entriesToSave, CancellationToken cancellationToken)
   at Microsoft.EntityFrameworkCore.ChangeTracking.Internal.StateManager.SaveChangesAsync(StateManager stateManager, Boolean acceptAllChangesOnSuccess, CancellationToken cancellationToken)
   at Microsoft.EntityFrameworkCore.DbContext.SaveChangesAsync(Boolean acceptAllChangesOnSuccess, CancellationToken cancellationToken)
   at Jellyfin.Database.Implementations.JellyfinDbContext.<>c__DisplayClass62_0.<<SaveChangesAsync>b__0>d.MoveNext()
--- End of stack trace from previous location ---
   at Jellyfin.Database.Implementations.Locking.NoLockBehavior.OnSaveChangesAsync(JellyfinDbContext context, Func`1 saveChanges)
   at Jellyfin.Database.Implementations.JellyfinDbContext.SaveChangesAsync(Boolean acceptAllChangesOnSuccess, CancellationToken cancellationToken)
[2025-12-19 14:18:11.810 +00:00] [INF] [37] Jellyfin.Api.Helpers.MediaInfoHelper: User policy for "stoXmod". EnablePlaybackRemuxing: True EnableVideoPlaybackTranscoding: True EnableAudioPlaybackTranscoding: True
[2025-12-19 14:18:12.189 +00:00] [INF] [41] Jellyfin.Api.Controllers.DynamicHlsController: Current HLS implementation doesn't support non-keyframe breaks but one is requested, ignoring that request
[2025-12-19 14:18:12.189 +00:00] [INF] [41] MediaBrowser.MediaEncoding.Transcoding.TranscodeManager: "/usr/lib/jellyfin-ffmpeg/ffmpeg" "-analyzeduration 200M -probesize 1G -fflags +genpts -f mov,mp4,m4a,3gp,3g2,mj2  -i file:\"/Passport/Supun/Tron Ares (2025) English WEBRip-[CineSubz.co]-1080p.mp4\" -map_metadata -1 -map_chapters -1 -threads 0 -map 0:0 -map 0:1 -map -0:s -codec:v:0 copy -bsf:v h264_mp4toannexb -start_at_zero -codec:a:0 libfdk_aac -ac 2 -ab 256000 -af \"volume=2\" -copyts -avoid_negative_ts disabled -max_muxing_queue_size 2048 -f hls -max_delay 5000000 -hls_time 6 -hls_segment_type fmp4 -hls_fmp4_init_filename \"f485bf66d3d776af3e99df76d7f8f142-1.mp4\" -start_number 0 -hls_segment_filename \"/cache/transcodes/f485bf66d3d776af3e99df76d7f8f142%d.mp4\" -hls_playlist_type vod -hls_list_size 0 -hls_segment_options movflags=+frag_discont -y \"/cache/transcodes/f485bf66d3d776af3e99df76d7f8f142.m3u8\""
[2025-12-19 14:18:12.533 +00:00] [INF] [41] MediaBrowser.Controller.MediaEncoding.TranscodingJob: Stopping ffmpeg process with q command for "/cache/transcodes/f485bf66d3d776af3e99df76d7f8f142.m3u8"
[2025-12-19 14:18:12.780 +00:00] [INF] [37] MediaBrowser.MediaEncoding.Transcoding.TranscodeManager: FFmpeg exited with code 0
[2025-12-19 14:18:12.788 +00:00] [INF] [41] Jellyfin.Api.Controllers.DynamicHlsController: Current HLS implementation doesn't support non-keyframe breaks but one is requested, ignoring that request
[2025-12-19 14:18:12.788 +00:00] [INF] [41] MediaBrowser.MediaEncoding.Transcoding.TranscodeManager: "/usr/lib/jellyfin-ffmpeg/ffmpeg" "-analyzeduration 200M -probesize 1G -ss 00:30:18.500 -noaccurate_seek -fflags +genpts -f mov,mp4,m4a,3gp,3g2,mj2  -i file:\"/Passport/Supun/Tron Ares (2025) English WEBRip-[CineSubz.co]-1080p.mp4\" -map_metadata -1 -map_chapters -1 -threads 0 -map 0:0 -map 0:1 -map -0:s -codec:v:0 copy -bsf:v h264_mp4toannexb -start_at_zero -codec:a:0 libfdk_aac -ac 2 -ab 256000 -af \"volume=2\" -copyts -avoid_negative_ts disabled -max_muxing_queue_size 2048 -f hls -max_delay 5000000 -hls_time 6 -hls_segment_type fmp4 -hls_fmp4_init_filename \"f485bf66d3d776af3e99df76d7f8f142-1.mp4\" -start_number 303 -hls_segment_filename \"/cache/transcodes/f485bf66d3d776af3e99df76d7f8f142%d.mp4\" -hls_playlist_type vod -hls_list_size 0 -hls_segment_options movflags=+frag_discont -y \"/cache/transcodes/f485bf66d3d776af3e99df76d7f8f142.m3u8\""
[2025-12-19 14:18:15.240 +00:00] [INF] [41] MediaBrowser.Controller.MediaEncoding.TranscodingJob: Stopping ffmpeg process with q command for "/cache/transcodes/f485bf66d3d776af3e99df76d7f8f142.m3u8"
[2025-12-19 14:18:15.384 +00:00] [INF] [39] MediaBrowser.MediaEncoding.Transcoding.TranscodeManager: FFmpeg exited with code 0
[2025-12-19 14:18:15.391 +00:00] [INF] [41] Jellyfin.Api.Controllers.DynamicHlsController: Current HLS implementation doesn't support non-keyframe breaks but one is requested, ignoring that request
[2025-12-19 14:18:15.391 +00:00] [INF] [41] MediaBrowser.MediaEncoding.Transcoding.TranscodeManager: "/usr/lib/jellyfin-ffmpeg/ffmpeg" "-analyzeduration 200M -probesize 1G -ss 01:02:42.500 -noaccurate_seek -fflags +genpts -f mov,mp4,m4a,3gp,3g2,mj2  -i file:\"/Passport/Supun/Tron Ares (2025) English WEBRip-[CineSubz.co]-1080p.mp4\" -map_metadata -1 -map_chapters -1 -threads 0 -map 0:0 -map 0:1 -map -0:s -codec:v:0 copy -bsf:v h264_mp4toannexb -start_at_zero -codec:a:0 libfdk_aac -ac 2 -ab 256000 -af \"volume=2\" -copyts -avoid_negative_ts disabled -max_muxing_queue_size 2048 -f hls -max_delay 5000000 -hls_time 6 -hls_segment_type fmp4 -hls_fmp4_init_filename \"f485bf66d3d776af3e99df76d7f8f142-1.mp4\" -start_number 627 -hls_segment_filename \"/cache/transcodes/f485bf66d3d776af3e99df76d7f8f142%d.mp4\" -hls_playlist_type vod -hls_list_size 0 -hls_segment_options movflags=+frag_discont -y \"/cache/transcodes/f485bf66d3d776af3e99df76d7f8f142.m3u8\""
[2025-12-19 14:18:17.360 +00:00] [INF] [40] MediaBrowser.Controller.MediaEncoding.TranscodingJob: Stopping ffmpeg process with q command for "/cache/transcodes/f485bf66d3d776af3e99df76d7f8f142.m3u8"
[2025-12-19 14:18:17.481 +00:00] [INF] [40] MediaBrowser.MediaEncoding.Transcoding.TranscodeManager: FFmpeg exited with code 0
[2025-12-19 14:18:17.489 +00:00] [INF] [40] Jellyfin.Api.Controllers.DynamicHlsController: Current HLS implementation doesn't support non-keyframe breaks but one is requested, ignoring that request
[2025-12-19 14:18:17.490 +00:00] [INF] [40] MediaBrowser.MediaEncoding.Transcoding.TranscodeManager: "/usr/lib/jellyfin-ffmpeg/ffmpeg" "-analyzeduration 200M -probesize 1G -ss 01:32:42.500 -noaccurate_seek -fflags +genpts -f mov,mp4,m4a,3gp,3g2,mj2  -i file:\"/Passport/Supun/Tron Ares (2025) English WEBRip-[CineSubz.co]-1080p.mp4\" -map_metadata -1 -map_chapters -1 -threads 0 -map 0:0 -map 0:1 -map -0:s -codec:v:0 copy -bsf:v h264_mp4toannexb -start_at_zero -codec:a:0 libfdk_aac -ac 2 -ab 256000 -af \"volume=2\" -copyts -avoid_negative_ts disabled -max_muxing_queue_size 2048 -f hls -max_delay 5000000 -hls_time 6 -hls_segment_type fmp4 -hls_fmp4_init_filename \"f485bf66d3d776af3e99df76d7f8f142-1.mp4\" -start_number 927 -hls_segment_filename \"/cache/transcodes/f485bf66d3d776af3e99df76d7f8f142%d.mp4\" -hls_playlist_type vod -hls_list_size 0 -hls_segment_options movflags=+frag_discont -y \"/cache/transcodes/f485bf66d3d776af3e99df76d7f8f142.m3u8\""
[2025-12-19 14:18:19.675 +00:00] [INF] [37] MediaBrowser.Controller.MediaEncoding.TranscodingJob: Stopping ffmpeg process with q command for "/cache/transcodes/f485bf66d3d776af3e99df76d7f8f142.m3u8"
[2025-12-19 14:18:20.084 +00:00] [INF] [37] MediaBrowser.MediaEncoding.Transcoding.TranscodeManager: FFmpeg exited with code 0
[2025-12-19 14:18:20.093 +00:00] [INF] [37] Jellyfin.Api.Controllers.DynamicHlsController: Current HLS implementation doesn't support non-keyframe breaks but one is requested, ignoring that request
[2025-12-19 14:18:20.093 +00:00] [INF] [37] MediaBrowser.MediaEncoding.Transcoding.TranscodeManager: "/usr/lib/jellyfin-ffmpeg/ffmpeg" "-analyzeduration 200M -probesize 1G -ss 01:52:30.500 -noaccurate_seek -fflags +genpts -f mov,mp4,m4a,3gp,3g2,mj2  -i file:\"/Passport/Supun/Tron Ares (2025) English WEBRip-[CineSubz.co]-1080p.mp4\" -map_metadata -1 -map_chapters -1 -threads 0 -map 0:0 -map 0:1 -map -0:s -codec:v:0 copy -bsf:v h264_mp4toannexb -start_at_zero -codec:a:0 libfdk_aac -ac 2 -ab 256000 -af \"volume=2\" -copyts -avoid_negative_ts disabled -max_muxing_queue_size 2048 -f hls -max_delay 5000000 -hls_time 6 -hls_segment_type fmp4 -hls_fmp4_init_filename \"f485bf66d3d776af3e99df76d7f8f142-1.mp4\" -start_number 1125 -hls_segment_filename \"/cache/transcodes/f485bf66d3d776af3e99df76d7f8f142%d.mp4\" -hls_playlist_type vod -hls_list_size 0 -hls_segment_options movflags=+frag_discont -y \"/cache/transcodes/f485bf66d3d776af3e99df76d7f8f142.m3u8\""
[2025-12-19 14:18:22.709 +00:00] [INF] [40] MediaBrowser.Controller.MediaEncoding.TranscodingJob: Stopping ffmpeg process with q command for "/cache/transcodes/f485bf66d3d776af3e99df76d7f8f142.m3u8"
[2025-12-19 14:18:23.184 +00:00] [INF] [40] MediaBrowser.MediaEncoding.Transcoding.TranscodeManager: FFmpeg exited with code 0
[2025-12-19 14:18:23.185 +00:00] [INF] [40] MediaBrowser.MediaEncoding.Transcoding.TranscodeManager: Deleting partial stream file(s) "/cache/transcodes/f485bf66d3d776af3e99df76d7f8f142.m3u8"
[2025-12-19 14:18:24.703 +00:00] [INF] [40] Emby.Server.Implementations.Session.SessionManager: Playback stopped reported by app "Jellyfin Web" "10.11.5" playing "TRON: Ares". Stopped at "6755658" ms
[2025-12-19 14:18:39.210 +00:00] [INF] [41] Jellyfin.Api.Helpers.MediaInfoHelper: User policy for "stoXmod". EnablePlaybackRemuxing: True EnableVideoPlaybackTranscoding: True EnableAudioPlaybackTranscoding: True
[2025-12-19 14:18:39.887 +00:00] [INF] [39] Jellyfin.Api.Controllers.DynamicHlsController: Current HLS implementation doesn't support non-keyframe breaks but one is requested, ignoring that request
[2025-12-19 14:18:39.888 +00:00] [INF] [39] MediaBrowser.MediaEncoding.Transcoding.TranscodeManager: "/usr/lib/jellyfin-ffmpeg/ffmpeg" "-analyzeduration 200M -probesize 1G -fflags +genpts -f mov,mp4,m4a,3gp,3g2,mj2  -i file:\"/Passport/Supun/Right (2025) Tamil WEB-DL-[CineSubz.co]-1080p.mp4\" -map_metadata -1 -map_chapters -1 -threads 0 -map 0:0 -map 0:1 -map -0:s -codec:v:0 copy -bsf:v h264_mp4toannexb -start_at_zero -codec:a:0 libfdk_aac -ac 2 -ab 256000 -af \"volume=2\" -copyts -avoid_negative_ts disabled -max_muxing_queue_size 2048 -f hls -max_delay 5000000 -hls_time 6 -hls_segment_type fmp4 -hls_fmp4_init_filename \"6c213b45175c671f3682cc78b921ef83-1.mp4\" -start_number 0 -hls_segment_filename \"/cache/transcodes/6c213b45175c671f3682cc78b921ef83%d.mp4\" -hls_playlist_type vod -hls_list_size 0 -hls_segment_options movflags=+frag_discont -y \"/cache/transcodes/6c213b45175c671f3682cc78b921ef83.m3u8\""
[2025-12-19 14:18:40.518 +00:00] [INF] [39] MediaBrowser.Controller.MediaEncoding.TranscodingJob: Stopping ffmpeg process with q command for "/cache/transcodes/6c213b45175c671f3682cc78b921ef83.m3u8"
[2025-12-19 14:18:41.006 +00:00] [INF] [39] MediaBrowser.MediaEncoding.Transcoding.TranscodeManager: FFmpeg exited with code 0
[2025-12-19 14:18:41.015 +00:00] [INF] [39] Jellyfin.Api.Controllers.DynamicHlsController: Current HLS implementation doesn't support non-keyframe breaks but one is requested, ignoring that request
[2025-12-19 14:18:41.016 +00:00] [INF] [39] MediaBrowser.MediaEncoding.Transcoding.TranscodeManager: "/usr/lib/jellyfin-ffmpeg/ffmpeg" "-analyzeduration 200M -probesize 1G -ss 01:22:48.500 -noaccurate_seek -fflags +genpts -f mov,mp4,m4a,3gp,3g2,mj2  -i file:\"/Passport/Supun/Right (2025) Tamil WEB-DL-[CineSubz.co]-1080p.mp4\" -map_metadata -1 -map_chapters -1 -threads 0 -map 0:0 -map 0:1 -map -0:s -codec:v:0 copy -bsf:v h264_mp4toannexb -start_at_zero -codec:a:0 libfdk_aac -ac 2 -ab 256000 -af \"volume=2\" -copyts -avoid_negative_ts disabled -max_muxing_queue_size 2048 -f hls -max_delay 5000000 -hls_time 6 -hls_segment_type fmp4 -hls_fmp4_init_filename \"6c213b45175c671f3682cc78b921ef83-1.mp4\" -start_number 828 -hls_segment_filename \"/cache/transcodes/6c213b45175c671f3682cc78b921ef83%d.mp4\" -hls_playlist_type vod -hls_list_size 0 -hls_segment_options movflags=+frag_discont -y \"/cache/transcodes/6c213b45175c671f3682cc78b921ef83.m3u8\""
[2025-12-19 14:18:42.987 +00:00] [INF] [39] MediaBrowser.Controller.MediaEncoding.TranscodingJob: Stopping ffmpeg process with q command for "/cache/transcodes/6c213b45175c671f3682cc78b921ef83.m3u8"
[2025-12-19 14:18:43.109 +00:00] [INF] [39] MediaBrowser.MediaEncoding.Transcoding.TranscodeManager: FFmpeg exited with code 0
[2025-12-19 14:18:43.119 +00:00] [INF] [39] Jellyfin.Api.Controllers.DynamicHlsController: Current HLS implementation doesn't support non-keyframe breaks but one is requested, ignoring that request
[2025-12-19 14:18:43.120 +00:00] [INF] [39] MediaBrowser.MediaEncoding.Transcoding.TranscodeManager: "/usr/lib/jellyfin-ffmpeg/ffmpeg" "-analyzeduration 200M -probesize 1G -ss 00:56:24.500 -noaccurate_seek -fflags +genpts -f mov,mp4,m4a,3gp,3g2,mj2  -i file:\"/Passport/Supun/Right (2025) Tamil WEB-DL-[CineSubz.co]-1080p.mp4\" -map_metadata -1 -map_chapters -1 -threads 0 -map 0:0 -map 0:1 -map -0:s -codec:v:0 copy -bsf:v h264_mp4toannexb -start_at_zero -codec:a:0 libfdk_aac -ac 2 -ab 256000 -af \"volume=2\" -copyts -avoid_negative_ts disabled -max_muxing_queue_size 2048 -f hls -max_delay 5000000 -hls_time 6 -hls_segment_type fmp4 -hls_fmp4_init_filename \"6c213b45175c671f3682cc78b921ef83-1.mp4\" -start_number 564 -hls_segment_filename \"/cache/transcodes/6c213b45175c671f3682cc78b921ef83%d.mp4\" -hls_playlist_type vod -hls_list_size 0 -hls_segment_options movflags=+frag_discont -y \"/cache/transcodes/6c213b45175c671f3682cc78b921ef83.m3u8\""
[2025-12-19 14:18:44.456 +00:00] [INF] [39] MediaBrowser.Controller.MediaEncoding.TranscodingJob: Stopping ffmpeg process with q command for "/cache/transcodes/6c213b45175c671f3682cc78b921ef83.m3u8"
[2025-12-19 14:18:44.709 +00:00] [INF] [39] MediaBrowser.MediaEncoding.Transcoding.TranscodeManager: FFmpeg exited with code 0
[2025-12-19 14:18:44.717 +00:00] [INF] [39] Jellyfin.Api.Controllers.DynamicHlsController: Current HLS implementation doesn't support non-keyframe breaks but one is requested, ignoring that request
[2025-12-19 14:18:44.717 +00:00] [INF] [39] MediaBrowser.MediaEncoding.Transcoding.TranscodeManager: "/usr/lib/jellyfin-ffmpeg/ffmpeg" "-analyzeduration 200M -probesize 1G -ss 00:25:18.500 -noaccurate_seek -fflags +genpts -f mov,mp4,m4a,3gp,3g2,mj2  -i file:\"/Passport/Supun/Right (2025) Tamil WEB-DL-[CineSubz.co]-1080p.mp4\" -map_metadata -1 -map_chapters -1 -threads 0 -map 0:0 -map 0:1 -map -0:s -codec:v:0 copy -bsf:v h264_mp4toannexb -start_at_zero -codec:a:0 libfdk_aac -ac 2 -ab 256000 -af \"volume=2\" -copyts -avoid_negative_ts disabled -max_muxing_queue_size 2048 -f hls -max_delay 5000000 -hls_time 6 -hls_segment_type fmp4 -hls_fmp4_init_filename \"6c213b45175c671f3682cc78b921ef83-1.mp4\" -start_number 253 -hls_segment_filename \"/cache/transcodes/6c213b45175c671f3682cc78b921ef83%d.mp4\" -hls_playlist_type vod -hls_list_size 0 -hls_segment_options movflags=+frag_discont -y \"/cache/transcodes/6c213b45175c671f3682cc78b921ef83.m3u8\""
[2025-12-19 14:18:46.345 +00:00] [INF] [42] MediaBrowser.Controller.MediaEncoding.TranscodingJob: Stopping ffmpeg process with q command for "/cache/transcodes/6c213b45175c671f3682cc78b921ef83.m3u8"
[2025-12-19 14:18:46.810 +00:00] [INF] [42] MediaBrowser.MediaEncoding.Transcoding.TranscodeManager: FFmpeg exited with code 0
[2025-12-19 14:18:46.820 +00:00] [INF] [42] Jellyfin.Api.Controllers.DynamicHlsController: Current HLS implementation doesn't support non-keyframe breaks but one is requested, ignoring that request
[2025-12-19 14:18:46.821 +00:00] [INF] [42] MediaBrowser.MediaEncoding.Transcoding.TranscodeManager: "/usr/lib/jellyfin-ffmpeg/ffmpeg" "-analyzeduration 200M -probesize 1G -ss 01:41:36.500 -noaccurate_seek -fflags +genpts -f mov,mp4,m4a,3gp,3g2,mj2  -i file:\"/Passport/Supun/Right (2025) Tamil WEB-DL-[CineSubz.co]-1080p.mp4\" -map_metadata -1 -map_chapters -1 -threads 0 -map 0:0 -map 0:1 -map -0:s -codec:v:0 copy -bsf:v h264_mp4toannexb -start_at_zero -codec:a:0 libfdk_aac -ac 2 -ab 256000 -af \"volume=2\" -copyts -avoid_negative_ts disabled -max_muxing_queue_size 2048 -f hls -max_delay 5000000 -hls_time 6 -hls_segment_type fmp4 -hls_fmp4_init_filename \"6c213b45175c671f3682cc78b921ef83-1.mp4\" -start_number 1016 -hls_segment_filename \"/cache/transcodes/6c213b45175c671f3682cc78b921ef83%d.mp4\" -hls_playlist_type vod -hls_list_size 0 -hls_segment_options movflags=+frag_discont -y \"/cache/transcodes/6c213b45175c671f3682cc78b921ef83.m3u8\""
[2025-12-19 14:18:49.407 +00:00] [INF] [39] MediaBrowser.Controller.MediaEncoding.TranscodingJob: Stopping ffmpeg process with q command for "/cache/transcodes/6c213b45175c671f3682cc78b921ef83.m3u8"
[2025-12-19 14:18:49.429 +00:00] [INF] [39] MediaBrowser.MediaEncoding.Transcoding.TranscodeManager: FFmpeg exited with code 0
[2025-12-19 14:18:49.438 +00:00] [INF] [39] Jellyfin.Api.Controllers.DynamicHlsController: Current HLS implementation doesn't support non-keyframe breaks but one is requested, ignoring that request
[2025-12-19 14:18:49.438 +00:00] [INF] [39] MediaBrowser.MediaEncoding.Transcoding.TranscodeManager: "/usr/lib/jellyfin-ffmpeg/ffmpeg" "-analyzeduration 200M -probesize 1G -ss 01:54:00.500 -noaccurate_seek -fflags +genpts -f mov,mp4,m4a,3gp,3g2,mj2  -i file:\"/Passport/Supun/Right (2025) Tamil WEB-DL-[CineSubz.co]-1080p.mp4\" -map_metadata -1 -map_chapters -1 -threads 0 -map 0:0 -map 0:1 -map -0:s -codec:v:0 copy -bsf:v h264_mp4toannexb -start_at_zero -codec:a:0 libfdk_aac -ac 2 -ab 256000 -af \"volume=2\" -copyts -avoid_negative_ts disabled -max_muxing_queue_size 2048 -f hls -max_delay 5000000 -hls_time 6 -hls_segment_type fmp4 -hls_fmp4_init_filename \"6c213b45175c671f3682cc78b921ef83-1.mp4\" -start_number 1140 -hls_segment_filename \"/cache/transcodes/6c213b45175c671f3682cc78b921ef83%d.mp4\" -hls_playlist_type vod -hls_list_size 0 -hls_segment_options movflags=+frag_discont -y \"/cache/transcodes/6c213b45175c671f3682cc78b921ef83.m3u8\""
[2025-12-19 14:18:51.647 +00:00] [INF] [41] MediaBrowser.Controller.MediaEncoding.TranscodingJob: Stopping ffmpeg process with q command for "/cache/transcodes/6c213b45175c671f3682cc78b921ef83.m3u8"
[2025-12-19 14:18:52.031 +00:00] [INF] [35] MediaBrowser.MediaEncoding.Transcoding.TranscodeManager: FFmpeg exited with code 0
[2025-12-19 14:18:52.032 +00:00] [INF] [41] MediaBrowser.MediaEncoding.Transcoding.TranscodeManager: Deleting partial stream file(s) "/cache/transcodes/6c213b45175c671f3682cc78b921ef83.m3u8"
[2025-12-19 14:18:53.561 +00:00] [INF] [41] Emby.Server.Implementations.Session.SessionManager: Playback stopped reported by app "Jellyfin Web" "10.11.5" playing "Right". Stopped at "6841989" ms
[2025-12-19 16:05:30.002 +00:00] [ERR] [22] Jellyfin.Database.Implementations.JellyfinDbContext: Error trying to save changes.
Microsoft.EntityFrameworkCore.DbUpdateConcurrencyException: The database operation was expected to affect 1 row(s), but actually affected 0 row(s); data may have been modified or deleted since entities were loaded. See https://go.microsoft.com/fwlink/?LinkId=527962 for information on understanding and handling optimistic concurrency exceptions.
   at Microsoft.EntityFrameworkCore.Update.AffectedCountModificationCommandBatch.ThrowAggregateUpdateConcurrencyExceptionAsync(RelationalDataReader reader, Int32 commandIndex, Int32 expectedRowsAffected, Int32 rowsAffected, CancellationToken cancellationToken)
   at Microsoft.EntityFrameworkCore.Update.AffectedCountModificationCommandBatch.ConsumeResultSetWithRowsAffectedOnlyAsync(Int32 commandIndex, RelationalDataReader reader, CancellationToken cancellationToken)
   at Microsoft.EntityFrameworkCore.Update.AffectedCountModificationCommandBatch.ConsumeAsync(RelationalDataReader reader, CancellationToken cancellationToken)
   at Microsoft.EntityFrameworkCore.Update.ReaderModificationCommandBatch.ExecuteAsync(IRelationalConnection connection, CancellationToken cancellationToken)
   at Microsoft.EntityFrameworkCore.Update.ReaderModificationCommandBatch.ExecuteAsync(IRelationalConnection connection, CancellationToken cancellationToken)
   at Microsoft.EntityFrameworkCore.Update.Internal.BatchExecutor.ExecuteAsync(IEnumerable`1 commandBatches, IRelationalConnection connection, CancellationToken cancellationToken)
   at Microsoft.EntityFrameworkCore.Update.Internal.BatchExecutor.ExecuteAsync(IEnumerable`1 commandBatches, IRelationalConnection connection, CancellationToken cancellationToken)
   at Microsoft.EntityFrameworkCore.Update.Internal.BatchExecutor.ExecuteAsync(IEnumerable`1 commandBatches, IRelationalConnection connection, CancellationToken cancellationToken)
   at Microsoft.EntityFrameworkCore.Storage.RelationalDatabase.SaveChangesAsync(IList`1 entries, CancellationToken cancellationToken)
   at Microsoft.EntityFrameworkCore.ChangeTracking.Internal.StateManager.SaveChangesAsync(IList`1 entriesToSave, CancellationToken cancellationToken)
   at Microsoft.EntityFrameworkCore.ChangeTracking.Internal.StateManager.SaveChangesAsync(StateManager stateManager, Boolean acceptAllChangesOnSuccess, CancellationToken cancellationToken)
   at Microsoft.EntityFrameworkCore.DbContext.SaveChangesAsync(Boolean acceptAllChangesOnSuccess, CancellationToken cancellationToken)
   at Jellyfin.Database.Implementations.JellyfinDbContext.<>c__DisplayClass62_0.<<SaveChangesAsync>b__0>d.MoveNext()
--- End of stack trace from previous location ---
   at Jellyfin.Database.Implementations.Locking.NoLockBehavior.OnSaveChangesAsync(JellyfinDbContext context, Func`1 saveChanges)
   at Jellyfin.Database.Implementations.JellyfinDbContext.SaveChangesAsync(Boolean acceptAllChangesOnSuccess, CancellationToken cancellationToken)
   at Jellyfin.Server.Implementations.Users.UserManager.UpdateUserInternalAsync(JellyfinDbContext dbContext, User user)
   at Jellyfin.Server.Implementations.Users.UserManager.UpdateUserAsync(User user)
   at Jellyfin.Server.Implementations.Users.UserManager.UpdateUserAsync(User user)
   at Emby.Server.Implementations.Session.SessionManager.LogSessionActivity(String appName, String appVersion, String deviceId, String deviceName, String remoteEndPoint, User user)
[2025-12-19 16:05:34.902 +00:00] [INF] [41] Jellyfin.Api.Helpers.MediaInfoHelper: User policy for "stoXmod". EnablePlaybackRemuxing: True EnableVideoPlaybackTranscoding: True EnableAudioPlaybackTranscoding: True
[2025-12-19 16:05:35.268 +00:00] [INF] [41] Jellyfin.Api.Controllers.DynamicHlsController: Current HLS implementation doesn't support non-keyframe breaks but one is requested, ignoring that request
[2025-12-19 16:05:35.269 +00:00] [INF] [41] MediaBrowser.MediaEncoding.Transcoding.TranscodeManager: "/usr/lib/jellyfin-ffmpeg/ffmpeg" "-analyzeduration 200M -probesize 1G -fflags +genpts -f mov,mp4,m4a,3gp,3g2,mj2  -i file:\"/Passport/Supun/Tron Ares (2025) English WEBRip-[CineSubz.co]-1080p.mp4\" -map_metadata -1 -map_chapters -1 -threads 0 -map 0:0 -map 0:1 -map -0:s -codec:v:0 copy -bsf:v h264_mp4toannexb -start_at_zero -codec:a:0 libfdk_aac -ac 2 -ab 256000 -af \"volume=2\" -copyts -avoid_negative_ts disabled -max_muxing_queue_size 2048 -f hls -max_delay 5000000 -hls_time 6 -hls_segment_type fmp4 -hls_fmp4_init_filename \"d07686f8d2b9727a44797949e46f66ed-1.mp4\" -start_number 0 -hls_segment_filename \"/cache/transcodes/d07686f8d2b9727a44797949e46f66ed%d.mp4\" -hls_playlist_type vod -hls_list_size 0 -hls_segment_options movflags=+frag_discont -y \"/cache/transcodes/d07686f8d2b9727a44797949e46f66ed.m3u8\""
[2025-12-19 16:05:38.127 +00:00] [INF] [30] MediaBrowser.Controller.MediaEncoding.TranscodingJob: Stopping ffmpeg process with q command for "/cache/transcodes/d07686f8d2b9727a44797949e46f66ed.m3u8"
[2025-12-19 16:05:38.359 +00:00] [INF] [30] MediaBrowser.MediaEncoding.Transcoding.TranscodeManager: FFmpeg exited with code 0
[2025-12-19 16:05:38.368 +00:00] [INF] [30] Jellyfin.Api.Controllers.DynamicHlsController: Current HLS implementation doesn't support non-keyframe breaks but one is requested, ignoring that request
[2025-12-19 16:05:38.368 +00:00] [INF] [30] MediaBrowser.MediaEncoding.Transcoding.TranscodeManager: "/usr/lib/jellyfin-ffmpeg/ffmpeg" "-analyzeduration 200M -probesize 1G -ss 00:54:00.500 -noaccurate_seek -fflags +genpts -f mov,mp4,m4a,3gp,3g2,mj2  -i file:\"/Passport/Supun/Tron Ares (2025) English WEBRip-[CineSubz.co]-1080p.mp4\" -map_metadata -1 -map_chapters -1 -threads 0 -map 0:0 -map 0:1 -map -0:s -codec:v:0 copy -bsf:v h264_mp4toannexb -start_at_zero -codec:a:0 libfdk_aac -ac 2 -ab 256000 -af \"volume=2\" -copyts -avoid_negative_ts disabled -max_muxing_queue_size 2048 -f hls -max_delay 5000000 -hls_time 6 -hls_segment_type fmp4 -hls_fmp4_init_filename \"d07686f8d2b9727a44797949e46f66ed-1.mp4\" -start_number 540 -hls_segment_filename \"/cache/transcodes/d07686f8d2b9727a44797949e46f66ed%d.mp4\" -hls_playlist_type vod -hls_list_size 0 -hls_segment_options movflags=+frag_discont -y \"/cache/transcodes/d07686f8d2b9727a44797949e46f66ed.m3u8\""
[2025-12-19 16:05:40.055 +00:00] [INF] [10] MediaBrowser.Controller.MediaEncoding.TranscodingJob: Stopping ffmpeg process with q command for "/cache/transcodes/d07686f8d2b9727a44797949e46f66ed.m3u8"
[2025-12-19 16:05:40.459 +00:00] [INF] [20] MediaBrowser.MediaEncoding.Transcoding.TranscodeManager: FFmpeg exited with code 0
[2025-12-19 16:05:40.468 +00:00] [INF] [10] Jellyfin.Api.Controllers.DynamicHlsController: Current HLS implementation doesn't support non-keyframe breaks but one is requested, ignoring that request
[2025-12-19 16:05:40.469 +00:00] [INF] [10] MediaBrowser.MediaEncoding.Transcoding.TranscodeManager: "/usr/lib/jellyfin-ffmpeg/ffmpeg" "-analyzeduration 200M -probesize 1G -ss 01:34:54.500 -noaccurate_seek -fflags +genpts -f mov,mp4,m4a,3gp,3g2,mj2  -i file:\"/Passport/Supun/Tron Ares (2025) English WEBRip-[CineSubz.co]-1080p.mp4\" -map_metadata -1 -map_chapters -1 -threads 0 -map 0:0 -map 0:1 -map -0:s -codec:v:0 copy -bsf:v h264_mp4toannexb -start_at_zero -codec:a:0 libfdk_aac -ac 2 -ab 256000 -af \"volume=2\" -copyts -avoid_negative_ts disabled -max_muxing_queue_size 2048 -f hls -max_delay 5000000 -hls_time 6 -hls_segment_type fmp4 -hls_fmp4_init_filename \"d07686f8d2b9727a44797949e46f66ed-1.mp4\" -start_number 949 -hls_segment_filename \"/cache/transcodes/d07686f8d2b9727a44797949e46f66ed%d.mp4\" -hls_playlist_type vod -hls_list_size 0 -hls_segment_options movflags=+frag_discont -y \"/cache/transcodes/d07686f8d2b9727a44797949e46f66ed.m3u8\""
[2025-12-19 16:05:43.229 +00:00] [INF] [41] MediaBrowser.Controller.MediaEncoding.TranscodingJob: Stopping ffmpeg process with q command for "/cache/transcodes/d07686f8d2b9727a44797949e46f66ed.m3u8"
[2025-12-19 16:05:43.559 +00:00] [INF] [41] MediaBrowser.MediaEncoding.Transcoding.TranscodeManager: FFmpeg exited with code 0
[2025-12-19 16:05:43.560 +00:00] [INF] [41] MediaBrowser.MediaEncoding.Transcoding.TranscodeManager: Deleting partial stream file(s) "/cache/transcodes/d07686f8d2b9727a44797949e46f66ed.m3u8"
[2025-12-19 16:05:45.077 +00:00] [INF] [10] Emby.Server.Implementations.Session.SessionManager: Playback stopped reported by app "Jellyfin Web" "10.11.5" playing "TRON: Ares". Stopped at "5699660" ms
[2025-12-19 16:09:37.609 +00:00] [INF] [37] Emby.Server.Implementations.IO.LibraryMonitor: Stopping directory watching for path "/Passport/Supun"
[2025-12-19 16:09:37.614 +00:00] [INF] [37] Emby.Server.Implementations.Library.LibraryManager: Validating media library
[2025-12-19 16:09:37.702 +00:00] [INF] [35] Emby.Server.Implementations.ScheduledTasks.TaskManager: "Media Segment Scan" Completed after 0 minute(s) and 0 seconds
[2025-12-19 16:09:38.492 +00:00] [WRN] [35] MediaBrowser.Controller.Entities.BaseItem: Library folder "/config/data/playlists" is inaccessible or empty, skipping
[2025-12-19 16:09:39.253 +00:00] [WRN] [37] MediaBrowser.Controller.Entities.BaseItem: Library folder "/config/data/playlists" is inaccessible or empty, skipping
[2025-12-19 16:09:45.783 +00:00] [INF] [37] Emby.Server.Implementations.ScheduledTasks.TaskManager: "Scan Media Library" Completed after 0 minute(s) and 8 seconds
[2025-12-19 16:09:45.783 +00:00] [INF] [39] Emby.Server.Implementations.IO.LibraryMonitor: Watching directory "/Passport/Supun"
[2025-12-19 16:10:38.610 +00:00] [INF] [41] Emby.Server.Implementations.ScheduledTasks.Tasks.OptimizeDatabaseTask: Optimizing and vacuuming jellyfin.db...
[2025-12-19 16:10:38.691 +00:00] [INF] [41] Jellyfin.Database.Providers.Sqlite.SqliteDatabaseProvider: jellyfin.db optimized successfully!
[2025-12-19 16:10:38.691 +00:00] [INF] [41] Emby.Server.Implementations.ScheduledTasks.TaskManager: "Optimize database" Completed after 0 minute(s) and 0 seconds
